
*** Running vivado
    with args -log fir_compiler_0.rds -m32 -mode batch -messageDb vivado.pb -source fir_compiler_0.tcl


****** Vivado v2013.4
  **** SW Build 353583 on Mon Dec  9 17:38:55 MST 2013
  **** IP Build 208076 on Mon Dec  2 12:38:17 MST 2013
    ** Copyright 1986-1999, 2001-2013 Xilinx, Inc. All Rights Reserved.

Attempting to get a license: Implementation
WARNING: [Common 17-301] Failed to get a license: Implementation
WARNING: [Vivado 15-19] WARNING: No 'Implementation' license found. This message may be safely ignored if a Vivado WebPACK or device-locked license, common for board kits, will be used during implementation.

Attempting to get a license: Synthesis
WARNING: [Common 17-301] Failed to get a license: Synthesis
Loading parts and site information from C:/Xilinx/Vivado/2013.4/data/parts/arch.xml
Parsing RTL primitives file [C:/Xilinx/Vivado/2013.4/data/parts/xilinx/rtl/prims/rtl_prims.xml]
Finished parsing RTL primitives file [C:/Xilinx/Vivado/2013.4/data/parts/xilinx/rtl/prims/rtl_prims.xml]
source fir_compiler_0.tcl
# set_param gui.test TreeTableDev
# set_msg_config -id {HDL 9-1061} -limit 100000
# set_msg_config -id {HDL 9-1654} -limit 100000
# create_project -in_memory -part xc7a100tcsg324-1
# set_property target_language VHDL [current_project]
# set_param project.compositeFile.enableAutoGeneration 0
# read_ip c:/CHALMERS/DAT096/DAT096/ADCDAC/ADC3/ADC3.srcs/sources_1/ip/fir_compiler_0/fir_compiler_0.xci
INFO: [IP_Flow 19-234] Refreshing IP repositories
INFO: [IP_Flow 19-1704] No user IP repositories specified
INFO: [IP_Flow 19-2313] Loaded Vivado IP repository 'C:/Xilinx/Vivado/2013.4/data/ip'.
# set_property used_in_implementation false [get_files c:/CHALMERS/DAT096/DAT096/ADCDAC/ADC3/ADC3.srcs/sources_1/ip/fir_compiler_0/fir_compiler_0.dcp]
# set_msg_config -id {IP_Flow 19-2162} -severity warning -new_severity info
# set_property is_locked true [get_files c:/CHALMERS/DAT096/DAT096/ADCDAC/ADC3/ADC3.srcs/sources_1/ip/fir_compiler_0/fir_compiler_0.xci]
# read_xdc dont_touch.xdc
INFO: [Project 1-11] Changing the constrs_type of fileset 'constrs_1' to 'XDC'.
# set_property used_in_implementation false [get_files dont_touch.xdc]
# set_param synth.vivado.isSynthRun true
# set_property webtalk.parent_dir C:/CHALMERS/DAT096/DAT096/ADCDAC/ADC3/ADC3.data/wt [current_project]
# set_property parent.project_dir C:/CHALMERS/DAT096/DAT096/ADCDAC/ADC3 [current_project]
# synth_design -top fir_compiler_0 -part xc7a100tcsg324-1 -mode out_of_context
Command: synth_design -top fir_compiler_0 -part xc7a100tcsg324-1 -mode out_of_context

Starting synthesis...

INFO: [IP_Flow 19-2162] IP 'fir_compiler_0' is locked. Locked reason: Property 'IS_LOCKED' is set to true by the system or user
Attempting to get a license for feature 'Synthesis' and/or device 'xc7a100t'
INFO: [Common 17-349] Got license for feature 'Synthesis' and/or device 'xc7a100t'
---------------------------------------------------------------------------------
Starting RTL Elaboration : Time (s): cpu = 00:00:11 ; elapsed = 00:00:12 . Memory (MB): peak = 337.844 ; gain = 80.445
---------------------------------------------------------------------------------
INFO: [Synth 8-638] synthesizing module 'fir_compiler_0' [c:/CHALMERS/DAT096/DAT096/ADCDAC/ADC3/ADC3.srcs/sources_1/ip/fir_compiler_0/synth/fir_compiler_0.vhd:71]
INFO: [Synth 8-3491] module 'fir_compiler_v7_1' declared at 'c:/CHALMERS/DAT096/DAT096/ADCDAC/ADC3/ADC3.srcs/sources_1/ip/fir_compiler_0/fir_compiler_v7_1/hdl/fir_compiler_v7_1.vhd:109' bound to instance 'U0' of component 'fir_compiler_v7_1' [c:/CHALMERS/DAT096/DAT096/ADCDAC/ADC3/ADC3.srcs/sources_1/ip/fir_compiler_0/synth/fir_compiler_0.vhd:193]
INFO: [Synth 8-638] synthesizing module 'fir_compiler_v7_1__parameterized0' [c:/CHALMERS/DAT096/DAT096/ADCDAC/ADC3/ADC3.srcs/sources_1/ip/fir_compiler_0/fir_compiler_v7_1/hdl/fir_compiler_v7_1.vhd:233]
INFO: [Synth 8-3491] module 'fir_compiler_v7_1_viv' declared at 'c:/CHALMERS/DAT096/DAT096/ADCDAC/ADC3/ADC3.srcs/sources_1/ip/fir_compiler_0/fir_compiler_v7_1/hdl/fir_compiler_v7_1_viv.vhd:118' bound to instance 'i_synth' of component 'fir_compiler_v7_1_viv' [c:/CHALMERS/DAT096/DAT096/ADCDAC/ADC3/ADC3.srcs/sources_1/ip/fir_compiler_0/fir_compiler_v7_1/hdl/fir_compiler_v7_1.vhd:239]
INFO: [Synth 8-638] synthesizing module 'fir_compiler_v7_1_viv__parameterized0' [c:/CHALMERS/DAT096/DAT096/ADCDAC/ADC3/ADC3.srcs/sources_1/ip/fir_compiler_0/fir_compiler_v7_1/hdl/fir_compiler_v7_1_viv.vhd:252]
INFO: [Synth 8-3491] module 'polyphase_decimation' declared at 'c:/CHALMERS/DAT096/DAT096/ADCDAC/ADC3/ADC3.srcs/sources_1/ip/fir_compiler_0/fir_compiler_v7_1/hdl/polyphase_decimation.vhd:122' bound to instance 'i_polyphase_decimation' of component 'polyphase_decimation' [c:/CHALMERS/DAT096/DAT096/ADCDAC/ADC3/ADC3.srcs/sources_1/ip/fir_compiler_0/fir_compiler_v7_1/hdl/fir_compiler_v7_1_viv.vhd:578]
INFO: [Synth 8-638] synthesizing module 'polyphase_decimation__parameterized0' [c:/CHALMERS/DAT096/DAT096/ADCDAC/ADC3/ADC3.srcs/sources_1/ip/fir_compiler_0/fir_compiler_v7_1/hdl/polyphase_decimation.vhd:240]
INFO: [Synth 8-638] synthesizing module 'glb_ifx_slave' [c:/CHALMERS/DAT096/DAT096/ADCDAC/ADC3/ADC3.srcs/sources_1/ip/fir_compiler_0/axi_utils_v2_0/hdl/glb_ifx_slave.vhd:166]
INFO: [Synth 8-3491] module 'glb_srl_fifo' declared at 'c:/CHALMERS/DAT096/DAT096/ADCDAC/ADC3/ADC3.srcs/sources_1/ip/fir_compiler_0/axi_utils_v2_0/hdl/glb_srl_fifo.vhd:196' bound to instance 'fifo0' of component 'glb_srl_fifo' [c:/CHALMERS/DAT096/DAT096/ADCDAC/ADC3/ADC3.srcs/sources_1/ip/fir_compiler_0/axi_utils_v2_0/hdl/glb_ifx_slave.vhd:199]
INFO: [Synth 8-638] synthesizing module 'glb_srl_fifo__parameterized0' [c:/CHALMERS/DAT096/DAT096/ADCDAC/ADC3/ADC3.srcs/sources_1/ip/fir_compiler_0/axi_utils_v2_0/hdl/glb_srl_fifo.vhd:248]
INFO: [Synth 8-256] done synthesizing module 'glb_srl_fifo__parameterized0' (1#1) [c:/CHALMERS/DAT096/DAT096/ADCDAC/ADC3/ADC3.srcs/sources_1/ip/fir_compiler_0/axi_utils_v2_0/hdl/glb_srl_fifo.vhd:248]
INFO: [Synth 8-256] done synthesizing module 'glb_ifx_slave' (2#1) [c:/CHALMERS/DAT096/DAT096/ADCDAC/ADC3/ADC3.srcs/sources_1/ip/fir_compiler_0/axi_utils_v2_0/hdl/glb_ifx_slave.vhd:166]
INFO: [Synth 8-3919] null assignment ignored [c:/CHALMERS/DAT096/DAT096/ADCDAC/ADC3/ADC3.srcs/sources_1/ip/fir_compiler_0/fir_compiler_v7_1/hdl/polyphase_decimation.vhd:2875]
INFO: [Synth 8-3919] null assignment ignored [c:/CHALMERS/DAT096/DAT096/ADCDAC/ADC3/ADC3.srcs/sources_1/ip/fir_compiler_0/fir_compiler_v7_1/hdl/polyphase_decimation.vhd:2893]
INFO: [Synth 8-3919] null assignment ignored [c:/CHALMERS/DAT096/DAT096/ADCDAC/ADC3/ADC3.srcs/sources_1/ip/fir_compiler_0/fir_compiler_v7_1/hdl/polyphase_decimation.vhd:3089]
INFO: [Synth 8-3919] null assignment ignored [c:/CHALMERS/DAT096/DAT096/ADCDAC/ADC3/ADC3.srcs/sources_1/ip/fir_compiler_0/fir_compiler_v7_1/hdl/polyphase_decimation.vhd:3092]
INFO: [Synth 8-638] synthesizing module 'delay' [c:/CHALMERS/DAT096/DAT096/ADCDAC/ADC3/ADC3.srcs/sources_1/ip/fir_compiler_0/fir_compiler_v7_1/hdl/delay.vhd:157]
INFO: [Synth 8-256] done synthesizing module 'delay' (3#1) [c:/CHALMERS/DAT096/DAT096/ADCDAC/ADC3/ADC3.srcs/sources_1/ip/fir_compiler_0/fir_compiler_v7_1/hdl/delay.vhd:157]
INFO: [Synth 8-638] synthesizing module 'delay__parameterized0' [c:/CHALMERS/DAT096/DAT096/ADCDAC/ADC3/ADC3.srcs/sources_1/ip/fir_compiler_0/fir_compiler_v7_1/hdl/delay.vhd:157]
INFO: [Synth 8-256] done synthesizing module 'delay__parameterized0' (3#1) [c:/CHALMERS/DAT096/DAT096/ADCDAC/ADC3/ADC3.srcs/sources_1/ip/fir_compiler_0/fir_compiler_v7_1/hdl/delay.vhd:157]
INFO: [Synth 8-638] synthesizing module 'delay__parameterized1' [c:/CHALMERS/DAT096/DAT096/ADCDAC/ADC3/ADC3.srcs/sources_1/ip/fir_compiler_0/fir_compiler_v7_1/hdl/delay.vhd:157]
INFO: [Synth 8-256] done synthesizing module 'delay__parameterized1' (3#1) [c:/CHALMERS/DAT096/DAT096/ADCDAC/ADC3/ADC3.srcs/sources_1/ip/fir_compiler_0/fir_compiler_v7_1/hdl/delay.vhd:157]
INFO: [Synth 8-638] synthesizing module 'delay__parameterized2' [c:/CHALMERS/DAT096/DAT096/ADCDAC/ADC3/ADC3.srcs/sources_1/ip/fir_compiler_0/fir_compiler_v7_1/hdl/delay.vhd:157]
INFO: [Synth 8-256] done synthesizing module 'delay__parameterized2' (3#1) [c:/CHALMERS/DAT096/DAT096/ADCDAC/ADC3/ADC3.srcs/sources_1/ip/fir_compiler_0/fir_compiler_v7_1/hdl/delay.vhd:157]
INFO: [Synth 8-638] synthesizing module 'delay__parameterized3' [c:/CHALMERS/DAT096/DAT096/ADCDAC/ADC3/ADC3.srcs/sources_1/ip/fir_compiler_0/fir_compiler_v7_1/hdl/delay.vhd:157]
INFO: [Synth 8-256] done synthesizing module 'delay__parameterized3' (3#1) [c:/CHALMERS/DAT096/DAT096/ADCDAC/ADC3/ADC3.srcs/sources_1/ip/fir_compiler_0/fir_compiler_v7_1/hdl/delay.vhd:157]
INFO: [Synth 8-638] synthesizing module 'delay__parameterized4' [c:/CHALMERS/DAT096/DAT096/ADCDAC/ADC3/ADC3.srcs/sources_1/ip/fir_compiler_0/fir_compiler_v7_1/hdl/delay.vhd:157]
INFO: [Synth 8-256] done synthesizing module 'delay__parameterized4' (3#1) [c:/CHALMERS/DAT096/DAT096/ADCDAC/ADC3/ADC3.srcs/sources_1/ip/fir_compiler_0/fir_compiler_v7_1/hdl/delay.vhd:157]
INFO: [Synth 8-638] synthesizing module 'delay__parameterized5' [c:/CHALMERS/DAT096/DAT096/ADCDAC/ADC3/ADC3.srcs/sources_1/ip/fir_compiler_0/fir_compiler_v7_1/hdl/delay.vhd:157]
INFO: [Synth 8-256] done synthesizing module 'delay__parameterized5' (3#1) [c:/CHALMERS/DAT096/DAT096/ADCDAC/ADC3/ADC3.srcs/sources_1/ip/fir_compiler_0/fir_compiler_v7_1/hdl/delay.vhd:157]
INFO: [Synth 8-638] synthesizing module 'delay__parameterized6' [c:/CHALMERS/DAT096/DAT096/ADCDAC/ADC3/ADC3.srcs/sources_1/ip/fir_compiler_0/fir_compiler_v7_1/hdl/delay.vhd:157]
INFO: [Synth 8-256] done synthesizing module 'delay__parameterized6' (3#1) [c:/CHALMERS/DAT096/DAT096/ADCDAC/ADC3/ADC3.srcs/sources_1/ip/fir_compiler_0/fir_compiler_v7_1/hdl/delay.vhd:157]
INFO: [Synth 8-638] synthesizing module 'delay__parameterized7' [c:/CHALMERS/DAT096/DAT096/ADCDAC/ADC3/ADC3.srcs/sources_1/ip/fir_compiler_0/fir_compiler_v7_1/hdl/delay.vhd:157]
INFO: [Synth 8-256] done synthesizing module 'delay__parameterized7' (3#1) [c:/CHALMERS/DAT096/DAT096/ADCDAC/ADC3/ADC3.srcs/sources_1/ip/fir_compiler_0/fir_compiler_v7_1/hdl/delay.vhd:157]
INFO: [Synth 8-638] synthesizing module 'delay__parameterized8' [c:/CHALMERS/DAT096/DAT096/ADCDAC/ADC3/ADC3.srcs/sources_1/ip/fir_compiler_0/fir_compiler_v7_1/hdl/delay.vhd:157]
INFO: [Synth 8-256] done synthesizing module 'delay__parameterized8' (3#1) [c:/CHALMERS/DAT096/DAT096/ADCDAC/ADC3/ADC3.srcs/sources_1/ip/fir_compiler_0/fir_compiler_v7_1/hdl/delay.vhd:157]
INFO: [Synth 8-638] synthesizing module 'delay__parameterized9' [c:/CHALMERS/DAT096/DAT096/ADCDAC/ADC3/ADC3.srcs/sources_1/ip/fir_compiler_0/fir_compiler_v7_1/hdl/delay.vhd:157]
INFO: [Synth 8-256] done synthesizing module 'delay__parameterized9' (3#1) [c:/CHALMERS/DAT096/DAT096/ADCDAC/ADC3/ADC3.srcs/sources_1/ip/fir_compiler_0/fir_compiler_v7_1/hdl/delay.vhd:157]
INFO: [Synth 8-638] synthesizing module 'delay__parameterized10' [c:/CHALMERS/DAT096/DAT096/ADCDAC/ADC3/ADC3.srcs/sources_1/ip/fir_compiler_0/fir_compiler_v7_1/hdl/delay.vhd:157]
INFO: [Synth 8-256] done synthesizing module 'delay__parameterized10' (3#1) [c:/CHALMERS/DAT096/DAT096/ADCDAC/ADC3/ADC3.srcs/sources_1/ip/fir_compiler_0/fir_compiler_v7_1/hdl/delay.vhd:157]
INFO: [Synth 8-638] synthesizing module 'filt_mem' [c:/CHALMERS/DAT096/DAT096/ADCDAC/ADC3/ADC3.srcs/sources_1/ip/fir_compiler_0/fir_compiler_v7_1/hdl/mem.vhd:159]
INFO: [Synth 8-638] synthesizing module 'dpt_mem' [c:/CHALMERS/DAT096/DAT096/ADCDAC/ADC3/ADC3.srcs/sources_1/ip/fir_compiler_0/fir_compiler_v7_1/hdl/dpt_mem.vhd:143]
INFO: [Synth 8-4472] Detected and applied attribute ram_style = block [c:/CHALMERS/DAT096/DAT096/ADCDAC/ADC3/ADC3.srcs/sources_1/ip/fir_compiler_0/fir_compiler_v7_1/hdl/dpt_mem.vhd:200]
INFO: [Synth 8-256] done synthesizing module 'dpt_mem' (4#1) [c:/CHALMERS/DAT096/DAT096/ADCDAC/ADC3/ADC3.srcs/sources_1/ip/fir_compiler_0/fir_compiler_v7_1/hdl/dpt_mem.vhd:143]
INFO: [Synth 8-256] done synthesizing module 'filt_mem' (5#1) [c:/CHALMERS/DAT096/DAT096/ADCDAC/ADC3/ADC3.srcs/sources_1/ip/fir_compiler_0/fir_compiler_v7_1/hdl/mem.vhd:159]
INFO: [Synth 8-638] synthesizing module 'filt_mem__parameterized0' [c:/CHALMERS/DAT096/DAT096/ADCDAC/ADC3/ADC3.srcs/sources_1/ip/fir_compiler_0/fir_compiler_v7_1/hdl/mem.vhd:159]
INFO: [Synth 8-3919] null assignment ignored [c:/CHALMERS/DAT096/DAT096/ADCDAC/ADC3/ADC3.srcs/sources_1/ip/fir_compiler_0/fir_compiler_v7_1/hdl/mem.vhd:194]
INFO: [Synth 8-3919] null assignment ignored [c:/CHALMERS/DAT096/DAT096/ADCDAC/ADC3/ADC3.srcs/sources_1/ip/fir_compiler_0/fir_compiler_v7_1/hdl/mem.vhd:196]
INFO: [Synth 8-638] synthesizing module 'sp_mem' [c:/CHALMERS/DAT096/DAT096/ADCDAC/ADC3/ADC3.srcs/sources_1/ip/fir_compiler_0/fir_compiler_v7_1/hdl/sp_mem.vhd:141]
INFO: [Synth 8-4472] Detected and applied attribute rom_style = distributed [c:/CHALMERS/DAT096/DAT096/ADCDAC/ADC3/ADC3.srcs/sources_1/ip/fir_compiler_0/fir_compiler_v7_1/hdl/sp_mem.vhd:247]
INFO: [Synth 8-256] done synthesizing module 'sp_mem' (6#1) [c:/CHALMERS/DAT096/DAT096/ADCDAC/ADC3/ADC3.srcs/sources_1/ip/fir_compiler_0/fir_compiler_v7_1/hdl/sp_mem.vhd:141]
INFO: [Synth 8-256] done synthesizing module 'filt_mem__parameterized0' (6#1) [c:/CHALMERS/DAT096/DAT096/ADCDAC/ADC3/ADC3.srcs/sources_1/ip/fir_compiler_0/fir_compiler_v7_1/hdl/mem.vhd:159]
INFO: [Synth 8-638] synthesizing module 'cntrl_delay' [c:/CHALMERS/DAT096/DAT096/ADCDAC/ADC3/ADC3.srcs/sources_1/ip/fir_compiler_0/fir_compiler_v7_1/hdl/cntrl_delay.vhd:141]
INFO: [Synth 8-256] done synthesizing module 'cntrl_delay' (7#1) [c:/CHALMERS/DAT096/DAT096/ADCDAC/ADC3/ADC3.srcs/sources_1/ip/fir_compiler_0/fir_compiler_v7_1/hdl/cntrl_delay.vhd:141]
INFO: [Synth 8-638] synthesizing module 'wrap_buff' [c:/CHALMERS/DAT096/DAT096/ADCDAC/ADC3/ADC3.srcs/sources_1/ip/fir_compiler_0/fir_compiler_v7_1/hdl/wrap_buff.vhd:259]
INFO: [Synth 8-63] RTL assertion: "wrap_buff: fn_calc_init_state : chan_cnt: 0 phase_cnt: 0 read_addr: 0" [c:/CHALMERS/DAT096/DAT096/ADCDAC/ADC3/ADC3.srcs/sources_1/ip/fir_compiler_0/fir_compiler_v7_1/hdl/wrap_buff.vhd:384]
INFO: [Synth 8-63] RTL assertion: "wrap_buff: fn_calc_init_state : chan_cnt: 0 phase_cnt: 15 read_addr: 33" [c:/CHALMERS/DAT096/DAT096/ADCDAC/ADC3/ADC3.srcs/sources_1/ip/fir_compiler_0/fir_compiler_v7_1/hdl/wrap_buff.vhd:403]
INFO: [Synth 8-63] RTL assertion: "wrap_buff: fn_calc_init_state : chan_cnt: 0 phase_cnt: 14 read_addr: 34" [c:/CHALMERS/DAT096/DAT096/ADCDAC/ADC3/ADC3.srcs/sources_1/ip/fir_compiler_0/fir_compiler_v7_1/hdl/wrap_buff.vhd:403]
INFO: [Synth 8-63] RTL assertion: "wrap_buff: fn_calc_init_state : chan_cnt: 0 phase_cnt: 13 read_addr: 35" [c:/CHALMERS/DAT096/DAT096/ADCDAC/ADC3/ADC3.srcs/sources_1/ip/fir_compiler_0/fir_compiler_v7_1/hdl/wrap_buff.vhd:403]
INFO: [Synth 8-63] RTL assertion: "wrap_buff: fn_calc_init_state : chan_cnt: 0 phase_cnt: 12 read_addr: 36" [c:/CHALMERS/DAT096/DAT096/ADCDAC/ADC3/ADC3.srcs/sources_1/ip/fir_compiler_0/fir_compiler_v7_1/hdl/wrap_buff.vhd:403]
INFO: [Synth 8-63] RTL assertion: "wrap_buff: fn_calc_init_state : chan_cnt: 0 phase_cnt: 11 read_addr: 37" [c:/CHALMERS/DAT096/DAT096/ADCDAC/ADC3/ADC3.srcs/sources_1/ip/fir_compiler_0/fir_compiler_v7_1/hdl/wrap_buff.vhd:403]
INFO: [Synth 8-63] RTL assertion: "wrap_buff: fn_calc_init_state : chan_cnt: 0 phase_cnt: 10 read_addr: 38" [c:/CHALMERS/DAT096/DAT096/ADCDAC/ADC3/ADC3.srcs/sources_1/ip/fir_compiler_0/fir_compiler_v7_1/hdl/wrap_buff.vhd:403]
INFO: [Synth 8-63] RTL assertion: "wrap_buff: fn_calc_init_state : chan_cnt: 0 phase_cnt: 9 read_addr: 39" [c:/CHALMERS/DAT096/DAT096/ADCDAC/ADC3/ADC3.srcs/sources_1/ip/fir_compiler_0/fir_compiler_v7_1/hdl/wrap_buff.vhd:403]
INFO: [Synth 8-63] RTL assertion: "wrap_buff: fn_calc_init_state : chan_cnt: 0 phase_cnt: 8 read_addr: 40" [c:/CHALMERS/DAT096/DAT096/ADCDAC/ADC3/ADC3.srcs/sources_1/ip/fir_compiler_0/fir_compiler_v7_1/hdl/wrap_buff.vhd:403]
INFO: [Synth 8-63] RTL assertion: "wrap_buff: fn_calc_init_state : chan_cnt: 0 phase_cnt: 7 read_addr: 41" [c:/CHALMERS/DAT096/DAT096/ADCDAC/ADC3/ADC3.srcs/sources_1/ip/fir_compiler_0/fir_compiler_v7_1/hdl/wrap_buff.vhd:403]
INFO: [Synth 8-63] RTL assertion: "wrap_buff: fn_calc_init_state : chan_cnt: 0 phase_cnt: 6 read_addr: 42" [c:/CHALMERS/DAT096/DAT096/ADCDAC/ADC3/ADC3.srcs/sources_1/ip/fir_compiler_0/fir_compiler_v7_1/hdl/wrap_buff.vhd:403]
INFO: [Synth 8-63] RTL assertion: "wrap_buff: fn_calc_init_state : chan_cnt: 0 phase_cnt: 5 read_addr: 43" [c:/CHALMERS/DAT096/DAT096/ADCDAC/ADC3/ADC3.srcs/sources_1/ip/fir_compiler_0/fir_compiler_v7_1/hdl/wrap_buff.vhd:403]
INFO: [Synth 8-63] RTL assertion: "wrap_buff: fn_calc_init_state : chan_cnt: 0 phase_cnt: 4 read_addr: 44" [c:/CHALMERS/DAT096/DAT096/ADCDAC/ADC3/ADC3.srcs/sources_1/ip/fir_compiler_0/fir_compiler_v7_1/hdl/wrap_buff.vhd:403]
INFO: [Synth 8-63] RTL assertion: "wrap_buff: fn_calc_init_state : chan_cnt: 0 phase_cnt: 3 read_addr: 45" [c:/CHALMERS/DAT096/DAT096/ADCDAC/ADC3/ADC3.srcs/sources_1/ip/fir_compiler_0/fir_compiler_v7_1/hdl/wrap_buff.vhd:403]
INFO: [Synth 8-63] RTL assertion: "wrap_buff: fn_calc_init_state : chan_cnt: 0 phase_cnt: 2 read_addr: 46" [c:/CHALMERS/DAT096/DAT096/ADCDAC/ADC3/ADC3.srcs/sources_1/ip/fir_compiler_0/fir_compiler_v7_1/hdl/wrap_buff.vhd:403]
INFO: [Synth 8-63] RTL assertion: "wrap_buff: fn_calc_init_state : chan_cnt: 0 phase_cnt: 1 read_addr: 47" [c:/CHALMERS/DAT096/DAT096/ADCDAC/ADC3/ADC3.srcs/sources_1/ip/fir_compiler_0/fir_compiler_v7_1/hdl/wrap_buff.vhd:403]
INFO: [Synth 8-4472] Detected and applied attribute keep = soft [c:/CHALMERS/DAT096/DAT096/ADCDAC/ADC3/ADC3.srcs/sources_1/ip/fir_compiler_0/fir_compiler_v7_1/hdl/wrap_buff.vhd:417]
INFO: [Synth 8-4472] Detected and applied attribute keep = soft [c:/CHALMERS/DAT096/DAT096/ADCDAC/ADC3/ADC3.srcs/sources_1/ip/fir_compiler_0/fir_compiler_v7_1/hdl/wrap_buff.vhd:420]
INFO: [Synth 8-63] RTL assertion: "wrap_buff: ci_read_init: 101111" [c:/CHALMERS/DAT096/DAT096/ADCDAC/ADC3/ADC3.srcs/sources_1/ip/fir_compiler_0/fir_compiler_v7_1/hdl/wrap_buff.vhd:428]
INFO: [Synth 8-63] RTL assertion: "wrap_buff: ci_read_next_phase: 111111" [c:/CHALMERS/DAT096/DAT096/ADCDAC/ADC3/ADC3.srcs/sources_1/ip/fir_compiler_0/fir_compiler_v7_1/hdl/wrap_buff.vhd:429]
INFO: [Synth 8-63] RTL assertion: "wrap_buff: ci_read_next_block: 011111" [c:/CHALMERS/DAT096/DAT096/ADCDAC/ADC3/ADC3.srcs/sources_1/ip/fir_compiler_0/fir_compiler_v7_1/hdl/wrap_buff.vhd:430]
INFO: [Synth 8-63] RTL assertion: "wrap_buff: write_addr'LENGTH: 6" [c:/CHALMERS/DAT096/DAT096/ADCDAC/ADC3/ADC3.srcs/sources_1/ip/fir_compiler_0/fir_compiler_v7_1/hdl/wrap_buff.vhd:431]
INFO: [Synth 8-63] RTL assertion: "wrap_buff: ci_phase_init: 0001" [c:/CHALMERS/DAT096/DAT096/ADCDAC/ADC3/ADC3.srcs/sources_1/ip/fir_compiler_0/fir_compiler_v7_1/hdl/wrap_buff.vhd:432]
INFO: [Synth 8-4472] Detected and applied attribute keep = soft [c:/CHALMERS/DAT096/DAT096/ADCDAC/ADC3/ADC3.srcs/sources_1/ip/fir_compiler_0/fir_compiler_v7_1/hdl/wrap_buff.vhd:438]
INFO: [Synth 8-638] synthesizing module 'dpr_mem' [c:/CHALMERS/DAT096/DAT096/ADCDAC/ADC3/ADC3.srcs/sources_1/ip/fir_compiler_0/fir_compiler_v7_1/hdl/dpr_mem.vhd:145]
INFO: [Synth 8-256] done synthesizing module 'dpr_mem' (8#1) [c:/CHALMERS/DAT096/DAT096/ADCDAC/ADC3/ADC3.srcs/sources_1/ip/fir_compiler_0/fir_compiler_v7_1/hdl/dpr_mem.vhd:145]
INFO: [Synth 8-638] synthesizing module 'delay__parameterized11' [c:/CHALMERS/DAT096/DAT096/ADCDAC/ADC3/ADC3.srcs/sources_1/ip/fir_compiler_0/fir_compiler_v7_1/hdl/delay.vhd:157]
INFO: [Synth 8-256] done synthesizing module 'delay__parameterized11' (8#1) [c:/CHALMERS/DAT096/DAT096/ADCDAC/ADC3/ADC3.srcs/sources_1/ip/fir_compiler_0/fir_compiler_v7_1/hdl/delay.vhd:157]
INFO: [Synth 8-638] synthesizing module 'delay__parameterized12' [c:/CHALMERS/DAT096/DAT096/ADCDAC/ADC3/ADC3.srcs/sources_1/ip/fir_compiler_0/fir_compiler_v7_1/hdl/delay.vhd:157]
INFO: [Synth 8-256] done synthesizing module 'delay__parameterized12' (8#1) [c:/CHALMERS/DAT096/DAT096/ADCDAC/ADC3/ADC3.srcs/sources_1/ip/fir_compiler_0/fir_compiler_v7_1/hdl/delay.vhd:157]
INFO: [Synth 8-638] synthesizing module 'delay__parameterized13' [c:/CHALMERS/DAT096/DAT096/ADCDAC/ADC3/ADC3.srcs/sources_1/ip/fir_compiler_0/fir_compiler_v7_1/hdl/delay.vhd:157]
INFO: [Synth 8-256] done synthesizing module 'delay__parameterized13' (8#1) [c:/CHALMERS/DAT096/DAT096/ADCDAC/ADC3/ADC3.srcs/sources_1/ip/fir_compiler_0/fir_compiler_v7_1/hdl/delay.vhd:157]
INFO: [Synth 8-638] synthesizing module 'delay__parameterized14' [c:/CHALMERS/DAT096/DAT096/ADCDAC/ADC3/ADC3.srcs/sources_1/ip/fir_compiler_0/fir_compiler_v7_1/hdl/delay.vhd:157]
INFO: [Synth 8-256] done synthesizing module 'delay__parameterized14' (8#1) [c:/CHALMERS/DAT096/DAT096/ADCDAC/ADC3/ADC3.srcs/sources_1/ip/fir_compiler_0/fir_compiler_v7_1/hdl/delay.vhd:157]
INFO: [Synth 8-3919] null assignment ignored [c:/CHALMERS/DAT096/DAT096/ADCDAC/ADC3/ADC3.srcs/sources_1/ip/fir_compiler_0/fir_compiler_v7_1/hdl/wrap_buff.vhd:678]
INFO: [Synth 8-3919] null assignment ignored [c:/CHALMERS/DAT096/DAT096/ADCDAC/ADC3/ADC3.srcs/sources_1/ip/fir_compiler_0/fir_compiler_v7_1/hdl/wrap_buff.vhd:726]
value is "soft"
value is "soft"
value is "soft"
INFO: [Synth 8-256] done synthesizing module 'wrap_buff' (9#1) [c:/CHALMERS/DAT096/DAT096/ADCDAC/ADC3/ADC3.srcs/sources_1/ip/fir_compiler_0/fir_compiler_v7_1/hdl/wrap_buff.vhd:259]
INFO: [Synth 8-638] synthesizing module 'addsub_mult_accum' [c:/CHALMERS/DAT096/DAT096/ADCDAC/ADC3/ADC3.srcs/sources_1/ip/fir_compiler_0/fir_compiler_v7_1/hdl/addsub_mult_accum.vhd:157]
INFO: [Synth 8-638] synthesizing module 'delay__parameterized15' [c:/CHALMERS/DAT096/DAT096/ADCDAC/ADC3/ADC3.srcs/sources_1/ip/fir_compiler_0/fir_compiler_v7_1/hdl/delay.vhd:157]
INFO: [Synth 8-256] done synthesizing module 'delay__parameterized15' (9#1) [c:/CHALMERS/DAT096/DAT096/ADCDAC/ADC3/ADC3.srcs/sources_1/ip/fir_compiler_0/fir_compiler_v7_1/hdl/delay.vhd:157]
INFO: [Synth 8-638] synthesizing module 'delay__parameterized16' [c:/CHALMERS/DAT096/DAT096/ADCDAC/ADC3/ADC3.srcs/sources_1/ip/fir_compiler_0/fir_compiler_v7_1/hdl/delay.vhd:157]
INFO: [Synth 8-256] done synthesizing module 'delay__parameterized16' (9#1) [c:/CHALMERS/DAT096/DAT096/ADCDAC/ADC3/ADC3.srcs/sources_1/ip/fir_compiler_0/fir_compiler_v7_1/hdl/delay.vhd:157]
INFO: [Synth 8-638] synthesizing module 'delay__parameterized17' [c:/CHALMERS/DAT096/DAT096/ADCDAC/ADC3/ADC3.srcs/sources_1/ip/fir_compiler_0/fir_compiler_v7_1/hdl/delay.vhd:157]
INFO: [Synth 8-256] done synthesizing module 'delay__parameterized17' (9#1) [c:/CHALMERS/DAT096/DAT096/ADCDAC/ADC3/ADC3.srcs/sources_1/ip/fir_compiler_0/fir_compiler_v7_1/hdl/delay.vhd:157]
INFO: [Synth 8-638] synthesizing module 'calc' [c:/CHALMERS/DAT096/DAT096/ADCDAC/ADC3/ADC3.srcs/sources_1/ip/fir_compiler_0/fir_compiler_v7_1/hdl/calc.vhd:161]
INFO: [Synth 8-113] binding component instance 'i_dsp48e1' to cell 'DSP48E1' [c:/CHALMERS/DAT096/DAT096/ADCDAC/ADC3/ADC3.srcs/sources_1/ip/fir_compiler_0/fir_compiler_v7_1/hdl/calc.vhd:382]
INFO: [Synth 8-256] done synthesizing module 'calc' (10#1) [c:/CHALMERS/DAT096/DAT096/ADCDAC/ADC3/ADC3.srcs/sources_1/ip/fir_compiler_0/fir_compiler_v7_1/hdl/calc.vhd:161]
INFO: [Synth 8-256] done synthesizing module 'addsub_mult_accum' (11#1) [c:/CHALMERS/DAT096/DAT096/ADCDAC/ADC3/ADC3.srcs/sources_1/ip/fir_compiler_0/fir_compiler_v7_1/hdl/addsub_mult_accum.vhd:157]
INFO: [Synth 8-638] synthesizing module 'delay__parameterized18' [c:/CHALMERS/DAT096/DAT096/ADCDAC/ADC3/ADC3.srcs/sources_1/ip/fir_compiler_0/fir_compiler_v7_1/hdl/delay.vhd:157]
INFO: [Synth 8-256] done synthesizing module 'delay__parameterized18' (11#1) [c:/CHALMERS/DAT096/DAT096/ADCDAC/ADC3/ADC3.srcs/sources_1/ip/fir_compiler_0/fir_compiler_v7_1/hdl/delay.vhd:157]
INFO: [Synth 8-638] synthesizing module 'filt_mem__parameterized1' [c:/CHALMERS/DAT096/DAT096/ADCDAC/ADC3/ADC3.srcs/sources_1/ip/fir_compiler_0/fir_compiler_v7_1/hdl/mem.vhd:159]
INFO: [Synth 8-3919] null assignment ignored [c:/CHALMERS/DAT096/DAT096/ADCDAC/ADC3/ADC3.srcs/sources_1/ip/fir_compiler_0/fir_compiler_v7_1/hdl/mem.vhd:194]
INFO: [Synth 8-3919] null assignment ignored [c:/CHALMERS/DAT096/DAT096/ADCDAC/ADC3/ADC3.srcs/sources_1/ip/fir_compiler_0/fir_compiler_v7_1/hdl/mem.vhd:196]
INFO: [Synth 8-638] synthesizing module 'sp_mem__parameterized0' [c:/CHALMERS/DAT096/DAT096/ADCDAC/ADC3/ADC3.srcs/sources_1/ip/fir_compiler_0/fir_compiler_v7_1/hdl/sp_mem.vhd:141]
INFO: [Synth 8-256] done synthesizing module 'sp_mem__parameterized0' (11#1) [c:/CHALMERS/DAT096/DAT096/ADCDAC/ADC3/ADC3.srcs/sources_1/ip/fir_compiler_0/fir_compiler_v7_1/hdl/sp_mem.vhd:141]
INFO: [Synth 8-256] done synthesizing module 'filt_mem__parameterized1' (11#1) [c:/CHALMERS/DAT096/DAT096/ADCDAC/ADC3/ADC3.srcs/sources_1/ip/fir_compiler_0/fir_compiler_v7_1/hdl/mem.vhd:159]
INFO: [Synth 8-638] synthesizing module 'addsub_mult_accum__parameterized0' [c:/CHALMERS/DAT096/DAT096/ADCDAC/ADC3/ADC3.srcs/sources_1/ip/fir_compiler_0/fir_compiler_v7_1/hdl/addsub_mult_accum.vhd:157]
INFO: [Synth 8-638] synthesizing module 'delay__parameterized19' [c:/CHALMERS/DAT096/DAT096/ADCDAC/ADC3/ADC3.srcs/sources_1/ip/fir_compiler_0/fir_compiler_v7_1/hdl/delay.vhd:157]
INFO: [Synth 8-256] done synthesizing module 'delay__parameterized19' (11#1) [c:/CHALMERS/DAT096/DAT096/ADCDAC/ADC3/ADC3.srcs/sources_1/ip/fir_compiler_0/fir_compiler_v7_1/hdl/delay.vhd:157]
INFO: [Synth 8-638] synthesizing module 'delay__parameterized20' [c:/CHALMERS/DAT096/DAT096/ADCDAC/ADC3/ADC3.srcs/sources_1/ip/fir_compiler_0/fir_compiler_v7_1/hdl/delay.vhd:157]
INFO: [Synth 8-256] done synthesizing module 'delay__parameterized20' (11#1) [c:/CHALMERS/DAT096/DAT096/ADCDAC/ADC3/ADC3.srcs/sources_1/ip/fir_compiler_0/fir_compiler_v7_1/hdl/delay.vhd:157]
INFO: [Synth 8-638] synthesizing module 'calc__parameterized0' [c:/CHALMERS/DAT096/DAT096/ADCDAC/ADC3/ADC3.srcs/sources_1/ip/fir_compiler_0/fir_compiler_v7_1/hdl/calc.vhd:161]
INFO: [Synth 8-113] binding component instance 'i_dsp48e1' to cell 'DSP48E1' [c:/CHALMERS/DAT096/DAT096/ADCDAC/ADC3/ADC3.srcs/sources_1/ip/fir_compiler_0/fir_compiler_v7_1/hdl/calc.vhd:382]
INFO: [Synth 8-256] done synthesizing module 'calc__parameterized0' (11#1) [c:/CHALMERS/DAT096/DAT096/ADCDAC/ADC3/ADC3.srcs/sources_1/ip/fir_compiler_0/fir_compiler_v7_1/hdl/calc.vhd:161]
INFO: [Synth 8-256] done synthesizing module 'addsub_mult_accum__parameterized0' (11#1) [c:/CHALMERS/DAT096/DAT096/ADCDAC/ADC3/ADC3.srcs/sources_1/ip/fir_compiler_0/fir_compiler_v7_1/hdl/addsub_mult_accum.vhd:157]
INFO: [Synth 8-638] synthesizing module 'delay__parameterized21' [c:/CHALMERS/DAT096/DAT096/ADCDAC/ADC3/ADC3.srcs/sources_1/ip/fir_compiler_0/fir_compiler_v7_1/hdl/delay.vhd:157]
INFO: [Synth 8-256] done synthesizing module 'delay__parameterized21' (11#1) [c:/CHALMERS/DAT096/DAT096/ADCDAC/ADC3/ADC3.srcs/sources_1/ip/fir_compiler_0/fir_compiler_v7_1/hdl/delay.vhd:157]
INFO: [Synth 8-638] synthesizing module 'delay__parameterized22' [c:/CHALMERS/DAT096/DAT096/ADCDAC/ADC3/ADC3.srcs/sources_1/ip/fir_compiler_0/fir_compiler_v7_1/hdl/delay.vhd:157]
INFO: [Synth 8-256] done synthesizing module 'delay__parameterized22' (11#1) [c:/CHALMERS/DAT096/DAT096/ADCDAC/ADC3/ADC3.srcs/sources_1/ip/fir_compiler_0/fir_compiler_v7_1/hdl/delay.vhd:157]
INFO: [Synth 8-638] synthesizing module 'delay__parameterized23' [c:/CHALMERS/DAT096/DAT096/ADCDAC/ADC3/ADC3.srcs/sources_1/ip/fir_compiler_0/fir_compiler_v7_1/hdl/delay.vhd:157]
INFO: [Synth 8-256] done synthesizing module 'delay__parameterized23' (11#1) [c:/CHALMERS/DAT096/DAT096/ADCDAC/ADC3/ADC3.srcs/sources_1/ip/fir_compiler_0/fir_compiler_v7_1/hdl/delay.vhd:157]
INFO: [Synth 8-638] synthesizing module 'delay__parameterized24' [c:/CHALMERS/DAT096/DAT096/ADCDAC/ADC3/ADC3.srcs/sources_1/ip/fir_compiler_0/fir_compiler_v7_1/hdl/delay.vhd:157]
INFO: [Synth 8-256] done synthesizing module 'delay__parameterized24' (11#1) [c:/CHALMERS/DAT096/DAT096/ADCDAC/ADC3/ADC3.srcs/sources_1/ip/fir_compiler_0/fir_compiler_v7_1/hdl/delay.vhd:157]
INFO: [Synth 8-638] synthesizing module 'ext_mult' [c:/CHALMERS/DAT096/DAT096/ADCDAC/ADC3/ADC3.srcs/sources_1/ip/fir_compiler_0/fir_compiler_v7_1/hdl/ext_mult.vhd:142]
INFO: [Synth 8-638] synthesizing module 'add_accum' [c:/CHALMERS/DAT096/DAT096/ADCDAC/ADC3/ADC3.srcs/sources_1/ip/fir_compiler_0/fir_compiler_v7_1/hdl/add_accum.vhd:155]
INFO: [Synth 8-638] synthesizing module 'delay__parameterized25' [c:/CHALMERS/DAT096/DAT096/ADCDAC/ADC3/ADC3.srcs/sources_1/ip/fir_compiler_0/fir_compiler_v7_1/hdl/delay.vhd:157]
INFO: [Synth 8-256] done synthesizing module 'delay__parameterized25' (11#1) [c:/CHALMERS/DAT096/DAT096/ADCDAC/ADC3/ADC3.srcs/sources_1/ip/fir_compiler_0/fir_compiler_v7_1/hdl/delay.vhd:157]
INFO: [Synth 8-638] synthesizing module 'delay__parameterized26' [c:/CHALMERS/DAT096/DAT096/ADCDAC/ADC3/ADC3.srcs/sources_1/ip/fir_compiler_0/fir_compiler_v7_1/hdl/delay.vhd:157]
INFO: [Synth 8-256] done synthesizing module 'delay__parameterized26' (11#1) [c:/CHALMERS/DAT096/DAT096/ADCDAC/ADC3/ADC3.srcs/sources_1/ip/fir_compiler_0/fir_compiler_v7_1/hdl/delay.vhd:157]
INFO: [Synth 8-638] synthesizing module 'calc__parameterized1' [c:/CHALMERS/DAT096/DAT096/ADCDAC/ADC3/ADC3.srcs/sources_1/ip/fir_compiler_0/fir_compiler_v7_1/hdl/calc.vhd:161]
INFO: [Synth 8-638] synthesizing module 'delay__parameterized27' [c:/CHALMERS/DAT096/DAT096/ADCDAC/ADC3/ADC3.srcs/sources_1/ip/fir_compiler_0/fir_compiler_v7_1/hdl/delay.vhd:157]
INFO: [Synth 8-256] done synthesizing module 'delay__parameterized27' (11#1) [c:/CHALMERS/DAT096/DAT096/ADCDAC/ADC3/ADC3.srcs/sources_1/ip/fir_compiler_0/fir_compiler_v7_1/hdl/delay.vhd:157]
INFO: [Synth 8-638] synthesizing module 'delay__parameterized28' [c:/CHALMERS/DAT096/DAT096/ADCDAC/ADC3/ADC3.srcs/sources_1/ip/fir_compiler_0/fir_compiler_v7_1/hdl/delay.vhd:157]
INFO: [Synth 8-256] done synthesizing module 'delay__parameterized28' (11#1) [c:/CHALMERS/DAT096/DAT096/ADCDAC/ADC3/ADC3.srcs/sources_1/ip/fir_compiler_0/fir_compiler_v7_1/hdl/delay.vhd:157]
INFO: [Synth 8-113] binding component instance 'i_dsp48e1' to cell 'DSP48E1' [c:/CHALMERS/DAT096/DAT096/ADCDAC/ADC3/ADC3.srcs/sources_1/ip/fir_compiler_0/fir_compiler_v7_1/hdl/calc.vhd:382]
INFO: [Synth 8-256] done synthesizing module 'calc__parameterized1' (11#1) [c:/CHALMERS/DAT096/DAT096/ADCDAC/ADC3/ADC3.srcs/sources_1/ip/fir_compiler_0/fir_compiler_v7_1/hdl/calc.vhd:161]
INFO: [Synth 8-256] done synthesizing module 'add_accum' (12#1) [c:/CHALMERS/DAT096/DAT096/ADCDAC/ADC3/ADC3.srcs/sources_1/ip/fir_compiler_0/fir_compiler_v7_1/hdl/add_accum.vhd:155]
INFO: [Synth 8-638] synthesizing module 'delay__parameterized29' [c:/CHALMERS/DAT096/DAT096/ADCDAC/ADC3/ADC3.srcs/sources_1/ip/fir_compiler_0/fir_compiler_v7_1/hdl/delay.vhd:157]
INFO: [Synth 8-256] done synthesizing module 'delay__parameterized29' (12#1) [c:/CHALMERS/DAT096/DAT096/ADCDAC/ADC3/ADC3.srcs/sources_1/ip/fir_compiler_0/fir_compiler_v7_1/hdl/delay.vhd:157]
INFO: [Synth 8-638] synthesizing module 'delay__parameterized30' [c:/CHALMERS/DAT096/DAT096/ADCDAC/ADC3/ADC3.srcs/sources_1/ip/fir_compiler_0/fir_compiler_v7_1/hdl/delay.vhd:157]
INFO: [Synth 8-256] done synthesizing module 'delay__parameterized30' (12#1) [c:/CHALMERS/DAT096/DAT096/ADCDAC/ADC3/ADC3.srcs/sources_1/ip/fir_compiler_0/fir_compiler_v7_1/hdl/delay.vhd:157]
WARNING: [Synth 8-3848] Net pin_open[fab] in module/entity ext_mult does not have driver. [c:/CHALMERS/DAT096/DAT096/ADCDAC/ADC3/ADC3.srcs/sources_1/ip/fir_compiler_0/fir_compiler_v7_1/hdl/ext_mult.vhd:153]
WARNING: [Synth 8-3848] Net pin_open[casc] in module/entity ext_mult does not have driver. [c:/CHALMERS/DAT096/DAT096/ADCDAC/ADC3/ADC3.srcs/sources_1/ip/fir_compiler_0/fir_compiler_v7_1/hdl/ext_mult.vhd:153]
INFO: [Synth 8-256] done synthesizing module 'ext_mult' (13#1) [c:/CHALMERS/DAT096/DAT096/ADCDAC/ADC3/ADC3.srcs/sources_1/ip/fir_compiler_0/fir_compiler_v7_1/hdl/ext_mult.vhd:142]
INFO: [Synth 8-3919] null assignment ignored [c:/CHALMERS/DAT096/DAT096/ADCDAC/ADC3/ADC3.srcs/sources_1/ip/fir_compiler_0/fir_compiler_v7_1/hdl/polyphase_decimation.vhd:5134]
INFO: [Synth 8-3919] null assignment ignored [c:/CHALMERS/DAT096/DAT096/ADCDAC/ADC3/ADC3.srcs/sources_1/ip/fir_compiler_0/fir_compiler_v7_1/hdl/polyphase_decimation.vhd:5162]
INFO: [Synth 8-3919] null assignment ignored [c:/CHALMERS/DAT096/DAT096/ADCDAC/ADC3/ADC3.srcs/sources_1/ip/fir_compiler_0/fir_compiler_v7_1/hdl/polyphase_decimation.vhd:5168]
INFO: [Synth 8-3919] null assignment ignored [c:/CHALMERS/DAT096/DAT096/ADCDAC/ADC3/ADC3.srcs/sources_1/ip/fir_compiler_0/fir_compiler_v7_1/hdl/polyphase_decimation.vhd:5174]
INFO: [Synth 8-3919] null assignment ignored [c:/CHALMERS/DAT096/DAT096/ADCDAC/ADC3/ADC3.srcs/sources_1/ip/fir_compiler_0/fir_compiler_v7_1/hdl/polyphase_decimation.vhd:5188]
INFO: [Synth 8-3919] null assignment ignored [c:/CHALMERS/DAT096/DAT096/ADCDAC/ADC3/ADC3.srcs/sources_1/ip/fir_compiler_0/fir_compiler_v7_1/hdl/polyphase_decimation.vhd:5192]
INFO: [Synth 8-256] done synthesizing module 'polyphase_decimation__parameterized0' (14#1) [c:/CHALMERS/DAT096/DAT096/ADCDAC/ADC3/ADC3.srcs/sources_1/ip/fir_compiler_0/fir_compiler_v7_1/hdl/polyphase_decimation.vhd:240]
INFO: [Synth 8-256] done synthesizing module 'fir_compiler_v7_1_viv__parameterized0' (15#1) [c:/CHALMERS/DAT096/DAT096/ADCDAC/ADC3/ADC3.srcs/sources_1/ip/fir_compiler_0/fir_compiler_v7_1/hdl/fir_compiler_v7_1_viv.vhd:252]
INFO: [Synth 8-256] done synthesizing module 'fir_compiler_v7_1__parameterized0' (16#1) [c:/CHALMERS/DAT096/DAT096/ADCDAC/ADC3/ADC3.srcs/sources_1/ip/fir_compiler_0/fir_compiler_v7_1/hdl/fir_compiler_v7_1.vhd:233]
INFO: [Synth 8-256] done synthesizing module 'fir_compiler_0' (17#1) [c:/CHALMERS/DAT096/DAT096/ADCDAC/ADC3/ADC3.srcs/sources_1/ip/fir_compiler_0/synth/fir_compiler_0.vhd:71]
---------------------------------------------------------------------------------
Finished RTL Elaboration : Time (s): cpu = 00:00:21 ; elapsed = 00:00:24 . Memory (MB): peak = 378.227 ; gain = 120.828
---------------------------------------------------------------------------------

---------------------------------------------------------------------------------
Start RTL Optimization
---------------------------------------------------------------------------------

Report Check Netlist: 
+------+------------------+-------+---------+-------+------------------+
|      |Item              |Errors |Warnings |Status |Description       |
+------+------------------+-------+---------+-------+------------------+
|1     |multi_driven_nets |      0|        0|Passed |Multi driven nets |
+------+------------------+-------+---------+-------+------------------+
INFO: [Synth 8-3295] tying undriven pin \g_two_col_comb.i_gen_upper_bits :\PIN[fab] [47] to constant 0 [c:/CHALMERS/DAT096/DAT096/ADCDAC/ADC3/ADC3.srcs/sources_1/ip/fir_compiler_0/fir_compiler_v7_1/hdl/ext_mult.vhd:158]
INFO: [Synth 8-3295] tying undriven pin \g_two_col_comb.i_gen_upper_bits :\PIN[fab] [46] to constant 0 [c:/CHALMERS/DAT096/DAT096/ADCDAC/ADC3/ADC3.srcs/sources_1/ip/fir_compiler_0/fir_compiler_v7_1/hdl/ext_mult.vhd:158]
INFO: [Synth 8-3295] tying undriven pin \g_two_col_comb.i_gen_upper_bits :\PIN[fab] [45] to constant 0 [c:/CHALMERS/DAT096/DAT096/ADCDAC/ADC3/ADC3.srcs/sources_1/ip/fir_compiler_0/fir_compiler_v7_1/hdl/ext_mult.vhd:158]
INFO: [Synth 8-3295] tying undriven pin \g_two_col_comb.i_gen_upper_bits :\PIN[fab] [44] to constant 0 [c:/CHALMERS/DAT096/DAT096/ADCDAC/ADC3/ADC3.srcs/sources_1/ip/fir_compiler_0/fir_compiler_v7_1/hdl/ext_mult.vhd:158]
INFO: [Synth 8-3295] tying undriven pin \g_two_col_comb.i_gen_upper_bits :\PIN[fab] [43] to constant 0 [c:/CHALMERS/DAT096/DAT096/ADCDAC/ADC3/ADC3.srcs/sources_1/ip/fir_compiler_0/fir_compiler_v7_1/hdl/ext_mult.vhd:158]
INFO: [Synth 8-3295] tying undriven pin \g_two_col_comb.i_gen_upper_bits :\PIN[fab] [42] to constant 0 [c:/CHALMERS/DAT096/DAT096/ADCDAC/ADC3/ADC3.srcs/sources_1/ip/fir_compiler_0/fir_compiler_v7_1/hdl/ext_mult.vhd:158]
INFO: [Synth 8-3295] tying undriven pin \g_two_col_comb.i_gen_upper_bits :\PIN[fab] [41] to constant 0 [c:/CHALMERS/DAT096/DAT096/ADCDAC/ADC3/ADC3.srcs/sources_1/ip/fir_compiler_0/fir_compiler_v7_1/hdl/ext_mult.vhd:158]
INFO: [Synth 8-3295] tying undriven pin \g_two_col_comb.i_gen_upper_bits :\PIN[fab] [40] to constant 0 [c:/CHALMERS/DAT096/DAT096/ADCDAC/ADC3/ADC3.srcs/sources_1/ip/fir_compiler_0/fir_compiler_v7_1/hdl/ext_mult.vhd:158]
INFO: [Synth 8-3295] tying undriven pin \g_two_col_comb.i_gen_upper_bits :\PIN[fab] [39] to constant 0 [c:/CHALMERS/DAT096/DAT096/ADCDAC/ADC3/ADC3.srcs/sources_1/ip/fir_compiler_0/fir_compiler_v7_1/hdl/ext_mult.vhd:158]
INFO: [Synth 8-3295] tying undriven pin \g_two_col_comb.i_gen_upper_bits :\PIN[fab] [38] to constant 0 [c:/CHALMERS/DAT096/DAT096/ADCDAC/ADC3/ADC3.srcs/sources_1/ip/fir_compiler_0/fir_compiler_v7_1/hdl/ext_mult.vhd:158]
INFO: [Synth 8-3295] tying undriven pin \g_two_col_comb.i_gen_upper_bits :\PIN[fab] [37] to constant 0 [c:/CHALMERS/DAT096/DAT096/ADCDAC/ADC3/ADC3.srcs/sources_1/ip/fir_compiler_0/fir_compiler_v7_1/hdl/ext_mult.vhd:158]
INFO: [Synth 8-3295] tying undriven pin \g_two_col_comb.i_gen_upper_bits :\PIN[fab] [36] to constant 0 [c:/CHALMERS/DAT096/DAT096/ADCDAC/ADC3/ADC3.srcs/sources_1/ip/fir_compiler_0/fir_compiler_v7_1/hdl/ext_mult.vhd:158]
INFO: [Synth 8-3295] tying undriven pin \g_two_col_comb.i_gen_upper_bits :\PIN[fab] [35] to constant 0 [c:/CHALMERS/DAT096/DAT096/ADCDAC/ADC3/ADC3.srcs/sources_1/ip/fir_compiler_0/fir_compiler_v7_1/hdl/ext_mult.vhd:158]
INFO: [Synth 8-3295] tying undriven pin \g_two_col_comb.i_gen_upper_bits :\PIN[fab] [34] to constant 0 [c:/CHALMERS/DAT096/DAT096/ADCDAC/ADC3/ADC3.srcs/sources_1/ip/fir_compiler_0/fir_compiler_v7_1/hdl/ext_mult.vhd:158]
INFO: [Synth 8-3295] tying undriven pin \g_two_col_comb.i_gen_upper_bits :\PIN[fab] [33] to constant 0 [c:/CHALMERS/DAT096/DAT096/ADCDAC/ADC3/ADC3.srcs/sources_1/ip/fir_compiler_0/fir_compiler_v7_1/hdl/ext_mult.vhd:158]
INFO: [Synth 8-3295] tying undriven pin \g_two_col_comb.i_gen_upper_bits :\PIN[fab] [32] to constant 0 [c:/CHALMERS/DAT096/DAT096/ADCDAC/ADC3/ADC3.srcs/sources_1/ip/fir_compiler_0/fir_compiler_v7_1/hdl/ext_mult.vhd:158]
INFO: [Synth 8-3295] tying undriven pin \g_two_col_comb.i_gen_upper_bits :\PIN[fab] [31] to constant 0 [c:/CHALMERS/DAT096/DAT096/ADCDAC/ADC3/ADC3.srcs/sources_1/ip/fir_compiler_0/fir_compiler_v7_1/hdl/ext_mult.vhd:158]
INFO: [Synth 8-3295] tying undriven pin \g_two_col_comb.i_gen_upper_bits :\PIN[fab] [30] to constant 0 [c:/CHALMERS/DAT096/DAT096/ADCDAC/ADC3/ADC3.srcs/sources_1/ip/fir_compiler_0/fir_compiler_v7_1/hdl/ext_mult.vhd:158]
INFO: [Synth 8-3295] tying undriven pin \g_two_col_comb.i_gen_upper_bits :\PIN[fab] [29] to constant 0 [c:/CHALMERS/DAT096/DAT096/ADCDAC/ADC3/ADC3.srcs/sources_1/ip/fir_compiler_0/fir_compiler_v7_1/hdl/ext_mult.vhd:158]
INFO: [Synth 8-3295] tying undriven pin \g_two_col_comb.i_gen_upper_bits :\PIN[fab] [28] to constant 0 [c:/CHALMERS/DAT096/DAT096/ADCDAC/ADC3/ADC3.srcs/sources_1/ip/fir_compiler_0/fir_compiler_v7_1/hdl/ext_mult.vhd:158]
INFO: [Synth 8-3295] tying undriven pin \g_two_col_comb.i_gen_upper_bits :\PIN[fab] [27] to constant 0 [c:/CHALMERS/DAT096/DAT096/ADCDAC/ADC3/ADC3.srcs/sources_1/ip/fir_compiler_0/fir_compiler_v7_1/hdl/ext_mult.vhd:158]
INFO: [Synth 8-3295] tying undriven pin \g_two_col_comb.i_gen_upper_bits :\PIN[fab] [26] to constant 0 [c:/CHALMERS/DAT096/DAT096/ADCDAC/ADC3/ADC3.srcs/sources_1/ip/fir_compiler_0/fir_compiler_v7_1/hdl/ext_mult.vhd:158]
INFO: [Synth 8-3295] tying undriven pin \g_two_col_comb.i_gen_upper_bits :\PIN[fab] [25] to constant 0 [c:/CHALMERS/DAT096/DAT096/ADCDAC/ADC3/ADC3.srcs/sources_1/ip/fir_compiler_0/fir_compiler_v7_1/hdl/ext_mult.vhd:158]
INFO: [Synth 8-3295] tying undriven pin \g_two_col_comb.i_gen_upper_bits :\PIN[fab] [24] to constant 0 [c:/CHALMERS/DAT096/DAT096/ADCDAC/ADC3/ADC3.srcs/sources_1/ip/fir_compiler_0/fir_compiler_v7_1/hdl/ext_mult.vhd:158]
INFO: [Synth 8-3295] tying undriven pin \g_two_col_comb.i_gen_upper_bits :\PIN[fab] [23] to constant 0 [c:/CHALMERS/DAT096/DAT096/ADCDAC/ADC3/ADC3.srcs/sources_1/ip/fir_compiler_0/fir_compiler_v7_1/hdl/ext_mult.vhd:158]
INFO: [Synth 8-3295] tying undriven pin \g_two_col_comb.i_gen_upper_bits :\PIN[fab] [22] to constant 0 [c:/CHALMERS/DAT096/DAT096/ADCDAC/ADC3/ADC3.srcs/sources_1/ip/fir_compiler_0/fir_compiler_v7_1/hdl/ext_mult.vhd:158]
INFO: [Synth 8-3295] tying undriven pin \g_two_col_comb.i_gen_upper_bits :\PIN[fab] [21] to constant 0 [c:/CHALMERS/DAT096/DAT096/ADCDAC/ADC3/ADC3.srcs/sources_1/ip/fir_compiler_0/fir_compiler_v7_1/hdl/ext_mult.vhd:158]
INFO: [Synth 8-3295] tying undriven pin \g_two_col_comb.i_gen_upper_bits :\PIN[fab] [20] to constant 0 [c:/CHALMERS/DAT096/DAT096/ADCDAC/ADC3/ADC3.srcs/sources_1/ip/fir_compiler_0/fir_compiler_v7_1/hdl/ext_mult.vhd:158]
INFO: [Synth 8-3295] tying undriven pin \g_two_col_comb.i_gen_upper_bits :\PIN[fab] [19] to constant 0 [c:/CHALMERS/DAT096/DAT096/ADCDAC/ADC3/ADC3.srcs/sources_1/ip/fir_compiler_0/fir_compiler_v7_1/hdl/ext_mult.vhd:158]
INFO: [Synth 8-3295] tying undriven pin \g_two_col_comb.i_gen_upper_bits :\PIN[fab] [18] to constant 0 [c:/CHALMERS/DAT096/DAT096/ADCDAC/ADC3/ADC3.srcs/sources_1/ip/fir_compiler_0/fir_compiler_v7_1/hdl/ext_mult.vhd:158]
INFO: [Synth 8-3295] tying undriven pin \g_two_col_comb.i_gen_upper_bits :\PIN[fab] [17] to constant 0 [c:/CHALMERS/DAT096/DAT096/ADCDAC/ADC3/ADC3.srcs/sources_1/ip/fir_compiler_0/fir_compiler_v7_1/hdl/ext_mult.vhd:158]
INFO: [Synth 8-3295] tying undriven pin \g_two_col_comb.i_gen_upper_bits :\PIN[fab] [16] to constant 0 [c:/CHALMERS/DAT096/DAT096/ADCDAC/ADC3/ADC3.srcs/sources_1/ip/fir_compiler_0/fir_compiler_v7_1/hdl/ext_mult.vhd:158]
INFO: [Synth 8-3295] tying undriven pin \g_two_col_comb.i_gen_upper_bits :\PIN[fab] [15] to constant 0 [c:/CHALMERS/DAT096/DAT096/ADCDAC/ADC3/ADC3.srcs/sources_1/ip/fir_compiler_0/fir_compiler_v7_1/hdl/ext_mult.vhd:158]
INFO: [Synth 8-3295] tying undriven pin \g_two_col_comb.i_gen_upper_bits :\PIN[fab] [14] to constant 0 [c:/CHALMERS/DAT096/DAT096/ADCDAC/ADC3/ADC3.srcs/sources_1/ip/fir_compiler_0/fir_compiler_v7_1/hdl/ext_mult.vhd:158]
INFO: [Synth 8-3295] tying undriven pin \g_two_col_comb.i_gen_upper_bits :\PIN[fab] [13] to constant 0 [c:/CHALMERS/DAT096/DAT096/ADCDAC/ADC3/ADC3.srcs/sources_1/ip/fir_compiler_0/fir_compiler_v7_1/hdl/ext_mult.vhd:158]
INFO: [Synth 8-3295] tying undriven pin \g_two_col_comb.i_gen_upper_bits :\PIN[fab] [12] to constant 0 [c:/CHALMERS/DAT096/DAT096/ADCDAC/ADC3/ADC3.srcs/sources_1/ip/fir_compiler_0/fir_compiler_v7_1/hdl/ext_mult.vhd:158]
INFO: [Synth 8-3295] tying undriven pin \g_two_col_comb.i_gen_upper_bits :\PIN[fab] [11] to constant 0 [c:/CHALMERS/DAT096/DAT096/ADCDAC/ADC3/ADC3.srcs/sources_1/ip/fir_compiler_0/fir_compiler_v7_1/hdl/ext_mult.vhd:158]
INFO: [Synth 8-3295] tying undriven pin \g_two_col_comb.i_gen_upper_bits :\PIN[fab] [10] to constant 0 [c:/CHALMERS/DAT096/DAT096/ADCDAC/ADC3/ADC3.srcs/sources_1/ip/fir_compiler_0/fir_compiler_v7_1/hdl/ext_mult.vhd:158]
INFO: [Synth 8-3295] tying undriven pin \g_two_col_comb.i_gen_upper_bits :\PIN[fab] [9] to constant 0 [c:/CHALMERS/DAT096/DAT096/ADCDAC/ADC3/ADC3.srcs/sources_1/ip/fir_compiler_0/fir_compiler_v7_1/hdl/ext_mult.vhd:158]
INFO: [Synth 8-3295] tying undriven pin \g_two_col_comb.i_gen_upper_bits :\PIN[fab] [8] to constant 0 [c:/CHALMERS/DAT096/DAT096/ADCDAC/ADC3/ADC3.srcs/sources_1/ip/fir_compiler_0/fir_compiler_v7_1/hdl/ext_mult.vhd:158]
INFO: [Synth 8-3295] tying undriven pin \g_two_col_comb.i_gen_upper_bits :\PIN[fab] [7] to constant 0 [c:/CHALMERS/DAT096/DAT096/ADCDAC/ADC3/ADC3.srcs/sources_1/ip/fir_compiler_0/fir_compiler_v7_1/hdl/ext_mult.vhd:158]
INFO: [Synth 8-3295] tying undriven pin \g_two_col_comb.i_gen_upper_bits :\PIN[fab] [6] to constant 0 [c:/CHALMERS/DAT096/DAT096/ADCDAC/ADC3/ADC3.srcs/sources_1/ip/fir_compiler_0/fir_compiler_v7_1/hdl/ext_mult.vhd:158]
INFO: [Synth 8-3295] tying undriven pin \g_two_col_comb.i_gen_upper_bits :\PIN[fab] [5] to constant 0 [c:/CHALMERS/DAT096/DAT096/ADCDAC/ADC3/ADC3.srcs/sources_1/ip/fir_compiler_0/fir_compiler_v7_1/hdl/ext_mult.vhd:158]
INFO: [Synth 8-3295] tying undriven pin \g_two_col_comb.i_gen_upper_bits :\PIN[fab] [4] to constant 0 [c:/CHALMERS/DAT096/DAT096/ADCDAC/ADC3/ADC3.srcs/sources_1/ip/fir_compiler_0/fir_compiler_v7_1/hdl/ext_mult.vhd:158]
INFO: [Synth 8-3295] tying undriven pin \g_two_col_comb.i_gen_upper_bits :\PIN[fab] [3] to constant 0 [c:/CHALMERS/DAT096/DAT096/ADCDAC/ADC3/ADC3.srcs/sources_1/ip/fir_compiler_0/fir_compiler_v7_1/hdl/ext_mult.vhd:158]
INFO: [Synth 8-3295] tying undriven pin \g_two_col_comb.i_gen_upper_bits :\PIN[fab] [2] to constant 0 [c:/CHALMERS/DAT096/DAT096/ADCDAC/ADC3/ADC3.srcs/sources_1/ip/fir_compiler_0/fir_compiler_v7_1/hdl/ext_mult.vhd:158]
INFO: [Synth 8-3295] tying undriven pin \g_two_col_comb.i_gen_upper_bits :\PIN[fab] [1] to constant 0 [c:/CHALMERS/DAT096/DAT096/ADCDAC/ADC3/ADC3.srcs/sources_1/ip/fir_compiler_0/fir_compiler_v7_1/hdl/ext_mult.vhd:158]
INFO: [Synth 8-3295] tying undriven pin \g_two_col_comb.i_gen_upper_bits :\PIN[fab] [0] to constant 0 [c:/CHALMERS/DAT096/DAT096/ADCDAC/ADC3/ADC3.srcs/sources_1/ip/fir_compiler_0/fir_compiler_v7_1/hdl/ext_mult.vhd:158]
INFO: [Synth 8-3295] tying undriven pin \g_two_col_comb.i_gen_upper_bits :\PIN[casc] [52] to constant 0 [c:/CHALMERS/DAT096/DAT096/ADCDAC/ADC3/ADC3.srcs/sources_1/ip/fir_compiler_0/fir_compiler_v7_1/hdl/ext_mult.vhd:158]
INFO: [Synth 8-3295] tying undriven pin \g_two_col_comb.i_gen_upper_bits :\PIN[casc] [51] to constant 0 [c:/CHALMERS/DAT096/DAT096/ADCDAC/ADC3/ADC3.srcs/sources_1/ip/fir_compiler_0/fir_compiler_v7_1/hdl/ext_mult.vhd:158]
INFO: [Synth 8-3295] tying undriven pin \g_two_col_comb.i_gen_upper_bits :\PIN[casc] [50] to constant 0 [c:/CHALMERS/DAT096/DAT096/ADCDAC/ADC3/ADC3.srcs/sources_1/ip/fir_compiler_0/fir_compiler_v7_1/hdl/ext_mult.vhd:158]
INFO: [Synth 8-3295] tying undriven pin \g_two_col_comb.i_gen_upper_bits :\PIN[casc] [49] to constant 0 [c:/CHALMERS/DAT096/DAT096/ADCDAC/ADC3/ADC3.srcs/sources_1/ip/fir_compiler_0/fir_compiler_v7_1/hdl/ext_mult.vhd:158]
INFO: [Synth 8-3295] tying undriven pin \g_two_col_comb.i_gen_upper_bits :\PIN[casc] [48] to constant 0 [c:/CHALMERS/DAT096/DAT096/ADCDAC/ADC3/ADC3.srcs/sources_1/ip/fir_compiler_0/fir_compiler_v7_1/hdl/ext_mult.vhd:158]
INFO: [Synth 8-3295] tying undriven pin \g_two_col_comb.i_gen_upper_bits :\PIN[casc] [47] to constant 0 [c:/CHALMERS/DAT096/DAT096/ADCDAC/ADC3/ADC3.srcs/sources_1/ip/fir_compiler_0/fir_compiler_v7_1/hdl/ext_mult.vhd:158]
INFO: [Synth 8-3295] tying undriven pin \g_two_col_comb.i_gen_upper_bits :\PIN[casc] [46] to constant 0 [c:/CHALMERS/DAT096/DAT096/ADCDAC/ADC3/ADC3.srcs/sources_1/ip/fir_compiler_0/fir_compiler_v7_1/hdl/ext_mult.vhd:158]
INFO: [Synth 8-3295] tying undriven pin \g_two_col_comb.i_gen_upper_bits :\PIN[casc] [45] to constant 0 [c:/CHALMERS/DAT096/DAT096/ADCDAC/ADC3/ADC3.srcs/sources_1/ip/fir_compiler_0/fir_compiler_v7_1/hdl/ext_mult.vhd:158]
INFO: [Synth 8-3295] tying undriven pin \g_two_col_comb.i_gen_upper_bits :\PIN[casc] [44] to constant 0 [c:/CHALMERS/DAT096/DAT096/ADCDAC/ADC3/ADC3.srcs/sources_1/ip/fir_compiler_0/fir_compiler_v7_1/hdl/ext_mult.vhd:158]
INFO: [Synth 8-3295] tying undriven pin \g_two_col_comb.i_gen_upper_bits :\PIN[casc] [43] to constant 0 [c:/CHALMERS/DAT096/DAT096/ADCDAC/ADC3/ADC3.srcs/sources_1/ip/fir_compiler_0/fir_compiler_v7_1/hdl/ext_mult.vhd:158]
INFO: [Synth 8-3295] tying undriven pin \g_two_col_comb.i_gen_upper_bits :\PIN[casc] [42] to constant 0 [c:/CHALMERS/DAT096/DAT096/ADCDAC/ADC3/ADC3.srcs/sources_1/ip/fir_compiler_0/fir_compiler_v7_1/hdl/ext_mult.vhd:158]
INFO: [Synth 8-3295] tying undriven pin \g_two_col_comb.i_gen_upper_bits :\PIN[casc] [41] to constant 0 [c:/CHALMERS/DAT096/DAT096/ADCDAC/ADC3/ADC3.srcs/sources_1/ip/fir_compiler_0/fir_compiler_v7_1/hdl/ext_mult.vhd:158]
INFO: [Synth 8-3295] tying undriven pin \g_two_col_comb.i_gen_upper_bits :\PIN[casc] [40] to constant 0 [c:/CHALMERS/DAT096/DAT096/ADCDAC/ADC3/ADC3.srcs/sources_1/ip/fir_compiler_0/fir_compiler_v7_1/hdl/ext_mult.vhd:158]
INFO: [Synth 8-3295] tying undriven pin \g_two_col_comb.i_gen_upper_bits :\PIN[casc] [39] to constant 0 [c:/CHALMERS/DAT096/DAT096/ADCDAC/ADC3/ADC3.srcs/sources_1/ip/fir_compiler_0/fir_compiler_v7_1/hdl/ext_mult.vhd:158]
INFO: [Synth 8-3295] tying undriven pin \g_two_col_comb.i_gen_upper_bits :\PIN[casc] [38] to constant 0 [c:/CHALMERS/DAT096/DAT096/ADCDAC/ADC3/ADC3.srcs/sources_1/ip/fir_compiler_0/fir_compiler_v7_1/hdl/ext_mult.vhd:158]
INFO: [Synth 8-3295] tying undriven pin \g_two_col_comb.i_gen_upper_bits :\PIN[casc] [37] to constant 0 [c:/CHALMERS/DAT096/DAT096/ADCDAC/ADC3/ADC3.srcs/sources_1/ip/fir_compiler_0/fir_compiler_v7_1/hdl/ext_mult.vhd:158]
INFO: [Synth 8-3295] tying undriven pin \g_two_col_comb.i_gen_upper_bits :\PIN[casc] [36] to constant 0 [c:/CHALMERS/DAT096/DAT096/ADCDAC/ADC3/ADC3.srcs/sources_1/ip/fir_compiler_0/fir_compiler_v7_1/hdl/ext_mult.vhd:158]
INFO: [Synth 8-3295] tying undriven pin \g_two_col_comb.i_gen_upper_bits :\PIN[casc] [35] to constant 0 [c:/CHALMERS/DAT096/DAT096/ADCDAC/ADC3/ADC3.srcs/sources_1/ip/fir_compiler_0/fir_compiler_v7_1/hdl/ext_mult.vhd:158]
INFO: [Synth 8-3295] tying undriven pin \g_two_col_comb.i_gen_upper_bits :\PIN[casc] [34] to constant 0 [c:/CHALMERS/DAT096/DAT096/ADCDAC/ADC3/ADC3.srcs/sources_1/ip/fir_compiler_0/fir_compiler_v7_1/hdl/ext_mult.vhd:158]
INFO: [Synth 8-3295] tying undriven pin \g_two_col_comb.i_gen_upper_bits :\PIN[casc] [33] to constant 0 [c:/CHALMERS/DAT096/DAT096/ADCDAC/ADC3/ADC3.srcs/sources_1/ip/fir_compiler_0/fir_compiler_v7_1/hdl/ext_mult.vhd:158]
INFO: [Synth 8-3295] tying undriven pin \g_two_col_comb.i_gen_upper_bits :\PIN[casc] [32] to constant 0 [c:/CHALMERS/DAT096/DAT096/ADCDAC/ADC3/ADC3.srcs/sources_1/ip/fir_compiler_0/fir_compiler_v7_1/hdl/ext_mult.vhd:158]
INFO: [Synth 8-3295] tying undriven pin \g_two_col_comb.i_gen_upper_bits :\PIN[casc] [31] to constant 0 [c:/CHALMERS/DAT096/DAT096/ADCDAC/ADC3/ADC3.srcs/sources_1/ip/fir_compiler_0/fir_compiler_v7_1/hdl/ext_mult.vhd:158]
INFO: [Synth 8-3295] tying undriven pin \g_two_col_comb.i_gen_upper_bits :\PIN[casc] [30] to constant 0 [c:/CHALMERS/DAT096/DAT096/ADCDAC/ADC3/ADC3.srcs/sources_1/ip/fir_compiler_0/fir_compiler_v7_1/hdl/ext_mult.vhd:158]
INFO: [Synth 8-3295] tying undriven pin \g_two_col_comb.i_gen_upper_bits :\PIN[casc] [29] to constant 0 [c:/CHALMERS/DAT096/DAT096/ADCDAC/ADC3/ADC3.srcs/sources_1/ip/fir_compiler_0/fir_compiler_v7_1/hdl/ext_mult.vhd:158]
INFO: [Synth 8-3295] tying undriven pin \g_two_col_comb.i_gen_upper_bits :\PIN[casc] [28] to constant 0 [c:/CHALMERS/DAT096/DAT096/ADCDAC/ADC3/ADC3.srcs/sources_1/ip/fir_compiler_0/fir_compiler_v7_1/hdl/ext_mult.vhd:158]
INFO: [Synth 8-3295] tying undriven pin \g_two_col_comb.i_gen_upper_bits :\PIN[casc] [27] to constant 0 [c:/CHALMERS/DAT096/DAT096/ADCDAC/ADC3/ADC3.srcs/sources_1/ip/fir_compiler_0/fir_compiler_v7_1/hdl/ext_mult.vhd:158]
INFO: [Synth 8-3295] tying undriven pin \g_two_col_comb.i_gen_upper_bits :\PIN[casc] [26] to constant 0 [c:/CHALMERS/DAT096/DAT096/ADCDAC/ADC3/ADC3.srcs/sources_1/ip/fir_compiler_0/fir_compiler_v7_1/hdl/ext_mult.vhd:158]
INFO: [Synth 8-3295] tying undriven pin \g_two_col_comb.i_gen_upper_bits :\PIN[casc] [25] to constant 0 [c:/CHALMERS/DAT096/DAT096/ADCDAC/ADC3/ADC3.srcs/sources_1/ip/fir_compiler_0/fir_compiler_v7_1/hdl/ext_mult.vhd:158]
INFO: [Synth 8-3295] tying undriven pin \g_two_col_comb.i_gen_upper_bits :\PIN[casc] [24] to constant 0 [c:/CHALMERS/DAT096/DAT096/ADCDAC/ADC3/ADC3.srcs/sources_1/ip/fir_compiler_0/fir_compiler_v7_1/hdl/ext_mult.vhd:158]
INFO: [Synth 8-3295] tying undriven pin \g_two_col_comb.i_gen_upper_bits :\PIN[casc] [23] to constant 0 [c:/CHALMERS/DAT096/DAT096/ADCDAC/ADC3/ADC3.srcs/sources_1/ip/fir_compiler_0/fir_compiler_v7_1/hdl/ext_mult.vhd:158]
INFO: [Synth 8-3295] tying undriven pin \g_two_col_comb.i_gen_upper_bits :\PIN[casc] [22] to constant 0 [c:/CHALMERS/DAT096/DAT096/ADCDAC/ADC3/ADC3.srcs/sources_1/ip/fir_compiler_0/fir_compiler_v7_1/hdl/ext_mult.vhd:158]
INFO: [Synth 8-3295] tying undriven pin \g_two_col_comb.i_gen_upper_bits :\PIN[casc] [21] to constant 0 [c:/CHALMERS/DAT096/DAT096/ADCDAC/ADC3/ADC3.srcs/sources_1/ip/fir_compiler_0/fir_compiler_v7_1/hdl/ext_mult.vhd:158]
INFO: [Synth 8-3295] tying undriven pin \g_two_col_comb.i_gen_upper_bits :\PIN[casc] [20] to constant 0 [c:/CHALMERS/DAT096/DAT096/ADCDAC/ADC3/ADC3.srcs/sources_1/ip/fir_compiler_0/fir_compiler_v7_1/hdl/ext_mult.vhd:158]
INFO: [Synth 8-3295] tying undriven pin \g_two_col_comb.i_gen_upper_bits :\PIN[casc] [19] to constant 0 [c:/CHALMERS/DAT096/DAT096/ADCDAC/ADC3/ADC3.srcs/sources_1/ip/fir_compiler_0/fir_compiler_v7_1/hdl/ext_mult.vhd:158]
INFO: [Synth 8-3295] tying undriven pin \g_two_col_comb.i_gen_upper_bits :\PIN[casc] [18] to constant 0 [c:/CHALMERS/DAT096/DAT096/ADCDAC/ADC3/ADC3.srcs/sources_1/ip/fir_compiler_0/fir_compiler_v7_1/hdl/ext_mult.vhd:158]
INFO: [Synth 8-3295] tying undriven pin \g_two_col_comb.i_gen_upper_bits :\PIN[casc] [17] to constant 0 [c:/CHALMERS/DAT096/DAT096/ADCDAC/ADC3/ADC3.srcs/sources_1/ip/fir_compiler_0/fir_compiler_v7_1/hdl/ext_mult.vhd:158]
INFO: [Synth 8-3295] tying undriven pin \g_two_col_comb.i_gen_upper_bits :\PIN[casc] [16] to constant 0 [c:/CHALMERS/DAT096/DAT096/ADCDAC/ADC3/ADC3.srcs/sources_1/ip/fir_compiler_0/fir_compiler_v7_1/hdl/ext_mult.vhd:158]
INFO: [Synth 8-3295] tying undriven pin \g_two_col_comb.i_gen_upper_bits :\PIN[casc] [15] to constant 0 [c:/CHALMERS/DAT096/DAT096/ADCDAC/ADC3/ADC3.srcs/sources_1/ip/fir_compiler_0/fir_compiler_v7_1/hdl/ext_mult.vhd:158]
INFO: [Synth 8-3295] tying undriven pin \g_two_col_comb.i_gen_upper_bits :\PIN[casc] [14] to constant 0 [c:/CHALMERS/DAT096/DAT096/ADCDAC/ADC3/ADC3.srcs/sources_1/ip/fir_compiler_0/fir_compiler_v7_1/hdl/ext_mult.vhd:158]
INFO: [Synth 8-3295] tying undriven pin \g_two_col_comb.i_gen_upper_bits :\PIN[casc] [13] to constant 0 [c:/CHALMERS/DAT096/DAT096/ADCDAC/ADC3/ADC3.srcs/sources_1/ip/fir_compiler_0/fir_compiler_v7_1/hdl/ext_mult.vhd:158]
INFO: [Synth 8-3295] tying undriven pin \g_two_col_comb.i_gen_upper_bits :\PIN[casc] [12] to constant 0 [c:/CHALMERS/DAT096/DAT096/ADCDAC/ADC3/ADC3.srcs/sources_1/ip/fir_compiler_0/fir_compiler_v7_1/hdl/ext_mult.vhd:158]
INFO: [Synth 8-3295] tying undriven pin \g_two_col_comb.i_gen_upper_bits :\PIN[casc] [11] to constant 0 [c:/CHALMERS/DAT096/DAT096/ADCDAC/ADC3/ADC3.srcs/sources_1/ip/fir_compiler_0/fir_compiler_v7_1/hdl/ext_mult.vhd:158]
INFO: [Synth 8-3295] tying undriven pin \g_two_col_comb.i_gen_upper_bits :\PIN[casc] [10] to constant 0 [c:/CHALMERS/DAT096/DAT096/ADCDAC/ADC3/ADC3.srcs/sources_1/ip/fir_compiler_0/fir_compiler_v7_1/hdl/ext_mult.vhd:158]
INFO: [Synth 8-3295] tying undriven pin \g_two_col_comb.i_gen_upper_bits :\PIN[casc] [9] to constant 0 [c:/CHALMERS/DAT096/DAT096/ADCDAC/ADC3/ADC3.srcs/sources_1/ip/fir_compiler_0/fir_compiler_v7_1/hdl/ext_mult.vhd:158]
INFO: [Synth 8-3295] tying undriven pin \g_two_col_comb.i_gen_upper_bits :\PIN[casc] [8] to constant 0 [c:/CHALMERS/DAT096/DAT096/ADCDAC/ADC3/ADC3.srcs/sources_1/ip/fir_compiler_0/fir_compiler_v7_1/hdl/ext_mult.vhd:158]
INFO: [Synth 8-3295] tying undriven pin \g_two_col_comb.i_gen_upper_bits :\PIN[casc] [7] to constant 0 [c:/CHALMERS/DAT096/DAT096/ADCDAC/ADC3/ADC3.srcs/sources_1/ip/fir_compiler_0/fir_compiler_v7_1/hdl/ext_mult.vhd:158]
INFO: [Synth 8-3295] tying undriven pin \g_two_col_comb.i_gen_upper_bits :\PIN[casc] [6] to constant 0 [c:/CHALMERS/DAT096/DAT096/ADCDAC/ADC3/ADC3.srcs/sources_1/ip/fir_compiler_0/fir_compiler_v7_1/hdl/ext_mult.vhd:158]
INFO: [Synth 8-3295] tying undriven pin \g_two_col_comb.i_gen_upper_bits :\PIN[casc] [5] to constant 0 [c:/CHALMERS/DAT096/DAT096/ADCDAC/ADC3/ADC3.srcs/sources_1/ip/fir_compiler_0/fir_compiler_v7_1/hdl/ext_mult.vhd:158]
INFO: [Synth 8-3295] tying undriven pin \g_two_col_comb.i_gen_upper_bits :\PIN[casc] [4] to constant 0 [c:/CHALMERS/DAT096/DAT096/ADCDAC/ADC3/ADC3.srcs/sources_1/ip/fir_compiler_0/fir_compiler_v7_1/hdl/ext_mult.vhd:158]
INFO: [Synth 8-3295] tying undriven pin \g_two_col_comb.i_gen_upper_bits :\PIN[casc] [3] to constant 0 [c:/CHALMERS/DAT096/DAT096/ADCDAC/ADC3/ADC3.srcs/sources_1/ip/fir_compiler_0/fir_compiler_v7_1/hdl/ext_mult.vhd:158]
INFO: [Synth 8-3295] tying undriven pin \g_two_col_comb.i_gen_upper_bits :\PIN[casc] [2] to constant 0 [c:/CHALMERS/DAT096/DAT096/ADCDAC/ADC3/ADC3.srcs/sources_1/ip/fir_compiler_0/fir_compiler_v7_1/hdl/ext_mult.vhd:158]
INFO: [Synth 8-3295] tying undriven pin \g_two_col_comb.i_gen_upper_bits :\PIN[casc] [1] to constant 0 [c:/CHALMERS/DAT096/DAT096/ADCDAC/ADC3/ADC3.srcs/sources_1/ip/fir_compiler_0/fir_compiler_v7_1/hdl/ext_mult.vhd:158]
INFO: [Common 17-14] Message 'Synth 8-3295' appears 100 times and further instances of the messages will be disabled. Use the Tcl command set_msg_config to change the current settings.
INFO: [Netlist 29-17] Analyzing 3 Unisim elements for replacement
INFO: [Netlist 29-28] Unisim Transformation completed in 0 CPU seconds
Loading clock regions from C:/Xilinx/Vivado/2013.4/data\parts/xilinx/artix7/artix7/xc7a100t/ClockRegion.xml
Loading clock buffers from C:/Xilinx/Vivado/2013.4/data\parts/xilinx/artix7/artix7/xc7a100t/ClockBuffers.xml
Loading clock placement rules from C:/Xilinx/Vivado/2013.4/data/parts/xilinx/artix7/ClockPlacerRules.xml
Loading package pin functions from C:/Xilinx/Vivado/2013.4/data\parts/xilinx/artix7/PinFunctions.xml...
Loading package from C:/Xilinx/Vivado/2013.4/data\parts/xilinx/artix7/artix7/xc7a100t/csg324/Package.xml
Loading io standards from C:/Xilinx/Vivado/2013.4/data\./parts/xilinx/artix7/IOStandards.xml
Loading device configuration modes from C:/Xilinx/Vivado/2013.4/data\parts/xilinx/artix7/ConfigModes.xml

Processing XDC Constraints
Parsing XDC File [c:/CHALMERS/DAT096/DAT096/ADCDAC/ADC3/ADC3.srcs/sources_1/ip/fir_compiler_0/fir_compiler_0_ooc.xdc] for cell 'U0'
Finished Parsing XDC File [c:/CHALMERS/DAT096/DAT096/ADCDAC/ADC3/ADC3.srcs/sources_1/ip/fir_compiler_0/fir_compiler_0_ooc.xdc] for cell 'U0'
Parsing XDC File [C:/CHALMERS/DAT096/DAT096/ADCDAC/ADC3/ADC3.runs/fir_compiler_0_synth_1/dont_touch.xdc]
Finished Parsing XDC File [C:/CHALMERS/DAT096/DAT096/ADCDAC/ADC3/ADC3.runs/fir_compiler_0_synth_1/dont_touch.xdc]
Completed Processing XDC Constraints

INFO: [Project 1-111] Unisim Transformation Summary:
No Unisim elements were transformed.


---------------------------------------------------------------------------------
Start RTL Optimization
---------------------------------------------------------------------------------

---------------------------------------------------------------------------------
Start Applying 'set_property' XDC Constraints
---------------------------------------------------------------------------------
Applied set_property DONT_TOUCH = true. (constraint file  C:/CHALMERS/DAT096/DAT096/ADCDAC/ADC3/ADC3.runs/fir_compiler_0_synth_1/dont_touch.xdc, line 9).
---------------------------------------------------------------------------------
Finished applying 'set_property' XDC Constraints : Time (s): cpu = 00:00:35 ; elapsed = 00:00:38 . Memory (MB): peak = 490.629 ; gain = 233.230
---------------------------------------------------------------------------------

---------------------------------------------------------------------------------
Finished RTL Optimization : Time (s): cpu = 00:00:35 ; elapsed = 00:00:38 . Memory (MB): peak = 490.629 ; gain = 233.230
---------------------------------------------------------------------------------

Attribute ram_style/rom_style = distributed specified for ROM  "rom". This will be implemented in logic.
Attribute ram_style/rom_style = distributed specified for ROM  "rom". This will be implemented in logic.
INFO: [Synth 8-4471] merging register 'g_semi_parallel_and_smac.base_en_cntrl_reg' into 'g_semi_parallel_and_smac.base_en_reg' [c:/CHALMERS/DAT096/DAT096/ADCDAC/ADC3/ADC3.srcs/sources_1/ip/fir_compiler_0/fir_compiler_v7_1/hdl/polyphase_decimation.vhd:2856]
INFO: [Synth 8-4471] merging register 'g_events_if.event_s_data_tlast_unexpected_reg' into 'g_events_if.event_s_data_tlast_missing_reg' [c:/CHALMERS/DAT096/DAT096/ADCDAC/ADC3/ADC3.srcs/sources_1/ip/fir_compiler_0/fir_compiler_v7_1/hdl/polyphase_decimation.vhd:5008]
INFO: [Synth 8-4471] merging register 'g_events_if.event_s_data_chanid_incorrect_reg' into 'g_events_if.event_s_data_tlast_missing_reg' [c:/CHALMERS/DAT096/DAT096/ADCDAC/ADC3/ADC3.srcs/sources_1/ip/fir_compiler_0/fir_compiler_v7_1/hdl/polyphase_decimation.vhd:5009]
INFO: [Synth 8-3936] Found unconnected internal register 'g_semi_parallel_and_smac.we_gen_algn_reg' and it is trimmed from '3' to '2' bits. [c:/CHALMERS/DAT096/DAT096/ADCDAC/ADC3/ADC3.srcs/sources_1/ip/fir_compiler_0/fir_compiler_v7_1/hdl/polyphase_decimation.vhd:3098]
INFO: [Synth 8-3936] Found unconnected internal register 'g_semi_parallel_and_smac.base_en_algn_reg' and it is trimmed from '3' to '2' bits. [c:/CHALMERS/DAT096/DAT096/ADCDAC/ADC3/ADC3.srcs/sources_1/ip/fir_compiler_0/fir_compiler_v7_1/hdl/polyphase_decimation.vhd:3103]
INFO: [Synth 8-3936] Found unconnected internal register 'g_semi_parallel_and_smac.base_max_algn_reg' and it is trimmed from '3' to '2' bits. [c:/CHALMERS/DAT096/DAT096/ADCDAC/ADC3/ADC3.srcs/sources_1/ip/fir_compiler_0/fir_compiler_v7_1/hdl/polyphase_decimation.vhd:3108]
INFO: [Synth 8-3936] Found unconnected internal register 'g_semi_parallel_and_smac.phase_max_algn_reg' and it is trimmed from '3' to '2' bits. [c:/CHALMERS/DAT096/DAT096/ADCDAC/ADC3/ADC3.srcs/sources_1/ip/fir_compiler_0/fir_compiler_v7_1/hdl/polyphase_decimation.vhd:3118]
INFO: [Synth 8-3936] Found unconnected internal register 'g_semi_parallel_and_smac.phase_2lst_algn_reg' and it is trimmed from '3' to '2' bits. [c:/CHALMERS/DAT096/DAT096/ADCDAC/ADC3/ADC3.srcs/sources_1/ip/fir_compiler_0/fir_compiler_v7_1/hdl/polyphase_decimation.vhd:3123]
WARNING: [Synth 8-3848] Net pin_open[fab] in module/entity ext_mult does not have driver. [c:/CHALMERS/DAT096/DAT096/ADCDAC/ADC3/ADC3.srcs/sources_1/ip/fir_compiler_0/fir_compiler_v7_1/hdl/ext_mult.vhd:153]
WARNING: [Synth 8-3848] Net pin_open[casc] in module/entity ext_mult does not have driver. [c:/CHALMERS/DAT096/DAT096/ADCDAC/ADC3/ADC3.srcs/sources_1/ip/fir_compiler_0/fir_compiler_v7_1/hdl/ext_mult.vhd:153]
INFO: [Synth 8-3971] The signal gen_bram.gen_write_first.gen_double_reg.ram_reg was recognized as a true dual port RAM template.

Report RTL Partitions: 
+-+--------------+------------+----------+
| |RTL Partition |Replication |Instances |
+-+--------------+------------+----------+
+-+--------------+------------+----------+

---------------------------------------------------------------------------------
Start Loading Part and Timing Information
---------------------------------------------------------------------------------
Loading part: xc7a100tcsg324-1
Part Resources:
DSPs: 240 (col length:80)
BRAMs: 270 (col length: RAMB18 80 RAMB36 40)
---------------------------------------------------------------------------------
Finished Loading Part and Timing Information : Time (s): cpu = 00:00:51 ; elapsed = 00:00:54 . Memory (MB): peak = 529.574 ; gain = 272.176
---------------------------------------------------------------------------------


---------------------------------------------------------------------------------
Start RTL Component Statistics 
---------------------------------------------------------------------------------

---------------------------------------------------------------------------------
Finished RTL Component Statistics 
---------------------------------------------------------------------------------

---------------------------------------------------------------------------------
Start RTL Hierarchical Component Statistics 
---------------------------------------------------------------------------------

---------------------------------------------------------------------------------
Finished RTL Hierarchical Component Statistics
---------------------------------------------------------------------------------

---------------------------------------------------------------------------------
Start Cross Boundary Optimization
---------------------------------------------------------------------------------
INFO: [Synth 8-3332] Sequential element (\gen_dly.gen_shiftreg.gen_rtl_delay.delay_bus_reg[0][0] ) is unused and will be removed from module delay__parameterized6.
INFO: [Synth 8-3332] Sequential element (\gen_dly.gen_shiftreg.gen_rtl_delay.delay_bus_reg[1][0] ) is unused and will be removed from module delay__parameterized6.
INFO: [Synth 8-3332] Sequential element (\gen_dly.gen_shiftreg.gen_rtl_delay.delay_bus_reg[0][0] ) is unused and will be removed from module delay__parameterized23.
INFO: [Synth 8-3332] Sequential element (\gen_dly.gen_shiftreg.gen_rtl_delay.delay_bus_reg[1][0] ) is unused and will be removed from module delay__parameterized23.
INFO: [Synth 8-3332] Sequential element (\gen_dly.gen_shiftreg.gen_rtl_delay.delay_bus_reg[2][0] ) is unused and will be removed from module delay__parameterized23.
INFO: [Synth 8-3332] Sequential element (\gen_dly.gen_shiftreg.gen_rtl_delay.delay_bus_reg[3][0] ) is unused and will be removed from module delay__parameterized23.
INFO: [Synth 8-3332] Sequential element (\gen_dly.gen_shiftreg.gen_rtl_delay.delay_bus_reg[4][0] ) is unused and will be removed from module delay__parameterized23.
INFO: [Synth 8-3332] Sequential element (\gen_dly.gen_shiftreg.gen_rtl_delay.delay_bus_reg[5][0] ) is unused and will be removed from module delay__parameterized23.
INFO: [Synth 8-3332] Sequential element (\gen_dly.gen_shiftreg.gen_rtl_delay.delay_bus_reg[6][0] ) is unused and will be removed from module delay__parameterized23.
INFO: [Synth 8-3332] Sequential element (\gen_dly.gen_shiftreg.gen_rtl_delay.delay_bus_reg[7][0] ) is unused and will be removed from module delay__parameterized23.
INFO: [Synth 8-3332] Sequential element (\g_semi_parallel_and_smac.g_cntrl_signals[4].g_others.i_delay/gen_dly.gen_regs.delay_bus_reg[0][0] ) is unused and will be removed from module polyphase_decimation__parameterized0.
INFO: [Synth 8-3332] Sequential element (\g_semi_parallel_and_smac.g_cntrl_signals[4].g_others.i_delay/gen_dly.gen_regs.delay_bus_reg[1][0] ) is unused and will be removed from module polyphase_decimation__parameterized0.
INFO: [Synth 8-3332] Sequential element (\g_semi_parallel_and_smac.g_cntrl_signals[4].g_others.i_delay/gen_dly.gen_regs.delay_bus_reg[2][0] ) is unused and will be removed from module polyphase_decimation__parameterized0.
INFO: [Synth 8-3332] Sequential element (\g_semi_parallel_and_smac.g_cntrl_signals[5].g_others.i_delay/gen_dly.gen_regs.delay_bus_reg[0][0] ) is unused and will be removed from module polyphase_decimation__parameterized0.
INFO: [Synth 8-3332] Sequential element (\g_semi_parallel_and_smac.g_cntrl_signals[5].g_others.i_delay/gen_dly.gen_regs.delay_bus_reg[1][0] ) is unused and will be removed from module polyphase_decimation__parameterized0.
INFO: [Synth 8-3332] Sequential element (\g_semi_parallel_and_smac.g_cntrl_signals[5].g_others.i_delay/gen_dly.gen_regs.delay_bus_reg[2][0] ) is unused and will be removed from module polyphase_decimation__parameterized0.
INFO: [Synth 8-3332] Sequential element (\gen_dly.gen_regs.delay_bus_reg[0][0] ) is unused and will be removed from module delay__parameterized9.
INFO: [Synth 8-3332] Sequential element (\gen_dly.gen_regs.delay_bus_reg[1][0] ) is unused and will be removed from module delay__parameterized9.
INFO: [Synth 8-3332] Sequential element (\gen_dly.gen_regs.delay_bus_reg[2][0] ) is unused and will be removed from module delay__parameterized9.
INFO: [Synth 8-3332] Sequential element (\gen_dly.gen_regs.delay_bus_reg[3][0] ) is unused and will be removed from module delay__parameterized9.
INFO: [Synth 8-3332] Sequential element (\gen_dly.gen_regs.delay_bus_reg[4][0] ) is unused and will be removed from module delay__parameterized9.
INFO: [Synth 8-3332] Sequential element (\g_semi_parallel_and_smac.we_gen_algn_reg[0] ) is unused and will be removed from module polyphase_decimation__parameterized0.
INFO: [Synth 8-3332] Sequential element (\g_semi_parallel_and_smac.we_gen_algn_reg[-1] ) is unused and will be removed from module polyphase_decimation__parameterized0.
INFO: [Synth 8-3332] Sequential element (\g_semi_parallel_and_smac.phase_max_algn_reg[0] ) is unused and will be removed from module polyphase_decimation__parameterized0.
INFO: [Synth 8-3332] Sequential element (\g_semi_parallel_and_smac.phase_max_algn_reg[-1] ) is unused and will be removed from module polyphase_decimation__parameterized0.
INFO: [Synth 8-3332] Sequential element (\g_semi_parallel_and_smac.base_max_algn_reg[0] ) is unused and will be removed from module polyphase_decimation__parameterized0.
INFO: [Synth 8-3332] Sequential element (\g_semi_parallel_and_smac.base_max_algn_reg[-1] ) is unused and will be removed from module polyphase_decimation__parameterized0.
INFO: [Synth 8-3332] Sequential element (\g_semi_parallel_and_smac.flush_datax2_reg ) is unused and will be removed from module polyphase_decimation__parameterized0.
INFO: [Synth 8-3332] Sequential element (\g_semi_parallel_and_smac.phase_2ndlast_reg ) is unused and will be removed from module polyphase_decimation__parameterized0.
INFO: [Synth 8-3332] Sequential element (\g_semi_parallel_and_smac.phase_2lst_algn_reg[0] ) is unused and will be removed from module polyphase_decimation__parameterized0.
INFO: [Synth 8-3332] Sequential element (\g_semi_parallel_and_smac.phase_2lst_algn_reg[-1] ) is unused and will be removed from module polyphase_decimation__parameterized0.
INFO: [Synth 8-3332] Sequential element (\g_semi_parallel_and_smac.flush_datax2_sub1_reg ) is unused and will be removed from module polyphase_decimation__parameterized0.
INFO: [Synth 8-3332] Sequential element (\g_semi_parallel_and_smac.base_en_algn_reg[0] ) is unused and will be removed from module polyphase_decimation__parameterized0.
INFO: [Synth 8-3332] Sequential element (\g_semi_parallel_and_smac.base_en_algn_reg[-1] ) is unused and will be removed from module polyphase_decimation__parameterized0.
INFO: [Synth 8-3332] Sequential element (rd_avail_2_reg) is unused and will be removed from module glb_srl_fifo__parameterized0.
INFO: [Synth 8-3332] Sequential element (rd_valid_2_reg) is unused and will be removed from module glb_srl_fifo__parameterized0.
INFO: [Synth 8-3332] Sequential element (full_1_reg) is unused and will be removed from module glb_srl_fifo__parameterized0.
INFO: [Synth 8-3332] Sequential element (not_full_1_reg) is unused and will be removed from module glb_srl_fifo__parameterized0.
INFO: [Synth 8-3332] Sequential element (afull_1_reg) is unused and will be removed from module glb_srl_fifo__parameterized0.
INFO: [Synth 8-3332] Sequential element (aempty_1_reg) is unused and will be removed from module glb_srl_fifo__parameterized0.
INFO: [Synth 8-3332] Sequential element (not_aempty_1_reg) is unused and will be removed from module glb_srl_fifo__parameterized0.
INFO: [Synth 8-3332] Sequential element (\gen_dram.d_out_a_reg[15] ) is unused and will be removed from module dpr_mem.
INFO: [Synth 8-3332] Sequential element (\gen_dram.d_out_a_reg[14] ) is unused and will be removed from module dpr_mem.
INFO: [Synth 8-3332] Sequential element (\gen_dram.d_out_a_reg[13] ) is unused and will be removed from module dpr_mem.
INFO: [Synth 8-3332] Sequential element (\gen_dram.d_out_a_reg[12] ) is unused and will be removed from module dpr_mem.
INFO: [Synth 8-3332] Sequential element (\gen_dram.d_out_a_reg[11] ) is unused and will be removed from module dpr_mem.
INFO: [Synth 8-3332] Sequential element (\gen_dram.d_out_a_reg[10] ) is unused and will be removed from module dpr_mem.
INFO: [Synth 8-3332] Sequential element (\gen_dram.d_out_a_reg[9] ) is unused and will be removed from module dpr_mem.
INFO: [Synth 8-3332] Sequential element (\gen_dram.d_out_a_reg[8] ) is unused and will be removed from module dpr_mem.
INFO: [Synth 8-3332] Sequential element (\gen_dram.d_out_a_reg[7] ) is unused and will be removed from module dpr_mem.
INFO: [Synth 8-3332] Sequential element (\gen_dram.d_out_a_reg[6] ) is unused and will be removed from module dpr_mem.
INFO: [Synth 8-3332] Sequential element (\gen_dram.d_out_a_reg[5] ) is unused and will be removed from module dpr_mem.
INFO: [Synth 8-3332] Sequential element (\gen_dram.d_out_a_reg[4] ) is unused and will be removed from module dpr_mem.
INFO: [Synth 8-3332] Sequential element (\gen_dram.d_out_a_reg[3] ) is unused and will be removed from module dpr_mem.
INFO: [Synth 8-3332] Sequential element (\gen_dram.d_out_a_reg[2] ) is unused and will be removed from module dpr_mem.
INFO: [Synth 8-3332] Sequential element (\gen_dram.d_out_a_reg[1] ) is unused and will be removed from module dpr_mem.
INFO: [Synth 8-3332] Sequential element (\gen_dram.d_out_a_reg[0] ) is unused and will be removed from module dpr_mem.
INFO: [Synth 8-3332] Sequential element (\i_bypass_2nd_phase/gen_reg.d_reg_reg[0] ) is unused and will be removed from module wrap_buff.
INFO: [Synth 8-3332] Sequential element (second_phase_reg) is unused and will be removed from module wrap_buff.
INFO: [Synth 8-3332] Sequential element (\g_polyphase_decimation.i_polyphase_decimation/g_semi_parallel_and_smac.i_cntrl_src/gen_reg.d_reg_reg[6] ) is unused and will be removed from module fir_compiler_v7_1_viv__parameterized0.
INFO: [Synth 8-3332] Sequential element (\g_polyphase_decimation.i_polyphase_decimation/g_semi_parallel_and_smac.i_cntrl_src/gen_reg.d_reg_reg[5] ) is unused and will be removed from module fir_compiler_v7_1_viv__parameterized0.
INFO: [Synth 8-3332] Sequential element (\g_polyphase_decimation.i_polyphase_decimation/g_semi_parallel_and_smac.i_cntrl_src/gen_reg.d_reg_reg[4] ) is unused and will be removed from module fir_compiler_v7_1_viv__parameterized0.
INFO: [Synth 8-3332] Sequential element (\g_polyphase_decimation.i_polyphase_decimation/g_semi_parallel_and_smac.i_cntrl_src/gen_reg.d_reg_reg[1] ) is unused and will be removed from module fir_compiler_v7_1_viv__parameterized0.
INFO: [Synth 8-3332] Sequential element (\g_polyphase_decimation.i_polyphase_decimation/g_semi_parallel_and_smac.i_cntrl_src/gen_reg.d_reg_reg[0] ) is unused and will be removed from module fir_compiler_v7_1_viv__parameterized0.
INFO: [Synth 8-3332] Sequential element (\g_polyphase_decimation.i_polyphase_decimation/g_semi_parallel_and_smac.i_spare_cycle_rnd/gen_dly.gen_shiftreg.gen_rtl_delay.delay_bus_reg[0][0] ) is unused and will be removed from module fir_compiler_v7_1_viv__parameterized0.
INFO: [Synth 8-3332] Sequential element (\g_polyphase_decimation.i_polyphase_decimation/g_semi_parallel_and_smac.i_spare_cycle_rnd/gen_dly.gen_shiftreg.gen_rtl_delay.delay_bus_reg[1][0] ) is unused and will be removed from module fir_compiler_v7_1_viv__parameterized0.
INFO: [Synth 8-3332] Sequential element (\g_polyphase_decimation.i_polyphase_decimation/g_semi_parallel_and_smac.i_spare_cycle_rnd/gen_dly.gen_shiftreg.gen_rtl_delay.delay_bus_reg[2][0] ) is unused and will be removed from module fir_compiler_v7_1_viv__parameterized0.
INFO: [Synth 8-3332] Sequential element (\g_polyphase_decimation.i_polyphase_decimation/g_semi_parallel_and_smac.i_spare_cycle_rnd/gen_dly.gen_shiftreg.gen_rtl_delay.delay_bus_reg[3][0] ) is unused and will be removed from module fir_compiler_v7_1_viv__parameterized0.
INFO: [Synth 8-3332] Sequential element (\g_polyphase_decimation.i_polyphase_decimation/g_semi_parallel_and_smac.i_spare_cycle_rnd/gen_dly.gen_shiftreg.gen_rtl_delay.delay_bus_reg[4][0] ) is unused and will be removed from module fir_compiler_v7_1_viv__parameterized0.
INFO: [Synth 8-3332] Sequential element (\g_polyphase_decimation.i_polyphase_decimation/g_semi_parallel_and_smac.i_spare_cycle_rnd/gen_dly.gen_shiftreg.gen_rtl_delay.delay_bus_reg[5][0] ) is unused and will be removed from module fir_compiler_v7_1_viv__parameterized0.
INFO: [Synth 8-3332] Sequential element (\g_polyphase_decimation.i_polyphase_decimation/g_op_paths[0].g_combine.i_ext_mult/g_two_col_comb.i_delay_lower_bits/gen_dly.gen_shiftreg.gen_rtl_delay.delay_bus_reg[0][14] ) is unused and will be removed from module fir_compiler_v7_1_viv__parameterized0.
INFO: [Synth 8-3332] Sequential element (\g_polyphase_decimation.i_polyphase_decimation/g_op_paths[0].g_combine.i_ext_mult/g_two_col_comb.i_delay_lower_bits/gen_dly.gen_shiftreg.gen_rtl_delay.delay_bus_reg[0][13] ) is unused and will be removed from module fir_compiler_v7_1_viv__parameterized0.
INFO: [Synth 8-3332] Sequential element (\g_polyphase_decimation.i_polyphase_decimation/g_op_paths[0].g_combine.i_ext_mult/g_two_col_comb.i_delay_lower_bits/gen_dly.gen_shiftreg.gen_rtl_delay.delay_bus_reg[0][12] ) is unused and will be removed from module fir_compiler_v7_1_viv__parameterized0.
INFO: [Synth 8-3332] Sequential element (\g_polyphase_decimation.i_polyphase_decimation/g_op_paths[0].g_combine.i_ext_mult/g_two_col_comb.i_delay_lower_bits/gen_dly.gen_shiftreg.gen_rtl_delay.delay_bus_reg[0][11] ) is unused and will be removed from module fir_compiler_v7_1_viv__parameterized0.
INFO: [Synth 8-3332] Sequential element (\g_polyphase_decimation.i_polyphase_decimation/g_op_paths[0].g_combine.i_ext_mult/g_two_col_comb.i_delay_lower_bits/gen_dly.gen_shiftreg.gen_rtl_delay.delay_bus_reg[0][10] ) is unused and will be removed from module fir_compiler_v7_1_viv__parameterized0.
INFO: [Synth 8-3332] Sequential element (\g_polyphase_decimation.i_polyphase_decimation/g_op_paths[0].g_combine.i_ext_mult/g_two_col_comb.i_delay_lower_bits/gen_dly.gen_shiftreg.gen_rtl_delay.delay_bus_reg[0][9] ) is unused and will be removed from module fir_compiler_v7_1_viv__parameterized0.
INFO: [Synth 8-3332] Sequential element (\g_polyphase_decimation.i_polyphase_decimation/g_op_paths[0].g_combine.i_ext_mult/g_two_col_comb.i_delay_lower_bits/gen_dly.gen_shiftreg.gen_rtl_delay.delay_bus_reg[0][8] ) is unused and will be removed from module fir_compiler_v7_1_viv__parameterized0.
INFO: [Synth 8-3332] Sequential element (\g_polyphase_decimation.i_polyphase_decimation/g_op_paths[0].g_combine.i_ext_mult/g_two_col_comb.i_delay_lower_bits/gen_dly.gen_shiftreg.gen_rtl_delay.delay_bus_reg[0][7] ) is unused and will be removed from module fir_compiler_v7_1_viv__parameterized0.
INFO: [Synth 8-3332] Sequential element (\g_polyphase_decimation.i_polyphase_decimation/g_op_paths[0].g_combine.i_ext_mult/g_two_col_comb.i_delay_lower_bits/gen_dly.gen_shiftreg.gen_rtl_delay.delay_bus_reg[0][6] ) is unused and will be removed from module fir_compiler_v7_1_viv__parameterized0.
INFO: [Synth 8-3332] Sequential element (\g_polyphase_decimation.i_polyphase_decimation/g_op_paths[0].g_combine.i_ext_mult/g_two_col_comb.i_delay_lower_bits/gen_dly.gen_shiftreg.gen_rtl_delay.delay_bus_reg[0][5] ) is unused and will be removed from module fir_compiler_v7_1_viv__parameterized0.
INFO: [Synth 8-3332] Sequential element (\g_polyphase_decimation.i_polyphase_decimation/g_op_paths[0].g_combine.i_ext_mult/g_two_col_comb.i_delay_lower_bits/gen_dly.gen_shiftreg.gen_rtl_delay.delay_bus_reg[0][4] ) is unused and will be removed from module fir_compiler_v7_1_viv__parameterized0.
INFO: [Synth 8-3332] Sequential element (\g_polyphase_decimation.i_polyphase_decimation/g_op_paths[0].g_combine.i_ext_mult/g_two_col_comb.i_delay_lower_bits/gen_dly.gen_shiftreg.gen_rtl_delay.delay_bus_reg[0][3] ) is unused and will be removed from module fir_compiler_v7_1_viv__parameterized0.
INFO: [Synth 8-3332] Sequential element (\g_polyphase_decimation.i_polyphase_decimation/g_op_paths[0].g_combine.i_ext_mult/g_two_col_comb.i_delay_lower_bits/gen_dly.gen_shiftreg.gen_rtl_delay.delay_bus_reg[0][2] ) is unused and will be removed from module fir_compiler_v7_1_viv__parameterized0.
INFO: [Synth 8-3332] Sequential element (\g_polyphase_decimation.i_polyphase_decimation/g_op_paths[0].g_combine.i_ext_mult/g_two_col_comb.i_delay_lower_bits/gen_dly.gen_shiftreg.gen_rtl_delay.delay_bus_reg[0][1] ) is unused and will be removed from module fir_compiler_v7_1_viv__parameterized0.
INFO: [Synth 8-3332] Sequential element (\g_polyphase_decimation.i_polyphase_decimation/g_op_paths[0].g_combine.i_ext_mult/g_two_col_comb.i_delay_lower_bits/gen_dly.gen_shiftreg.gen_rtl_delay.delay_bus_reg[0][0] ) is unused and will be removed from module fir_compiler_v7_1_viv__parameterized0.
INFO: [Synth 8-3332] Sequential element (\g_polyphase_decimation.i_polyphase_decimation/g_op_paths[0].g_combine.i_ext_mult/g_two_col_comb.i_delay_lower_bits/gen_dly.gen_shiftreg.gen_rtl_delay.delay_bus_reg[1][14] ) is unused and will be removed from module fir_compiler_v7_1_viv__parameterized0.
INFO: [Synth 8-3332] Sequential element (\g_polyphase_decimation.i_polyphase_decimation/g_op_paths[0].g_combine.i_ext_mult/g_two_col_comb.i_delay_lower_bits/gen_dly.gen_shiftreg.gen_rtl_delay.delay_bus_reg[1][13] ) is unused and will be removed from module fir_compiler_v7_1_viv__parameterized0.
INFO: [Synth 8-3332] Sequential element (\g_polyphase_decimation.i_polyphase_decimation/g_op_paths[0].g_combine.i_ext_mult/g_two_col_comb.i_delay_lower_bits/gen_dly.gen_shiftreg.gen_rtl_delay.delay_bus_reg[1][12] ) is unused and will be removed from module fir_compiler_v7_1_viv__parameterized0.
INFO: [Synth 8-3332] Sequential element (\g_polyphase_decimation.i_polyphase_decimation/g_op_paths[0].g_combine.i_ext_mult/g_two_col_comb.i_delay_lower_bits/gen_dly.gen_shiftreg.gen_rtl_delay.delay_bus_reg[1][11] ) is unused and will be removed from module fir_compiler_v7_1_viv__parameterized0.
INFO: [Synth 8-3332] Sequential element (\g_polyphase_decimation.i_polyphase_decimation/g_op_paths[0].g_combine.i_ext_mult/g_two_col_comb.i_delay_lower_bits/gen_dly.gen_shiftreg.gen_rtl_delay.delay_bus_reg[1][10] ) is unused and will be removed from module fir_compiler_v7_1_viv__parameterized0.
INFO: [Synth 8-3332] Sequential element (\g_polyphase_decimation.i_polyphase_decimation/g_op_paths[0].g_combine.i_ext_mult/g_two_col_comb.i_delay_lower_bits/gen_dly.gen_shiftreg.gen_rtl_delay.delay_bus_reg[1][9] ) is unused and will be removed from module fir_compiler_v7_1_viv__parameterized0.
INFO: [Synth 8-3332] Sequential element (\g_polyphase_decimation.i_polyphase_decimation/g_op_paths[0].g_combine.i_ext_mult/g_two_col_comb.i_delay_lower_bits/gen_dly.gen_shiftreg.gen_rtl_delay.delay_bus_reg[1][8] ) is unused and will be removed from module fir_compiler_v7_1_viv__parameterized0.
INFO: [Synth 8-3332] Sequential element (\g_polyphase_decimation.i_polyphase_decimation/g_op_paths[0].g_combine.i_ext_mult/g_two_col_comb.i_delay_lower_bits/gen_dly.gen_shiftreg.gen_rtl_delay.delay_bus_reg[1][7] ) is unused and will be removed from module fir_compiler_v7_1_viv__parameterized0.
INFO: [Synth 8-3332] Sequential element (\g_polyphase_decimation.i_polyphase_decimation/g_op_paths[0].g_combine.i_ext_mult/g_two_col_comb.i_delay_lower_bits/gen_dly.gen_shiftreg.gen_rtl_delay.delay_bus_reg[1][6] ) is unused and will be removed from module fir_compiler_v7_1_viv__parameterized0.
INFO: [Synth 8-3332] Sequential element (\g_polyphase_decimation.i_polyphase_decimation/g_op_paths[0].g_combine.i_ext_mult/g_two_col_comb.i_delay_lower_bits/gen_dly.gen_shiftreg.gen_rtl_delay.delay_bus_reg[1][5] ) is unused and will be removed from module fir_compiler_v7_1_viv__parameterized0.
INFO: [Synth 8-3332] Sequential element (\g_polyphase_decimation.i_polyphase_decimation/g_op_paths[0].g_combine.i_ext_mult/g_two_col_comb.i_delay_lower_bits/gen_dly.gen_shiftreg.gen_rtl_delay.delay_bus_reg[1][4] ) is unused and will be removed from module fir_compiler_v7_1_viv__parameterized0.
INFO: [Synth 8-3332] Sequential element (\g_polyphase_decimation.i_polyphase_decimation/g_op_paths[0].g_combine.i_ext_mult/g_two_col_comb.i_delay_lower_bits/gen_dly.gen_shiftreg.gen_rtl_delay.delay_bus_reg[1][3] ) is unused and will be removed from module fir_compiler_v7_1_viv__parameterized0.
INFO: [Synth 8-3332] Sequential element (\g_polyphase_decimation.i_polyphase_decimation/g_op_paths[0].g_combine.i_ext_mult/g_two_col_comb.i_delay_lower_bits/gen_dly.gen_shiftreg.gen_rtl_delay.delay_bus_reg[1][2] ) is unused and will be removed from module fir_compiler_v7_1_viv__parameterized0.
INFO: [Synth 8-3332] Sequential element (\g_polyphase_decimation.i_polyphase_decimation/g_op_paths[0].g_combine.i_ext_mult/g_two_col_comb.i_delay_lower_bits/gen_dly.gen_shiftreg.gen_rtl_delay.delay_bus_reg[1][1] ) is unused and will be removed from module fir_compiler_v7_1_viv__parameterized0.
INFO: [Synth 8-3332] Sequential element (\g_polyphase_decimation.i_polyphase_decimation/g_op_paths[0].g_combine.i_ext_mult/g_two_col_comb.i_delay_lower_bits/gen_dly.gen_shiftreg.gen_rtl_delay.delay_bus_reg[1][0] ) is unused and will be removed from module fir_compiler_v7_1_viv__parameterized0.
INFO: [Common 17-14] Message 'Synth 8-3332' appears 100 times and further instances of the messages will be disabled. Use the Tcl command set_msg_config to change the current settings.
---------------------------------------------------------------------------------
Finished Cross Boundary Optimization : Time (s): cpu = 00:00:51 ; elapsed = 00:00:55 . Memory (MB): peak = 541.758 ; gain = 284.359
---------------------------------------------------------------------------------


---------------------------------------------------------------------------------
Start Area Optimization
---------------------------------------------------------------------------------
---------------------------------------------------------------------------------
Finished Area Optimization : Time (s): cpu = 00:00:52 ; elapsed = 00:00:55 . Memory (MB): peak = 549.285 ; gain = 291.887
---------------------------------------------------------------------------------


---------------------------------------------------------------------------------
Start Timing Optimization
---------------------------------------------------------------------------------

---------------------------------------------------------------------------------
Start Applying XDC Timing Constraints
---------------------------------------------------------------------------------
---------------------------------------------------------------------------------
Finished Applying XDC Timing Constraints : Time (s): cpu = 00:00:57 ; elapsed = 00:01:00 . Memory (MB): peak = 559.109 ; gain = 301.711
---------------------------------------------------------------------------------

INFO: [Synth 8-3971] The signal gen_bram.gen_write_first.gen_double_reg.ram_reg was recognized as a true dual port RAM template.
---------------------------------------------------------------------------------
Finished Timing Optimization : Time (s): cpu = 00:00:57 ; elapsed = 00:01:01 . Memory (MB): peak = 559.109 ; gain = 301.711
---------------------------------------------------------------------------------


---------------------------------------------------------------------------------
Start Technology Mapping
---------------------------------------------------------------------------------
---------------------------------------------------------------------------------
Finished Technology Mapping : Time (s): cpu = 00:00:58 ; elapsed = 00:01:01 . Memory (MB): peak = 566.703 ; gain = 309.305
---------------------------------------------------------------------------------


---------------------------------------------------------------------------------
Start IO Insertion
---------------------------------------------------------------------------------

---------------------------------------------------------------------------------
Start Flattening Before IO Insertion
---------------------------------------------------------------------------------

---------------------------------------------------------------------------------
Finished Flattening Before IO Insertion
---------------------------------------------------------------------------------

---------------------------------------------------------------------------------
Start Final Netlist Cleanup
---------------------------------------------------------------------------------

---------------------------------------------------------------------------------
Finished Final Netlist Cleanup
---------------------------------------------------------------------------------
Gated Clock Conversion mode: off
---------------------------------------------------------------------------------
Finished IO Insertion : Time (s): cpu = 00:00:58 ; elapsed = 00:01:02 . Memory (MB): peak = 566.703 ; gain = 309.305
---------------------------------------------------------------------------------


Report Check Netlist: 
+------+------------------+-------+---------+-------+------------------+
|      |Item              |Errors |Warnings |Status |Description       |
+------+------------------+-------+---------+-------+------------------+
|1     |multi_driven_nets |      0|        0|Passed |Multi driven nets |
+------+------------------+-------+---------+-------+------------------+

---------------------------------------------------------------------------------
Start Renaming Generated Instances
---------------------------------------------------------------------------------
---------------------------------------------------------------------------------
Finished Renaming Generated Instances : Time (s): cpu = 00:00:58 ; elapsed = 00:01:02 . Memory (MB): peak = 566.703 ; gain = 309.305
---------------------------------------------------------------------------------


---------------------------------------------------------------------------------
Start Rebuilding User Hierarchy
---------------------------------------------------------------------------------
---------------------------------------------------------------------------------
Finished Rebuilding User Hierarchy : Time (s): cpu = 00:00:58 ; elapsed = 00:01:02 . Memory (MB): peak = 566.703 ; gain = 309.305
---------------------------------------------------------------------------------


---------------------------------------------------------------------------------
Start Writing Synthesis Report
---------------------------------------------------------------------------------

Report BlackBoxes: 
+-+--------------+----------+
| |BlackBox name |Instances |
+-+--------------+----------+
+-+--------------+----------+

Report Cell Usage: 
+------+-----------+------+
|      |Cell       |Count |
+------+-----------+------+
|1     |CARRY4     |     6|
|2     |DSP48E1_1  |     1|
|3     |DSP48E1_2  |     2|
|4     |LUT1       |    12|
|5     |LUT2       |    40|
|6     |LUT3       |    29|
|7     |LUT4       |    15|
|8     |LUT5       |    14|
|9     |LUT6       |    85|
|10    |MUXF7      |    31|
|11    |RAM64M     |     6|
|12    |RAMB18E1_3 |     1|
|13    |SRL16E     |    27|
|14    |FDRE       |   304|
|15    |FDSE       |    23|
+------+-----------+------+
---------------------------------------------------------------------------------
Finished Writing Synthesis Report : Time (s): cpu = 00:00:58 ; elapsed = 00:01:02 . Memory (MB): peak = 566.703 ; gain = 309.305
---------------------------------------------------------------------------------

Synthesis finished with 0 errors, 0 critical warnings and 8 warnings.
Synthesis Optimization Complete : Time (s): cpu = 00:00:58 ; elapsed = 00:01:02 . Memory (MB): peak = 566.703 ; gain = 309.305
INFO: [Netlist 29-17] Analyzing 10 Unisim elements for replacement
INFO: [Netlist 29-28] Unisim Transformation completed in 0 CPU seconds
Parsing XDC File [c:/CHALMERS/DAT096/DAT096/ADCDAC/ADC3/ADC3.srcs/sources_1/ip/fir_compiler_0/fir_compiler_0_ooc.xdc] for cell 'U0'
Finished Parsing XDC File [c:/CHALMERS/DAT096/DAT096/ADCDAC/ADC3/ADC3.srcs/sources_1/ip/fir_compiler_0/fir_compiler_0_ooc.xdc] for cell 'U0'
INFO: [Opt 31-138] Pushed 0 inverter(s).
INFO: [Project 1-111] Unisim Transformation Summary:
  A total of 6 instances were transformed.
  RAM64M => RAM64M (RAMD64E, RAMD64E, RAMD64E, RAMD64E): 6 instances

INFO: [Common 17-83] Releasing license: Synthesis
377 Infos, 4 Warnings, 0 Critical Warnings and 0 Errors encountered.
synth_design completed successfully
synth_design: Time (s): cpu = 00:01:17 ; elapsed = 00:01:20 . Memory (MB): peak = 783.242 ; gain = 472.246
# rename_ref -prefix_all fir_compiler_0
INFO: [Coretcl 2-1174] Renamed 9 cell refs.
# write_checkpoint -noxdef fir_compiler_0.dcp
INFO: [Timing 38-35] Done setting XDC timing constraints.
# report_utilization -file fir_compiler_0_utilization_synth.rpt -pb fir_compiler_0_utilization_synth.pb
report_utilization: Time (s): cpu = 00:00:00 ; elapsed = 00:00:00.072 . Memory (MB): peak = 783.242 ; gain = 0.000
# if { [catch {
#   file copy -force C:/CHALMERS/DAT096/DAT096/ADCDAC/ADC3/ADC3.runs/fir_compiler_0_synth_1/fir_compiler_0.dcp c:/CHALMERS/DAT096/DAT096/ADCDAC/ADC3/ADC3.srcs/sources_1/ip/fir_compiler_0/fir_compiler_0.dcp
#   write_verilog -force -mode synth_stub c:/CHALMERS/DAT096/DAT096/ADCDAC/ADC3/ADC3.srcs/sources_1/ip/fir_compiler_0/fir_compiler_0_stub.v
#   write_verilog -force -mode funcsim c:/CHALMERS/DAT096/DAT096/ADCDAC/ADC3/ADC3.srcs/sources_1/ip/fir_compiler_0/fir_compiler_0_funcsim.v
#   write_vhdl -force -mode funcsim c:/CHALMERS/DAT096/DAT096/ADCDAC/ADC3/ADC3.srcs/sources_1/ip/fir_compiler_0/fir_compiler_0_funcsim.vhdl
# } _RESULT ] } { 
#   puts "Critical Warning: Unable to successfully create or copy supporting IP files."
# }
INFO: [Common 17-206] Exiting Vivado at Mon Mar 24 15:28:53 2014...
