Copyright 1986-1999, 2001-2013 Xilinx, Inc. All Rights Reserved.
------------------------------------------------------------------------------------
| Tool Version : Vivado v.2013.4 (win32) Build 353583 Mon Dec  9 17:38:55 MST 2013
| Date         : Sun Apr 06 13:19:34 2014
| Host         : MININT-VV401LP running 32-bit Service Pack 1  (build 7601)
| Command      : report_control_sets -verbose -file leon3mp_control_sets_placed.rpt
| Design       : leon3mp
| Device       : xc7a100t
------------------------------------------------------------------------------------

Control Set Information

Table of Contents
-----------------
1. Summary
2. Flip-Flop Distribution
3. Detailed Control Set Information

1. Summary
----------

+-------------------------------------------------------------------+-------+
|                               Status                              | Count |
+-------------------------------------------------------------------+-------+
| Number of unique control sets                                     |   397 |
| Minimum Number of register sites lost to control set restrictions |   307 |
+-------------------------------------------------------------------+-------+


2. Flip-Flop Distribution
-------------------------

+--------------+-----------------------+------------------------+-----------------+--------------+
| Clock Enable | Synchronous Set/Reset | Asynchronous Set/Reset | Total Registers | Total Slices |
+--------------+-----------------------+------------------------+-----------------+--------------+
| No           | No                    | No                     |            1628 |          672 |
| No           | No                    | Yes                    |             136 |           63 |
| No           | Yes                   | No                     |             164 |           85 |
| Yes          | No                    | No                     |            1804 |          745 |
| Yes          | No                    | Yes                    |            4131 |         1883 |
| Yes          | Yes                   | No                     |             830 |          375 |
+--------------+-----------------------+------------------------+-----------------+--------------+


3. Detailed Control Set Information
-----------------------------------

+-----------------------------------+-----------------------------------------------------------------------------+--------------------------------------------------------------+------------------+----------------+
|            Clock Signal           |                                Enable Signal                                |                       Set/Reset Signal                       | Slice Load Count | Bel Load Count |
+-----------------------------------+-----------------------------------------------------------------------------+--------------------------------------------------------------+------------------+----------------+
|  io0/inst_top/inst_clk_divider/O1 |                                                                             |                                                              |                1 |              1 |
|  clk_IBUF_BUFG                    |                                                                             |                                                              |                1 |              1 |
|  io0/inst_top/inst_clk_divider/O1 |                                                                             | rst0/p_0_in                                                  |                1 |              2 |
|  clkgen0/xc7l.v/O1                | apb0/v[ctrl][txen]                                                          | eth0.e1/m100.u0/ethc0/tx_rmii1.tx0/tx_rst/O1                 |                4 |              4 |
|  clkgen0/xc7l.v/O1                | apb0/v[rxen]                                                                | rst0/p_0_in                                                  |                2 |              4 |
|  n_2_bufgclk45                    | eth0.e1/m100.u0/ethc0/tx_rmii1.tx0/n_2_r_reg[cnt][3]_i_1                    | eth0.e1/m100.u0/ethc0/tx_rmii1.tx0/tx_rst/SR[0]              |                3 |              4 |
|  n_2_bufgclk45                    | eth0.e1/m100.u0/ethc0/tx_rmii1.tx0/n_2_r[rcnt][3]_i_1                       |                                                              |                1 |              4 |
|  clkgen0/xc7l.v/O1                | apb0/O89[0]                                                                 | rst0/p_0_in                                                  |                3 |              4 |
|  clkgen0/xc7l.v/O1                | mg2.sr1/n_2_r[ws][3]_i_1                                                    | rst0/p_0_in                                                  |                3 |              4 |
|  n_2_bufgclk45                    | eth0.e1/m100.u0/ethc0/tx_rmii1.tx0/dv12_in                                  | eth0.e1/m100.u0/ethc0/rx_rmii1.rx0/n_2_r[rxdp][3]_i_1        |                1 |              4 |
|  clkgen0/xc7l.v/O1                | leon3gen.cpu[0].u0/leon3x0/p0/c0mmu/icache0/n_2_r[vaddress][3]_i_1          |                                                              |                2 |              4 |
|  clkgen0/xc7l.v/O1                | leon3gen.cpu[0].u0/leon3x0/p0/c0mmu/dcache0/O19                             | leon3gen.cpu[0].u0/leon3x0/p0/c0mmu/dcache0/O51              |                2 |              4 |
|  clkgen0/xc7l.v/O1                | leon3gen.cpu[0].u0/leon3x0/p0/iu/n_2_r[w][s][pil][3]_i_1                    |                                                              |                2 |              4 |
|  clkgen0/xc7l.v/O1                | leon3gen.cpu[0].u0/leon3x0/p0/iu/n_2_r[w][s][icc][3]_i_1                    |                                                              |                3 |              4 |
|  clkgen0/xc7l.v/O1                | eth0.e1/m100.u0/ethc0/n_2_r[ecnt][3]_i_1                                    | rst0/p_0_in                                                  |                3 |              4 |
|  clkgen0/xc7l.v/O1                | eth0.e1/m100.u0/ethc0/n_2_r[capbil][4]_i_1                                  |                                                              |                2 |              4 |
|  clkgen0/xc7l.v/O1                | leon3gen.dsugen.dsu0/x0/n_2_r[be][0]_i_1                                    | rst0/p_0_in                                                  |                1 |              4 |
|  io0/inst_top/inst_clk_divider/O1 | io0/inst_top/inst_DAC_SPI/n_2_dataCounter[4]_i_1                            | rst0/p_0_in                                                  |                2 |              5 |
|  clkgen0/xc7l.v/O1                | ua1.uart1/n_2_FSM_onehot_r[rxstate][4]_i_1                                  | rst0/p_0_in                                                  |                2 |              5 |
|  clkgen0/xc7l.v/O1                | leon3gen.cpu[0].u0/leon3x0/p0/mgen.div0/n_2_r[cnt][4]_i_1                   | leon3gen.cpu[0].u0/leon3x0/p0/c0mmu/dcache0/SR[0]            |                1 |              5 |
|  clkgen0/xc7l.v/O1                | apb0/O87                                                                    | rst0/p_0_in                                                  |                2 |              5 |
|  clkgen0/xc7l.v/O1                | eth0.e1/m100.u0/ethc0/n_2_r[cnt][4]_i_1__0                                  | rst0/p_0_in                                                  |                4 |              5 |
|  n_2_bufgclk45                    | eth0.e1/m100.u0/ethc0/tx_rmii1.tx0/n_2_r[retry_cnt][4]_i_1                  | eth0.e1/m100.u0/n_2_FSM_onehot_r[def_state][5]_i_1           |                2 |              5 |
|  clkgen0/xc7l.v/O1                | eth0.e1/m100.u0/ethc0/n_2_r[mdio_ctrl][regadr][4]_i_1                       | rst0/p_0_in                                                  |                2 |              5 |
|  clkgen0/xc7l.v/O1                | eth0.e1/m100.u0/ethc0/O187                                                  |                                                              |                2 |              5 |
|  clkgen0/xc7l.v/O1                |                                                                             | rst0/O2                                                      |                3 |              6 |
|  clkgen0/xc7l.v/O1                | eth0.e1/m100.u0/ethc0/n_2_FSM_onehot_r[duplexstate][5]_i_1                  | rst0/p_0_in                                                  |                2 |              6 |
|  clkgen0/xc7l.v/O1                | apb0/O89[0]                                                                 |                                                              |                6 |              6 |
|  clkgen0/xc7l.v/O1                | eth0.e1/m100.u0/ethc0/n_2_FSM_onehot_r[regaddr][5]_i_1                      | rst0/p_0_in                                                  |                2 |              6 |
|  n_2_bufgclk45                    | eth0.e1/m100.u0/ethc0/tx_rmii1.tx0/n_2_FSM_onehot_r[def_state][5]_i_2       | eth0.e1/m100.u0/n_2_FSM_onehot_r[def_state][5]_i_1           |                3 |              6 |
|  n_2_bufgclk45                    |                                                                             | eth0.e1/m100.u0/ethc0/tx_rmii1.tx0/tx_rst/O1                 |                2 |              6 |
|  clkgen0/xc7l.v/O1                | leon3gen.cpu[0].u0/leon3x0/p0/c0mmu/dcache0/O17                             | leon3gen.cpu[0].u0/leon3x0/p0/c0mmu/dcache0/O65              |                6 |              6 |
|  clkgen0/xc7l.v/O1                | leon3gen.cpu[0].u0/leon3x0/p0/mgen.div0/n_2_FSM_onehot_r[state][5]_i_2      | leon3gen.cpu[0].u0/leon3x0/p0/iu/SS[0]                       |                2 |              6 |
|  clkgen0/xc7l.v/O1                | ua1.uart1/n_2_r[irqcnt][5]_i_1                                              | rst0/p_0_in                                                  |                2 |              6 |
|  n_2_bufgclk45                    | eth0.e1/m100.u0/ethc0/tx_rmii1.tx0/n_2_r[slot_count][6]_i_1                 | eth0.e1/m100.u0/n_2_FSM_onehot_r[def_state][5]_i_1           |                1 |              7 |
|  clkgen0/xc7l.v/O1                | leon3gen.cpu[0].u0/leon3x0/p0/iu/n_2_dsugen.dsur[tbufcnt][6]_i_1            |                                                              |                3 |              7 |
|  clkgen0/xc7l.v/O1                | eth0.e1/m100.u0/ethc0/ahb0/O14[0]                                           | rst0/p_0_in                                                  |                1 |              7 |
|  clkgen0/xc7l.v/O1                | apb0/O122[0]                                                                | eth0.e1/m100.u0/ethc0/tx_rmii1.tx0/tx_rst/O1                 |                2 |              7 |
|  clkgen0/xc7l.v/O1                | apb0/O123[0]                                                                | eth0.e1/m100.u0/ethc0/tx_rmii1.tx0/tx_rst/O1                 |                2 |              7 |
|  clkgen0/xc7l.v/O1                | io0/inst_top/inst_clk_divider/O7[0]                                         | rst0/p_0_in                                                  |                2 |              7 |
|  clkgen0/xc7l.v/O1                | eth0.e1/m100.u0/ethc0/n_2_r[tfrpnt][6]_i_1                                  | rst0/p_0_in                                                  |                2 |              7 |
|  clkgen0/xc7l.v/O1                | eth0.e1/m100.u0/ethc0/n_2_r[rcntm][6]_i_1                                   | rst0/p_0_in                                                  |                7 |              7 |
|  clkgen0/xc7l.v/O1                | eth0.e1/m100.u0/ethc0/n_2_r_reg[rcntl][6]_i_1                               | rst0/p_0_in                                                  |                7 |              7 |
|  clkgen0/xc7l.v/O1                | leon3gen.dsugen.dsu0/x0/n_2_tb0.tr[delaycnt][6]_i_1                         |                                                              |                2 |              7 |
|  clkgen0/xc7l.v/O1                | leon3gen.dsugen.dsu0/x0/n_2_tb0.tr[aindex][6]_i_1                           |                                                              |                3 |              7 |
|  clkgen0/xc7l.v/O1                | leon3gen.cpu[0].u0/leon3x0/p0/c0mmu/dcache0/n_2_FSM_onehot_r[dstate][6]_i_1 | leon3gen.cpu[0].u0/leon3x0/p0/c0mmu/dcache0/SR[0]            |                4 |              7 |
|  clkgen0/xc7l.v/O1                | ua1.uart1/n_2_r[rshift][7]_i_1                                              |                                                              |                3 |              8 |
|  clkgen0/xc7l.v/O1                | apb0/O32[0]                                                                 |                                                              |                2 |              8 |
|  clkgen0/xc7l.v/O1                | leon3gen.cpu[0].u0/leon3x0/p0/c0mmu/dcache0/n_2_r[faddr][7]_i_2             | leon3gen.cpu[0].u0/leon3x0/p0/iu/O169[0]                     |                3 |              8 |
|  clkgen0/xc7l.v/O1                | leon3gen.cpu[0].u0/leon3x0/p0/iu/n_2_r[w][s][tt][7]_i_1                     | leon3gen.cpu[0].u0/leon3x0/p0/c0mmu/dcache0/O22              |                6 |              8 |
|  clkgen0/xc7l.v/O1                | apb0/O101[0]                                                                | rst0/p_0_in                                                  |                2 |              8 |
|  clkgen0/xc7l.v/O1                | apb0/O102[0]                                                                | rst0/p_0_in                                                  |                4 |              8 |
|  clkgen0/xc7l.v/O1                | apb0/O107[0]                                                                |                                                              |                1 |              8 |
|  clkgen0/xc7l.v/O1                | leon3gen.cpu[0].u0/leon3x0/p0/iu/O71[0]                                     |                                                              |                6 |              8 |
|  clkgen0/xc7l.v/O1                | leon3gen.dsugen.dsu0/x0/O62[0]                                              |                                                              |                4 |              8 |
|  clkgen0/xc7l.v/O1                | eth0.e1/m100.u0/ethc0/ahb0/O17[0]                                           | eth0.e1/m100.u0/ethc0/tx_rmii1.tx0/tx_rst/O1                 |                5 |              8 |
|  clkgen0/xc7l.v/O1                | leon3gen.cpu[0].u0/leon3x0/p0/c0mmu/dcache0/O19                             | leon3gen.cpu[0].u0/leon3x0/p0/iu/n_2_r[x][data][1][11]_i_1   |                4 |              8 |
|  clkgen0/xc7l.v/O1                | mg2.sr1/n_2_r[writedata8][15]_i_2                                           | mg2.sr1/n_2_r[writedata8][15]_i_1                            |                3 |              8 |
|  clkgen0/xc7l.v/O1                | mg2.sr1/n_2_r[writedata8][15]_i_2                                           | mg2.sr1/n_2_r[writedata8][7]_i_1                             |                1 |              8 |
|  clkgen0/xc7l.v/O1                | leon3gen.cpu[0].u0/leon3x0/p0/c0mmu/icache0/n_2_r[valid][0][3]_i_1          |                                                              |                6 |              8 |
|  clkgen0/xc7l.v/O1                | ahb0/ahbmi[hready]                                                          | rst0/p_0_in                                                  |                5 |              8 |
|  clkgen0/xc7l.v/O1                | leon3gen.cpu[0].u0/leon3x0/p0/c0mmu/icache0/E[0]                            |                                                              |                3 |              8 |
|  n_2_bufgclk45                    | eth0.e1/m100.u0/ethc0/tx_rmii1.tx0/n_2_r[ifg_cycls][8]_i_1                  | eth0.e1/m100.u0/n_2_FSM_onehot_r[def_state][5]_i_1           |                3 |              9 |
|  clkgen0/xc7l.v/O1                | apb0/v[rxen]                                                                |                                                              |                6 |              9 |
|  clkgen0/xc7l.v/O1                | leon3gen.cpu[0].u0/leon3x0/p0/c0mmu/icache0/O7                              | leon3gen.cpu[0].u0/leon3x0/p0/iu/O158[0]                     |                2 |              9 |
|  n_2_bufgclk45                    | eth0.e1/m100.u0/ethc0/rx_rmii1.rx0/n_2_FSM_onehot_r[rx_state][9]_i_1        | eth0.e1/m100.u0/n_2_FSM_onehot_r[def_state][5]_i_1           |                6 |             10 |
|  n_2_bufgclk45                    | eth0.e1/m100.u0/ethc0/tx_rmii1.tx0/n_2_r[delay_val][9]_i_2                  | eth0.e1/m100.u0/ethc0/tx_rmii1.tx0/tx_rst/SR[0]              |                4 |             10 |
|  clkgen0/xc7l.v/O1                | eth0.e1/m100.u0/ethc0/n_2_r[txlength][10]_i_1                               |                                                              |                6 |             11 |
|  n_2_bufgclk45                    | eth0.e1/m100.u0/ethc0/tx_rmii1.tx0/n_2_r[byte_count][10]_i_2                | eth0.e1/m100.u0/ethc0/tx_rmii1.tx0/n_2_r[byte_count][10]_i_1 |                5 |             11 |
|  n_2_bufgclk45                    | eth0.e1/m100.u0/ethc0/rx_rmii1.rx0/n_2_r[byte_count][10]_i_1__0             | eth0.e1/m100.u0/n_2_FSM_onehot_r[def_state][5]_i_1           |                6 |             11 |
|  clkgen0/xc7l.v/O1                | eth0.e1/m100.u0/ethc0/ahb0/O5[0]                                            | rst0/p_0_in                                                  |                4 |             11 |
|  clkgen0/xc7l.v/O1                | apb0/O31                                                                    |                                                              |                3 |             12 |
|  clkgen0/xc7l.v/O1                | ua1.uart1/n_2_r[scaler][11]_i_1                                             |                                                              |                3 |             12 |
|  clkgen0/xc7l.v/O1                | eth0.e1/m100.u0/ethc0/ahb0/O15                                              |                                                              |                6 |             12 |
|  clkgen0/xc7l.v/O1                | eth0.e1/m100.u0/ethc0/n_2_FSM_onehot_r[mdio_state][11]_i_1                  | rst0/p_0_in                                                  |                2 |             12 |
|  clkgen0/xc7l.v/O1                | eth0.e1/m100.u0/ethc0/n_2_r[seq][0]_i_1                                     | rst0/p_0_in                                                  |                4 |             14 |
|  clkgen0/xc7l.v/O1                | eth0.e1/m100.u0/ethc0/n_2_FSM_onehot_r[edclrstate][14]_i_1                  | eth0.e1/m100.u0/ethc0/tx_rmii1.tx0/tx_rst/O1                 |                5 |             15 |
|  n_2_bufgclk45                    | eth0.e1/m100.u0/ethc0/tx_rmii1.tx0/n_2_FSM_onehot_r[main_state][14]_i_1     | eth0.e1/m100.u0/n_2_FSM_onehot_r[def_state][5]_i_1           |                5 |             15 |
|  clkgen0/xc7l.v/O1                | apb0/O13[0]                                                                 |                                                              |                4 |             15 |
|  clkgen0/xc7l.v/O1                | apb0/E[0]                                                                   | rst0/p_0_in                                                  |                8 |             15 |
|  clk_IBUF_BUFG                    | io0/inst_top/inst_DAC_BUFFER/n_2_Memory_array[4][15]_i_1                    | rst0/p_0_in                                                  |                5 |             16 |
|  clk_IBUF_BUFG                    | io0/inst_top/inst_DAC_BUFFER/n_2_Memory_array[5][15]_i_1                    | rst0/p_0_in                                                  |                6 |             16 |
|  clk_IBUF_BUFG                    | io0/inst_top/inst_DAC_BUFFER/n_2_Memory_array[3][15]_i_1                    | rst0/p_0_in                                                  |                5 |             16 |
|  clk_IBUF_BUFG                    | io0/inst_top/inst_DAC_BUFFER/n_2_Memory_array[2][15]_i_1                    | rst0/p_0_in                                                  |                5 |             16 |
|  clk_IBUF_BUFG                    | io0/inst_top/inst_DAC_BUFFER/n_2_Memory_array[1][15]_i_1                    | rst0/p_0_in                                                  |                5 |             16 |
|  clk_IBUF_BUFG                    | io0/inst_top/inst_DAC_BUFFER/n_2_Memory_array[0][15]_i_1                    | rst0/p_0_in                                                  |                7 |             16 |
|  clk_IBUF_BUFG                    | io0/inst_top/inst_DAC_BUFFER/n_2_Memory_array[98][15]_i_1                   | rst0/p_0_in                                                  |               11 |             16 |
|  clk_IBUF_BUFG                    | io0/inst_top/inst_DAC_BUFFER/n_2_Memory_array[22][15]_i_1                   | rst0/p_0_in                                                  |                8 |             16 |
|  apb0/O104[0]                     |                                                                             |                                                              |                5 |             16 |
|  clk_IBUF_BUFG                    | io0/inst_top/inst_DAC_BUFFER/n_2_Memory_array[115][15]_i_1                  | rst0/p_0_in                                                  |                9 |             16 |
|  clk_IBUF_BUFG                    | io0/inst_top/inst_DAC_BUFFER/n_2_Memory_array[114][15]_i_1                  | rst0/p_0_in                                                  |               12 |             16 |
|  clk_IBUF_BUFG                    | io0/inst_top/inst_DAC_BUFFER/n_2_Memory_array[113][15]_i_1                  | rst0/p_0_in                                                  |               13 |             16 |
|  clk_IBUF_BUFG                    | io0/inst_top/inst_DAC_BUFFER/n_2_Memory_array[112][15]_i_1                  | rst0/p_0_in                                                  |               11 |             16 |
|  clk_IBUF_BUFG                    | io0/inst_top/inst_DAC_BUFFER/n_2_Memory_array[99][15]_i_1                   | rst0/p_0_in                                                  |               12 |             16 |
|  clk_IBUF_BUFG                    | io0/inst_top/inst_DAC_BUFFER/n_2_Memory_array[100][15]_i_1                  | rst0/p_0_in                                                  |               13 |             16 |
|  clk_IBUF_BUFG                    | io0/inst_top/inst_DAC_BUFFER/n_2_Memory_array[111][15]_i_1                  | rst0/p_0_in                                                  |               12 |             16 |
|  clk_IBUF_BUFG                    | io0/inst_top/inst_DAC_BUFFER/n_2_Memory_array[101][15]_i_1                  | rst0/p_0_in                                                  |               11 |             16 |
|  clk_IBUF_BUFG                    | io0/inst_top/inst_DAC_BUFFER/n_2_Memory_array[102][15]_i_1                  | rst0/p_0_in                                                  |               10 |             16 |
|  clk_IBUF_BUFG                    | io0/inst_top/inst_DAC_BUFFER/n_2_Memory_array[110][15]_i_1                  | rst0/p_0_in                                                  |               10 |             16 |
|  clk_IBUF_BUFG                    | io0/inst_top/inst_DAC_BUFFER/n_2_Memory_array[109][15]_i_1                  | rst0/p_0_in                                                  |               10 |             16 |
|  clk_IBUF_BUFG                    | io0/inst_top/inst_DAC_BUFFER/n_2_Memory_array[103][15]_i_1                  | rst0/p_0_in                                                  |               13 |             16 |
|  clk_IBUF_BUFG                    | io0/inst_top/inst_DAC_BUFFER/n_2_Memory_array[104][15]_i_1                  | rst0/p_0_in                                                  |               10 |             16 |
|  clk_IBUF_BUFG                    | io0/inst_top/inst_DAC_BUFFER/n_2_Memory_array[105][15]_i_1                  | rst0/p_0_in                                                  |               10 |             16 |
|  clkgen0/xc7l.v/O1                | eth0.e1/m100.u0/ethc0/n_2_r[udpsrc][15]_i_1                                 | rst0/p_0_in                                                  |               15 |             16 |
|  clk_IBUF_BUFG                    | io0/inst_top/inst_DAC_BUFFER/n_2_Memory_array[106][15]_i_1                  | rst0/p_0_in                                                  |               11 |             16 |
|  clk_IBUF_BUFG                    | io0/inst_top/inst_DAC_BUFFER/n_2_Memory_array[108][15]_i_1                  | rst0/p_0_in                                                  |               10 |             16 |
|  clk_IBUF_BUFG                    | io0/inst_top/inst_DAC_BUFFER/n_2_Memory_array[107][15]_i_1                  | rst0/p_0_in                                                  |                9 |             16 |
|  clk_IBUF_BUFG                    | io0/inst_top/inst_DAC_BUFFER/n_2_Memory_array[74][15]_i_1                   | rst0/p_0_in                                                  |                4 |             16 |
|  clk_IBUF_BUFG                    | io0/inst_top/inst_DAC_BUFFER/n_2_Memory_array[73][15]_i_1                   | rst0/p_0_in                                                  |                5 |             16 |
|  clk_IBUF_BUFG                    | io0/inst_top/inst_DAC_BUFFER/n_2_Memory_array[72][15]_i_1                   | rst0/p_0_in                                                  |                6 |             16 |
|  clk_IBUF_BUFG                    | io0/inst_top/inst_DAC_BUFFER/n_2_Memory_array[71][15]_i_1                   | rst0/p_0_in                                                  |                4 |             16 |
|  clk_IBUF_BUFG                    | io0/inst_top/inst_DAC_BUFFER/n_2_Memory_array[70][15]_i_1                   | rst0/p_0_in                                                  |                6 |             16 |
|  clk_IBUF_BUFG                    | io0/inst_top/inst_DAC_BUFFER/n_2_Memory_array[69][15]_i_1                   | rst0/p_0_in                                                  |                6 |             16 |
|  clk_IBUF_BUFG                    | io0/inst_top/inst_DAC_BUFFER/n_2_Memory_array[68][15]_i_1                   | rst0/p_0_in                                                  |                6 |             16 |
|  clk_IBUF_BUFG                    | io0/inst_top/inst_DAC_BUFFER/n_2_Memory_array[67][15]_i_1                   | rst0/p_0_in                                                  |                6 |             16 |
|  clk_IBUF_BUFG                    | io0/inst_top/inst_DAC_BUFFER/n_2_Memory_array[66][15]_i_1                   | rst0/p_0_in                                                  |                7 |             16 |
|  clk_IBUF_BUFG                    | io0/inst_top/inst_DAC_BUFFER/n_2_Memory_array[65][15]_i_1                   | rst0/p_0_in                                                  |                7 |             16 |
|  clk_IBUF_BUFG                    | io0/inst_top/inst_DAC_BUFFER/n_2_Memory_array[64][15]_i_1                   | rst0/p_0_in                                                  |                5 |             16 |
|  clk_IBUF_BUFG                    | io0/inst_top/inst_DAC_BUFFER/n_2_Memory_array[63][15]_i_1                   | rst0/p_0_in                                                  |                6 |             16 |
|  clk_IBUF_BUFG                    | io0/inst_top/inst_DAC_BUFFER/n_2_Memory_array[62][15]_i_1                   | rst0/p_0_in                                                  |                6 |             16 |
|  clk_IBUF_BUFG                    | io0/inst_top/inst_DAC_BUFFER/n_2_Memory_array[61][15]_i_1                   | rst0/p_0_in                                                  |                7 |             16 |
|  clk_IBUF_BUFG                    | io0/inst_top/inst_DAC_BUFFER/n_2_Memory_array[60][15]_i_1                   | rst0/p_0_in                                                  |                7 |             16 |
|  clk_IBUF_BUFG                    | io0/inst_top/inst_DAC_BUFFER/n_2_Memory_array[59][15]_i_1                   | rst0/p_0_in                                                  |                9 |             16 |
|  clk_IBUF_BUFG                    | io0/inst_top/inst_DAC_BUFFER/n_2_Memory_array[58][15]_i_1                   | rst0/p_0_in                                                  |                8 |             16 |
|  clk_IBUF_BUFG                    | io0/inst_top/inst_DAC_BUFFER/n_2_Memory_array[57][15]_i_1                   | rst0/p_0_in                                                  |                8 |             16 |
|  clk_IBUF_BUFG                    | io0/inst_top/inst_DAC_BUFFER/n_2_Memory_array[56][15]_i_1                   | rst0/p_0_in                                                  |                7 |             16 |
|  clk_IBUF_BUFG                    | io0/inst_top/inst_DAC_BUFFER/n_2_Memory_array[55][15]_i_1                   | rst0/p_0_in                                                  |                7 |             16 |
|  clk_IBUF_BUFG                    | io0/inst_top/inst_DAC_BUFFER/n_2_Memory_array[54][15]_i_1                   | rst0/p_0_in                                                  |                6 |             16 |
|  clk_IBUF_BUFG                    | io0/inst_top/inst_DAC_BUFFER/n_2_Memory_array[53][15]_i_1                   | rst0/p_0_in                                                  |                7 |             16 |
|  clk_IBUF_BUFG                    | io0/inst_top/inst_DAC_BUFFER/n_2_Memory_array[97][15]_i_1                   | rst0/p_0_in                                                  |               10 |             16 |
|  clk_IBUF_BUFG                    | io0/inst_top/inst_DAC_BUFFER/n_2_Memory_array[96][15]_i_1                   | rst0/p_0_in                                                  |               10 |             16 |
|  clk_IBUF_BUFG                    | io0/inst_top/inst_DAC_BUFFER/n_2_Memory_array[95][15]_i_1                   | rst0/p_0_in                                                  |                4 |             16 |
|  clk_IBUF_BUFG                    | io0/inst_top/inst_DAC_BUFFER/n_2_Memory_array[94][15]_i_1                   | rst0/p_0_in                                                  |                5 |             16 |
|  clk_IBUF_BUFG                    | io0/inst_top/inst_DAC_BUFFER/n_2_Memory_array[93][15]_i_1                   | rst0/p_0_in                                                  |                4 |             16 |
|  clk_IBUF_BUFG                    | io0/inst_top/inst_DAC_BUFFER/n_2_Memory_array[92][15]_i_1                   | rst0/p_0_in                                                  |                5 |             16 |
|  clk_IBUF_BUFG                    | io0/inst_top/inst_DAC_BUFFER/n_2_Memory_array[91][15]_i_1                   | rst0/p_0_in                                                  |                5 |             16 |
|  clk_IBUF_BUFG                    | io0/inst_top/inst_DAC_BUFFER/n_2_Memory_array[90][15]_i_1                   | rst0/p_0_in                                                  |                6 |             16 |
|  clk_IBUF_BUFG                    | io0/inst_top/inst_DAC_BUFFER/n_2_Memory_array[89][15]_i_1                   | rst0/p_0_in                                                  |                5 |             16 |
|  clk_IBUF_BUFG                    | io0/inst_top/inst_DAC_BUFFER/n_2_Memory_array[88][15]_i_1                   | rst0/p_0_in                                                  |                6 |             16 |
|  clk_IBUF_BUFG                    | io0/inst_top/inst_DAC_BUFFER/n_2_Memory_array[87][15]_i_1                   | rst0/p_0_in                                                  |                7 |             16 |
|  clk_IBUF_BUFG                    | io0/inst_top/inst_DAC_BUFFER/n_2_Memory_array[86][15]_i_1                   | rst0/p_0_in                                                  |                5 |             16 |
|  clk_IBUF_BUFG                    | io0/inst_top/inst_DAC_BUFFER/n_2_Memory_array[85][15]_i_1                   | rst0/p_0_in                                                  |                6 |             16 |
|  clk_IBUF_BUFG                    | io0/inst_top/inst_DAC_BUFFER/n_2_Memory_array[84][15]_i_1                   | rst0/p_0_in                                                  |                6 |             16 |
|  clk_IBUF_BUFG                    | io0/inst_top/inst_DAC_BUFFER/n_2_Memory_array[83][15]_i_1                   | rst0/p_0_in                                                  |                6 |             16 |
|  clk_IBUF_BUFG                    | io0/inst_top/inst_DAC_BUFFER/n_2_Memory_array[82][15]_i_1                   | rst0/p_0_in                                                  |                7 |             16 |
|  clk_IBUF_BUFG                    | io0/inst_top/inst_DAC_BUFFER/n_2_Memory_array[81][15]_i_1                   | rst0/p_0_in                                                  |                7 |             16 |
|  clk_IBUF_BUFG                    | io0/inst_top/inst_DAC_BUFFER/n_2_Memory_array[80][15]_i_1                   | rst0/p_0_in                                                  |                7 |             16 |
|  clk_IBUF_BUFG                    | io0/inst_top/inst_DAC_BUFFER/n_2_Memory_array[79][15]_i_1                   | rst0/p_0_in                                                  |                4 |             16 |
|  clk_IBUF_BUFG                    | io0/inst_top/inst_DAC_BUFFER/n_2_Memory_array[78][15]_i_1                   | rst0/p_0_in                                                  |                5 |             16 |
|  clk_IBUF_BUFG                    | io0/inst_top/inst_DAC_BUFFER/n_2_Memory_array[77][15]_i_1                   | rst0/p_0_in                                                  |                4 |             16 |
|  clk_IBUF_BUFG                    | io0/inst_top/inst_DAC_BUFFER/n_2_Memory_array[76][15]_i_1                   | rst0/p_0_in                                                  |                4 |             16 |
|  clk_IBUF_BUFG                    | io0/inst_top/inst_DAC_BUFFER/n_2_Memory_array[75][15]_i_1                   | rst0/p_0_in                                                  |                5 |             16 |
|  clk_IBUF_BUFG                    | io0/inst_top/inst_DAC_BUFFER/n_2_Memory_array[29][15]_i_1                   | rst0/p_0_in                                                  |               12 |             16 |
|  clk_IBUF_BUFG                    | io0/inst_top/inst_DAC_BUFFER/n_2_Memory_array[28][15]_i_1                   | rst0/p_0_in                                                  |               10 |             16 |
|  clk_IBUF_BUFG                    | io0/inst_top/inst_DAC_BUFFER/n_2_Memory_array[27][15]_i_1                   | rst0/p_0_in                                                  |                9 |             16 |
|  clk_IBUF_BUFG                    | io0/inst_top/inst_DAC_BUFFER/n_2_Memory_array[26][15]_i_1                   | rst0/p_0_in                                                  |                9 |             16 |
|  clk_IBUF_BUFG                    | io0/inst_top/inst_DAC_BUFFER/n_2_Memory_array[25][15]_i_1                   | rst0/p_0_in                                                  |                9 |             16 |
|  clk_IBUF_BUFG                    | io0/inst_top/inst_DAC_BUFFER/n_2_Memory_array[24][15]_i_1                   | rst0/p_0_in                                                  |               11 |             16 |
|  clk_IBUF_BUFG                    | io0/inst_top/inst_DAC_BUFFER/n_2_Memory_array[23][15]_i_1                   | rst0/p_0_in                                                  |                8 |             16 |
|  clk_IBUF_BUFG                    | io0/inst_top/inst_DAC_BUFFER/n_2_Memory_array[21][15]_i_1                   | rst0/p_0_in                                                  |                9 |             16 |
|  clk_IBUF_BUFG                    | io0/inst_top/inst_DAC_BUFFER/n_2_Memory_array[20][15]_i_1                   | rst0/p_0_in                                                  |               11 |             16 |
|  clk_IBUF_BUFG                    | io0/inst_top/inst_DAC_BUFFER/n_2_Memory_array[19][15]_i_1                   | rst0/p_0_in                                                  |                8 |             16 |
|  clk_IBUF_BUFG                    | io0/inst_top/inst_DAC_BUFFER/n_2_Memory_array[18][15]_i_1                   | rst0/p_0_in                                                  |                9 |             16 |
|  clk_IBUF_BUFG                    | io0/inst_top/inst_DAC_BUFFER/n_2_Memory_array[17][15]_i_1                   | rst0/p_0_in                                                  |                8 |             16 |
|  clk_IBUF_BUFG                    | io0/inst_top/inst_DAC_BUFFER/n_2_Memory_array[16][15]_i_1                   | rst0/p_0_in                                                  |               11 |             16 |
|  clk_IBUF_BUFG                    | io0/inst_top/inst_DAC_BUFFER/n_2_Memory_array[15][15]_i_1                   | rst0/p_0_in                                                  |                5 |             16 |
|  clk_IBUF_BUFG                    | io0/inst_top/inst_DAC_BUFFER/n_2_Memory_array[14][15]_i_1                   | rst0/p_0_in                                                  |                5 |             16 |
|  clk_IBUF_BUFG                    | io0/inst_top/inst_DAC_BUFFER/n_2_Memory_array[13][15]_i_1                   | rst0/p_0_in                                                  |                5 |             16 |
|  clk_IBUF_BUFG                    | io0/inst_top/inst_DAC_BUFFER/n_2_Memory_array[12][15]_i_1                   | rst0/p_0_in                                                  |                6 |             16 |
|  clk_IBUF_BUFG                    | io0/inst_top/inst_DAC_BUFFER/n_2_Memory_array[11][15]_i_1                   | rst0/p_0_in                                                  |                8 |             16 |
|  clk_IBUF_BUFG                    | io0/inst_top/inst_DAC_BUFFER/n_2_Memory_array[10][15]_i_1                   | rst0/p_0_in                                                  |                5 |             16 |
|  clk_IBUF_BUFG                    | io0/inst_top/inst_DAC_BUFFER/n_2_Memory_array[9][15]_i_1                    | rst0/p_0_in                                                  |                7 |             16 |
|  clk_IBUF_BUFG                    | io0/inst_top/inst_DAC_BUFFER/n_2_Memory_array[8][15]_i_1                    | rst0/p_0_in                                                  |                6 |             16 |
|  clk_IBUF_BUFG                    | io0/inst_top/inst_DAC_BUFFER/n_2_Memory_array[7][15]_i_1                    | rst0/p_0_in                                                  |                5 |             16 |
|  clk_IBUF_BUFG                    | io0/inst_top/inst_DAC_BUFFER/n_2_Memory_array[6][15]_i_1                    | rst0/p_0_in                                                  |                6 |             16 |
|  clk_IBUF_BUFG                    | io0/inst_top/inst_DAC_BUFFER/n_2_Memory_array[52][15]_i_1                   | rst0/p_0_in                                                  |                8 |             16 |
|  clk_IBUF_BUFG                    | io0/inst_top/inst_DAC_BUFFER/n_2_Memory_array[51][15]_i_1                   | rst0/p_0_in                                                  |                7 |             16 |
|  clk_IBUF_BUFG                    | io0/inst_top/inst_DAC_BUFFER/n_2_Memory_array[50][15]_i_1                   | rst0/p_0_in                                                  |                8 |             16 |
|  clk_IBUF_BUFG                    | io0/inst_top/inst_DAC_BUFFER/n_2_Memory_array[49][15]_i_1                   | rst0/p_0_in                                                  |                8 |             16 |
|  clk_IBUF_BUFG                    | io0/inst_top/inst_DAC_BUFFER/n_2_Memory_array[48][15]_i_1                   | rst0/p_0_in                                                  |                8 |             16 |
|  clk_IBUF_BUFG                    | io0/inst_top/inst_DAC_BUFFER/n_2_Memory_array[47][15]_i_1                   | rst0/p_0_in                                                  |                8 |             16 |
|  clk_IBUF_BUFG                    | io0/inst_top/inst_DAC_BUFFER/n_2_Memory_array[46][15]_i_1                   | rst0/p_0_in                                                  |               11 |             16 |
|  clk_IBUF_BUFG                    | io0/inst_top/inst_DAC_BUFFER/n_2_Memory_array[45][15]_i_1                   | rst0/p_0_in                                                  |                9 |             16 |
|  clk_IBUF_BUFG                    | io0/inst_top/inst_DAC_BUFFER/n_2_Memory_array[44][15]_i_1                   | rst0/p_0_in                                                  |                8 |             16 |
|  clk_IBUF_BUFG                    | io0/inst_top/inst_DAC_BUFFER/n_2_Memory_array[43][15]_i_1                   | rst0/p_0_in                                                  |                7 |             16 |
|  clk_IBUF_BUFG                    | io0/inst_top/inst_DAC_BUFFER/n_2_Memory_array[42][15]_i_1                   | rst0/p_0_in                                                  |                9 |             16 |
|  clk_IBUF_BUFG                    | io0/inst_top/inst_DAC_BUFFER/n_2_Memory_array[41][15]_i_1                   | rst0/p_0_in                                                  |                7 |             16 |
|  clk_IBUF_BUFG                    | io0/inst_top/inst_DAC_BUFFER/n_2_Memory_array[40][15]_i_1                   | rst0/p_0_in                                                  |                7 |             16 |
|  clk_IBUF_BUFG                    | io0/inst_top/inst_DAC_BUFFER/n_2_Memory_array[39][15]_i_1                   | rst0/p_0_in                                                  |                7 |             16 |
|  clk_IBUF_BUFG                    | io0/inst_top/inst_DAC_BUFFER/n_2_Memory_array[38][15]_i_1                   | rst0/p_0_in                                                  |                9 |             16 |
|  clk_IBUF_BUFG                    | io0/inst_top/inst_DAC_BUFFER/n_2_Memory_array[37][15]_i_1                   | rst0/p_0_in                                                  |               10 |             16 |
|  clk_IBUF_BUFG                    | io0/inst_top/inst_DAC_BUFFER/n_2_Memory_array[36][15]_i_1                   | rst0/p_0_in                                                  |                9 |             16 |
|  clk_IBUF_BUFG                    | io0/inst_top/inst_DAC_BUFFER/n_2_Memory_array[35][15]_i_1                   | rst0/p_0_in                                                  |               10 |             16 |
|  clk_IBUF_BUFG                    | io0/inst_top/inst_DAC_BUFFER/n_2_Memory_array[34][15]_i_1                   | rst0/p_0_in                                                  |                9 |             16 |
|  clk_IBUF_BUFG                    | io0/inst_top/inst_DAC_BUFFER/n_2_Memory_array[33][15]_i_1                   | rst0/p_0_in                                                  |               11 |             16 |
|  clk_IBUF_BUFG                    | io0/inst_top/inst_DAC_BUFFER/n_2_Memory_array[32][15]_i_1                   | rst0/p_0_in                                                  |                9 |             16 |
|  clk_IBUF_BUFG                    | io0/inst_top/inst_DAC_BUFFER/n_2_Memory_array[31][15]_i_1                   | rst0/p_0_in                                                  |                9 |             16 |
|  clk_IBUF_BUFG                    | io0/inst_top/inst_DAC_BUFFER/n_2_Memory_array[30][15]_i_1                   | rst0/p_0_in                                                  |               10 |             16 |
|  clkgen0/xc7l.v/O1                | io0/inst_ADC_TOP/inst_Buffer/n_2_Memory_array[0][15]_i_1__0                 | rst0/p_0_in                                                  |                8 |             16 |
|  clkgen0/xc7l.v/O1                | io0/inst_ADC_TOP/inst_Buffer/n_2_Memory_array[2][15]_i_1__0                 | rst0/p_0_in                                                  |                7 |             16 |
|  clkgen0/xc7l.v/O1                | io0/inst_ADC_TOP/inst_Buffer/n_2_Memory_array[4][15]_i_1__0                 | rst0/p_0_in                                                  |                7 |             16 |
|  clkgen0/xc7l.v/O1                | io0/inst_ADC_TOP/inst_Buffer/n_2_Memory_array[6][15]_i_1__0                 | rst0/p_0_in                                                  |                6 |             16 |
|  clkgen0/xc7l.v/O1                | io0/inst_ADC_TOP/inst_Buffer/n_2_Memory_array[32][15]_i_1__0                | rst0/p_0_in                                                  |                9 |             16 |
|  clkgen0/xc7l.v/O1                | io0/inst_ADC_TOP/inst_Buffer/n_2_Memory_array[34][15]_i_1__0                | rst0/p_0_in                                                  |                7 |             16 |
|  clkgen0/xc7l.v/O1                | io0/inst_ADC_TOP/inst_Buffer/n_2_Memory_array[36][15]_i_1__0                | rst0/p_0_in                                                  |                6 |             16 |
|  clkgen0/xc7l.v/O1                | io0/inst_ADC_TOP/inst_Buffer/n_2_Memory_array[38][15]_i_1__0                | rst0/p_0_in                                                  |                5 |             16 |
|  clkgen0/xc7l.v/O1                | io0/inst_ADC_TOP/inst_Buffer/n_2_Memory_array[64][15]_i_1__0                | rst0/p_0_in                                                  |                7 |             16 |
|  clkgen0/xc7l.v/O1                | io0/inst_ADC_TOP/inst_Buffer/n_2_Memory_array[66][15]_i_1__0                | rst0/p_0_in                                                  |                6 |             16 |
|  clkgen0/xc7l.v/O1                | io0/inst_ADC_TOP/inst_Buffer/n_2_Memory_array[68][15]_i_1__0                | rst0/p_0_in                                                  |                7 |             16 |
|  clkgen0/xc7l.v/O1                | io0/inst_ADC_TOP/inst_Buffer/n_2_Memory_array[70][15]_i_1__0                | rst0/p_0_in                                                  |                6 |             16 |
|  clkgen0/xc7l.v/O1                | io0/inst_ADC_TOP/inst_Buffer/n_2_Memory_array[96][15]_i_1__0                | rst0/p_0_in                                                  |                6 |             16 |
|  clkgen0/xc7l.v/O1                | io0/inst_ADC_TOP/inst_Buffer/n_2_Memory_array[98][15]_i_1__0                | rst0/p_0_in                                                  |                8 |             16 |
|  clkgen0/xc7l.v/O1                | io0/inst_ADC_TOP/inst_Buffer/n_2_Memory_array[100][15]_i_1__0               | rst0/p_0_in                                                  |                8 |             16 |
|  clkgen0/xc7l.v/O1                | io0/inst_ADC_TOP/inst_Buffer/n_2_Memory_array[102][15]_i_1__0               | rst0/p_0_in                                                  |                7 |             16 |
|  clkgen0/xc7l.v/O1                | io0/inst_ADC_TOP/inst_Buffer/n_2_Memory_array[8][15]_i_1__0                 | rst0/p_0_in                                                  |                7 |             16 |
|  clkgen0/xc7l.v/O1                | io0/inst_ADC_TOP/inst_Buffer/n_2_Memory_array[10][15]_i_1__0                | rst0/p_0_in                                                  |                8 |             16 |
|  clkgen0/xc7l.v/O1                | io0/inst_ADC_TOP/inst_Buffer/n_2_Memory_array[91][15]_i_1__0                | rst0/p_0_in                                                  |                6 |             16 |
|  clkgen0/xc7l.v/O1                | io0/inst_ADC_TOP/inst_Buffer/n_2_Memory_array[93][15]_i_1__0                | rst0/p_0_in                                                  |                6 |             16 |
|  clkgen0/xc7l.v/O1                | io0/inst_ADC_TOP/inst_Buffer/n_2_Memory_array[95][15]_i_1__0                | rst0/p_0_in                                                  |                5 |             16 |
|  clkgen0/xc7l.v/O1                | io0/inst_ADC_TOP/inst_Buffer/n_2_Memory_array[97][15]_i_1__0                | rst0/p_0_in                                                  |                7 |             16 |
|  clkgen0/xc7l.v/O1                | io0/inst_ADC_TOP/inst_Buffer/n_2_Memory_array[99][15]_i_1__0                | rst0/p_0_in                                                  |                7 |             16 |
|  clkgen0/xc7l.v/O1                | io0/inst_ADC_TOP/inst_Buffer/n_2_Memory_array[101][15]_i_1__0               | rst0/p_0_in                                                  |                8 |             16 |
|  clkgen0/xc7l.v/O1                | io0/inst_ADC_TOP/inst_Buffer/n_2_Memory_array[103][15]_i_1__0               | rst0/p_0_in                                                  |                6 |             16 |
|  clkgen0/xc7l.v/O1                | io0/inst_ADC_TOP/inst_Buffer/n_2_Memory_array[105][15]_i_1__0               | rst0/p_0_in                                                  |                9 |             16 |
|  clkgen0/xc7l.v/O1                | io0/inst_ADC_TOP/inst_Buffer/n_2_Memory_array[107][15]_i_1__0               | rst0/p_0_in                                                  |                6 |             16 |
|  clkgen0/xc7l.v/O1                | io0/inst_ADC_TOP/inst_Buffer/n_2_Memory_array[109][15]_i_1__0               | rst0/p_0_in                                                  |                7 |             16 |
|  clkgen0/xc7l.v/O1                | io0/inst_ADC_TOP/inst_Buffer/n_2_Memory_array[111][15]_i_1__0               | rst0/p_0_in                                                  |                6 |             16 |
|  clkgen0/xc7l.v/O1                | io0/inst_ADC_TOP/inst_Buffer/n_2_Memory_array[113][15]_i_1__0               | rst0/p_0_in                                                  |                5 |             16 |
|  clkgen0/xc7l.v/O1                | io0/inst_ADC_TOP/inst_Buffer/n_2_Memory_array[115][15]_i_1__0               | rst0/p_0_in                                                  |                6 |             16 |
|  clkgen0/xc7l.v/O1                | io0/inst_ADC_TOP/inst_Buffer/n_2_Memory_array[117][15]_i_1__0               | rst0/p_0_in                                                  |                4 |             16 |
|  clkgen0/xc7l.v/O1                | io0/inst_ADC_TOP/inst_Buffer/n_2_Memory_array[119][15]_i_1__0               | rst0/p_0_in                                                  |                5 |             16 |
|  clkgen0/xc7l.v/O1                | io0/inst_ADC_TOP/inst_Buffer/n_2_Memory_array[121][15]_i_1__0               | rst0/p_0_in                                                  |                5 |             16 |
|  clkgen0/xc7l.v/O1                | io0/inst_ADC_TOP/inst_Buffer/n_2_Memory_array[123][15]_i_1__0               | rst0/p_0_in                                                  |                4 |             16 |
|  clkgen0/xc7l.v/O1                | io0/inst_ADC_TOP/inst_Buffer/n_2_Memory_array[125][15]_i_1__0               | rst0/p_0_in                                                  |                4 |             16 |
|  clkgen0/xc7l.v/O1                | io0/inst_ADC_TOP/inst_Buffer/n_2_Memory_array[127][15]_i_1__0               | rst0/p_0_in                                                  |                4 |             16 |
|  clkgen0/xc7l.v/O1                | io0/inst_ADC_TOP/inst_Buffer/n_2_Memory_array[50][15]_i_1__0                | rst0/p_0_in                                                  |                6 |             16 |
|  clkgen0/xc7l.v/O1                | io0/inst_ADC_TOP/inst_Buffer/n_2_Memory_array[52][15]_i_1__0                | rst0/p_0_in                                                  |                8 |             16 |
|  clkgen0/xc7l.v/O1                | io0/inst_ADC_TOP/inst_Buffer/n_2_Memory_array[54][15]_i_1__0                | rst0/p_0_in                                                  |                6 |             16 |
|  clkgen0/xc7l.v/O1                | io0/inst_ADC_TOP/inst_Buffer/n_2_Memory_array[80][15]_i_1__0                | rst0/p_0_in                                                  |                7 |             16 |
|  clkgen0/xc7l.v/O1                | io0/inst_ADC_TOP/inst_Buffer/n_2_Memory_array[82][15]_i_1__0                | rst0/p_0_in                                                  |                7 |             16 |
|  clkgen0/xc7l.v/O1                | io0/inst_ADC_TOP/inst_Buffer/n_2_Memory_array[84][15]_i_1__0                | rst0/p_0_in                                                  |               10 |             16 |
|  clkgen0/xc7l.v/O1                | io0/inst_ADC_TOP/inst_Buffer/n_2_Memory_array[86][15]_i_1__0                | rst0/p_0_in                                                  |                6 |             16 |
|  clkgen0/xc7l.v/O1                | io0/inst_ADC_TOP/inst_Buffer/n_2_Memory_array[112][15]_i_1__0               | rst0/p_0_in                                                  |                6 |             16 |
|  clkgen0/xc7l.v/O1                | io0/inst_ADC_TOP/inst_Buffer/n_2_Memory_array[114][15]_i_1__0               | rst0/p_0_in                                                  |                5 |             16 |
|  clkgen0/xc7l.v/O1                | io0/inst_ADC_TOP/inst_Buffer/n_2_Memory_array[116][15]_i_1__0               | rst0/p_0_in                                                  |                5 |             16 |
|  clkgen0/xc7l.v/O1                | io0/inst_ADC_TOP/inst_Buffer/n_2_Memory_array[118][15]_i_1__0               | rst0/p_0_in                                                  |                4 |             16 |
|  clkgen0/xc7l.v/O1                | io0/inst_ADC_TOP/inst_Buffer/n_2_Memory_array[24][15]_i_1__0                | rst0/p_0_in                                                  |                8 |             16 |
|  clkgen0/xc7l.v/O1                | io0/inst_ADC_TOP/inst_Buffer/n_2_Memory_array[26][15]_i_1__0                | rst0/p_0_in                                                  |                8 |             16 |
|  clkgen0/xc7l.v/O1                | io0/inst_ADC_TOP/inst_Buffer/n_2_Memory_array[28][15]_i_1__0                | rst0/p_0_in                                                  |                8 |             16 |
|  clkgen0/xc7l.v/O1                | io0/inst_ADC_TOP/inst_Buffer/n_2_Memory_array[30][15]_i_1__0                | rst0/p_0_in                                                  |                7 |             16 |
|  clkgen0/xc7l.v/O1                | io0/inst_ADC_TOP/inst_Buffer/n_2_Memory_array[56][15]_i_1__0                | rst0/p_0_in                                                  |                6 |             16 |
|  clkgen0/xc7l.v/O1                | io0/inst_ADC_TOP/inst_Buffer/n_2_Memory_array[58][15]_i_1__0                | rst0/p_0_in                                                  |                6 |             16 |
|  clkgen0/xc7l.v/O1                | io0/inst_ADC_TOP/inst_Buffer/n_2_Memory_array[60][15]_i_1__0                | rst0/p_0_in                                                  |                6 |             16 |
|  clkgen0/xc7l.v/O1                | io0/inst_ADC_TOP/inst_Buffer/n_2_Memory_array[12][15]_i_1__0                | rst0/p_0_in                                                  |                7 |             16 |
|  clkgen0/xc7l.v/O1                | io0/inst_ADC_TOP/inst_Buffer/n_2_Memory_array[14][15]_i_1__0                | rst0/p_0_in                                                  |                6 |             16 |
|  clkgen0/xc7l.v/O1                | io0/inst_ADC_TOP/inst_Buffer/n_2_Memory_array[40][15]_i_1__0                | rst0/p_0_in                                                  |                7 |             16 |
|  clkgen0/xc7l.v/O1                | io0/inst_ADC_TOP/inst_Buffer/n_2_Memory_array[42][15]_i_1__0                | rst0/p_0_in                                                  |                8 |             16 |
|  clkgen0/xc7l.v/O1                | io0/inst_ADC_TOP/inst_Buffer/n_2_Memory_array[44][15]_i_1__0                | rst0/p_0_in                                                  |                6 |             16 |
|  clkgen0/xc7l.v/O1                | io0/inst_ADC_TOP/inst_Buffer/n_2_Memory_array[46][15]_i_1__0                | rst0/p_0_in                                                  |               10 |             16 |
|  clkgen0/xc7l.v/O1                | io0/inst_ADC_TOP/inst_Buffer/n_2_Memory_array[72][15]_i_1__0                | rst0/p_0_in                                                  |                6 |             16 |
|  clkgen0/xc7l.v/O1                | io0/inst_ADC_TOP/inst_Buffer/n_2_Memory_array[74][15]_i_1__0                | rst0/p_0_in                                                  |                6 |             16 |
|  clkgen0/xc7l.v/O1                | io0/inst_ADC_TOP/inst_Buffer/n_2_Memory_array[76][15]_i_1__0                | rst0/p_0_in                                                  |                4 |             16 |
|  clkgen0/xc7l.v/O1                | io0/inst_ADC_TOP/inst_Buffer/n_2_Memory_array[78][15]_i_1__0                | rst0/p_0_in                                                  |                5 |             16 |
|  clkgen0/xc7l.v/O1                | io0/inst_ADC_TOP/inst_Buffer/n_2_Memory_array[104][15]_i_1__0               | rst0/p_0_in                                                  |                7 |             16 |
|  clkgen0/xc7l.v/O1                | io0/inst_ADC_TOP/inst_Buffer/n_2_Memory_array[106][15]_i_1__0               | rst0/p_0_in                                                  |                6 |             16 |
|  clkgen0/xc7l.v/O1                | io0/inst_ADC_TOP/inst_Buffer/n_2_Memory_array[108][15]_i_1__0               | rst0/p_0_in                                                  |                6 |             16 |
|  clkgen0/xc7l.v/O1                | io0/inst_ADC_TOP/inst_Buffer/n_2_Memory_array[110][15]_i_1__0               | rst0/p_0_in                                                  |                6 |             16 |
|  clkgen0/xc7l.v/O1                | io0/inst_ADC_TOP/inst_Buffer/n_2_Memory_array[16][15]_i_1__0                | rst0/p_0_in                                                  |               10 |             16 |
|  clkgen0/xc7l.v/O1                | io0/inst_ADC_TOP/inst_Buffer/n_2_Memory_array[18][15]_i_1__0                | rst0/p_0_in                                                  |                9 |             16 |
|  clkgen0/xc7l.v/O1                | io0/inst_ADC_TOP/inst_Buffer/n_2_Memory_array[20][15]_i_1__0                | rst0/p_0_in                                                  |                9 |             16 |
|  clkgen0/xc7l.v/O1                | io0/inst_ADC_TOP/inst_Buffer/n_2_Memory_array[22][15]_i_1__0                | rst0/p_0_in                                                  |                8 |             16 |
|  clkgen0/xc7l.v/O1                | io0/inst_ADC_TOP/inst_Buffer/n_2_Memory_array[48][15]_i_1__0                | rst0/p_0_in                                                  |                7 |             16 |
|  clkgen0/xc7l.v/O1                | io0/inst_ADC_TOP/inst_Buffer/n_2_Memory_array[124][15]_i_1__0               | rst0/p_0_in                                                  |                3 |             16 |
|  clkgen0/xc7l.v/O1                | io0/inst_ADC_TOP/inst_Buffer/n_2_Memory_array[122][15]_i_1__0               | rst0/p_0_in                                                  |                5 |             16 |
|  clkgen0/xc7l.v/O1                | mg2.sr1/r_reg[readdata]0                                                    |                                                              |                8 |             16 |
|  clkgen0/xc7l.v/O1                | apb0/O90[0]                                                                 | rst0/p_0_in                                                  |                8 |             16 |
|  clkgen0/xc7l.v/O1                | io0/inst_ADC_TOP/inst_Buffer/n_2_Memory_array[120][15]_i_1__0               | rst0/p_0_in                                                  |                6 |             16 |
|  clkgen0/xc7l.v/O1                | io0/inst_ADC_TOP/inst_Buffer/n_2_Memory_array[92][15]_i_1__0                | rst0/p_0_in                                                  |                6 |             16 |
|  clkgen0/xc7l.v/O1                | io0/inst_ADC_TOP/inst_Buffer/n_2_Memory_array[90][15]_i_1__0                | rst0/p_0_in                                                  |                7 |             16 |
|  clkgen0/xc7l.v/O1                | io0/inst_ADC_TOP/inst_Buffer/n_2_Memory_array[88][15]_i_1__0                | rst0/p_0_in                                                  |               10 |             16 |
|  clkgen0/xc7l.v/O1                | io0/inst_ADC_TOP/inst_Buffer/n_2_Memory_array[62][15]_i_1__0                | rst0/p_0_in                                                  |                5 |             16 |
|  clkgen0/xc7l.v/O1                | io0/inst_ADC_TOP/inst_Buffer/n_2_Memory_array[1][15]_i_1__0                 | rst0/p_0_in                                                  |                6 |             16 |
|  clkgen0/xc7l.v/O1                | io0/inst_ADC_TOP/inst_Buffer/n_2_Memory_array[3][15]_i_1__0                 | rst0/p_0_in                                                  |                8 |             16 |
|  clkgen0/xc7l.v/O1                | io0/inst_ADC_TOP/inst_Buffer/n_2_Memory_array[5][15]_i_1__0                 | rst0/p_0_in                                                  |                6 |             16 |
|  clkgen0/xc7l.v/O1                | io0/inst_ADC_TOP/inst_Buffer/n_2_Memory_array[7][15]_i_1__0                 | rst0/p_0_in                                                  |                6 |             16 |
|  clkgen0/xc7l.v/O1                | io0/inst_ADC_TOP/inst_Buffer/n_2_Memory_array[9][15]_i_1__0                 | rst0/p_0_in                                                  |                7 |             16 |
|  clkgen0/xc7l.v/O1                | io0/inst_ADC_TOP/inst_Buffer/n_2_Memory_array[11][15]_i_1__0                | rst0/p_0_in                                                  |                8 |             16 |
|  clkgen0/xc7l.v/O1                | io0/inst_ADC_TOP/inst_Buffer/n_2_Memory_array[13][15]_i_1__0                | rst0/p_0_in                                                  |                8 |             16 |
|  clkgen0/xc7l.v/O1                | io0/inst_ADC_TOP/inst_Buffer/n_2_Memory_array[15][15]_i_1__0                | rst0/p_0_in                                                  |                8 |             16 |
|  clkgen0/xc7l.v/O1                | io0/inst_ADC_TOP/inst_Buffer/n_2_Memory_array[17][15]_i_1__0                | rst0/p_0_in                                                  |                9 |             16 |
|  clk_IBUF_BUFG                    | io0/inst_top/inst_DAC_BUFFER/n_2_Memory_array[116][15]_i_1                  | rst0/p_0_in                                                  |               11 |             16 |
|  clkgen0/xc7l.v/O1                | eth0.e1/m100.u0/ethc0/ahb0/O7                                               | eth0.e1/m100.u0/ethc0/ahb0/O39                               |                5 |             16 |
|  clkgen0/xc7l.v/O1                | eth0.e1/m100.u0/ethc0/ahb0/O7                                               |                                                              |                4 |             16 |
|  clk_IBUF_BUFG                    | io0/inst_top/inst_DAC_BUFFER/n_2_Memory_array[117][15]_i_1                  | rst0/p_0_in                                                  |               11 |             16 |
|  clk_IBUF_BUFG                    | io0/inst_top/inst_DAC_BUFFER/n_2_Memory_array[118][15]_i_1                  | rst0/p_0_in                                                  |               11 |             16 |
|  clk_IBUF_BUFG                    | io0/inst_top/inst_DAC_BUFFER/n_2_Memory_array[119][15]_i_1                  | rst0/p_0_in                                                  |               11 |             16 |
|  n_2_bufgclk45                    | eth0.e1/m100.u0/ethc0/rx_rmii1.rx0/n_2_r[lentype][15]_i_1                   | eth0.e1/m100.u0/n_2_FSM_onehot_r[def_state][5]_i_1           |                4 |             16 |
|  clk_IBUF_BUFG                    | io0/inst_top/inst_DAC_BUFFER/n_2_Memory_array[120][15]_i_1                  | rst0/p_0_in                                                  |               10 |             16 |
|  clk_IBUF_BUFG                    | io0/inst_top/inst_DAC_BUFFER/n_2_Memory_array[121][15]_i_1                  | rst0/p_0_in                                                  |               10 |             16 |
|  clk_IBUF_BUFG                    | io0/inst_top/inst_DAC_BUFFER/n_2_Memory_array[122][15]_i_1                  | rst0/p_0_in                                                  |               11 |             16 |
|  clk_IBUF_BUFG                    | io0/inst_top/inst_DAC_BUFFER/n_2_Memory_array[123][15]_i_1                  | rst0/p_0_in                                                  |                9 |             16 |
|  clk_IBUF_BUFG                    | io0/inst_top/inst_DAC_BUFFER/n_2_Memory_array[124][15]_i_1                  | rst0/p_0_in                                                  |               10 |             16 |
|  clk_IBUF_BUFG                    | io0/inst_top/inst_DAC_BUFFER/n_2_Memory_array[125][15]_i_1                  | rst0/p_0_in                                                  |               10 |             16 |
|  clk_IBUF_BUFG                    | io0/inst_top/inst_DAC_BUFFER/n_2_Memory_array[126][15]_i_1                  | rst0/p_0_in                                                  |               10 |             16 |
|  clkgen0/xc7l.v/O1                | io0/inst_ADC_TOP/inst_Buffer/n_2_Memory_array[126][15]_i_1__0               | rst0/p_0_in                                                  |                4 |             16 |
|  clk_IBUF_BUFG                    | io0/inst_top/inst_DAC_BUFFER/n_2_Memory_array[127][15]_i_1                  | rst0/p_0_in                                                  |               10 |             16 |
|  n_2_bufgclk45                    |                                                                             | eth0.e1/m100.u0/n_2_FSM_onehot_r[def_state][5]_i_1           |                5 |             16 |
|  clkgen0/xc7l.v/O1                | io0/inst_ADC_TOP/inst_Buffer/n_2_Memory_array[94][15]_i_1__0                | rst0/p_0_in                                                  |                7 |             16 |
|  clkgen0/xc7l.v/O1                | io0/inst_ADC_TOP/inst_Buffer/n_2_Memory_array[55][15]_i_1__0                | rst0/p_0_in                                                  |                7 |             16 |
|  clkgen0/xc7l.v/O1                | io0/inst_ADC_TOP/inst_Buffer/n_2_Memory_array[57][15]_i_1__0                | rst0/p_0_in                                                  |                6 |             16 |
|  clkgen0/xc7l.v/O1                | io0/inst_ADC_TOP/inst_Buffer/n_2_Memory_array[59][15]_i_1__0                | rst0/p_0_in                                                  |                6 |             16 |
|  clkgen0/xc7l.v/O1                | io0/inst_ADC_TOP/inst_Buffer/n_2_Memory_array[61][15]_i_1__0                | rst0/p_0_in                                                  |                5 |             16 |
|  clkgen0/xc7l.v/O1                | io0/inst_ADC_TOP/inst_Buffer/n_2_Memory_array[63][15]_i_1__0                | rst0/p_0_in                                                  |                5 |             16 |
|  clkgen0/xc7l.v/O1                | io0/inst_ADC_TOP/inst_Buffer/n_2_Memory_array[65][15]_i_1__0                | rst0/p_0_in                                                  |                5 |             16 |
|  clkgen0/xc7l.v/O1                | io0/inst_ADC_TOP/inst_Buffer/n_2_Memory_array[67][15]_i_1__0                | rst0/p_0_in                                                  |                7 |             16 |
|  clkgen0/xc7l.v/O1                | io0/inst_ADC_TOP/inst_Buffer/n_2_Memory_array[69][15]_i_1__0                | rst0/p_0_in                                                  |                7 |             16 |
|  clkgen0/xc7l.v/O1                | io0/inst_ADC_TOP/inst_Buffer/n_2_Memory_array[71][15]_i_1__0                | rst0/p_0_in                                                  |                6 |             16 |
|  clkgen0/xc7l.v/O1                | io0/inst_ADC_TOP/inst_Buffer/n_2_Memory_array[73][15]_i_1__0                | rst0/p_0_in                                                  |                5 |             16 |
|  clkgen0/xc7l.v/O1                | io0/inst_ADC_TOP/inst_Buffer/n_2_Memory_array[75][15]_i_1__0                | rst0/p_0_in                                                  |                5 |             16 |
|  clkgen0/xc7l.v/O1                | io0/inst_ADC_TOP/inst_Buffer/n_2_Memory_array[77][15]_i_1__0                | rst0/p_0_in                                                  |                4 |             16 |
|  clkgen0/xc7l.v/O1                | io0/inst_ADC_TOP/inst_Buffer/n_2_Memory_array[79][15]_i_1__0                | rst0/p_0_in                                                  |                5 |             16 |
|  clkgen0/xc7l.v/O1                | io0/inst_ADC_TOP/inst_Buffer/n_2_Memory_array[81][15]_i_1__0                | rst0/p_0_in                                                  |                7 |             16 |
|  clkgen0/xc7l.v/O1                | io0/inst_ADC_TOP/inst_Buffer/n_2_Memory_array[83][15]_i_1__0                | rst0/p_0_in                                                  |                8 |             16 |
|  clkgen0/xc7l.v/O1                | io0/inst_ADC_TOP/inst_Buffer/n_2_Memory_array[85][15]_i_1__0                | rst0/p_0_in                                                  |                4 |             16 |
|  clkgen0/xc7l.v/O1                | io0/inst_ADC_TOP/inst_Buffer/n_2_Memory_array[87][15]_i_1__0                | rst0/p_0_in                                                  |                4 |             16 |
|  clkgen0/xc7l.v/O1                | io0/inst_ADC_TOP/inst_Buffer/n_2_Memory_array[89][15]_i_1__0                | rst0/p_0_in                                                  |                6 |             16 |
|  clkgen0/xc7l.v/O1                | io0/inst_ADC_TOP/inst_Buffer/n_2_Memory_array[19][15]_i_1__0                | rst0/p_0_in                                                  |               10 |             16 |
|  clkgen0/xc7l.v/O1                | io0/inst_ADC_TOP/inst_Buffer/n_2_Memory_array[21][15]_i_1__0                | rst0/p_0_in                                                  |                9 |             16 |
|  clkgen0/xc7l.v/O1                | io0/inst_ADC_TOP/inst_Buffer/n_2_Memory_array[23][15]_i_1__0                | rst0/p_0_in                                                  |               10 |             16 |
|  clkgen0/xc7l.v/O1                | io0/inst_ADC_TOP/inst_Buffer/n_2_Memory_array[25][15]_i_1__0                | rst0/p_0_in                                                  |                9 |             16 |
|  clkgen0/xc7l.v/O1                | io0/inst_ADC_TOP/inst_Buffer/n_2_Memory_array[27][15]_i_1__0                | rst0/p_0_in                                                  |               10 |             16 |
|  clkgen0/xc7l.v/O1                | io0/inst_ADC_TOP/inst_Buffer/n_2_Memory_array[29][15]_i_1__0                | rst0/p_0_in                                                  |                8 |             16 |
|  clkgen0/xc7l.v/O1                | io0/inst_ADC_TOP/inst_Buffer/n_2_Memory_array[31][15]_i_1__0                | rst0/p_0_in                                                  |                8 |             16 |
|  clkgen0/xc7l.v/O1                | io0/inst_ADC_TOP/inst_Buffer/n_2_Memory_array[33][15]_i_1__0                | rst0/p_0_in                                                  |                9 |             16 |
|  clkgen0/xc7l.v/O1                | io0/inst_ADC_TOP/inst_Buffer/n_2_Memory_array[35][15]_i_1__0                | rst0/p_0_in                                                  |                7 |             16 |
|  clkgen0/xc7l.v/O1                | io0/inst_ADC_TOP/inst_Buffer/n_2_Memory_array[37][15]_i_1__0                | rst0/p_0_in                                                  |                7 |             16 |
|  clkgen0/xc7l.v/O1                | io0/inst_ADC_TOP/inst_Buffer/n_2_Memory_array[39][15]_i_1__0                | rst0/p_0_in                                                  |                8 |             16 |
|  clkgen0/xc7l.v/O1                | io0/inst_ADC_TOP/inst_Buffer/n_2_Memory_array[41][15]_i_1__0                | rst0/p_0_in                                                  |                9 |             16 |
|  clkgen0/xc7l.v/O1                | io0/inst_ADC_TOP/inst_Buffer/n_2_Memory_array[43][15]_i_1__0                | rst0/p_0_in                                                  |                8 |             16 |
|  clkgen0/xc7l.v/O1                | io0/inst_ADC_TOP/inst_Buffer/n_2_Memory_array[45][15]_i_1__0                | rst0/p_0_in                                                  |                8 |             16 |
|  clkgen0/xc7l.v/O1                | io0/inst_ADC_TOP/inst_Buffer/n_2_Memory_array[47][15]_i_1__0                | rst0/p_0_in                                                  |                9 |             16 |
|  clkgen0/xc7l.v/O1                | io0/inst_ADC_TOP/inst_Buffer/n_2_Memory_array[49][15]_i_1__0                | rst0/p_0_in                                                  |                5 |             16 |
|  clkgen0/xc7l.v/O1                | io0/inst_ADC_TOP/inst_Buffer/n_2_Memory_array[51][15]_i_1__0                | rst0/p_0_in                                                  |                5 |             16 |
|  clkgen0/xc7l.v/O1                | io0/inst_ADC_TOP/inst_Buffer/n_2_Memory_array[53][15]_i_1__0                | rst0/p_0_in                                                  |                6 |             16 |
|  clkgen0/xc7l.v/O1                | eth0.e1/m100.u0/ethc0/n_2_r[ipcrc][17]_i_1                                  |                                                              |                7 |             18 |
|  clk_IBUF_BUFG                    |                                                                             | rst0/p_0_in                                                  |                7 |             19 |
|  clkgen0/xc7l.v/O1                | leon3gen.cpu[0].u0/leon3x0/p0/iu/n_2_r[w][s][tba][19]_i_1                   | leon3gen.cpu[0].u0/leon3x0/p0/c0mmu/dcache0/O22              |                9 |             20 |
|  clkgen0/xc7l.v/O1                | eth0.e1/m100.u0/ethc0/ahb0/O15                                              | eth0.e1/m100.u0/ethc0/ahb0/O36                               |               12 |             20 |
|  clkgen0/xc7l.v/O1                | apb0/O84[0]                                                                 |                                                              |               11 |             22 |
|  clkgen0/xc7l.v/O1                | apb0/O85[0]                                                                 |                                                              |               10 |             22 |
|  clkgen0/xc7l.v/O1                | eth0.e1/m100.u0/ethc0/v[ewr]                                                | rst0/p_0_in                                                  |               12 |             22 |
|  clkgen0/xc7l.v/O1                | eth0.e1/m100.u0/ethc0/n_2_r[rxbytecount][10]_i_1                            | rst0/p_0_in                                                  |                6 |             22 |
|  clkgen0/xc7l.v/O1                | leon3gen.cpu[0].u0/leon3x0/p0/c0mmu/a0/O177                                 |                                                              |                9 |             23 |
|  clk_IBUF_BUFG                    | io0/inst_top/inst_clk_divider/E[0]                                          | rst0/p_0_in                                                  |               11 |             23 |
|  clkgen0/xc7l.v/O1                |                                                                             | leon3gen.cpu[0].u0/leon3x0/p0/c0mmu/dcache0/SR[0]            |               15 |             24 |
|  clkgen0/xc7l.v/O1                | rst0/O1                                                                     |                                                              |               14 |             25 |
|  clkgen0/xc7l.v/O1                | leon3gen.cpu[0].u0/leon3x0/p0/c0mmu/icache0/n_2_r[waddress][22]_i_1         |                                                              |                9 |             28 |
|  clkgen0/xc7l.v/O1                |                                                                             | eth0.e1/m100.u0/ethc0/tx_rmii1.tx0/tx_rst/O1                 |               17 |             28 |
|  clkgen0/xc7l.v/O1                | leon3gen.dsugen.dsu0/x0/n_2_r[timer][0]_i_1                                 | rst0/p_0_in                                                  |                8 |             30 |
|  clkgen0/xc7l.v/O1                | leon3gen.dsugen.dsu0/x0/E[0]                                                |                                                              |                8 |             30 |
|  clkgen0/xc7l.v/O1                | eth0.e1/m100.u0/ethc0/n_2_r[txaddr][31]_i_1                                 | rst0/p_0_in                                                  |               11 |             30 |
|  clkgen0/xc7l.v/O1                | leon3gen.dsugen.dsu0/x0/O54[0]                                              |                                                              |                8 |             30 |
|  clkgen0/xc7l.v/O1                | leon3gen.cpu[0].u0/leon3x0/p0/c0mmu/dcache0/O18[0]                          |                                                              |               13 |             30 |
|  clkgen0/xc7l.v/O1                | eth0.e1/m100.u0/ethc0/ahb0/O10[0]                                           | rst0/p_0_in                                                  |               14 |             30 |
|  clkgen0/xc7l.v/O1                | leon3gen.dsugen.dsu0/x0/n_2_tb0.tr[tbreg1][addr][31]_i_1                    |                                                              |               11 |             30 |
|  clkgen0/xc7l.v/O1                | leon3gen.cpu[0].u0/leon3x0/p0/iu/n_2_irreg.ir[addr][31]_i_1                 |                                                              |               20 |             30 |
|  clkgen0/xc7l.v/O1                | leon3gen.dsugen.dsu0/x0/n_2_tb0.tr[tbreg2][addr][31]_i_1                    |                                                              |                7 |             30 |
|  clkgen0/xc7l.v/O1                | leon3gen.cpu[0].u0/leon3x0/p0/c0mmu/dcache0/O17                             | leon3gen.cpu[0].u0/leon3x0/p0/c0mmu/dcache0/O22              |               23 |             31 |
|  clkgen0/xc7l.v/O1                | eth0.e1/m100.u0/ethc0/ahb0/E[0]                                             | rst0/p_0_in                                                  |               16 |             31 |
|  n_2_bufgclk45                    | eth0.e1/m100.u0/ethc0/tx_rmii1.tx0/n_2_r[crc][31]_i_2                       | eth0.e1/m100.u0/ethc0/tx_rmii1.tx0/n_2_r[crc][31]_i_1        |                9 |             31 |
|  clkgen0/xc7l.v/O1                | eth0.e1/m100.u0/ethc0/ahb0/O16[0]                                           | rst0/p_0_in                                                  |               13 |             31 |
|  clkgen0/xc7l.v/O1                | apb0/n_2_r[pwdata][31]_i_1                                                  |                                                              |                9 |             32 |
|  n_2_bufgclk45                    | eth0.e1/m100.u0/ethc0/tx_rmii1.tx0/n_2_r[data][31]_i_1                      |                                                              |                9 |             32 |
|  n_2_bufgclk45                    | eth0.e1/m100.u0/ethc0/rx_rmii1.rx0/n_2_r[dataout][31]_i_1                   |                                                              |                8 |             32 |
|  n_2_bufgclk45                    | eth0.e1/m100.u0/ethc0/rx_rmii1.rx0/n_2_r[crc][31]_i_1__0                    |                                                              |                9 |             32 |
|  clkgen0/xc7l.v/O1                | apb0/O88[0]                                                                 | rst0/p_0_in                                                  |               11 |             32 |
|  clkgen0/xc7l.v/O1                | apb0/O92[0]                                                                 |                                                              |                9 |             32 |
|  clkgen0/xc7l.v/O1                | apb0/O99[0]                                                                 |                                                              |               11 |             32 |
|  n_0_11429_BUFG                   |                                                                             |                                                              |               14 |             32 |
|  clkgen0/xc7l.v/O1                | apb0/O100[0]                                                                |                                                              |               12 |             32 |
|  clkgen0/xc7l.v/O1                | leon3gen.dsugen.dsu0/x0/n_2_r[slv][hwdata][31]_i_1                          |                                                              |               14 |             32 |
|  clkgen0/xc7l.v/O1                | leon3gen.dsugen.dsu0/x0/n_2_r[slv][hrdata][31]_i_1                          |                                                              |               18 |             32 |
|  clkgen0/xc7l.v/O1                | eth0.e1/m100.u0/ethc0/ahb0/O6[0]                                            |                                                              |                9 |             32 |
|  clkgen0/xc7l.v/O1                | gpt.timer0/n_2_r[timers][2][value][31]_i_1                                  |                                                              |               11 |             32 |
|  clkgen0/xc7l.v/O1                | leon3gen.cpu[0].u0/leon3x0/p0/iu/n_2_r[w][s][y][31]_i_1                     |                                                              |               26 |             32 |
|  clkgen0/xc7l.v/O1                | leon3gen.cpu[0].u0/leon3x0/p0/c0mmu/dcache0/n_2_r[wb][data2][31]_i_1        | leon3gen.cpu[0].u0/leon3x0/p0/c0mmu/dcache0/SR[0]            |               17 |             32 |
|  clkgen0/xc7l.v/O1                | leon3gen.cpu[0].u0/leon3x0/p0/c0mmu/dcache0/n_2_r[wb][data1][31]_i_1        | leon3gen.cpu[0].u0/leon3x0/p0/c0mmu/dcache0/SR[0]            |               17 |             32 |
|  clkgen0/xc7l.v/O1                | eth0.e1/m100.u0/ethc0/v[tfrpnt]1                                            |                                                              |               12 |             33 |
|  clkgen0/xc7l.v/O1                | leon3gen.cpu[0].u0/leon3x0/p0/c0mmu/dcache0/r_reg[read]0                    |                                                              |               15 |             36 |
|  clkgen0/xc7l.v/O1                | ahb0/ahbmi[hready]                                                          |                                                              |               17 |             38 |
|  clkgen0/xc7l.v/O1                | eth0.e1/m100.u0/ethc0/write                                                 |                                                              |                6 |             48 |
|  clkgen0/xc7l.v/O1                | leon3gen.cpu[0].u0/leon3x0/p0/c0mmu/dcache0/O19                             |                                                              |               31 |             52 |
|  clkgen0/xc7l.v/O1                | leon3gen.cpu[0].u0/leon3x0/p0/c0mmu/icache0/O17[0]                          |                                                              |               32 |             66 |
|  n_2_bufgclk45                    |                                                                             |                                                              |               37 |             82 |
|  clkgen0/xc7l.v/O1                |                                                                             | rst0/p_0_in                                                  |               98 |            199 |
|  clkgen0/xc7l.v/O1                | leon3gen.cpu[0].u0/leon3x0/p0/c0mmu/dcache0/O17                             |                                                              |              279 |            677 |
|  clkgen0/xc7l.v/O1                |                                                                             |                                                              |              614 |           1496 |
+-----------------------------------+-----------------------------------------------------------------------------+--------------------------------------------------------------+------------------+----------------+


