Copyright 1986-1999, 2001-2013 Xilinx, Inc. All Rights Reserved.
-------------------------------------------------------------------------------------------------------------
| Tool Version     : Vivado v.2013.4 (lin64) Build 353583 Mon Dec  9 17:26:26 MST 2013
| Date             : Thu Apr  3 17:21:56 2014
| Host             : joel-MacBookPro running 64-bit unknown
| Command          : report_power -file leon3mp_power_routed.rpt -pb leon3mp_power_summary_routed.pb
| Design           : leon3mp
| Device           : xc7a100tcsg324-1
| Design State     : Routed
| Grade            : commercial
| Process          : typical
| Characterization : Production
-------------------------------------------------------------------------------------------------------------

Power Report

Table of Contents
-----------------
1. Summary
1.1 On-Chip Components
1.2 Power Supply Summary
1.3 Confidence Level
2. Settings
2.1 Environment
2.2 Clock Constraints
3. Detailed Reports
3.1 By Hierarchy

1. Summary
----------

+--------------------------+-------+
| Total On-Chip Power (W)  | 0.530 |
| Dynamic (W)              | 0.431 |
| Device Static (W)        | 0.099 |
| Total Off-Chip Power (W) | 0.000 |
| Effective TJA (C/W)      | 4.6   |
| Max Ambient (C)          | 82.6  |
| Junction Temperature (C) | 27.4  |
| Confidence Level         | Low   |
| Setting File             | ---   |
| Simulation Activity File | ---   |
| Design Nets Matched      | NA    |
+--------------------------+-------+


1.1 On-Chip Components
----------------------

+--------------------------+-----------+----------+-----------+-----------------+
| On-Chip                  | Power (W) | Used     | Available | Utilization (%) |
+--------------------------+-----------+----------+-----------+-----------------+
| Clocks                   |     0.021 |       15 |       --- |             --- |
| Slice Logic              |     0.015 |    25127 |       --- |             --- |
|   LUT as Logic           |     0.014 |    11462 |     63400 |           18.07 |
|   Register               |    <0.001 |    10388 |    126800 |            8.19 |
|   CARRY4                 |    <0.001 |      200 |     15850 |            1.26 |
|   F7/F8 Muxes            |    <0.001 |     1458 |     63400 |            2.29 |
|   LUT as Shift Register  |    <0.001 |       89 |     19000 |            0.46 |
|   BUFG                   |    <0.001 |        1 |        32 |            3.12 |
|   LUT as Distributed RAM |    <0.001 |       24 |     19000 |            0.12 |
|   Others                 |     0.000 |      157 |       --- |             --- |
| Signals                  |     0.023 |    19804 |       --- |             --- |
| Block RAM                |     0.015 |       19 |       135 |           14.07 |
| MMCM                     |     0.000 |        1 |         6 |           16.66 |
| PLL                      |     0.196 |        2 |         6 |           33.33 |
| DSPs                     |     0.003 |        7 |       240 |            2.91 |
| I/O                      |     0.031 |      103 |       210 |           49.04 |
| XADC                     |    <0.001 |        1 |       --- |             --- |
| Static Power             |     0.099 |          |           |                 |
| Total                    |     0.530 |          |           |                 |
+--------------------------+-----------+----------+-----------+-----------------+


1.2 Power Supply Summary
------------------------

+-----------+-------------+-----------+-------------+------------+
| Source    | Voltage (V) | Total (A) | Dynamic (A) | Static (A) |
+-----------+-------------+-----------+-------------+------------+
| Vccint    |       1.000 |     0.107 |       0.090 |      0.016 |
| Vccaux    |       1.800 |     0.190 |       0.172 |      0.018 |
| Vcco33    |       3.300 |     0.013 |       0.009 |      0.004 |
| Vcco25    |       2.500 |     0.000 |       0.000 |      0.000 |
| Vcco18    |       1.800 |     0.000 |       0.000 |      0.000 |
| Vcco15    |       1.500 |     0.000 |       0.000 |      0.000 |
| Vcco135   |       1.350 |     0.000 |       0.000 |      0.000 |
| Vcco12    |       1.200 |     0.000 |       0.000 |      0.000 |
| Vccaux_io |       0.000 |     0.000 |       0.000 |      0.000 |
| Vccbram   |       1.000 |     0.002 |       0.001 |      0.000 |
| MGTAVcc   |       1.000 |     0.000 |       0.000 |      0.000 |
| MGTAVtt   |       1.200 |     0.000 |       0.000 |      0.000 |
| Vccadc    |       1.800 |     0.020 |       0.000 |      0.020 |
+-----------+-------------+-----------+-------------+------------+


1.3 Confidence Level
--------------------

+-----------------------------+------------+--------------------------------------------------------+------------------------------------------------------------------------------------------------------------+
| User Input Data             | Confidence | Details                                                | Action                                                                                                     |
+-----------------------------+------------+--------------------------------------------------------+------------------------------------------------------------------------------------------------------------+
| Design implementation state | High       | Design is completely routed                            |                                                                                                            |
| Clock nodes activity        | High       | User specified more than 95% of clocks                 |                                                                                                            |
| I/O nodes activity          | Low        | More than 75% of inputs are missing user specification | Provide missing input activity with simulation results or by editing the "By Resource Type -> I/Os" view   |
| Internal nodes activity     | Medium     | User specified less than 25% of internal nodes         | Provide missing internal nodes activity with simulation results or by editing the "By Resource Type" views |
| Device models               | High       | Device models are Production                           |                                                                                                            |
|                             |            |                                                        |                                                                                                            |
| Overall confidence level    | Low        |                                                        |                                                                                                            |
+-----------------------------+------------+--------------------------------------------------------+------------------------------------------------------------------------------------------------------------+


2. Settings
-----------

2.1 Environment
---------------

+-----------------------+--------------------------+
| Ambient Temp (C)      | 25.0                     |
| ThetaJA (C/W)         | 4.6                      |
| Airflow (LFM)         | 250                      |
| Heat Sink             | medium (Medium Profile)  |
| ThetaSA (C/W)         | 4.6                      |
| Board Selection       | medium (10"x10")         |
| # of Board Layers     | 12to15 (12 to 15 Layers) |
| Board Temperature (C) | 25.0                     |
+-----------------------+--------------------------+


2.2 Clock Constraints
---------------------

+-----------------------------------+-----------------------------------+-----------------+
| Clock                             | Domain                            | Constraint (ns) |
+-----------------------------------+-----------------------------------+-----------------+
| CLKFBOUT                          | CLKFBOUT                          |            10.0 |
| CLKOUT0                           | CLKOUT0                           |            20.0 |
| CLKOUT1                           | CLKOUT1                           |            20.0 |
| O                                 | O                                 |            20.0 |
| clk                               | clk                               |            10.0 |
| clk_BUFG                          | clk_BUFG                          |            10.0 |
| clkgen0/xc7l.v/CLKFBOUT           | clkgen0/xc7l.v/CLKFBOUT           |            10.0 |
| clkgen0/xc7l.v/CLKOUT0            | clkgen0/xc7l.v/CLKOUT0            |            20.0 |
| clkgen0/xc7l.v/O1                 | clkgen0/xc7l.v/O1                 |            20.0 |
| io0/inst_top/inst_DMC/U0/CLKFBOUT | io0/inst_top/inst_DMC/U0/CLKFBOUT |            50.0 |
| io0/inst_top/inst_DMC/U0/CLKOUT0  | io0/inst_top/inst_DMC/U0/CLKOUT0  |            11.1 |
| io0/inst_top/inst_DMC/U0/O        | io0/inst_top/inst_DMC/U0/O        |            50.0 |
| io0/inst_top/inst_DMC/U0/clk_out1 | io0/inst_top/inst_DMC/U0/clk_out1 |            11.1 |
| n_2_bufgclk45                     | n_2_bufgclk45                     |            20.0 |
| xlnx_opt_                         | xlnx_opt_                         |            10.0 |
+-----------------------------------+-----------------------------------+-----------------+


3. Detailed Reports
-------------------

3.1 By Hierarchy
----------------

+---------------------------------------------------------------------------------------------------------------------------------------------------+-----------+
| Name                                                                                                                                              | Power (W) |
+---------------------------------------------------------------------------------------------------------------------------------------------------+-----------+
| leon3mp                                                                                                                                           |     0.431 |
|   adderahb_if                                                                                                                                     |     0.001 |
|   ahb0                                                                                                                                            |    <0.001 |
|   apb0                                                                                                                                            |    <0.001 |
|   bdr                                                                                                                                             |     0.001 |
|     v[0].x0                                                                                                                                       |    <0.001 |
|       xcv.x0                                                                                                                                      |    <0.001 |
|         ttl0.slow0.op                                                                                                                             |    <0.001 |
|     v[1].x0                                                                                                                                       |    <0.001 |
|       xcv.x0                                                                                                                                      |    <0.001 |
|         ttl0.slow0.op                                                                                                                             |    <0.001 |
|     v[2].x0                                                                                                                                       |    <0.001 |
|       xcv.x0                                                                                                                                      |    <0.001 |
|         ttl0.slow0.op                                                                                                                             |    <0.001 |
|     v[3].x0                                                                                                                                       |    <0.001 |
|       xcv.x0                                                                                                                                      |    <0.001 |
|         ttl0.slow0.op                                                                                                                             |    <0.001 |
|     v[4].x0                                                                                                                                       |    <0.001 |
|       xcv.x0                                                                                                                                      |    <0.001 |
|         ttl0.slow0.op                                                                                                                             |    <0.001 |
|     v[5].x0                                                                                                                                       |    <0.001 |
|       xcv.x0                                                                                                                                      |    <0.001 |
|         ttl0.slow0.op                                                                                                                             |    <0.001 |
|     v[6].x0                                                                                                                                       |    <0.001 |
|       xcv.x0                                                                                                                                      |    <0.001 |
|         ttl0.slow0.op                                                                                                                             |    <0.001 |
|     v[7].x0                                                                                                                                       |    <0.001 |
|       xcv.x0                                                                                                                                      |    <0.001 |
|         ttl0.slow0.op                                                                                                                             |    <0.001 |
|   bdr2                                                                                                                                            |     0.001 |
|     v[0].x0                                                                                                                                       |    <0.001 |
|       xcv.x0                                                                                                                                      |    <0.001 |
|         ttl0.slow0.op                                                                                                                             |    <0.001 |
|     v[1].x0                                                                                                                                       |    <0.001 |
|       xcv.x0                                                                                                                                      |    <0.001 |
|         ttl0.slow0.op                                                                                                                             |    <0.001 |
|     v[2].x0                                                                                                                                       |    <0.001 |
|       xcv.x0                                                                                                                                      |    <0.001 |
|         ttl0.slow0.op                                                                                                                             |    <0.001 |
|     v[3].x0                                                                                                                                       |    <0.001 |
|       xcv.x0                                                                                                                                      |    <0.001 |
|         ttl0.slow0.op                                                                                                                             |    <0.001 |
|     v[4].x0                                                                                                                                       |    <0.001 |
|       xcv.x0                                                                                                                                      |    <0.001 |
|         ttl0.slow0.op                                                                                                                             |    <0.001 |
|     v[5].x0                                                                                                                                       |    <0.001 |
|       xcv.x0                                                                                                                                      |    <0.001 |
|         ttl0.slow0.op                                                                                                                             |    <0.001 |
|     v[6].x0                                                                                                                                       |    <0.001 |
|       xcv.x0                                                                                                                                      |    <0.001 |
|         ttl0.slow0.op                                                                                                                             |    <0.001 |
|     v[7].x0                                                                                                                                       |    <0.001 |
|       xcv.x0                                                                                                                                      |    <0.001 |
|         ttl0.slow0.op                                                                                                                             |    <0.001 |
|   bpromgen.brom                                                                                                                                   |    <0.001 |
|   clkgen0                                                                                                                                         |     0.102 |
|     xc7l.v                                                                                                                                        |     0.102 |
|   eth0.e1                                                                                                                                         |     0.010 |
|     m100.u0                                                                                                                                       |     0.010 |
|       edclramnft.r0                                                                                                                               |    <0.001 |
|         xc2v.x0                                                                                                                                   |    <0.001 |
|           a6.x0                                                                                                                                   |    <0.001 |
|       edclramnft.r1                                                                                                                               |    <0.001 |
|         xc2v.x0                                                                                                                                   |    <0.001 |
|           a6.x0                                                                                                                                   |    <0.001 |
|       ethc0                                                                                                                                       |     0.007 |
|         ahb0                                                                                                                                      |     0.001 |
|         rx_rmii1.rx0                                                                                                                              |     0.001 |
|         tx_rmii1.tx0                                                                                                                              |    <0.001 |
|           tx_rst                                                                                                                                  |    <0.001 |
|       nft.rx_fifo0                                                                                                                                |    <0.001 |
|         xc2v.x0                                                                                                                                   |    <0.001 |
|           a0.x0                                                                                                                                   |    <0.001 |
|             rfd_reg_0_3_0_5                                                                                                                       |    <0.001 |
|             rfd_reg_0_3_12_17                                                                                                                     |    <0.001 |
|             rfd_reg_0_3_18_23                                                                                                                     |    <0.001 |
|             rfd_reg_0_3_24_29                                                                                                                     |    <0.001 |
|             rfd_reg_0_3_30_31                                                                                                                     |    <0.001 |
|             rfd_reg_0_3_6_11                                                                                                                      |    <0.001 |
|       nft.tx_fifo0                                                                                                                                |    <0.001 |
|         xc2v.x0                                                                                                                                   |    <0.001 |
|           a6.x0                                                                                                                                   |    <0.001 |
|   ethpads.emdc_pad                                                                                                                                |    <0.001 |
|     xcv.x0                                                                                                                                        |    <0.001 |
|   ethpads.emdio_pad                                                                                                                               |    <0.001 |
|     xcv.x0                                                                                                                                        |    <0.001 |
|       ttl0.slow0.op                                                                                                                               |    <0.001 |
|   ethpads.erxcr_pad                                                                                                                               |    <0.001 |
|     xcv.x0                                                                                                                                        |    <0.001 |
|   ethpads.erxd_pad                                                                                                                                |    <0.001 |
|     v[0].x0                                                                                                                                       |    <0.001 |
|       xcv.x0                                                                                                                                      |    <0.001 |
|     v[1].x0                                                                                                                                       |    <0.001 |
|       xcv.x0                                                                                                                                      |    <0.001 |
|   ethpads.etxd_pad                                                                                                                                |    <0.001 |
|     v[0].x0                                                                                                                                       |    <0.001 |
|       xcv.x0                                                                                                                                      |    <0.001 |
|     v[1].x0                                                                                                                                       |    <0.001 |
|       xcv.x0                                                                                                                                      |    <0.001 |
|   ethpads.etxen_pad                                                                                                                               |    <0.001 |
|     xcv.x0                                                                                                                                        |    <0.001 |
|   etxc_pad                                                                                                                                        |     0.006 |
|     xcv.x0                                                                                                                                        |     0.006 |
|   gpt.timer0                                                                                                                                      |    <0.001 |
|   io0                                                                                                                                             |     0.146 |
|     inst_ADC_TOP                                                                                                                                  |     0.013 |
|       inst_ADC                                                                                                                                    |     0.001 |
|       inst_Buffer                                                                                                                                 |     0.009 |
|       inst_fir                                                                                                                                    |     0.003 |
|         U0                                                                                                                                        |     0.003 |
|           i_synth                                                                                                                                 |     0.003 |
|             g_single_rate.i_single_rate/g_s_data_chan_fifo.i_s_data_chan_fifo/fifo0                                                               |    <0.001 |
|             g_single_rate.i_single_rate/g_semi_parallel_and_smac.g_paths[0].g_data_array.g_madd[0].g_coln_cntrl_and_addr[0].i_coln_cntrl_and_addr |     0.000 |
|             g_single_rate.i_single_rate/g_semi_parallel_and_smac.g_paths[0].g_mem_array[0].i_mem/g_individual.g_mem_b.i_mem_b                     |    <0.001 |
|             g_single_rate.i_single_rate/g_semi_parallel_and_smac.g_paths[0].g_mem_array[0].i_mem/g_individual.i_mem_a                             |    <0.001 |
|             g_single_rate.i_single_rate/g_semi_parallel_and_smac.g_paths[0].g_mem_array[1].i_mem/g_individual.i_mem_a                             |    <0.001 |
|             g_single_rate.i_single_rate/g_semi_parallel_and_smac.g_paths[1].g_mem_array[0].i_mem/g_individual.i_mem_a                             |    <0.001 |
|     inst_top                                                                                                                                      |     0.131 |
|       Inst_PWM                                                                                                                                    |    <0.001 |
|       inst_DAC_buffer                                                                                                                             |     0.003 |
|       inst_DMC                                                                                                                                    |     0.127 |
|         U0                                                                                                                                        |     0.127 |
|   irqctrl.irqctrl0                                                                                                                                |    <0.001 |
|   leon3gen.cpu[0].u0                                                                                                                              |     0.037 |
|     leon3x0                                                                                                                                       |     0.037 |
|       cmem0                                                                                                                                       |     0.013 |
|         dme.dd0[0].ddata0                                                                                                                         |     0.001 |
|           xc2v.x0                                                                                                                                 |     0.001 |
|         dme.dd0[1].ddata0                                                                                                                         |     0.001 |
|           xc2v.x0                                                                                                                                 |     0.001 |
|         dme.dtags0.dt0[0].dtags0                                                                                                                  |     0.002 |
|           xc2v.x0                                                                                                                                 |     0.002 |
|         dme.dtags0.dt0[1].dtags0                                                                                                                  |     0.002 |
|           xc2v.x0                                                                                                                                 |     0.002 |
|         ime.im0[0].idata0                                                                                                                         |     0.002 |
|           xc2v.x0                                                                                                                                 |     0.002 |
|         ime.im0[0].itags0                                                                                                                         |     0.001 |
|           xc2v.x0                                                                                                                                 |     0.001 |
|         ime.im0[1].idata0                                                                                                                         |     0.002 |
|           xc2v.x0                                                                                                                                 |     0.002 |
|         ime.im0[1].itags0                                                                                                                         |     0.001 |
|           xc2v.x0                                                                                                                                 |     0.001 |
|       p0                                                                                                                                          |     0.024 |
|         c0mmu                                                                                                                                     |     0.007 |
|           a0                                                                                                                                      |    <0.001 |
|           dcache0                                                                                                                                 |     0.003 |
|           icache0                                                                                                                                 |     0.003 |
|         iu                                                                                                                                        |     0.015 |
|         mgen.div0                                                                                                                                 |     0.001 |
|         mgen.mul0                                                                                                                                 |    <0.001 |
|           xm3232.m3232                                                                                                                            |    <0.001 |
|             pipe2.arch0.dwm                                                                                                                       |    <0.001 |
|       rf0                                                                                                                                         |    <0.001 |
|         s1.rhu                                                                                                                                    |    <0.001 |
|           s1.dp.x0                                                                                                                                |    <0.001 |
|             xc2v.x0                                                                                                                               |    <0.001 |
|               a6.x0                                                                                                                               |    <0.001 |
|           s1.dp.x1                                                                                                                                |    <0.001 |
|             xc2v.x0                                                                                                                               |    <0.001 |
|               a6.x0                                                                                                                               |    <0.001 |
|       tbmem_gen.tbmem0                                                                                                                            |    <0.001 |
|         mem0[0].ram0                                                                                                                              |    <0.001 |
|           nopar.s64.xc2v.x0                                                                                                                       |    <0.001 |
|         mem0[1].ram0                                                                                                                              |    <0.001 |
|           nopar.s64.xc2v.x0                                                                                                                       |    <0.001 |
|   leon3gen.dsugen.dsu0                                                                                                                            |     0.003 |
|     x0                                                                                                                                            |     0.003 |
|       tb0.mem0                                                                                                                                    |     0.001 |
|         mem0[0].ram0                                                                                                                              |    <0.001 |
|           nopar.s64.xc2v.x0                                                                                                                       |    <0.001 |
|         mem0[1].ram0                                                                                                                              |    <0.001 |
|           nopar.s64.xc2v.x0                                                                                                                       |    <0.001 |
|   mg2.sr1                                                                                                                                         |    <0.001 |
|   mgpads.addr_pad                                                                                                                                 |     0.015 |
|     v[0].x0                                                                                                                                       |    <0.001 |
|       xcv.x0                                                                                                                                      |    <0.001 |
|     v[10].x0                                                                                                                                      |    <0.001 |
|       xcv.x0                                                                                                                                      |    <0.001 |
|     v[11].x0                                                                                                                                      |    <0.001 |
|       xcv.x0                                                                                                                                      |    <0.001 |
|     v[12].x0                                                                                                                                      |    <0.001 |
|       xcv.x0                                                                                                                                      |    <0.001 |
|     v[13].x0                                                                                                                                      |    <0.001 |
|       xcv.x0                                                                                                                                      |    <0.001 |
|     v[14].x0                                                                                                                                      |    <0.001 |
|       xcv.x0                                                                                                                                      |    <0.001 |
|     v[15].x0                                                                                                                                      |    <0.001 |
|       xcv.x0                                                                                                                                      |    <0.001 |
|     v[16].x0                                                                                                                                      |    <0.001 |
|       xcv.x0                                                                                                                                      |    <0.001 |
|     v[17].x0                                                                                                                                      |    <0.001 |
|       xcv.x0                                                                                                                                      |    <0.001 |
|     v[18].x0                                                                                                                                      |    <0.001 |
|       xcv.x0                                                                                                                                      |    <0.001 |
|     v[19].x0                                                                                                                                      |    <0.001 |
|       xcv.x0                                                                                                                                      |    <0.001 |
|     v[1].x0                                                                                                                                       |    <0.001 |
|       xcv.x0                                                                                                                                      |    <0.001 |
|     v[20].x0                                                                                                                                      |    <0.001 |
|       xcv.x0                                                                                                                                      |    <0.001 |
|     v[21].x0                                                                                                                                      |    <0.001 |
|       xcv.x0                                                                                                                                      |    <0.001 |
|     v[22].x0                                                                                                                                      |    <0.001 |
|       xcv.x0                                                                                                                                      |    <0.001 |
|     v[2].x0                                                                                                                                       |    <0.001 |
|       xcv.x0                                                                                                                                      |    <0.001 |
|     v[3].x0                                                                                                                                       |    <0.001 |
|       xcv.x0                                                                                                                                      |    <0.001 |
|     v[4].x0                                                                                                                                       |    <0.001 |
|       xcv.x0                                                                                                                                      |    <0.001 |
|     v[5].x0                                                                                                                                       |    <0.001 |
|       xcv.x0                                                                                                                                      |    <0.001 |
|     v[6].x0                                                                                                                                       |    <0.001 |
|       xcv.x0                                                                                                                                      |    <0.001 |
|     v[7].x0                                                                                                                                       |    <0.001 |
|       xcv.x0                                                                                                                                      |    <0.001 |
|     v[8].x0                                                                                                                                       |    <0.001 |
|       xcv.x0                                                                                                                                      |    <0.001 |
|     v[9].x0                                                                                                                                       |    <0.001 |
|       xcv.x0                                                                                                                                      |    <0.001 |
|   mgpads.cs_pad                                                                                                                                   |    <0.001 |
|     xcv.x0                                                                                                                                        |    <0.001 |
|   mgpads.lb_pad                                                                                                                                   |    <0.001 |
|     xcv.x0                                                                                                                                        |    <0.001 |
|   mgpads.oen_pad                                                                                                                                  |    <0.001 |
|     xcv.x0                                                                                                                                        |    <0.001 |
|   mgpads.ub_pad                                                                                                                                   |    <0.001 |
|     xcv.x0                                                                                                                                        |    <0.001 |
|   mgpads.wri_pad                                                                                                                                  |    <0.001 |
|     xcv.x0                                                                                                                                        |    <0.001 |
|   rst0                                                                                                                                            |    <0.001 |
|   ua1.dsurx_pad                                                                                                                                   |    <0.001 |
|     xcv.x0                                                                                                                                        |    <0.001 |
|   ua1.dsutx_pad                                                                                                                                   |    <0.001 |
|     xcv.x0                                                                                                                                        |    <0.001 |
|   ua1.uart1                                                                                                                                       |    <0.001 |
+---------------------------------------------------------------------------------------------------------------------------------------------------+-----------+


