\BOOKMARK [1][-]{section.4.1}{\376\377\000D\000e\000s\000i\000g\000n\000\040\000U\000n\000i\000t\000\040\000H\000i\000e\000r\000a\000r\000c\000h\000y}{}% 1
\BOOKMARK [1][-]{section.4.2}{\376\377\000D\000e\000s\000i\000g\000n\000\040\000U\000n\000i\000t\000\040\000L\000i\000s\000t}{}% 2
\BOOKMARK [1][-]{section.4.3}{\376\377\000F\000i\000l\000e\000\040\000L\000i\000s\000t}{}% 3
\BOOKMARK [1][-]{section.4.4}{\376\377\000A\000D\000C\000\137\000b\000u\000f\000f\000e\000r\000\040\000E\000n\000t\000i\000t\000y\000\040\000R\000e\000f\000e\000r\000e\000n\000c\000e}{}% 4
\BOOKMARK [2][-]{subsection.4.4.1}{\376\377\000D\000e\000t\000a\000i\000l\000e\000d\000\040\000D\000e\000s\000c\000r\000i\000p\000t\000i\000o\000n}{section.4.4}% 5
\BOOKMARK [1][-]{section.4.5}{\376\377\000A\000D\000C\000\137\000T\000O\000P\000\040\000E\000n\000t\000i\000t\000y\000\040\000R\000e\000f\000e\000r\000e\000n\000c\000e}{}% 6
\BOOKMARK [2][-]{subsection.4.5.1}{\376\377\000D\000e\000t\000a\000i\000l\000e\000d\000\040\000D\000e\000s\000c\000r\000i\000p\000t\000i\000o\000n}{section.4.5}% 7
\BOOKMARK [1][-]{section.4.6}{\376\377\000A\000P\000B\000\137\000i\000n\000t\000e\000r\000f\000a\000c\000e\000\040\000A\000r\000c\000h\000i\000t\000e\000c\000t\000u\000r\000e\000\040\000R\000e\000f\000e\000r\000e\000n\000c\000e}{}% 8
\BOOKMARK [2][-]{subsection.4.6.1}{\376\377\000D\000e\000t\000a\000i\000l\000e\000d\000\040\000D\000e\000s\000c\000r\000i\000p\000t\000i\000o\000n}{section.4.6}% 9
\BOOKMARK [1][-]{section.4.7}{\376\377\000B\000C\000D\000\137\000b\000l\000o\000c\000k\000\040\000E\000n\000t\000i\000t\000y\000\040\000R\000e\000f\000e\000r\000e\000n\000c\000e}{}% 10
\BOOKMARK [2][-]{subsection.4.7.1}{\376\377\000D\000e\000t\000a\000i\000l\000e\000d\000\040\000D\000e\000s\000c\000r\000i\000p\000t\000i\000o\000n}{section.4.7}% 11
\BOOKMARK [1][-]{section.4.8}{\376\377\000b\000i\000n\0002\000b\000c\000d\000\040\000E\000n\000t\000i\000t\000y\000\040\000R\000e\000f\000e\000r\000e\000n\000c\000e}{}% 12
\BOOKMARK [2][-]{subsection.4.8.1}{\376\377\000D\000e\000t\000a\000i\000l\000e\000d\000\040\000D\000e\000s\000c\000r\000i\000p\000t\000i\000o\000n}{section.4.8}% 13
\BOOKMARK [1][-]{section.4.9}{\376\377\000b\000o\000u\000n\000c\000e\000\137\000f\000i\000l\000t\000e\000r\000\040\000E\000n\000t\000i\000t\000y\000\040\000R\000e\000f\000e\000r\000e\000n\000c\000e}{}% 14
\BOOKMARK [2][-]{subsection.4.9.1}{\376\377\000D\000e\000t\000a\000i\000l\000e\000d\000\040\000D\000e\000s\000c\000r\000i\000p\000t\000i\000o\000n}{section.4.9}% 15
\BOOKMARK [1][-]{section.4.10}{\376\377\000B\000u\000f\000f\000e\000r\000\137\000A\000D\000C\000\040\000A\000r\000c\000h\000i\000t\000e\000c\000t\000u\000r\000e\000\040\000R\000e\000f\000e\000r\000e\000n\000c\000e}{}% 16
\BOOKMARK [2][-]{subsection.4.10.1}{\376\377\000D\000e\000t\000a\000i\000l\000e\000d\000\040\000D\000e\000s\000c\000r\000i\000p\000t\000i\000o\000n}{section.4.10}% 17
\BOOKMARK [1][-]{section.4.11}{\376\377\000B\000u\000f\000f\000e\000r\000\137\000d\000a\000c\000\040\000A\000r\000c\000h\000i\000t\000e\000c\000t\000u\000r\000e\000\040\000R\000e\000f\000e\000r\000e\000n\000c\000e}{}% 18
\BOOKMARK [2][-]{subsection.4.11.1}{\376\377\000D\000e\000t\000a\000i\000l\000e\000d\000\040\000D\000e\000s\000c\000r\000i\000p\000t\000i\000o\000n}{section.4.11}% 19
\BOOKMARK [1][-]{section.4.12}{\376\377\000b\000u\000t\000t\000o\000n\000\137\000a\000n\000d\000\137\000h\000e\000x\000\137\000w\000r\000a\000p\000p\000e\000r\000\040\000E\000n\000t\000i\000t\000y\000\040\000R\000e\000f\000e\000r\000e\000n\000c\000e}{}% 20
\BOOKMARK [2][-]{subsection.4.12.1}{\376\377\000D\000e\000t\000a\000i\000l\000e\000d\000\040\000D\000e\000s\000c\000r\000i\000p\000t\000i\000o\000n}{section.4.12}% 21
\BOOKMARK [1][-]{section.4.13}{\376\377\000b\000u\000t\000t\000o\000n\000\137\000c\000o\000n\000t\000r\000o\000l\000\040\000E\000n\000t\000i\000t\000y\000\040\000R\000e\000f\000e\000r\000e\000n\000c\000e}{}% 22
\BOOKMARK [1][-]{section.4.14}{\376\377\000c\000l\000k\000\137\000d\000i\000v\000\137\000D\000A\000C\000\040\000A\000r\000c\000h\000i\000t\000e\000c\000t\000u\000r\000e\000\040\000R\000e\000f\000e\000r\000e\000n\000c\000e}{}% 23
\BOOKMARK [2][-]{subsection.4.14.1}{\376\377\000D\000e\000t\000a\000i\000l\000e\000d\000\040\000D\000e\000s\000c\000r\000i\000p\000t\000i\000o\000n}{section.4.14}% 24
\BOOKMARK [1][-]{section.4.15}{\376\377\000c\000l\000k\000\137\000d\000i\000v\000\137\000s\000e\000v\000e\000n\000\040\000A\000r\000c\000h\000i\000t\000e\000c\000t\000u\000r\000e\000\040\000R\000e\000f\000e\000r\000e\000n\000c\000e}{}% 25
\BOOKMARK [2][-]{subsection.4.15.1}{\376\377\000D\000e\000t\000a\000i\000l\000e\000d\000\040\000D\000e\000s\000c\000r\000i\000p\000t\000i\000o\000n}{section.4.15}% 26
\BOOKMARK [1][-]{section.4.16}{\376\377\000c\000l\000k\000\137\000d\000i\000v\000\137\000s\000e\000v\000e\000n\000\137\000s\000e\000g\000\040\000E\000n\000t\000i\000t\000y\000\040\000R\000e\000f\000e\000r\000e\000n\000c\000e}{}% 27
\BOOKMARK [2][-]{subsection.4.16.1}{\376\377\000D\000e\000t\000a\000i\000l\000e\000d\000\040\000D\000e\000s\000c\000r\000i\000p\000t\000i\000o\000n}{section.4.16}% 28
\BOOKMARK [1][-]{section.4.17}{\376\377\000c\000l\000k\000\137\000d\000i\000v\000i\000d\000e\000\040\000E\000n\000t\000i\000t\000y\000\040\000R\000e\000f\000e\000r\000e\000n\000c\000e}{}% 29
\BOOKMARK [2][-]{subsection.4.17.1}{\376\377\000D\000e\000t\000a\000i\000l\000e\000d\000\040\000D\000e\000s\000c\000r\000i\000p\000t\000i\000o\000n}{section.4.17}% 30
\BOOKMARK [1][-]{section.4.18}{\376\377\000c\000o\000n\000t\000r\000o\000l\000\137\000b\000u\000t\000t\000o\000n\000\040\000A\000r\000c\000h\000i\000t\000e\000c\000t\000u\000r\000e\000\040\000R\000e\000f\000e\000r\000e\000n\000c\000e}{}% 31
\BOOKMARK [2][-]{subsection.4.18.1}{\376\377\000D\000e\000t\000a\000i\000l\000e\000d\000\040\000D\000e\000s\000c\000r\000i\000p\000t\000i\000o\000n}{section.4.18}% 32
\BOOKMARK [1][-]{section.4.19}{\376\377\000c\000o\000n\000v\000e\000r\000t\000e\000r\000\040\000A\000r\000c\000h\000i\000t\000e\000c\000t\000u\000r\000e\000\040\000R\000e\000f\000e\000r\000e\000n\000c\000e}{}% 33
\BOOKMARK [2][-]{subsection.4.19.1}{\376\377\000D\000e\000t\000a\000i\000l\000e\000d\000\040\000D\000e\000s\000c\000r\000i\000p\000t\000i\000o\000n}{section.4.19}% 34
\BOOKMARK [1][-]{section.4.20}{\376\377\000D\000A\000C\000\137\000b\000u\000f\000f\000e\000r\000\040\000E\000n\000t\000i\000t\000y\000\040\000R\000e\000f\000e\000r\000e\000n\000c\000e}{}% 35
\BOOKMARK [2][-]{subsection.4.20.1}{\376\377\000D\000e\000t\000a\000i\000l\000e\000d\000\040\000D\000e\000s\000c\000r\000i\000p\000t\000i\000o\000n}{section.4.20}% 36
\BOOKMARK [1][-]{section.4.21}{\376\377\000D\000A\000C\000\137\000S\000P\000I\000\040\000E\000n\000t\000i\000t\000y\000\040\000R\000e\000f\000e\000r\000e\000n\000c\000e}{}% 37
\BOOKMARK [2][-]{subsection.4.21.1}{\376\377\000D\000e\000t\000a\000i\000l\000e\000d\000\040\000D\000e\000s\000c\000r\000i\000p\000t\000i\000o\000n}{section.4.21}% 38
\BOOKMARK [1][-]{section.4.22}{\376\377\000d\000a\000c\000\137\000T\000o\000p\000\040\000E\000n\000t\000i\000t\000y\000\040\000R\000e\000f\000e\000r\000e\000n\000c\000e}{}% 39
\BOOKMARK [2][-]{subsection.4.22.1}{\376\377\000D\000e\000t\000a\000i\000l\000e\000d\000\040\000D\000e\000s\000c\000r\000i\000p\000t\000i\000o\000n}{section.4.22}% 40
\BOOKMARK [1][-]{section.4.23}{\376\377\000d\000i\000g\000i\000t\000a\000l\000f\000i\000l\000t\000e\000r\000\040\000E\000n\000t\000i\000t\000y\000\040\000R\000e\000f\000e\000r\000e\000n\000c\000e}{}% 41
\BOOKMARK [2][-]{subsection.4.23.1}{\376\377\000D\000e\000t\000a\000i\000l\000e\000d\000\040\000D\000e\000s\000c\000r\000i\000p\000t\000i\000o\000n}{section.4.23}% 42
\BOOKMARK [1][-]{section.4.24}{\376\377\000d\000i\000o\000d\000e\000\040\000A\000r\000c\000h\000i\000t\000e\000c\000t\000u\000r\000e\000\040\000R\000e\000f\000e\000r\000e\000n\000c\000e}{}% 43
\BOOKMARK [2][-]{subsection.4.24.1}{\376\377\000D\000e\000t\000a\000i\000l\000e\000d\000\040\000D\000e\000s\000c\000r\000i\000p\000t\000i\000o\000n}{section.4.24}% 44
\BOOKMARK [1][-]{section.4.25}{\376\377\000d\000u\000m\000m\000y\000a\000p\000b\000\040\000E\000n\000t\000i\000t\000y\000\040\000R\000e\000f\000e\000r\000e\000n\000c\000e}{}% 45
\BOOKMARK [2][-]{subsection.4.25.1}{\376\377\000D\000e\000t\000a\000i\000l\000e\000d\000\040\000D\000e\000s\000c\000r\000i\000p\000t\000i\000o\000n}{section.4.25}% 46
\BOOKMARK [1][-]{section.4.26}{\376\377\000f\000i\000l\000t\000e\000r\000\137\000b\000o\000u\000n\000c\000e\000\040\000A\000r\000c\000h\000i\000t\000e\000c\000t\000u\000r\000e\000\040\000R\000e\000f\000e\000r\000e\000n\000c\000e}{}% 47
\BOOKMARK [2][-]{subsection.4.26.1}{\376\377\000D\000e\000t\000a\000i\000l\000e\000d\000\040\000D\000e\000s\000c\000r\000i\000p\000t\000i\000o\000n}{section.4.26}% 48
\BOOKMARK [1][-]{section.4.27}{\376\377\000F\000I\000R\000\137\000f\000i\000l\000t\000e\000r\000\040\000A\000r\000c\000h\000i\000t\000e\000c\000t\000u\000r\000e\000\040\000R\000e\000f\000e\000r\000e\000n\000c\000e}{}% 49
\BOOKMARK [2][-]{subsection.4.27.1}{\376\377\000D\000e\000t\000a\000i\000l\000e\000d\000\040\000D\000e\000s\000c\000r\000i\000p\000t\000i\000o\000n}{section.4.27}% 50
\BOOKMARK [1][-]{section.4.28}{\376\377\000H\000I\000D\000\137\000w\000r\000a\000p\000p\000e\000r\000\040\000A\000r\000c\000h\000i\000t\000e\000c\000t\000u\000r\000e\000\040\000R\000e\000f\000e\000r\000e\000n\000c\000e}{}% 51
\BOOKMARK [2][-]{subsection.4.28.1}{\376\377\000D\000e\000t\000a\000i\000l\000e\000d\000\040\000D\000e\000s\000c\000r\000i\000p\000t\000i\000o\000n}{section.4.28}% 52
\BOOKMARK [1][-]{section.4.29}{\376\377\000L\000U\000T\000\040\000A\000r\000c\000h\000i\000t\000e\000c\000t\000u\000r\000e\000\040\000R\000e\000f\000e\000r\000e\000n\000c\000e}{}% 53
\BOOKMARK [2][-]{subsection.4.29.1}{\376\377\000D\000e\000t\000a\000i\000l\000e\000d\000\040\000D\000e\000s\000c\000r\000i\000p\000t\000i\000o\000n}{section.4.29}% 54
\BOOKMARK [1][-]{section.4.30}{\376\377\000R\000G\000B\000\137\000d\000i\000o\000d\000e\000\137\000c\000o\000n\000t\000r\000o\000l\000l\000e\000r\000\040\000E\000n\000t\000i\000t\000y\000\040\000R\000e\000f\000e\000r\000e\000n\000c\000e}{}% 55
\BOOKMARK [2][-]{subsection.4.30.1}{\376\377\000D\000e\000t\000a\000i\000l\000e\000d\000\040\000D\000e\000s\000c\000r\000i\000p\000t\000i\000o\000n}{section.4.30}% 56
\BOOKMARK [1][-]{section.4.31}{\376\377\000s\000e\000v\000e\000n\000\137\000c\000r\000t\000l\000\040\000A\000r\000c\000h\000i\000t\000e\000c\000t\000u\000r\000e\000\040\000R\000e\000f\000e\000r\000e\000n\000c\000e}{}% 57
\BOOKMARK [2][-]{subsection.4.31.1}{\376\377\000D\000e\000t\000a\000i\000l\000e\000d\000\040\000D\000e\000s\000c\000r\000i\000p\000t\000i\000o\000n}{section.4.31}% 58
\BOOKMARK [1][-]{section.4.32}{\376\377\000s\000e\000v\000e\000n\000\137\000s\000e\000g\000\137\000c\000o\000n\000t\000r\000o\000l\000\040\000E\000n\000t\000i\000t\000y\000\040\000R\000e\000f\000e\000r\000e\000n\000c\000e}{}% 59
\BOOKMARK [2][-]{subsection.4.32.1}{\376\377\000D\000e\000t\000a\000i\000l\000e\000d\000\040\000D\000e\000s\000c\000r\000i\000p\000t\000i\000o\000n}{section.4.32}% 60
\BOOKMARK [1][-]{section.4.33}{\376\377\000S\000P\000I\000\040\000A\000r\000c\000h\000i\000t\000e\000c\000t\000u\000r\000e\000\040\000R\000e\000f\000e\000r\000e\000n\000c\000e}{}% 61
\BOOKMARK [2][-]{subsection.4.33.1}{\376\377\000D\000e\000t\000a\000i\000l\000e\000d\000\040\000D\000e\000s\000c\000r\000i\000p\000t\000i\000o\000n}{section.4.33}% 62
\BOOKMARK [1][-]{section.4.34}{\376\377\000T\000O\000P\000\137\000A\000D\000C\000\040\000A\000r\000c\000h\000i\000t\000e\000c\000t\000u\000r\000e\000\040\000R\000e\000f\000e\000r\000e\000n\000c\000e}{}% 63
\BOOKMARK [2][-]{subsection.4.34.1}{\376\377\000D\000e\000t\000a\000i\000l\000e\000d\000\040\000D\000e\000s\000c\000r\000i\000p\000t\000i\000o\000n}{section.4.34}% 64
\BOOKMARK [2][-]{subsection.4.34.2}{\376\377\000M\000e\000m\000b\000e\000r\000\040\000D\000a\000t\000a\000\040\000D\000o\000c\000u\000m\000e\000n\000t\000a\000t\000i\000o\000n}{section.4.34}% 65
\BOOKMARK [3][-]{subsubsection.4.34.2.1}{\376\377\000i\000s\000n\000t\000\137\000f\000i\000l\000t\000e\000r}{subsection.4.34.2}% 66
\BOOKMARK [1][-]{section.4.35}{\376\377\000T\000O\000P\000\137\000D\000A\000C\000\040\000A\000r\000c\000h\000i\000t\000e\000c\000t\000u\000r\000e\000\040\000R\000e\000f\000e\000r\000e\000n\000c\000e}{}% 67
\BOOKMARK [2][-]{subsection.4.35.1}{\376\377\000D\000e\000t\000a\000i\000l\000e\000d\000\040\000D\000e\000s\000c\000r\000i\000p\000t\000i\000o\000n}{section.4.35}% 68
\BOOKMARK [2][-]{subsection.4.35.2}{\376\377\000M\000e\000m\000b\000e\000r\000\040\000D\000a\000t\000a\000\040\000D\000o\000c\000u\000m\000e\000n\000t\000a\000t\000i\000o\000n}{section.4.35}% 69
\BOOKMARK [3][-]{subsubsection.4.35.2.1}{\376\377\000c\000l\000k\000\137\000d\000i\000v\000i\000d\000e}{subsection.4.35.2}% 70
\BOOKMARK [1][-]{section.4.36}{\376\377\000A\000D\000C\000\137\000b\000u\000f\000f\000e\000r\000.\000v\000h\000d\000\040\000F\000i\000l\000e\000\040\000R\000e\000f\000e\000r\000e\000n\000c\000e}{}% 71
\BOOKMARK [2][-]{subsection.4.36.1}{\376\377\000D\000e\000t\000a\000i\000l\000e\000d\000\040\000D\000e\000s\000c\000r\000i\000p\000t\000i\000o\000n}{section.4.36}% 72
\BOOKMARK [1][-]{section.4.37}{\376\377\000B\000C\000D\000\137\000b\000l\000o\000c\000k\000.\000v\000h\000d\000\040\000F\000i\000l\000e\000\040\000R\000e\000f\000e\000r\000e\000n\000c\000e}{}% 73
\BOOKMARK [2][-]{subsection.4.37.1}{\376\377\000D\000e\000t\000a\000i\000l\000e\000d\000\040\000D\000e\000s\000c\000r\000i\000p\000t\000i\000o\000n}{section.4.37}% 74
\BOOKMARK [1][-]{section.4.38}{\376\377\000b\000i\000n\0002\000b\000c\000d\000.\000v\000h\000d\000\040\000F\000i\000l\000e\000\040\000R\000e\000f\000e\000r\000e\000n\000c\000e}{}% 75
\BOOKMARK [2][-]{subsection.4.38.1}{\376\377\000D\000e\000t\000a\000i\000l\000e\000d\000\040\000D\000e\000s\000c\000r\000i\000p\000t\000i\000o\000n}{section.4.38}% 76
\BOOKMARK [1][-]{section.4.39}{\376\377\000b\000o\000u\000n\000c\000e\000\137\000f\000i\000l\000t\000e\000r\000.\000v\000h\000d\000\040\000F\000i\000l\000e\000\040\000R\000e\000f\000e\000r\000e\000n\000c\000e}{}% 77
\BOOKMARK [2][-]{subsection.4.39.1}{\376\377\000D\000e\000t\000a\000i\000l\000e\000d\000\040\000D\000e\000s\000c\000r\000i\000p\000t\000i\000o\000n}{section.4.39}% 78
\BOOKMARK [1][-]{section.4.40}{\376\377\000B\000u\000t\000t\000o\000n\000\137\000a\000n\000d\000\137\000h\000e\000x\000\137\000w\000r\000a\000p\000p\000e\000r\000.\000v\000h\000d\000\040\000F\000i\000l\000e\000\040\000R\000e\000f\000e\000r\000e\000n\000c\000e}{}% 79
\BOOKMARK [2][-]{subsection.4.40.1}{\376\377\000D\000e\000t\000a\000i\000l\000e\000d\000\040\000D\000e\000s\000c\000r\000i\000p\000t\000i\000o\000n}{section.4.40}% 80
\BOOKMARK [1][-]{section.4.41}{\376\377\000b\000u\000t\000t\000o\000n\000\137\000c\000o\000n\000t\000r\000o\000l\000.\000v\000h\000d\000\040\000F\000i\000l\000e\000\040\000R\000e\000f\000e\000r\000e\000n\000c\000e}{}% 81
\BOOKMARK [2][-]{subsection.4.41.1}{\376\377\000D\000e\000t\000a\000i\000l\000e\000d\000\040\000D\000e\000s\000c\000r\000i\000p\000t\000i\000o\000n}{section.4.41}% 82
\BOOKMARK [1][-]{section.4.42}{\376\377\000c\000l\000k\000\137\000d\000i\000v\000\137\000s\000e\000v\000e\000n\000\137\000s\000e\000g\000.\000v\000h\000d\000\040\000F\000i\000l\000e\000\040\000R\000e\000f\000e\000r\000e\000n\000c\000e}{}% 83
\BOOKMARK [2][-]{subsection.4.42.1}{\376\377\000D\000e\000t\000a\000i\000l\000e\000d\000\040\000D\000e\000s\000c\000r\000i\000p\000t\000i\000o\000n}{section.4.42}% 84
\BOOKMARK [1][-]{section.4.43}{\376\377\000C\000L\000K\000\137\000d\000i\000v\000i\000d\000e\000.\000v\000h\000d\000\040\000F\000i\000l\000e\000\040\000R\000e\000f\000e\000r\000e\000n\000c\000e}{}% 85
\BOOKMARK [2][-]{subsection.4.43.1}{\376\377\000D\000e\000t\000a\000i\000l\000e\000d\000\040\000D\000e\000s\000c\000r\000i\000p\000t\000i\000o\000n}{section.4.43}% 86
\BOOKMARK [1][-]{section.4.44}{\376\377\000D\000A\000C\000\137\000B\000U\000F\000F\000E\000R\000.\000v\000h\000d\000\040\000F\000i\000l\000e\000\040\000R\000e\000f\000e\000r\000e\000n\000c\000e}{}% 87
\BOOKMARK [2][-]{subsection.4.44.1}{\376\377\000D\000e\000t\000a\000i\000l\000e\000d\000\040\000D\000e\000s\000c\000r\000i\000p\000t\000i\000o\000n}{section.4.44}% 88
\BOOKMARK [1][-]{section.4.45}{\376\377\000D\000A\000C\000\137\000S\000P\000I\000.\000v\000h\000d\000\040\000F\000i\000l\000e\000\040\000R\000e\000f\000e\000r\000e\000n\000c\000e}{}% 89
\BOOKMARK [2][-]{subsection.4.45.1}{\376\377\000D\000e\000t\000a\000i\000l\000e\000d\000\040\000D\000e\000s\000c\000r\000i\000p\000t\000i\000o\000n}{section.4.45}% 90
\BOOKMARK [1][-]{section.4.46}{\376\377\000D\000A\000C\000\137\000T\000O\000P\000.\000v\000h\000d\000\040\000F\000i\000l\000e\000\040\000R\000e\000f\000e\000r\000e\000n\000c\000e}{}% 91
\BOOKMARK [2][-]{subsection.4.46.1}{\376\377\000D\000e\000t\000a\000i\000l\000e\000d\000\040\000D\000e\000s\000c\000r\000i\000p\000t\000i\000o\000n}{section.4.46}% 92
\BOOKMARK [1][-]{section.4.47}{\376\377\000d\000i\000g\000i\000t\000a\000l\000f\000i\000l\000t\000e\000r\000.\000v\000h\000d\000\040\000F\000i\000l\000e\000\040\000R\000e\000f\000e\000r\000e\000n\000c\000e}{}% 93
\BOOKMARK [2][-]{subsection.4.47.1}{\376\377\000D\000e\000t\000a\000i\000l\000e\000d\000\040\000D\000e\000s\000c\000r\000i\000p\000t\000i\000o\000n}{section.4.47}% 94
\BOOKMARK [1][-]{section.4.48}{\376\377\000d\000u\000m\000m\000y\000a\000p\000b\000.\000v\000h\000d\000\040\000F\000i\000l\000e\000\040\000R\000e\000f\000e\000r\000e\000n\000c\000e}{}% 95
\BOOKMARK [2][-]{subsection.4.48.1}{\376\377\000D\000e\000t\000a\000i\000l\000e\000d\000\040\000D\000e\000s\000c\000r\000i\000p\000t\000i\000o\000n}{section.4.48}% 96
\BOOKMARK [1][-]{section.4.49}{\376\377\000R\000G\000B\000\137\000d\000i\000o\000d\000e\000\137\000c\000o\000n\000t\000r\000o\000l\000l\000e\000r\000.\000v\000h\000d\000\040\000F\000i\000l\000e\000\040\000R\000e\000f\000e\000r\000e\000n\000c\000e}{}% 97
\BOOKMARK [2][-]{subsection.4.49.1}{\376\377\000D\000e\000t\000a\000i\000l\000e\000d\000\040\000D\000e\000s\000c\000r\000i\000p\000t\000i\000o\000n}{section.4.49}% 98
\BOOKMARK [1][-]{section.4.50}{\376\377\000s\000e\000v\000e\000n\000\137\000s\000e\000g\000\137\000c\000o\000n\000t\000r\000o\000l\000.\000v\000h\000d\000\040\000F\000i\000l\000e\000\040\000R\000e\000f\000e\000r\000e\000n\000c\000e}{}% 99
\BOOKMARK [2][-]{subsection.4.50.1}{\376\377\000D\000e\000t\000a\000i\000l\000e\000d\000\040\000D\000e\000s\000c\000r\000i\000p\000t\000i\000o\000n}{section.4.50}% 100
\BOOKMARK [-1][-]{section*.146}{\376\377\000I\000n\000d\000e\000x}{}% 101
