Copyright 1986-1999, 2001-2013 Xilinx, Inc. All Rights Reserved.
-----------------------------------------------------------------------------------------------------------------------
| Tool Version : Vivado v.2013.4 (win32) Build 353583 Mon Dec  9 17:38:55 MST 2013
| Date         : Sat Apr 05 22:10:45 2014
| Host         : MININT-VV401LP running 32-bit Service Pack 1  (build 7601)
| Command      : report_utilization -file fir_compiler_0_utilization_synth.rpt -pb fir_compiler_0_utilization_synth.pb
| Design       : fir_compiler_0
| Device       : xc7a100t
| Design State : Synthesized
-----------------------------------------------------------------------------------------------------------------------

Utilization Design Information

Table of Contents
-----------------
1. Slice Logic
2. Memory
3. DSP
4. IO and GTX Specific
5. Clocking
6. Specific Feature
7. Primitives
8. Black Boxes
9. Instantiated Netlists

1. Slice Logic
--------------

+----------------------------+------+-------+-----------+-------+
|          Site Type         | Used | Loced | Available | Util% |
+----------------------------+------+-------+-----------+-------+
| Slice LUTs*                |  194 |     0 |     63400 |  0.30 |
|   LUT as Logic             |  105 |     0 |     63400 |  0.16 |
|   LUT as Memory            |   89 |     0 |     19000 |  0.46 |
|     LUT as Distributed RAM |    0 |     0 |           |       |
|     LUT as Shift Register  |   89 |     0 |           |       |
| Slice Registers            |  263 |     0 |    126800 |  0.20 |
|   Register as Flip Flop    |  263 |     0 |    126800 |  0.20 |
|   Register as Latch        |    0 |     0 |    126800 |  0.00 |
| F7 Muxes                   |   34 |     0 |     31700 |  0.10 |
| F8 Muxes                   |    0 |     0 |     15850 |  0.00 |
+----------------------------+------+-------+-----------+-------+
* Warning! The Final LUT count, after physical optimizations and full implementation, is typically lower. Run opt_design after synthesis for a more realistic count.


2. Memory
---------

+----------------+------+-------+-----------+-------+
|    Site Type   | Used | Loced | Available | Util% |
+----------------+------+-------+-----------+-------+
| Block RAM Tile |    0 |     0 |       135 |  0.00 |
|   RAMB36/FIFO* |    0 |     0 |       135 |  0.00 |
|   RAMB18       |    0 |     0 |       270 |  0.00 |
+----------------+------+-------+-----------+-------+
* Note: Each Block RAM Tile only has one FIFO logic available and therefore can accommodate only one FIFO36E1 or one FIFO18E1. However, if a FIFO18E1 occupies a Block RAM Tile, that tile can still accommodate a RAMB18E1


3. DSP
------

+----------------+------+-------+-----------+-------+
|    Site Type   | Used | Loced | Available | Util% |
+----------------+------+-------+-----------+-------+
| DSPs           |    3 |     0 |       240 |  1.25 |
|   DSP48E1 only |    3 |       |           |       |
+----------------+------+-------+-----------+-------+


4. IO and GTX Specific
----------------------

+-----------------------------+------+-------+-----------+-------+
|          Site Type          | Used | Loced | Available | Util% |
+-----------------------------+------+-------+-----------+-------+
| Bonded IOB                  |    0 |     0 |       210 |  0.00 |
| Bonded IPADs                |    0 |     0 |         2 |  0.00 |
| IBUFGDS                     |    0 |     0 |       202 |  0.00 |
| IDELAYCTRL                  |    0 |     0 |         6 |  0.00 |
| IN_FIFO                     |    0 |     0 |        24 |  0.00 |
| OUT_FIFO                    |    0 |     0 |        24 |  0.00 |
| PHASER_REF                  |    0 |     0 |         6 |  0.00 |
| PHY_CONTROL                 |    0 |     0 |         6 |  0.00 |
| PHASER_OUT/PHASER_OUT_PHY   |    0 |     0 |        24 |  0.00 |
| PHASER_IN/PHASER_IN_PHY     |    0 |     0 |        24 |  0.00 |
| IDELAYE2/IDELAYE2_FINEDELAY |    0 |     0 |       300 |  0.00 |
| ODELAYE2/ODELAYE2_FINEDELAY |    0 |     0 |         0 |  0.00 |
| IBUFDS_GTE2                 |    0 |     0 |         4 |  0.00 |
| ILOGIC                      |    0 |     0 |       210 |  0.00 |
| OLOGIC                      |    0 |     0 |       210 |  0.00 |
+-----------------------------+------+-------+-----------+-------+


5. Clocking
-----------

+------------+------+-------+-----------+-------+
|  Site Type | Used | Loced | Available | Util% |
+------------+------+-------+-----------+-------+
| BUFGCTRL   |    0 |     0 |        32 |  0.00 |
| BUFIO      |    0 |     0 |        24 |  0.00 |
| MMCME2_ADV |    0 |     0 |         6 |  0.00 |
| PLLE2_ADV  |    0 |     0 |         6 |  0.00 |
| BUFMRCE    |    0 |     0 |        12 |  0.00 |
| BUFHCE     |    0 |     0 |        96 |  0.00 |
| BUFR       |    0 |     0 |        24 |  0.00 |
+------------+------+-------+-----------+-------+


6. Specific Feature
-------------------

+-------------+------+-------+-----------+-------+
|  Site Type  | Used | Loced | Available | Util% |
+-------------+------+-------+-----------+-------+
| BSCANE2     |    0 |     0 |         4 |  0.00 |
| CAPTUREE2   |    0 |     0 |         1 |  0.00 |
| DNA_PORT    |    0 |     0 |         1 |  0.00 |
| EFUSE_USR   |    0 |     0 |         1 |  0.00 |
| FRAME_ECCE2 |    0 |     0 |         1 |  0.00 |
| ICAPE2      |    0 |     0 |         2 |  0.00 |
| PCIE_2_1    |    0 |     0 |         1 |  0.00 |
| STARTUPE2   |    0 |     0 |         1 |  0.00 |
| XADC        |    0 |     0 |         1 |  0.00 |
+-------------+------+-------+-----------+-------+


7. Primitives
-------------

+----------+------+
| Ref Name | Used |
+----------+------+
| FDRE     |  252 |
| SRLC32E  |   64 |
| LUT6     |   60 |
| LUT2     |   38 |
| MUXF7    |   34 |
| SRL16E   |   25 |
| FDSE     |   11 |
| LUT5     |    9 |
| LUT4     |    9 |
| LUT3     |    9 |
| LUT1     |    5 |
| DSP48E1  |    3 |
+----------+------+


8. Black Boxes
--------------

+----------+------+
| Ref Name | Used |
+----------+------+


9. Instantiated Netlists
------------------------

+----------+------+
| Ref Name | Used |
+----------+------+


