
*** Running vivado
    with args -log top.rds -m32 -mode batch -messageDb vivado.pb -source top.tcl


****** Vivado v2013.4
  **** SW Build 353583 on Mon Dec  9 17:38:55 MST 2013
  **** IP Build 208076 on Mon Dec  2 12:38:17 MST 2013
    ** Copyright 1986-1999, 2001-2013 Xilinx, Inc. All Rights Reserved.

Attempting to get a license: Implementation
WARNING: [Common 17-301] Failed to get a license: Implementation
WARNING: [Vivado 15-19] WARNING: No 'Implementation' license found. This message may be safely ignored if a Vivado WebPACK or device-locked license, common for board kits, will be used during implementation.

Attempting to get a license: Synthesis
WARNING: [Common 17-301] Failed to get a license: Synthesis
Loading parts and site information from C:/Xilinx/Vivado/2013.4/data/parts/arch.xml
Parsing RTL primitives file [C:/Xilinx/Vivado/2013.4/data/parts/xilinx/rtl/prims/rtl_prims.xml]
Finished parsing RTL primitives file [C:/Xilinx/Vivado/2013.4/data/parts/xilinx/rtl/prims/rtl_prims.xml]
source top.tcl
# set_param gui.test TreeTableDev
# set_msg_config -id {HDL 9-1061} -limit 100000
# set_msg_config -id {HDL 9-1654} -limit 100000
# set_msg_config -id {Labtools 27-147} -limit 4294967295
# set_msg_config -id {Synth 8-256} -limit 10000
# set_msg_config -id {Synth 8-638} -limit 10000
# create_project -in_memory -part xc7a100tcsg324-1
# set_property target_language VHDL [current_project]
# set_param project.compositeFile.enableAutoGeneration 0
# add_files C:/CHALMERS/DAT096/DAT096/ADCDAC/ADC_vivado/ADC_vivado.runs/ADC_synth_1/ADC.dcp
# set_property used_in_implementation false [get_files C:/CHALMERS/DAT096/DAT096/ADCDAC/ADC_vivado/ADC_vivado.runs/ADC_synth_1/ADC.dcp]
# set_property use_blackbox_stub false [get_files C:/CHALMERS/DAT096/DAT096/ADCDAC/ADC_vivado/ADC_vivado.runs/ADC_synth_1/ADC.dcp]
# read_verilog c:/CHALMERS/DAT096/DAT096/ADCDAC/ADC_vivado/ADC_vivado.srcs/sources_1/ip/ADC/ADC_stub.v
# read_vhdl C:/CHALMERS/DAT096/DAT096/ADCDAC/ADC_vivado/ADC_vivado.srcs/sources_1/imports/new/top.vhd
# read_xdc C:/CHALMERS/DAT096/DAT096/ADCDAC/ADC_vivado/ADC_vivado.srcs/constrs_1/new/top.xdc
INFO: [Project 1-11] Changing the constrs_type of fileset 'constrs_1' to 'XDC'.
# set_property used_in_implementation false [get_files C:/CHALMERS/DAT096/DAT096/ADCDAC/ADC_vivado/ADC_vivado.srcs/constrs_1/new/top.xdc]
# read_xdc dont_buffer.xdc
# set_property used_in_implementation false [get_files dont_buffer.xdc]
# set_param synth.vivado.isSynthRun true
# set_property webtalk.parent_dir C:/CHALMERS/DAT096/DAT096/ADCDAC/ADC_vivado/ADC_vivado.data/wt [current_project]
# set_property parent.project_dir C:/CHALMERS/DAT096/DAT096/ADCDAC/ADC_vivado [current_project]
# synth_design -top top -part xc7a100tcsg324-1
Command: synth_design -top top -part xc7a100tcsg324-1

Starting synthesis...

Attempting to get a license for feature 'Synthesis' and/or device 'xc7a100t'
INFO: [Common 17-349] Got license for feature 'Synthesis' and/or device 'xc7a100t'
---------------------------------------------------------------------------------
Starting RTL Elaboration : Time (s): cpu = 00:00:06 ; elapsed = 00:00:10 . Memory (MB): peak = 333.941 ; gain = 77.348
---------------------------------------------------------------------------------
INFO: [Synth 8-638] synthesizing module 'top' [C:/CHALMERS/DAT096/DAT096/ADCDAC/ADC_vivado/ADC_vivado.srcs/sources_1/imports/new/top.vhd:10]
INFO: [Synth 8-637] synthesizing blackbox instance 'XADC_component' of component 'ADC' [C:/CHALMERS/DAT096/DAT096/ADCDAC/ADC_vivado/ADC_vivado.srcs/sources_1/imports/new/top.vhd:56]
INFO: [Synth 8-256] done synthesizing module 'top' (1#1) [C:/CHALMERS/DAT096/DAT096/ADCDAC/ADC_vivado/ADC_vivado.srcs/sources_1/imports/new/top.vhd:10]
---------------------------------------------------------------------------------
Finished RTL Elaboration : Time (s): cpu = 00:00:07 ; elapsed = 00:00:11 . Memory (MB): peak = 357.973 ; gain = 101.379
---------------------------------------------------------------------------------

---------------------------------------------------------------------------------
Start RTL Optimization
---------------------------------------------------------------------------------

Report Check Netlist: 
+------+------------------+-------+---------+-------+------------------+
|      |Item              |Errors |Warnings |Status |Description       |
+------+------------------+-------+---------+-------+------------------+
|1     |multi_driven_nets |      0|        0|Passed |Multi driven nets |
+------+------------------+-------+---------+-------+------------------+
Loading clock regions from C:/Xilinx/Vivado/2013.4/data\parts/xilinx/artix7/artix7/xc7a100t/ClockRegion.xml
Loading clock buffers from C:/Xilinx/Vivado/2013.4/data\parts/xilinx/artix7/artix7/xc7a100t/ClockBuffers.xml
Loading clock placement rules from C:/Xilinx/Vivado/2013.4/data/parts/xilinx/artix7/ClockPlacerRules.xml
Loading package pin functions from C:/Xilinx/Vivado/2013.4/data\parts/xilinx/artix7/PinFunctions.xml...
Loading package from C:/Xilinx/Vivado/2013.4/data\parts/xilinx/artix7/artix7/xc7a100t/csg324/Package.xml
Loading io standards from C:/Xilinx/Vivado/2013.4/data\./parts/xilinx/artix7/IOStandards.xml
Loading device configuration modes from C:/Xilinx/Vivado/2013.4/data\parts/xilinx/artix7/ConfigModes.xml

Processing XDC Constraints
Parsing XDC File [C:/CHALMERS/DAT096/DAT096/ADCDAC/ADC_vivado/ADC_vivado.srcs/constrs_1/new/top.xdc]
Finished Parsing XDC File [C:/CHALMERS/DAT096/DAT096/ADCDAC/ADC_vivado/ADC_vivado.srcs/constrs_1/new/top.xdc]
INFO: [Project 1-236] Implementation specific constraints were found while reading constraint file [C:/CHALMERS/DAT096/DAT096/ADCDAC/ADC_vivado/ADC_vivado.srcs/constrs_1/new/top.xdc]. These constraints will be ignored for synthesis but will be used in implementation. Impacted constraints are listed in the file [C:/CHALMERS/DAT096/DAT096/ADCDAC/ADC_vivado/ADC_vivado.runs/synth_1/.Xil/top_propImpl.xdc].
Resolution: To avoid this message, exclude constraints listed in [C:/CHALMERS/DAT096/DAT096/ADCDAC/ADC_vivado/ADC_vivado.runs/synth_1/.Xil/top_propImpl.xdc] from synthesis with the used_in_synthesis property (File Properties dialog in GUI) and re-run elaboration/synthesis.
Parsing XDC File [C:/CHALMERS/DAT096/DAT096/ADCDAC/ADC_vivado/ADC_vivado.runs/synth_1/dont_buffer.xdc]
Finished Parsing XDC File [C:/CHALMERS/DAT096/DAT096/ADCDAC/ADC_vivado/ADC_vivado.runs/synth_1/dont_buffer.xdc]
Completed Processing XDC Constraints

INFO: [Memdata 28-144] Successfully populated the BRAM INIT strings from the following elf files: 
INFO: [Project 1-111] Unisim Transformation Summary:
No Unisim elements were transformed.


---------------------------------------------------------------------------------
Start RTL Optimization
---------------------------------------------------------------------------------

---------------------------------------------------------------------------------
Start Applying 'set_property' XDC Constraints
---------------------------------------------------------------------------------
Applied set_property BUFFER_TYPE = NONE. (constraint file  C:/CHALMERS/DAT096/DAT096/ADCDAC/ADC_vivado/ADC_vivado.runs/synth_1/dont_buffer.xdc, line 4).
Applied set_property BUFFER_TYPE = NONE. (constraint file  C:/CHALMERS/DAT096/DAT096/ADCDAC/ADC_vivado/ADC_vivado.runs/synth_1/dont_buffer.xdc, line 4).
Applied set_property BUFFER_TYPE = NONE. (constraint file  C:/CHALMERS/DAT096/DAT096/ADCDAC/ADC_vivado/ADC_vivado.runs/synth_1/dont_buffer.xdc, line 4).
Applied set_property BUFFER_TYPE = NONE. (constraint file  C:/CHALMERS/DAT096/DAT096/ADCDAC/ADC_vivado/ADC_vivado.runs/synth_1/dont_buffer.xdc, line 4).
Applied set_property BUFFER_TYPE = NONE. (constraint file  C:/CHALMERS/DAT096/DAT096/ADCDAC/ADC_vivado/ADC_vivado.runs/synth_1/dont_buffer.xdc, line 4).
Applied set_property BUFFER_TYPE = NONE. (constraint file  C:/CHALMERS/DAT096/DAT096/ADCDAC/ADC_vivado/ADC_vivado.runs/synth_1/dont_buffer.xdc, line 4).
Applied set_property BUFFER_TYPE = NONE. (constraint file  C:/CHALMERS/DAT096/DAT096/ADCDAC/ADC_vivado/ADC_vivado.runs/synth_1/dont_buffer.xdc, line 4).
Applied set_property BUFFER_TYPE = NONE. (constraint file  C:/CHALMERS/DAT096/DAT096/ADCDAC/ADC_vivado/ADC_vivado.runs/synth_1/dont_buffer.xdc, line 4).
Applied set_property BUFFER_TYPE = NONE. (constraint file  C:/CHALMERS/DAT096/DAT096/ADCDAC/ADC_vivado/ADC_vivado.runs/synth_1/dont_buffer.xdc, line 4).
Applied set_property BUFFER_TYPE = NONE. (constraint file  C:/CHALMERS/DAT096/DAT096/ADCDAC/ADC_vivado/ADC_vivado.runs/synth_1/dont_buffer.xdc, line 4).
Applied set_property BUFFER_TYPE = NONE. (constraint file  C:/CHALMERS/DAT096/DAT096/ADCDAC/ADC_vivado/ADC_vivado.runs/synth_1/dont_buffer.xdc, line 4).
Applied set_property BUFFER_TYPE = NONE. (constraint file  C:/CHALMERS/DAT096/DAT096/ADCDAC/ADC_vivado/ADC_vivado.runs/synth_1/dont_buffer.xdc, line 4).
Applied set_property BUFFER_TYPE = NONE. (constraint file  C:/CHALMERS/DAT096/DAT096/ADCDAC/ADC_vivado/ADC_vivado.runs/synth_1/dont_buffer.xdc, line 4).
Applied set_property BUFFER_TYPE = NONE. (constraint file  C:/CHALMERS/DAT096/DAT096/ADCDAC/ADC_vivado/ADC_vivado.runs/synth_1/dont_buffer.xdc, line 4).
Applied set_property BUFFER_TYPE = NONE. (constraint file  C:/CHALMERS/DAT096/DAT096/ADCDAC/ADC_vivado/ADC_vivado.runs/synth_1/dont_buffer.xdc, line 4).
Applied set_property BUFFER_TYPE = NONE. (constraint file  C:/CHALMERS/DAT096/DAT096/ADCDAC/ADC_vivado/ADC_vivado.runs/synth_1/dont_buffer.xdc, line 4).
Applied set_property BUFFER_TYPE = NONE. (constraint file  C:/CHALMERS/DAT096/DAT096/ADCDAC/ADC_vivado/ADC_vivado.runs/synth_1/dont_buffer.xdc, line 4).
Applied set_property BUFFER_TYPE = NONE. (constraint file  C:/CHALMERS/DAT096/DAT096/ADCDAC/ADC_vivado/ADC_vivado.runs/synth_1/dont_buffer.xdc, line 4).
Applied set_property BUFFER_TYPE = NONE. (constraint file  C:/CHALMERS/DAT096/DAT096/ADCDAC/ADC_vivado/ADC_vivado.runs/synth_1/dont_buffer.xdc, line 4).
Applied set_property BUFFER_TYPE = NONE. (constraint file  C:/CHALMERS/DAT096/DAT096/ADCDAC/ADC_vivado/ADC_vivado.runs/synth_1/dont_buffer.xdc, line 4).
---------------------------------------------------------------------------------
Finished applying 'set_property' XDC Constraints : Time (s): cpu = 00:00:20 ; elapsed = 00:00:28 . Memory (MB): peak = 476.109 ; gain = 219.516
---------------------------------------------------------------------------------

---------------------------------------------------------------------------------
Finished RTL Optimization : Time (s): cpu = 00:00:20 ; elapsed = 00:00:28 . Memory (MB): peak = 476.109 ; gain = 219.516
---------------------------------------------------------------------------------


Report RTL Partitions: 
+-+--------------+------------+----------+
| |RTL Partition |Replication |Instances |
+-+--------------+------------+----------+
+-+--------------+------------+----------+

---------------------------------------------------------------------------------
Start Loading Part and Timing Information
---------------------------------------------------------------------------------
Loading part: xc7a100tcsg324-1
Part Resources:
DSPs: 240 (col length:80)
BRAMs: 270 (col length: RAMB18 80 RAMB36 40)
---------------------------------------------------------------------------------
Finished Loading Part and Timing Information : Time (s): cpu = 00:00:36 ; elapsed = 00:00:45 . Memory (MB): peak = 522.285 ; gain = 265.691
---------------------------------------------------------------------------------


---------------------------------------------------------------------------------
Start RTL Component Statistics 
---------------------------------------------------------------------------------
Detailed RTL Component Info : 

---------------------------------------------------------------------------------
Finished RTL Component Statistics 
---------------------------------------------------------------------------------

---------------------------------------------------------------------------------
Start RTL Hierarchical Component Statistics 
---------------------------------------------------------------------------------
Hierarchical RTL Component report 
Module top 
Detailed RTL Component Info : 

---------------------------------------------------------------------------------
Finished RTL Hierarchical Component Statistics
---------------------------------------------------------------------------------

---------------------------------------------------------------------------------
Start Cross Boundary Optimization
---------------------------------------------------------------------------------
---------------------------------------------------------------------------------
Finished Cross Boundary Optimization : Time (s): cpu = 00:00:36 ; elapsed = 00:00:45 . Memory (MB): peak = 522.293 ; gain = 265.699
---------------------------------------------------------------------------------

---------------------------------------------------------------------------------
Start RAM, DSP and Shift Register Reporting
---------------------------------------------------------------------------------
---------------------------------------------------------------------------------
Finished RAM, DSP and Shift Register Reporting
---------------------------------------------------------------------------------

---------------------------------------------------------------------------------
Start Area Optimization
---------------------------------------------------------------------------------
---------------------------------------------------------------------------------
Finished Area Optimization : Time (s): cpu = 00:00:36 ; elapsed = 00:00:45 . Memory (MB): peak = 533.844 ; gain = 277.250
---------------------------------------------------------------------------------


---------------------------------------------------------------------------------
Start Timing Optimization
---------------------------------------------------------------------------------

---------------------------------------------------------------------------------
Start Applying XDC Timing Constraints
---------------------------------------------------------------------------------
---------------------------------------------------------------------------------
Finished Applying XDC Timing Constraints : Time (s): cpu = 00:00:36 ; elapsed = 00:00:45 . Memory (MB): peak = 533.844 ; gain = 277.250
---------------------------------------------------------------------------------

---------------------------------------------------------------------------------
Finished Timing Optimization : Time (s): cpu = 00:00:36 ; elapsed = 00:00:45 . Memory (MB): peak = 533.844 ; gain = 277.250
---------------------------------------------------------------------------------


---------------------------------------------------------------------------------
Start Technology Mapping
---------------------------------------------------------------------------------
---------------------------------------------------------------------------------
Finished Technology Mapping : Time (s): cpu = 00:00:36 ; elapsed = 00:00:45 . Memory (MB): peak = 534.008 ; gain = 277.414
---------------------------------------------------------------------------------


---------------------------------------------------------------------------------
Start IO Insertion
---------------------------------------------------------------------------------

---------------------------------------------------------------------------------
Start Flattening Before IO Insertion
---------------------------------------------------------------------------------

---------------------------------------------------------------------------------
Finished Flattening Before IO Insertion
---------------------------------------------------------------------------------

---------------------------------------------------------------------------------
Start Final Netlist Cleanup
---------------------------------------------------------------------------------

---------------------------------------------------------------------------------
Finished Final Netlist Cleanup
---------------------------------------------------------------------------------
Gated Clock Conversion mode: off
---------------------------------------------------------------------------------
Finished IO Insertion : Time (s): cpu = 00:00:37 ; elapsed = 00:00:45 . Memory (MB): peak = 534.008 ; gain = 277.414
---------------------------------------------------------------------------------


Report Check Netlist: 
+------+------------------+-------+---------+-------+------------------+
|      |Item              |Errors |Warnings |Status |Description       |
+------+------------------+-------+---------+-------+------------------+
|1     |multi_driven_nets |      0|        0|Passed |Multi driven nets |
+------+------------------+-------+---------+-------+------------------+

---------------------------------------------------------------------------------
Start Renaming Generated Instances
---------------------------------------------------------------------------------
---------------------------------------------------------------------------------
Finished Renaming Generated Instances : Time (s): cpu = 00:00:37 ; elapsed = 00:00:45 . Memory (MB): peak = 534.008 ; gain = 277.414
---------------------------------------------------------------------------------


---------------------------------------------------------------------------------
Start Rebuilding User Hierarchy
---------------------------------------------------------------------------------
---------------------------------------------------------------------------------
Finished Rebuilding User Hierarchy : Time (s): cpu = 00:00:37 ; elapsed = 00:00:45 . Memory (MB): peak = 534.008 ; gain = 277.414
---------------------------------------------------------------------------------

---------------------------------------------------------------------------------
Start RAM, DSP and Shift Register Reporting
---------------------------------------------------------------------------------
---------------------------------------------------------------------------------
Finished RAM, DSP and Shift Register Reporting
---------------------------------------------------------------------------------

---------------------------------------------------------------------------------
Start Writing Synthesis Report
---------------------------------------------------------------------------------

Report BlackBoxes: 
+------+--------------+----------+
|      |BlackBox name |Instances |
+------+--------------+----------+
|1     |ADC           |         1|
+------+--------------+----------+

Report Cell Usage: 
+------+---------+------+
|      |Cell     |Count |
+------+---------+------+
|1     |ADC_bbox |     1|
|2     |LUT1     |     1|
+------+---------+------+

Report Instance Areas: 
+------+---------+-------+------+
|      |Instance |Module |Cells |
+------+---------+-------+------+
|1     |top      |       |    31|
+------+---------+-------+------+
---------------------------------------------------------------------------------
Finished Writing Synthesis Report : Time (s): cpu = 00:00:37 ; elapsed = 00:00:45 . Memory (MB): peak = 534.008 ; gain = 277.414
---------------------------------------------------------------------------------

Synthesis finished with 0 errors, 0 critical warnings and 0 warnings.
Synthesis Optimization Complete : Time (s): cpu = 00:00:37 ; elapsed = 00:00:45 . Memory (MB): peak = 534.008 ; gain = 277.414
INFO: [Opt 31-140] Inserted 0 IBUFs to IO ports without IO buffers.
INFO: [Opt 31-141] Inserted 0 OBUFs to IO ports without IO buffers.
INFO: [Opt 31-138] Pushed 0 inverter(s).
INFO: [Memdata 28-144] Successfully populated the BRAM INIT strings from the following elf files: 
INFO: [Project 1-111] Unisim Transformation Summary:
No Unisim elements were transformed.

INFO: [Common 17-83] Releasing license: Synthesis
13 Infos, 0 Warnings, 0 Critical Warnings and 0 Errors encountered.
synth_design completed successfully
synth_design: Time (s): cpu = 00:00:55 ; elapsed = 00:01:03 . Memory (MB): peak = 762.023 ; gain = 460.375
# write_checkpoint top.dcp
INFO: [Timing 38-35] Done setting XDC timing constraints.
# report_utilization -file top_utilization_synth.rpt -pb top_utilization_synth.pb
report_utilization: Time (s): cpu = 00:00:00 ; elapsed = 00:00:00.174 . Memory (MB): peak = 762.023 ; gain = 0.000
INFO: [Common 17-206] Exiting Vivado at Fri Feb 21 13:37:23 2014...
