
*** Running vivado
    with args -log ADC.rds -m32 -mode batch -messageDb vivado.pb -source ADC.tcl


****** Vivado v2013.4
  **** SW Build 353583 on Mon Dec  9 17:38:55 MST 2013
  **** IP Build 208076 on Mon Dec  2 12:38:17 MST 2013
    ** Copyright 1986-1999, 2001-2013 Xilinx, Inc. All Rights Reserved.

Attempting to get a license: Implementation
Feature available: Implementation
Loading parts and site information from C:/Xilinx/Vivado/2013.4/data/parts/arch.xml
Parsing RTL primitives file [C:/Xilinx/Vivado/2013.4/data/parts/xilinx/rtl/prims/rtl_prims.xml]
Finished parsing RTL primitives file [C:/Xilinx/Vivado/2013.4/data/parts/xilinx/rtl/prims/rtl_prims.xml]
source ADC.tcl
# set_param gui.test TreeTableDev
# set_msg_config -id {HDL 9-1061} -limit 100000
# set_msg_config -id {HDL 9-1654} -limit 100000
# create_project -in_memory -part xc7a100tcsg324-1
# set_property target_language VHDL [current_project]
# set_param project.compositeFile.enableAutoGeneration 0
# set_property ip_repo_paths C:/CHALMERS/DAT096/softcore/grlib-gpl-1.3.4-b4140/designs/leon3-digilent-nexys4/IP [current_fileset]
# read_ip C:/CHALMERS/DAT096/softcore/grlib-gpl-1.3.4-b4140/designs/leon3-digilent-nexys4/vivado/leon3-digilent-nexys4/leon3-digilent-nexys4.srcs/sources_1/ip/ADC/ADC.xci
INFO: [IP_Flow 19-234] Refreshing IP repositories
WARNING: [IP_Flow 19-2248] Failed to load user IP repository 'c:/CHALMERS/DAT096/softcore/grlib-gpl-1.3.4-b4140/designs/leon3-digilent-nexys4/IP'; Can't find the specified path.
If this directory should no longer be in your list of user repositories, go to the IP Settings dialog and remove it.
INFO: [IP_Flow 19-2313] Loaded Vivado IP repository 'C:/Xilinx/Vivado/2013.4/data/ip'.
# set_property used_in_implementation false [get_files c:/CHALMERS/DAT096/softcore/grlib-gpl-1.3.4-b4140/designs/leon3-digilent-nexys4/vivado/leon3-digilent-nexys4/leon3-digilent-nexys4.srcs/sources_1/ip/ADC/ADC.dcp]
# set_msg_config -id {IP_Flow 19-2162} -severity warning -new_severity info
# set_property is_locked true [get_files C:/CHALMERS/DAT096/softcore/grlib-gpl-1.3.4-b4140/designs/leon3-digilent-nexys4/vivado/leon3-digilent-nexys4/leon3-digilent-nexys4.srcs/sources_1/ip/ADC/ADC.xci]
# read_xdc dont_touch.xdc
# set_property used_in_implementation false [get_files dont_touch.xdc]
# set_param synth.vivado.isSynthRun true
# set_property webtalk.parent_dir C:/CHALMERS/DAT096/softcore/grlib-gpl-1.3.4-b4140/designs/leon3-digilent-nexys4/vivado/leon3-digilent-nexys4/leon3-digilent-nexys4.data/wt [current_project]
# set_property parent.project_dir C:/CHALMERS/DAT096/softcore/grlib-gpl-1.3.4-b4140/designs/leon3-digilent-nexys4/vivado/leon3-digilent-nexys4 [current_project]
# synth_design -top ADC -part xc7a100tcsg324-1 -mode out_of_context
Command: synth_design -top ADC -part xc7a100tcsg324-1 -mode out_of_context

Starting synthesis...

INFO: [IP_Flow 19-2162] IP 'ADC' is locked. Locked reason: Property 'IS_LOCKED' is set to true by the system or user
Attempting to get a license for feature 'Synthesis' and/or device 'xc7a100t'
INFO: [Common 17-349] Got license for feature 'Synthesis' and/or device 'xc7a100t'
---------------------------------------------------------------------------------
Starting RTL Elaboration : Time (s): cpu = 00:00:06 ; elapsed = 00:00:10 . Memory (MB): peak = 337.777 ; gain = 79.504
---------------------------------------------------------------------------------
INFO: [Synth 8-638] synthesizing module 'ADC' [c:/CHALMERS/DAT096/softcore/grlib-gpl-1.3.4-b4140/designs/leon3-digilent-nexys4/vivado/leon3-digilent-nexys4/leon3-digilent-nexys4.srcs/sources_1/ip/ADC/ADC.vhd:84]
	Parameter INIT_40 bound to: 16'b0000011000010011 
	Parameter INIT_41 bound to: 16'b0011000100110000 
	Parameter INIT_42 bound to: 16'b0000001100000000 
	Parameter INIT_43 bound to: 16'b0000000000000000 
	Parameter INIT_44 bound to: 16'b0000000000000000 
	Parameter INIT_45 bound to: 16'b0000000000000000 
	Parameter INIT_46 bound to: 16'b0000000000000000 
	Parameter INIT_47 bound to: 16'b0000000000000000 
	Parameter INIT_48 bound to: 16'b0000000100000000 
	Parameter INIT_49 bound to: 16'b0000000000000000 
	Parameter INIT_4A bound to: 16'b0000000000000000 
	Parameter INIT_4B bound to: 16'b0000000000000000 
	Parameter INIT_4C bound to: 16'b0000000000000000 
	Parameter INIT_4D bound to: 16'b0000000000000000 
	Parameter INIT_4E bound to: 16'b0000000000000000 
	Parameter INIT_4F bound to: 16'b0000000000000000 
	Parameter INIT_50 bound to: 16'b1011010111101101 
	Parameter INIT_51 bound to: 16'b0101011111100100 
	Parameter INIT_52 bound to: 16'b1010000101000111 
	Parameter INIT_53 bound to: 16'b1100101000110011 
	Parameter INIT_54 bound to: 16'b1010100100111010 
	Parameter INIT_55 bound to: 16'b0101001011000110 
	Parameter INIT_56 bound to: 16'b1001010101010101 
	Parameter INIT_57 bound to: 16'b1010111001001110 
	Parameter INIT_58 bound to: 16'b0101100110011001 
	Parameter INIT_59 bound to: 16'b0000000000000000 
	Parameter INIT_5A bound to: 16'b0000000000000000 
	Parameter INIT_5B bound to: 16'b0000000000000000 
	Parameter INIT_5C bound to: 16'b0101000100010001 
	Parameter INIT_5D bound to: 16'b0000000000000000 
	Parameter INIT_5E bound to: 16'b0000000000000000 
	Parameter INIT_5F bound to: 16'b0000000000000000 
	Parameter IS_CONVSTCLK_INVERTED bound to: 1'b0 
	Parameter IS_DCLK_INVERTED bound to: 1'b0 
	Parameter SIM_DEVICE bound to: 7SERIES - type: string 
	Parameter SIM_MONITOR_FILE bound to: c:/CHALMERS/DAT096/softcore/Daniel GRLIB/grlib-gpl-1.3.4-b4140/designs/leon3-digilent-nexys4/vivado/leon3-digilent-nexys4/leon3-digilent-nexys4.srcs/sources_1/ip/ADC/ADC/simulation/functional/design.txt - type: string 
INFO: [Synth 8-113] binding component instance 'U0' to cell 'XADC' [c:/CHALMERS/DAT096/softcore/grlib-gpl-1.3.4-b4140/designs/leon3-digilent-nexys4/vivado/leon3-digilent-nexys4/leon3-digilent-nexys4.srcs/sources_1/ip/ADC/ADC.vhd:151]
INFO: [Synth 8-256] done synthesizing module 'ADC' (1#1) [c:/CHALMERS/DAT096/softcore/grlib-gpl-1.3.4-b4140/designs/leon3-digilent-nexys4/vivado/leon3-digilent-nexys4/leon3-digilent-nexys4.srcs/sources_1/ip/ADC/ADC.vhd:84]
---------------------------------------------------------------------------------
Finished RTL Elaboration : Time (s): cpu = 00:00:07 ; elapsed = 00:00:11 . Memory (MB): peak = 361.906 ; gain = 103.633
---------------------------------------------------------------------------------

---------------------------------------------------------------------------------
Start RTL Optimization
---------------------------------------------------------------------------------

Report Check Netlist: 
+------+------------------+-------+---------+-------+------------------+
|      |Item              |Errors |Warnings |Status |Description       |
+------+------------------+-------+---------+-------+------------------+
|1     |multi_driven_nets |      0|        0|Passed |Multi driven nets |
+------+------------------+-------+---------+-------+------------------+
INFO: [Netlist 29-17] Analyzing 1 Unisim elements for replacement
INFO: [Netlist 29-28] Unisim Transformation completed in 0 CPU seconds
Loading clock regions from C:/Xilinx/Vivado/2013.4/data\parts/xilinx/artix7/artix7/xc7a100t/ClockRegion.xml
Loading clock buffers from C:/Xilinx/Vivado/2013.4/data\parts/xilinx/artix7/artix7/xc7a100t/ClockBuffers.xml
Loading clock placement rules from C:/Xilinx/Vivado/2013.4/data/parts/xilinx/artix7/ClockPlacerRules.xml
Loading package pin functions from C:/Xilinx/Vivado/2013.4/data\parts/xilinx/artix7/PinFunctions.xml...
Loading package from C:/Xilinx/Vivado/2013.4/data\parts/xilinx/artix7/artix7/xc7a100t/csg324/Package.xml
Loading io standards from C:/Xilinx/Vivado/2013.4/data\./parts/xilinx/artix7/IOStandards.xml
Loading device configuration modes from C:/Xilinx/Vivado/2013.4/data\parts/xilinx/artix7/ConfigModes.xml

Processing XDC Constraints
Parsing XDC File [c:/CHALMERS/DAT096/softcore/grlib-gpl-1.3.4-b4140/designs/leon3-digilent-nexys4/vivado/leon3-digilent-nexys4/leon3-digilent-nexys4.srcs/sources_1/ip/ADC/ADC_OOC.xdc] for cell 'U0'
Finished Parsing XDC File [c:/CHALMERS/DAT096/softcore/grlib-gpl-1.3.4-b4140/designs/leon3-digilent-nexys4/vivado/leon3-digilent-nexys4/leon3-digilent-nexys4.srcs/sources_1/ip/ADC/ADC_OOC.xdc] for cell 'U0'
Parsing XDC File [c:/CHALMERS/DAT096/softcore/grlib-gpl-1.3.4-b4140/designs/leon3-digilent-nexys4/vivado/leon3-digilent-nexys4/leon3-digilent-nexys4.srcs/sources_1/ip/ADC/ADC.xdc] for cell 'U0'
Finished Parsing XDC File [c:/CHALMERS/DAT096/softcore/grlib-gpl-1.3.4-b4140/designs/leon3-digilent-nexys4/vivado/leon3-digilent-nexys4/leon3-digilent-nexys4.srcs/sources_1/ip/ADC/ADC.xdc] for cell 'U0'
Parsing XDC File [C:/CHALMERS/DAT096/softcore/grlib-gpl-1.3.4-b4140/designs/leon3-digilent-nexys4/vivado/leon3-digilent-nexys4/leon3-digilent-nexys4.runs/ADC_synth_1/dont_touch.xdc]
Finished Parsing XDC File [C:/CHALMERS/DAT096/softcore/grlib-gpl-1.3.4-b4140/designs/leon3-digilent-nexys4/vivado/leon3-digilent-nexys4/leon3-digilent-nexys4.runs/ADC_synth_1/dont_touch.xdc]
Completed Processing XDC Constraints

INFO: [Project 1-111] Unisim Transformation Summary:
No Unisim elements were transformed.


---------------------------------------------------------------------------------
Start RTL Optimization
---------------------------------------------------------------------------------

---------------------------------------------------------------------------------
Start Applying 'set_property' XDC Constraints
---------------------------------------------------------------------------------
---------------------------------------------------------------------------------
Finished applying 'set_property' XDC Constraints : Time (s): cpu = 00:00:19 ; elapsed = 00:00:25 . Memory (MB): peak = 479.973 ; gain = 221.699
---------------------------------------------------------------------------------

---------------------------------------------------------------------------------
Finished RTL Optimization : Time (s): cpu = 00:00:19 ; elapsed = 00:00:25 . Memory (MB): peak = 479.973 ; gain = 221.699
---------------------------------------------------------------------------------


Report RTL Partitions: 
+-+--------------+------------+----------+
| |RTL Partition |Replication |Instances |
+-+--------------+------------+----------+
+-+--------------+------------+----------+

---------------------------------------------------------------------------------
Start Loading Part and Timing Information
---------------------------------------------------------------------------------
Loading part: xc7a100tcsg324-1
Part Resources:
DSPs: 240 (col length:80)
BRAMs: 270 (col length: RAMB18 80 RAMB36 40)
---------------------------------------------------------------------------------
Finished Loading Part and Timing Information : Time (s): cpu = 00:00:35 ; elapsed = 00:00:40 . Memory (MB): peak = 520.516 ; gain = 262.242
---------------------------------------------------------------------------------


---------------------------------------------------------------------------------
Start RTL Component Statistics 
---------------------------------------------------------------------------------
Detailed RTL Component Info : 

---------------------------------------------------------------------------------
Finished RTL Component Statistics 
---------------------------------------------------------------------------------

---------------------------------------------------------------------------------
Start RTL Hierarchical Component Statistics 
---------------------------------------------------------------------------------
Hierarchical RTL Component report 
Module ADC 
Detailed RTL Component Info : 

---------------------------------------------------------------------------------
Finished RTL Hierarchical Component Statistics
---------------------------------------------------------------------------------

---------------------------------------------------------------------------------
Start Cross Boundary Optimization
---------------------------------------------------------------------------------
---------------------------------------------------------------------------------
Finished Cross Boundary Optimization : Time (s): cpu = 00:00:35 ; elapsed = 00:00:40 . Memory (MB): peak = 520.527 ; gain = 262.254
---------------------------------------------------------------------------------

---------------------------------------------------------------------------------
Start RAM, DSP and Shift Register Reporting
---------------------------------------------------------------------------------
---------------------------------------------------------------------------------
Finished RAM, DSP and Shift Register Reporting
---------------------------------------------------------------------------------

---------------------------------------------------------------------------------
Start Area Optimization
---------------------------------------------------------------------------------
---------------------------------------------------------------------------------
Finished Area Optimization : Time (s): cpu = 00:00:35 ; elapsed = 00:00:40 . Memory (MB): peak = 521.535 ; gain = 263.262
---------------------------------------------------------------------------------


---------------------------------------------------------------------------------
Start Timing Optimization
---------------------------------------------------------------------------------

---------------------------------------------------------------------------------
Start Applying XDC Timing Constraints
---------------------------------------------------------------------------------
---------------------------------------------------------------------------------
Finished Applying XDC Timing Constraints : Time (s): cpu = 00:00:35 ; elapsed = 00:00:40 . Memory (MB): peak = 521.535 ; gain = 263.262
---------------------------------------------------------------------------------

---------------------------------------------------------------------------------
Finished Timing Optimization : Time (s): cpu = 00:00:35 ; elapsed = 00:00:40 . Memory (MB): peak = 521.535 ; gain = 263.262
---------------------------------------------------------------------------------


---------------------------------------------------------------------------------
Start Technology Mapping
---------------------------------------------------------------------------------
---------------------------------------------------------------------------------
Finished Technology Mapping : Time (s): cpu = 00:00:35 ; elapsed = 00:00:40 . Memory (MB): peak = 526.941 ; gain = 268.668
---------------------------------------------------------------------------------


---------------------------------------------------------------------------------
Start IO Insertion
---------------------------------------------------------------------------------

---------------------------------------------------------------------------------
Start Flattening Before IO Insertion
---------------------------------------------------------------------------------

---------------------------------------------------------------------------------
Finished Flattening Before IO Insertion
---------------------------------------------------------------------------------

---------------------------------------------------------------------------------
Start Final Netlist Cleanup
---------------------------------------------------------------------------------

---------------------------------------------------------------------------------
Finished Final Netlist Cleanup
---------------------------------------------------------------------------------
Gated Clock Conversion mode: off
---------------------------------------------------------------------------------
Finished IO Insertion : Time (s): cpu = 00:00:35 ; elapsed = 00:00:41 . Memory (MB): peak = 526.941 ; gain = 268.668
---------------------------------------------------------------------------------


Report Check Netlist: 
+------+------------------+-------+---------+-------+------------------+
|      |Item              |Errors |Warnings |Status |Description       |
+------+------------------+-------+---------+-------+------------------+
|1     |multi_driven_nets |      0|        0|Passed |Multi driven nets |
+------+------------------+-------+---------+-------+------------------+

---------------------------------------------------------------------------------
Start Renaming Generated Instances
---------------------------------------------------------------------------------
---------------------------------------------------------------------------------
Finished Renaming Generated Instances : Time (s): cpu = 00:00:35 ; elapsed = 00:00:41 . Memory (MB): peak = 526.941 ; gain = 268.668
---------------------------------------------------------------------------------


---------------------------------------------------------------------------------
Start Rebuilding User Hierarchy
---------------------------------------------------------------------------------
---------------------------------------------------------------------------------
Finished Rebuilding User Hierarchy : Time (s): cpu = 00:00:35 ; elapsed = 00:00:41 . Memory (MB): peak = 526.941 ; gain = 268.668
---------------------------------------------------------------------------------

---------------------------------------------------------------------------------
Start RAM, DSP and Shift Register Reporting
---------------------------------------------------------------------------------
---------------------------------------------------------------------------------
Finished RAM, DSP and Shift Register Reporting
---------------------------------------------------------------------------------

---------------------------------------------------------------------------------
Start Writing Synthesis Report
---------------------------------------------------------------------------------

Report BlackBoxes: 
+-+--------------+----------+
| |BlackBox name |Instances |
+-+--------------+----------+
+-+--------------+----------+

Report Cell Usage: 
+------+-----+------+
|      |Cell |Count |
+------+-----+------+
|1     |XADC |     1|
+------+-----+------+

Report Instance Areas: 
+------+---------+-------+------+
|      |Instance |Module |Cells |
+------+---------+-------+------+
|1     |top      |       |     1|
+------+---------+-------+------+
---------------------------------------------------------------------------------
Finished Writing Synthesis Report : Time (s): cpu = 00:00:35 ; elapsed = 00:00:41 . Memory (MB): peak = 526.941 ; gain = 268.668
---------------------------------------------------------------------------------

Synthesis finished with 0 errors, 0 critical warnings and 0 warnings.
Synthesis Optimization Complete : Time (s): cpu = 00:00:35 ; elapsed = 00:00:41 . Memory (MB): peak = 526.941 ; gain = 268.668
INFO: [Netlist 29-17] Analyzing 1 Unisim elements for replacement
INFO: [Netlist 29-28] Unisim Transformation completed in 0 CPU seconds
Parsing XDC File [c:/CHALMERS/DAT096/softcore/grlib-gpl-1.3.4-b4140/designs/leon3-digilent-nexys4/vivado/leon3-digilent-nexys4/leon3-digilent-nexys4.srcs/sources_1/ip/ADC/ADC_OOC.xdc] for cell 'U0'
Finished Parsing XDC File [c:/CHALMERS/DAT096/softcore/grlib-gpl-1.3.4-b4140/designs/leon3-digilent-nexys4/vivado/leon3-digilent-nexys4/leon3-digilent-nexys4.srcs/sources_1/ip/ADC/ADC_OOC.xdc] for cell 'U0'
Parsing XDC File [c:/CHALMERS/DAT096/softcore/grlib-gpl-1.3.4-b4140/designs/leon3-digilent-nexys4/vivado/leon3-digilent-nexys4/leon3-digilent-nexys4.srcs/sources_1/ip/ADC/ADC.xdc] for cell 'U0'
Finished Parsing XDC File [c:/CHALMERS/DAT096/softcore/grlib-gpl-1.3.4-b4140/designs/leon3-digilent-nexys4/vivado/leon3-digilent-nexys4/leon3-digilent-nexys4.srcs/sources_1/ip/ADC/ADC.xdc] for cell 'U0'
INFO: [Opt 31-138] Pushed 0 inverter(s).
INFO: [Project 1-111] Unisim Transformation Summary:
No Unisim elements were transformed.

INFO: [Common 17-83] Releasing license: Synthesis
13 Infos, 0 Warnings, 0 Critical Warnings and 0 Errors encountered.
synth_design completed successfully
synth_design: Time (s): cpu = 00:00:53 ; elapsed = 00:00:55 . Memory (MB): peak = 754.609 ; gain = 442.824
# rename_ref -prefix_all ADC
# write_checkpoint -noxdef ADC.dcp
INFO: [Timing 38-35] Done setting XDC timing constraints.
# report_utilization -file ADC_utilization_synth.rpt -pb ADC_utilization_synth.pb
report_utilization: Time (s): cpu = 00:00:00 ; elapsed = 00:00:00.065 . Memory (MB): peak = 754.609 ; gain = 0.000
# if { [catch {
#   file copy -force C:/CHALMERS/DAT096/softcore/grlib-gpl-1.3.4-b4140/designs/leon3-digilent-nexys4/vivado/leon3-digilent-nexys4/leon3-digilent-nexys4.runs/ADC_synth_1/ADC.dcp C:/CHALMERS/DAT096/softcore/grlib-gpl-1.3.4-b4140/designs/leon3-digilent-nexys4/vivado/leon3-digilent-nexys4/leon3-digilent-nexys4.srcs/sources_1/ip/ADC/ADC.dcp
#   write_verilog -force -mode synth_stub C:/CHALMERS/DAT096/softcore/grlib-gpl-1.3.4-b4140/designs/leon3-digilent-nexys4/vivado/leon3-digilent-nexys4/leon3-digilent-nexys4.srcs/sources_1/ip/ADC/ADC_stub.v
#   write_verilog -force -mode funcsim C:/CHALMERS/DAT096/softcore/grlib-gpl-1.3.4-b4140/designs/leon3-digilent-nexys4/vivado/leon3-digilent-nexys4/leon3-digilent-nexys4.srcs/sources_1/ip/ADC/ADC_funcsim.v
#   write_vhdl -force -mode funcsim C:/CHALMERS/DAT096/softcore/grlib-gpl-1.3.4-b4140/designs/leon3-digilent-nexys4/vivado/leon3-digilent-nexys4/leon3-digilent-nexys4.srcs/sources_1/ip/ADC/ADC_funcsim.vhdl
# } _RESULT ] } { 
#   puts "Critical Warning: Unable to successfully create or copy supporting IP files."
# }
INFO: [Common 17-206] Exiting Vivado at Tue Apr 15 13:42:39 2014...
