#-----------------------------------------------------------
# Vivado v2013.4 (64-bit)
# SW Build 353583 on Mon Dec  9 17:26:26 MST 2013
# IP Build 208076 on Mon Dec  2 12:38:17 MST 2013
# Start of session at: Thu Feb 20 22:43:39 2014
# Process ID: 2452
# Log file: /home/joel/Documents/DAT096/grlib-gpl-1.3.4-b4140/vivado.log
# Journal file: /home/joel/Documents/DAT096/grlib-gpl-1.3.4-b4140/vivado.jou
#-----------------------------------------------------------
Attempting to get a license: Implementation
WARNING: [Common 17-301] Failed to get a license: Implementation
WARNING: [Vivado 15-19] WARNING: No 'Implementation' license found. This message may be safely ignored if a Vivado WebPACK or device-locked license, common for board kits, will be used during implementation.

Attempting to get a license: Synthesis
WARNING: [Common 17-301] Failed to get a license: Synthesis
Loading parts and site information from /opt/Xilinx/Vivado/2013.4/data/parts/arch.xml
Parsing RTL primitives file [/opt/Xilinx/Vivado/2013.4/data/parts/xilinx/rtl/prims/rtl_prims.xml]
Finished parsing RTL primitives file [/opt/Xilinx/Vivado/2013.4/data/parts/xilinx/rtl/prims/rtl_prims.xml]
source ./vivado/_vivado.tcl
# create_project  ./vivado/ -part  -force
ERROR: [Coretcl 2-106] Specified part could not be found.

    while executing
"create_project  ./vivado/ -part  -force"
    (file "./vivado/_vivado.tcl" line 1)
INFO: [Common 17-206] Exiting Vivado at Thu Feb 20 22:44:01 2014...
