Copyright 1986-2014 Xilinx, Inc. All Rights Reserved.
-----------------------------------------------------------------------------------------------------
| Tool Version : Vivado v.2014.1 (win32) Build 881834 Fri Apr  4 14:09:24 MDT 2014
| Date         : Mon May 12 10:32:21 2014
| Host         : MININT-VV401LP running 32-bit Service Pack 1  (build 7601)
| Command      : report_utilization -file ila_1_utilization_synth.rpt -pb ila_1_utilization_synth.pb
| Design       : ila_1
| Device       : xc7a100t
| Design State : Synthesized
-----------------------------------------------------------------------------------------------------

Utilization Design Information

Table of Contents
-----------------
1. Slice Logic
2. Memory
3. DSP
4. IO and GT Specific
5. Clocking
6. Specific Feature
7. Primitives
8. Black Boxes
9. Instantiated Netlists

1. Slice Logic
--------------

+----------------------------+------+-------+-----------+-------+
|          Site Type         | Used | Loced | Available | Util% |
+----------------------------+------+-------+-----------+-------+
| Slice LUTs*                | 2684 |     0 |     63400 |  4.23 |
|   LUT as Logic             | 2357 |     0 |     63400 |  3.71 |
|   LUT as Memory            |  327 |     0 |     19000 |  1.72 |
|     LUT as Distributed RAM |   64 |     0 |           |       |
|     LUT as Shift Register  |  263 |     0 |           |       |
| Slice Registers            | 3174 |     0 |    126800 |  2.50 |
|   Register as Flip Flop    | 3174 |     0 |    126800 |  2.50 |
|   Register as Latch        |    0 |     0 |    126800 |  0.00 |
| F7 Muxes                   |  145 |     0 |     31700 |  0.45 |
| F8 Muxes                   |   27 |     0 |     15850 |  0.17 |
+----------------------------+------+-------+-----------+-------+
* Warning! The Final LUT count, after physical optimizations and full implementation, is typically lower. Run opt_design after synthesis, if not already completed, for a more realistic count.


2. Memory
---------

+-------------------+------+-------+-----------+-------+
|     Site Type     | Used | Loced | Available | Util% |
+-------------------+------+-------+-----------+-------+
| Block RAM Tile    |   60 |     0 |       135 | 44.44 |
|   RAMB36/FIFO*    |   60 |     0 |       135 | 44.44 |
|     RAMB36E1 only |   60 |       |           |       |
|   RAMB18          |    0 |     0 |       270 |  0.00 |
+-------------------+------+-------+-----------+-------+
* Note: Each Block RAM Tile only has one FIFO logic available and therefore can accommodate only one FIFO36E1 or one FIFO18E1. However, if a FIFO18E1 occupies a Block RAM Tile, that tile can still accommodate a RAMB18E1


3. DSP
------

+-----------+------+-------+-----------+-------+
| Site Type | Used | Loced | Available | Util% |
+-----------+------+-------+-----------+-------+
| DSPs      |    0 |     0 |       240 |  0.00 |
+-----------+------+-------+-----------+-------+


4. IO and GT Specific
---------------------

+-----------------------------+------+-------+-----------+-------+
|          Site Type          | Used | Loced | Available | Util% |
+-----------------------------+------+-------+-----------+-------+
| Bonded IOB                  |    0 |     0 |       210 |  0.00 |
| Bonded IPADs                |    0 |     0 |         2 |  0.00 |
| PHY_CONTROL                 |    0 |     0 |         6 |  0.00 |
| PHASER_REF                  |    0 |     0 |         6 |  0.00 |
| OUT_FIFO                    |    0 |     0 |        24 |  0.00 |
| IN_FIFO                     |    0 |     0 |        24 |  0.00 |
| IDELAYCTRL                  |    0 |     0 |         6 |  0.00 |
| IBUFGDS                     |    0 |     0 |       202 |  0.00 |
| PHASER_OUT/PHASER_OUT_PHY   |    0 |     0 |        24 |  0.00 |
| PHASER_IN/PHASER_IN_PHY     |    0 |     0 |        24 |  0.00 |
| IDELAYE2/IDELAYE2_FINEDELAY |    0 |     0 |       300 |  0.00 |
| ODELAYE2/ODELAYE2_FINEDELAY |    0 |     0 |         0 |  0.00 |
| IBUFDS_GTE2                 |    0 |     0 |         4 |  0.00 |
| ILOGIC                      |    0 |     0 |       210 |  0.00 |
| OLOGIC                      |    0 |     0 |       210 |  0.00 |
+-----------------------------+------+-------+-----------+-------+


5. Clocking
-----------

+------------+------+-------+-----------+-------+
|  Site Type | Used | Loced | Available | Util% |
+------------+------+-------+-----------+-------+
| BUFGCTRL   |    0 |     0 |        32 |  0.00 |
| BUFIO      |    0 |     0 |        24 |  0.00 |
| MMCME2_ADV |    0 |     0 |         6 |  0.00 |
| PLLE2_ADV  |    0 |     0 |         6 |  0.00 |
| BUFMRCE    |    0 |     0 |        12 |  0.00 |
| BUFHCE     |    0 |     0 |        96 |  0.00 |
| BUFR       |    0 |     0 |        24 |  0.00 |
+------------+------+-------+-----------+-------+


6. Specific Feature
-------------------

+-------------+------+-------+-----------+-------+
|  Site Type  | Used | Loced | Available | Util% |
+-------------+------+-------+-----------+-------+
| BSCANE2     |    0 |     0 |         4 |  0.00 |
| CAPTUREE2   |    0 |     0 |         1 |  0.00 |
| DNA_PORT    |    0 |     0 |         1 |  0.00 |
| EFUSE_USR   |    0 |     0 |         1 |  0.00 |
| FRAME_ECCE2 |    0 |     0 |         1 |  0.00 |
| ICAPE2      |    0 |     0 |         2 |  0.00 |
| PCIE_2_1    |    0 |     0 |         1 |  0.00 |
| STARTUPE2   |    0 |     0 |         1 |  0.00 |
| XADC        |    0 |     0 |         1 |  0.00 |
+-------------+------+-------+-----------+-------+


7. Primitives
-------------

+----------+------+---------------------+
| Ref Name | Used | Functional Category |
+----------+------+---------------------+
| FDRE     | 3162 |        Flop & Latch |
| LUT6     | 1441 |                 LUT |
| LUT5     |  344 |                 LUT |
| LUT4     |  316 |                 LUT |
| SRLC32E  |  222 |  Distributed Memory |
| SRL16E   |  207 |  Distributed Memory |
| LUT3     |  196 |                 LUT |
| LUT1     |  176 |                 LUT |
| MUXF7    |  145 |               MuxFx |
| LUT2     |  127 |                 LUT |
| CARRY4   |  111 |          CarryLogic |
| RAMD64E  |   64 |  Distributed Memory |
| RAMB36E1 |   60 |        Block Memory |
| MUXF8    |   27 |               MuxFx |
| FDSE     |   12 |        Flop & Latch |
| SRLC16E  |    2 |  Distributed Memory |
+----------+------+---------------------+


8. Black Boxes
--------------

+----------+------+
| Ref Name | Used |
+----------+------+


9. Instantiated Netlists
------------------------

+----------+------+
| Ref Name | Used |
+----------+------+


