
*** Running vivado
    with args -log DMC.rds -m64 -mode batch -messageDb vivado.pb -source DMC.tcl


****** Vivado v2013.4 (64-bit)
  **** SW Build 353583 on Mon Dec  9 17:26:26 MST 2013
  **** IP Build 208076 on Mon Dec  2 12:38:17 MST 2013
    ** Copyright 1986-1999, 2001-2013 Xilinx, Inc. All Rights Reserved.

Attempting to get a license: Implementation
WARNING: [Common 17-301] Failed to get a license: Implementation
WARNING: [Vivado 15-19] WARNING: No 'Implementation' license found. This message may be safely ignored if a Vivado WebPACK or device-locked license, common for board kits, will be used during implementation.


*** Running vivado
    with args -log DMC.rds -m64 -mode batch -messageDb vivado.pb -source DMC.tcl


****** Vivado v2013.4 (64-bit)
  **** SW Build 353583 on Mon Dec  9 17:26:26 MST 2013
  **** IP Build 208076 on Mon Dec  2 12:38:17 MST 2013
    ** Copyright 1986-1999, 2001-2013 Xilinx, Inc. All Rights Reserved.

Attempting to get a license: Implementation
WARNING: [Common 17-301] Failed to get a license: Implementation
WARNING: [Vivado 15-19] WARNING: No 'Implementation' license found. This message may be safely ignored if a Vivado WebPACK or device-locked license, common for board kits, will be used during implementation.

Attempting to get a license: Synthesis
WARNING: [Common 17-301] Failed to get a license: Synthesis
Loading parts and site information from /opt/Xilinx/Vivado/2013.4/data/parts/arch.xml
Parsing RTL primitives file [/opt/Xilinx/Vivado/2013.4/data/parts/xilinx/rtl/prims/rtl_prims.xml]
Finished parsing RTL primitives file [/opt/Xilinx/Vivado/2013.4/data/parts/xilinx/rtl/prims/rtl_prims.xml]
source DMC.tcl
# set_param gui.test TreeTableDev
# set_msg_config -id {HDL 9-1061} -limit 100000
# set_msg_config -id {HDL 9-1654} -limit 100000
# create_project -in_memory -part xc7a100tcsg324-1
# set_property target_language Verilog [current_project]
# set_param project.compositeFile.enableAutoGeneration 0
# set_property ip_repo_paths /home/joel/Documents/DAT096/grlib-gpl-1.3.4-b4140/designs/leon3-digilent-nexys4/IP [current_fileset]
# set_property constrs_type UCF [current_fileset -constrset]
# read_ip /home/joel/Documents/DAT096/grlib-gpl-1.3.4-b4140/designs/leon3-digilent-nexys4/vivado/leon3-digilent-nexys4/leon3-digilent-nexys4.srcs/sources_1/ip/DMC/DMC.xci
INFO: [IP_Flow 19-234] Refreshing IP repositories
INFO: [IP_Flow 19-1700] Loaded user IP repository '/home/joel/Documents/DAT096/grlib-gpl-1.3.4-b4140/designs/leon3-digilent-nexys4/IP'.
INFO: [IP_Flow 19-2313] Loaded Vivado IP repository '/opt/Xilinx/Vivado/2013.4/data/ip'.
# set_property used_in_implementation false [get_files /home/joel/Documents/DAT096/grlib-gpl-1.3.4-b4140/designs/leon3-digilent-nexys4/vivado/leon3-digilent-nexys4/leon3-digilent-nexys4.srcs/sources_1/ip/DMC/DMC.dcp]
# set_msg_config -id {IP_Flow 19-2162} -severity warning -new_severity info
# set_property is_locked true [get_files /home/joel/Documents/DAT096/grlib-gpl-1.3.4-b4140/designs/leon3-digilent-nexys4/vivado/leon3-digilent-nexys4/leon3-digilent-nexys4.srcs/sources_1/ip/DMC/DMC.xci]
# set_property webtalk.parent_dir /home/joel/Documents/DAT096/grlib-gpl-1.3.4-b4140/designs/leon3-digilent-nexys4/vivado/leon3-digilent-nexys4/leon3-digilent-nexys4.data/wt [current_project]
# set_property parent.project_dir /home/joel/Documents/DAT096/grlib-gpl-1.3.4-b4140/designs/leon3-digilent-nexys4/vivado/leon3-digilent-nexys4 [current_project]
# synth_design -top DMC -part xc7a100tcsg324-1 -mode out_of_context
Command: synth_design -top DMC -part xc7a100tcsg324-1 -mode out_of_context

Starting synthesis...

INFO: [IP_Flow 19-2162] IP 'DMC' is locked. Locked reason: Property 'IS_LOCKED' is set to true by the system or user
Attempting to get a license for feature 'Synthesis' and/or device 'xc7a100t'
INFO: [Common 17-349] Got license for feature 'Synthesis' and/or device 'xc7a100t'
---------------------------------------------------------------------------------
Starting Synthesize : Time (s): cpu = 00:00:07 ; elapsed = 00:00:08 . Memory (MB): peak = 792.047 ; gain = 153.391
---------------------------------------------------------------------------------
INFO: [Synth 8-638] synthesizing module 'DMC' [/home/joel/Documents/DAT096/grlib-gpl-1.3.4-b4140/designs/leon3-digilent-nexys4/vivado/leon3-digilent-nexys4/leon3-digilent-nexys4.srcs/sources_1/ip/DMC/DMC.v:69]
INFO: [Synth 8-638] synthesizing module 'DMC_clk_wiz' [/home/joel/Documents/DAT096/grlib-gpl-1.3.4-b4140/designs/leon3-digilent-nexys4/vivado/leon3-digilent-nexys4/leon3-digilent-nexys4.srcs/sources_1/ip/DMC/DMC_clk_wiz.v:67]
INFO: [Synth 8-638] synthesizing module 'IBUF' [/opt/Xilinx/Vivado/2013.4/scripts/rt/data/unisim_comp.v:10580]
	Parameter CAPACITANCE bound to: DONT_CARE - type: string 
	Parameter IBUF_DELAY_VALUE bound to: 0 - type: string 
	Parameter IBUF_LOW_PWR bound to: TRUE - type: string 
	Parameter IFD_DELAY_VALUE bound to: AUTO - type: string 
	Parameter IOSTANDARD bound to: DEFAULT - type: string 
INFO: [Synth 8-256] done synthesizing module 'IBUF' (1#1) [/opt/Xilinx/Vivado/2013.4/scripts/rt/data/unisim_comp.v:10580]
INFO: [Synth 8-638] synthesizing module 'MMCME2_ADV' [/opt/Xilinx/Vivado/2013.4/scripts/rt/data/unisim_comp.v:16281]
	Parameter BANDWIDTH bound to: OPTIMIZED - type: string 
	Parameter CLKFBOUT_USE_FINE_PS bound to: FALSE - type: string 
	Parameter CLKOUT0_USE_FINE_PS bound to: FALSE - type: string 
	Parameter CLKOUT1_USE_FINE_PS bound to: FALSE - type: string 
	Parameter CLKOUT2_USE_FINE_PS bound to: FALSE - type: string 
	Parameter CLKOUT3_USE_FINE_PS bound to: FALSE - type: string 
	Parameter CLKOUT4_CASCADE bound to: FALSE - type: string 
	Parameter CLKOUT4_USE_FINE_PS bound to: FALSE - type: string 
	Parameter CLKOUT5_USE_FINE_PS bound to: FALSE - type: string 
	Parameter CLKOUT6_USE_FINE_PS bound to: FALSE - type: string 
	Parameter COMPENSATION bound to: ZHOLD - type: string 
	Parameter SS_EN bound to: FALSE - type: string 
	Parameter SS_MODE bound to: CENTER_HIGH - type: string 
	Parameter STARTUP_WAIT bound to: FALSE - type: string 
	Parameter IS_CLKINSEL_INVERTED bound to: 1'b0 
	Parameter IS_PSEN_INVERTED bound to: 1'b0 
	Parameter IS_PSINCDEC_INVERTED bound to: 1'b0 
	Parameter IS_PWRDWN_INVERTED bound to: 1'b0 
	Parameter IS_RST_INVERTED bound to: 1'b0 
	Parameter CLKOUT1_DIVIDE bound to: 1 - type: integer 
	Parameter CLKOUT2_DIVIDE bound to: 1 - type: integer 
	Parameter CLKOUT3_DIVIDE bound to: 1 - type: integer 
	Parameter CLKOUT4_DIVIDE bound to: 1 - type: integer 
	Parameter CLKOUT5_DIVIDE bound to: 1 - type: integer 
	Parameter CLKOUT6_DIVIDE bound to: 1 - type: integer 
	Parameter DIVCLK_DIVIDE bound to: 5 - type: integer 
	Parameter SS_MOD_PERIOD bound to: 10000 - type: integer 
	Parameter CLKFBOUT_MULT_F bound to: 53.625000 - type: float 
	Parameter CLKFBOUT_PHASE bound to: 0.000000 - type: float 
	Parameter CLKIN1_PERIOD bound to: 10.000000 - type: float 
	Parameter CLKIN2_PERIOD bound to: 0.000000 - type: float 
	Parameter CLKOUT0_DIVIDE_F bound to: 11.875000 - type: float 
	Parameter CLKOUT0_DUTY_CYCLE bound to: 0.500000 - type: float 
	Parameter CLKOUT0_PHASE bound to: 0.000000 - type: float 
	Parameter CLKOUT1_DUTY_CYCLE bound to: 0.500000 - type: float 
	Parameter CLKOUT1_PHASE bound to: 0.000000 - type: float 
	Parameter CLKOUT2_DUTY_CYCLE bound to: 0.500000 - type: float 
	Parameter CLKOUT2_PHASE bound to: 0.000000 - type: float 
	Parameter CLKOUT3_DUTY_CYCLE bound to: 0.500000 - type: float 
	Parameter CLKOUT3_PHASE bound to: 0.000000 - type: float 
	Parameter CLKOUT4_DUTY_CYCLE bound to: 0.500000 - type: float 
	Parameter CLKOUT4_PHASE bound to: 0.000000 - type: float 
	Parameter CLKOUT5_DUTY_CYCLE bound to: 0.500000 - type: float 
	Parameter CLKOUT5_PHASE bound to: 0.000000 - type: float 
	Parameter CLKOUT6_DUTY_CYCLE bound to: 0.500000 - type: float 
	Parameter CLKOUT6_PHASE bound to: 0.000000 - type: float 
	Parameter REF_JITTER1 bound to: 0.010000 - type: float 
	Parameter REF_JITTER2 bound to: 0.010000 - type: float 
INFO: [Synth 8-256] done synthesizing module 'MMCME2_ADV' (2#1) [/opt/Xilinx/Vivado/2013.4/scripts/rt/data/unisim_comp.v:16281]
INFO: [Synth 8-638] synthesizing module 'BUFG' [/opt/Xilinx/Vivado/2013.4/scripts/rt/data/unisim_comp.v:612]
INFO: [Synth 8-256] done synthesizing module 'BUFG' (3#1) [/opt/Xilinx/Vivado/2013.4/scripts/rt/data/unisim_comp.v:612]
INFO: [Synth 8-256] done synthesizing module 'DMC_clk_wiz' (4#1) [/home/joel/Documents/DAT096/grlib-gpl-1.3.4-b4140/designs/leon3-digilent-nexys4/vivado/leon3-digilent-nexys4/leon3-digilent-nexys4.srcs/sources_1/ip/DMC/DMC_clk_wiz.v:67]
INFO: [Synth 8-256] done synthesizing module 'DMC' (5#1) [/home/joel/Documents/DAT096/grlib-gpl-1.3.4-b4140/designs/leon3-digilent-nexys4/vivado/leon3-digilent-nexys4/leon3-digilent-nexys4.srcs/sources_1/ip/DMC/DMC.v:69]
---------------------------------------------------------------------------------
Finished Synthesize : Time (s): cpu = 00:00:08 ; elapsed = 00:00:09 . Memory (MB): peak = 826.867 ; gain = 188.211
---------------------------------------------------------------------------------

---------------------------------------------------------------------------------
Start RTL Optimization
---------------------------------------------------------------------------------
---------------------------------------------------------------------------------
Finished RTL Optimization : Time (s): cpu = 00:00:08 ; elapsed = 00:00:09 . Memory (MB): peak = 826.867 ; gain = 188.211
---------------------------------------------------------------------------------


Report RTL Partitions: 
+-+--------------+------------+----------+
| |RTL Partition |Replication |Instances |
+-+--------------+------------+----------+
+-+--------------+------------+----------+

---------------------------------------------------------------------------------
Start Loading Part and Timing Information
---------------------------------------------------------------------------------
Loading part: xc7a100tcsg324-1
Loading clock regions from /opt/Xilinx/Vivado/2013.4/data/parts/xilinx/artix7/artix7/xc7a100t/ClockRegion.xml
Loading clock buffers from /opt/Xilinx/Vivado/2013.4/data/parts/xilinx/artix7/artix7/xc7a100t/ClockBuffers.xml
Loading clock placement rules from /opt/Xilinx/Vivado/2013.4/data/parts/xilinx/artix7/ClockPlacerRules.xml
Loading package pin functions from /opt/Xilinx/Vivado/2013.4/data/parts/xilinx/artix7/PinFunctions.xml...
Loading package from /opt/Xilinx/Vivado/2013.4/data/parts/xilinx/artix7/artix7/xc7a100t/csg324/Package.xml
Loading io standards from /opt/Xilinx/Vivado/2013.4/data/./parts/xilinx/artix7/IOStandards.xml
Loading device configuration modes from /opt/Xilinx/Vivado/2013.4/data/parts/xilinx/artix7/ConfigModes.xml
Part Resources:
DSPs: 240 (col length:80)
BRAMs: 270 (col length: RAMB18 80 RAMB36 40)
---------------------------------------------------------------------------------
Finished Loading Part and Timing Information : Time (s): cpu = 00:00:25 ; elapsed = 00:00:28 . Memory (MB): peak = 1097.809 ; gain = 459.152
---------------------------------------------------------------------------------

No constraint files found.

---------------------------------------------------------------------------------
Start RTL Component Statistics 
---------------------------------------------------------------------------------
Detailed RTL Component Info : 

---------------------------------------------------------------------------------
Finished RTL Component Statistics 
---------------------------------------------------------------------------------

---------------------------------------------------------------------------------
Start RTL Hierarchical Component Statistics 
---------------------------------------------------------------------------------
Hierarchical RTL Component report 
Module DMC 
Detailed RTL Component Info : 
Module DMC_clk_wiz 
Detailed RTL Component Info : 

---------------------------------------------------------------------------------
Finished RTL Hierarchical Component Statistics
---------------------------------------------------------------------------------

---------------------------------------------------------------------------------
Start Cross Boundary Optimization
---------------------------------------------------------------------------------
---------------------------------------------------------------------------------
Finished Cross Boundary Optimization : Time (s): cpu = 00:00:25 ; elapsed = 00:00:28 . Memory (MB): peak = 1097.809 ; gain = 459.152
---------------------------------------------------------------------------------

---------------------------------------------------------------------------------
Start RAM, DSP and Shift Register Reporting
---------------------------------------------------------------------------------
---------------------------------------------------------------------------------
Finished RAM, DSP and Shift Register Reporting
---------------------------------------------------------------------------------

---------------------------------------------------------------------------------
Start Area Optimization
---------------------------------------------------------------------------------
No constraint files found.
---------------------------------------------------------------------------------
Finished Area Optimization : Time (s): cpu = 00:00:26 ; elapsed = 00:00:28 . Memory (MB): peak = 1117.828 ; gain = 479.172
---------------------------------------------------------------------------------


---------------------------------------------------------------------------------
Start Timing Optimization
---------------------------------------------------------------------------------
No constraint files found.
---------------------------------------------------------------------------------
Finished Timing Optimization : Time (s): cpu = 00:00:26 ; elapsed = 00:00:28 . Memory (MB): peak = 1117.828 ; gain = 479.172
---------------------------------------------------------------------------------


---------------------------------------------------------------------------------
Start Technology Mapping
---------------------------------------------------------------------------------
---------------------------------------------------------------------------------
Finished Technology Mapping : Time (s): cpu = 00:00:26 ; elapsed = 00:00:28 . Memory (MB): peak = 1118.836 ; gain = 480.180
---------------------------------------------------------------------------------


---------------------------------------------------------------------------------
Start IO Insertion
---------------------------------------------------------------------------------

---------------------------------------------------------------------------------
Start Flattening Before IO Insertion
---------------------------------------------------------------------------------

---------------------------------------------------------------------------------
Finished Flattening Before IO Insertion
---------------------------------------------------------------------------------

---------------------------------------------------------------------------------
Start Final Netlist Cleanup
---------------------------------------------------------------------------------

---------------------------------------------------------------------------------
Finished Final Netlist Cleanup
---------------------------------------------------------------------------------
Gated Clock Conversion mode: off
---------------------------------------------------------------------------------
Finished IO Insertion : Time (s): cpu = 00:00:26 ; elapsed = 00:00:29 . Memory (MB): peak = 1118.836 ; gain = 480.180
---------------------------------------------------------------------------------


Report Check Netlist: 
+------+------------------+-------+---------+-------+------------------+
|      |Item              |Errors |Warnings |Status |Description       |
+------+------------------+-------+---------+-------+------------------+
|1     |multi_driven_nets |      0|        0|Passed |Multi driven nets |
+------+------------------+-------+---------+-------+------------------+

---------------------------------------------------------------------------------
Start Renaming Generated Instances
---------------------------------------------------------------------------------
---------------------------------------------------------------------------------
Finished Renaming Generated Instances : Time (s): cpu = 00:00:26 ; elapsed = 00:00:29 . Memory (MB): peak = 1118.836 ; gain = 480.180
---------------------------------------------------------------------------------


---------------------------------------------------------------------------------
Start Rebuilding User Hierarchy
---------------------------------------------------------------------------------
---------------------------------------------------------------------------------
Finished Rebuilding User Hierarchy : Time (s): cpu = 00:00:26 ; elapsed = 00:00:29 . Memory (MB): peak = 1118.836 ; gain = 480.180
---------------------------------------------------------------------------------

---------------------------------------------------------------------------------
Start RAM, DSP and Shift Register Reporting
---------------------------------------------------------------------------------
---------------------------------------------------------------------------------
Finished RAM, DSP and Shift Register Reporting
---------------------------------------------------------------------------------

---------------------------------------------------------------------------------
Start Writing Synthesis Report
---------------------------------------------------------------------------------

Report BlackBoxes: 
+-+--------------+----------+
| |BlackBox name |Instances |
+-+--------------+----------+
+-+--------------+----------+

Report Cell Usage: 
+------+-----------+------+
|      |Cell       |Count |
+------+-----------+------+
|1     |BUFG       |     2|
|2     |LUT1       |     1|
|3     |MMCME2_ADV |     1|
|4     |IBUF       |     1|
+------+-----------+------+

Report Instance Areas: 
+------+---------+------------+------+
|      |Instance |Module      |Cells |
+------+---------+------------+------+
|1     |top      |            |     5|
|2     |  inst   |DMC_clk_wiz |     5|
+------+---------+------------+------+
---------------------------------------------------------------------------------
Finished Writing Synthesis Report : Time (s): cpu = 00:00:26 ; elapsed = 00:00:29 . Memory (MB): peak = 1118.836 ; gain = 480.180
---------------------------------------------------------------------------------

Synthesis finished with 0 errors, 0 critical warnings and 0 warnings.
Synthesis Optimization Complete : Time (s): cpu = 00:00:26 ; elapsed = 00:00:29 . Memory (MB): peak = 1118.836 ; gain = 480.180
INFO: [Netlist 29-17] Analyzing 2 Unisim elements for replacement
INFO: [Netlist 29-28] Unisim Transformation completed in 0 CPU seconds
Parsing XDC File [/home/joel/Documents/DAT096/grlib-gpl-1.3.4-b4140/designs/leon3-digilent-nexys4/vivado/leon3-digilent-nexys4/leon3-digilent-nexys4.srcs/sources_1/ip/DMC/DMC_OOC.xdc] for cell 'inst'
Finished Parsing XDC File [/home/joel/Documents/DAT096/grlib-gpl-1.3.4-b4140/designs/leon3-digilent-nexys4/vivado/leon3-digilent-nexys4/leon3-digilent-nexys4.srcs/sources_1/ip/DMC/DMC_OOC.xdc] for cell 'inst'
Parsing XDC File [/home/joel/Documents/DAT096/grlib-gpl-1.3.4-b4140/designs/leon3-digilent-nexys4/vivado/leon3-digilent-nexys4/leon3-digilent-nexys4.srcs/sources_1/ip/DMC/DMC.xdc] for cell 'inst'
INFO: [Project 1-11] Changing the constrs_type of fileset 'constrs_1' to 'XDC'. [/home/joel/Documents/DAT096/grlib-gpl-1.3.4-b4140/designs/leon3-digilent-nexys4/vivado/leon3-digilent-nexys4/leon3-digilent-nexys4.srcs/sources_1/ip/DMC/DMC.xdc:55]
INFO: [Timing 38-45] Going to infer timing constraints. [/home/joel/Documents/DAT096/grlib-gpl-1.3.4-b4140/designs/leon3-digilent-nexys4/vivado/leon3-digilent-nexys4/leon3-digilent-nexys4.srcs/sources_1/ip/DMC/DMC.xdc:56]
INFO: [Timing 38-33] Done inferring timing constraints. [/home/joel/Documents/DAT096/grlib-gpl-1.3.4-b4140/designs/leon3-digilent-nexys4/vivado/leon3-digilent-nexys4/leon3-digilent-nexys4.srcs/sources_1/ip/DMC/DMC.xdc:56]
WARNING: [Vivado 12-1008] No clocks found for command 'get_clocks -of_objects [get_ports clk_in1]'. [/home/joel/Documents/DAT096/grlib-gpl-1.3.4-b4140/designs/leon3-digilent-nexys4/vivado/leon3-digilent-nexys4/leon3-digilent-nexys4.srcs/sources_1/ip/DMC/DMC.xdc:56]
INFO: [Vivado 12-626] No clocks found. Please use 'create_clock' or 'create_generated_clock' command to create clocks. [/home/joel/Documents/DAT096/grlib-gpl-1.3.4-b4140/designs/leon3-digilent-nexys4/vivado/leon3-digilent-nexys4/leon3-digilent-nexys4.srcs/sources_1/ip/DMC/DMC.xdc:56]
CRITICAL WARNING: [Vivado 12-1387] No valid object(s) found for set_input_jitter constraint with option '-clock [get_clocks -of_objects [get_ports clk_in1]]'. [/home/joel/Documents/DAT096/grlib-gpl-1.3.4-b4140/designs/leon3-digilent-nexys4/vivado/leon3-digilent-nexys4/leon3-digilent-nexys4.srcs/sources_1/ip/DMC/DMC.xdc:56]
Resolution: Check if the specified object(s) exists in the current design. If it does, ensure that the correct design hierarchy was specified for the object.
Finished Parsing XDC File [/home/joel/Documents/DAT096/grlib-gpl-1.3.4-b4140/designs/leon3-digilent-nexys4/vivado/leon3-digilent-nexys4/leon3-digilent-nexys4.srcs/sources_1/ip/DMC/DMC.xdc] for cell 'inst'
Parsing XDC File [/home/joel/Documents/DAT096/grlib-gpl-1.3.4-b4140/designs/leon3-digilent-nexys4/vivado/leon3-digilent-nexys4/leon3-digilent-nexys4.srcs/sources_1/ip/DMC/DMC_board.xdc] for cell 'inst'
Finished Parsing XDC File [/home/joel/Documents/DAT096/grlib-gpl-1.3.4-b4140/designs/leon3-digilent-nexys4/vivado/leon3-digilent-nexys4/leon3-digilent-nexys4.srcs/sources_1/ip/DMC/DMC_board.xdc] for cell 'inst'
INFO: [Opt 31-138] Pushed 0 inverter(s).
INFO: [Project 1-111] Unisim Transformation Summary:
No Unisim elements were transformed.

INFO: [Common 17-83] Releasing license: Synthesis
21 Infos, 1 Warnings, 1 Critical Warnings and 0 Errors encountered.
synth_design completed successfully
synth_design: Time (s): cpu = 00:00:38 ; elapsed = 00:00:43 . Memory (MB): peak = 1523.281 ; gain = 779.230
# rename_ref -prefix_all DMC
# write_checkpoint -noxdef DMC.dcp
# report_utilization -file DMC_utilization_synth.rpt -pb DMC_utilization_synth.pb
report_utilization: Time (s): cpu = 00:00:00.15 ; elapsed = 00:00:00.21 . Memory (MB): peak = 1525.297 ; gain = 2.012
# if { [catch {
#   file copy -force /home/joel/Documents/DAT096/grlib-gpl-1.3.4-b4140/designs/leon3-digilent-nexys4/vivado/leon3-digilent-nexys4/leon3-digilent-nexys4.runs/DMC_synth_1/DMC.dcp /home/joel/Documents/DAT096/grlib-gpl-1.3.4-b4140/designs/leon3-digilent-nexys4/vivado/leon3-digilent-nexys4/leon3-digilent-nexys4.srcs/sources_1/ip/DMC/DMC.dcp
#   write_verilog -force -mode synth_stub /home/joel/Documents/DAT096/grlib-gpl-1.3.4-b4140/designs/leon3-digilent-nexys4/vivado/leon3-digilent-nexys4/leon3-digilent-nexys4.srcs/sources_1/ip/DMC/DMC_stub.v
#   write_verilog -force -mode funcsim /home/joel/Documents/DAT096/grlib-gpl-1.3.4-b4140/designs/leon3-digilent-nexys4/vivado/leon3-digilent-nexys4/leon3-digilent-nexys4.srcs/sources_1/ip/DMC/DMC_funcsim.v
#   write_vhdl -force -mode funcsim /home/joel/Documents/DAT096/grlib-gpl-1.3.4-b4140/designs/leon3-digilent-nexys4/vivado/leon3-digilent-nexys4/leon3-digilent-nexys4.srcs/sources_1/ip/DMC/DMC_funcsim.vhdl
# } _RESULT ] } { 
#   puts "Critical Warning: Unable to successfully create or copy supporting IP files."
# }
INFO: [Common 17-206] Exiting Vivado at Thu Mar  6 12:11:00 2014...
