#-----------------------------------------------------------
# PlanAhead v14.7
# Build 321239 by xbuild on Fri Sep 27 19:31:35 MDT 2013
# Start of session at: Thu Feb 13 10:54:46 2014
# Process ID: 2680
# Log file: C:/CHALMERS/DAT096/DAT096/ADCDAC/DAC/planAhead_run_2/planAhead.log
# Journal file: C:/CHALMERS/DAT096/DAT096/ADCDAC/DAC/planAhead_run_2/planAhead.jou
#-----------------------------------------------------------
INFO: [Common 17-78] Attempting to get a license: PlanAhead
INFO: [Common 17-290] Got license for PlanAhead
INFO: [Device 21-36] Loading parts and site information from C:/Xilinx/14.7/ISE_DS/PlanAhead/data/parts/arch.xml
Parsing RTL primitives file [C:/Xilinx/14.7/ISE_DS/PlanAhead/data/parts/xilinx/rtl/prims/rtl_prims.xml]
Finished parsing RTL primitives file [C:/Xilinx/14.7/ISE_DS/PlanAhead/data/parts/xilinx/rtl/prims/rtl_prims.xml]
start_gui
source C:/CHALMERS/DAT096/DAT096/ADCDAC/DAC/pa.fromHdl.tcl
# create_project -name DAC -dir "C:/CHALMERS/DAT096/DAT096/ADCDAC/DAC/planAhead_run_3" -part xc7a100tcsg324-2L
# set_param project.pinAheadLayout yes
# set srcset [get_property srcset [current_run -impl]]
# set_property target_constrs_file "top.ucf" [current_fileset -constrset]
Adding file 'C:/CHALMERS/DAT096/DAT096/ADCDAC/DAC/top.ucf' to fileset 'constrs_1'
# set hdlfile [add_files [list {ipcore_dir/DMC.vhd}]]
# set_property file_type VHDL $hdlfile
# set_property library work $hdlfile
# set hdlfile [add_files [list {PWM.vhd}]]
# set_property file_type VHDL $hdlfile
# set_property library work $hdlfile
# set hdlfile [add_files [list {top.vhd}]]
# set_property file_type VHDL $hdlfile
# set_property library work $hdlfile
# set_property top top $srcset
# add_files [list {top.ucf}] -fileset [get_property constrset [current_run]]
# open_rtl_design -part xc7a100tcsg324-2L
Using Verific elaboration
Parsing VHDL file "C:/Xilinx/14.7/ISE_DS/PlanAhead/data/parts/xilinx/rtl/lib/synplify/synattr.vhd" into library synplify
Parsing VHDL file "C:/Xilinx/14.7/ISE_DS/PlanAhead/data/parts/xilinx/rtl/lib/synplify/synattr.vhd" into library synplify
Parsing VHDL file "C:/CHALMERS/DAT096/DAT096/ADCDAC/DAC/PWM.vhd" into library work
Parsing VHDL file "C:/CHALMERS/DAT096/DAT096/ADCDAC/DAC/ipcore_dir/DMC.vhd" into library work
Parsing VHDL file "C:/CHALMERS/DAT096/DAT096/ADCDAC/DAC/top.vhd" into library work
INFO: [Netlist 29-17] Analyzing 2 Unisim elements for replacement
INFO: [Netlist 29-28] Unisim Transformation completed in 0 CPU seconds
Loading clock regions from C:/Xilinx/14.7/ISE_DS/PlanAhead/data\parts/xilinx/artix7/artix7/xc7a100t/ClockRegion.xml
Loading clock buffers from C:/Xilinx/14.7/ISE_DS/PlanAhead/data\parts/xilinx/artix7/artix7/xc7a100t/ClockBuffers.xml
Loading clock placement rules from C:/Xilinx/14.7/ISE_DS/PlanAhead/data/parts/xilinx/artix7/ClockPlacerRules.xml
Loading package pin functions from C:/Xilinx/14.7/ISE_DS/PlanAhead/data\parts/xilinx/artix7/PinFunctions.xml...
Loading package from C:/Xilinx/14.7/ISE_DS/PlanAhead/data\parts/xilinx/artix7/artix7/xc7a100t/csg324/Package.xml
Loading io standards from C:/Xilinx/14.7/ISE_DS/PlanAhead/data\./parts/xilinx/artix7/IOStandards.xml
Loading device configuration modes from C:/Xilinx/14.7/ISE_DS/PlanAhead/data\parts/xilinx/artix7/ConfigModes.xml
Loading list of drcs for the architecture : C:/Xilinx/14.7/ISE_DS/PlanAhead/data\./parts/xilinx/artix7/drc.xml
Parsing UCF File [C:/CHALMERS/DAT096/DAT096/ADCDAC/DAC/top.ucf]
Finished Parsing UCF File [C:/CHALMERS/DAT096/DAT096/ADCDAC/DAC/top.ucf]
INFO: [Project 1-111] Unisim Transformation Summary:
  A total of 1 instances were transformed.
  IBUFG => IBUF: 1 instances

Phase 0 | Netlist Checksum: aac9249f
open_rtl_design: Time (s): elapsed = 00:00:28 . Memory (MB): peak = 679.559 ; gain = 269.832
update_compile_order -fileset sim_1
set_property iostandard LVTTL [get_ports [list {Value[10]} {Value[9]} {Value[8]} {Value[7]} {Value[6]} {Value[5]} {Value[4]} {Value[3]} {Value[2]} {Value[1]} {Value[0]}]]
set_property drive 12 [get_ports [list {Value[10]} {Value[9]} {Value[8]} {Value[7]} {Value[6]} {Value[5]} {Value[4]} {Value[3]} {Value[2]} {Value[1]} {Value[0]}]]
set_property slew SLOW [get_ports [list {Value[10]} {Value[9]} {Value[8]} {Value[7]} {Value[6]} {Value[5]} {Value[4]} {Value[3]} {Value[2]} {Value[1]} {Value[0]}]]
startgroup
set_property package_pin U9 [get_ports {Value[10]}]
endgroup
startgroup
set_property package_pin U8 [get_ports {Value[9]}]
endgroup
startgroup
set_property package_pin R7 [get_ports {Value[8]}]
endgroup
startgroup
set_property package_pin R6 [get_ports {Value[7]}]
endgroup
startgroup
set_property package_pin R5 [get_ports {Value[6]}]
endgroup
startgroup
set_property package_pin V7 [get_ports {Value[5]}]
endgroup
startgroup
set_property package_pin V6 [get_ports {Value[4]}]
endgroup
startgroup
set_property package_pin V5 [get_ports {Value[3]}]
endgroup
startgroup
set_property package_pin U4 [get_ports {Value[2]}]
endgroup
startgroup
set_property package_pin V2 [get_ports {Value[1]}]
endgroup
startgroup
set_property package_pin U2 [get_ports {Value[0]}]
endgroup
save_constraints
set_property package_pin "" [get_ports [list  pwmout]]
set_property package_pin "" [get_ports [list  reset]]
startgroup
set_property package_pin T3 [get_ports reset]
endgroup
set_property iostandard LVTTL [get_ports [list reset locked pwmout]]
set_property drive 12 [get_ports [list reset locked pwmout]]
set_property slew SLOW [get_ports [list reset locked pwmout]]
startgroup
set_property package_pin T3 [get_ports reset]
endgroup
set_property package_pin "" [get_ports [list  pwmout]]
save_constraints
set_property iostandard LVCMOS33 [get_ports [list {Value[10]} {Value[9]} {Value[8]} {Value[7]} {Value[6]} {Value[5]} {Value[4]} {Value[3]} {Value[2]} {Value[1]} {Value[0]}]]
set_property drive 12 [get_ports [list {Value[10]} {Value[9]} {Value[8]} {Value[7]} {Value[6]} {Value[5]} {Value[4]} {Value[3]} {Value[2]} {Value[1]} {Value[0]}]]
set_property slew SLOW [get_ports [list {Value[10]} {Value[9]} {Value[8]} {Value[7]} {Value[6]} {Value[5]} {Value[4]} {Value[3]} {Value[2]} {Value[1]} {Value[0]}]]
set_property iostandard LVCMOS33 [get_ports [list clk locked pwmout reset]]
set_property drive 12 [get_ports [list clk locked pwmout reset]]
set_property slew SLOW [get_ports [list clk locked pwmout reset]]
startgroup
set_property package_pin U4 [get_ports {Value[2]}]
endgroup
startgroup
set_property package_pin A11 [get_ports pwmout]
endgroup
save_constraints
exit
ERROR: [PlanAhead 12-106] *** Exception: ui.h.b: Found deleted key in HTclEventBroker. Verify if the classes listed here call cleanup()
HTclEvent: DEBUG_PORT_CONFIG_CHANGE   Classes: ui.views.aR 
HTclEvent: DEBUG_CORE_CONFIG_CHANGE   Classes: ui.views.aR 
HTclEvent: SIGNAL_MODIFY   Classes: ui.views.aR 
HTclEvent: SIGNAL_BUS_MODIFY   Classes: ui.views.aR 
 (See C:/CHALMERS/DAT096/DAT096/ADCDAC/DAC\planAhead_pid2680.debug)
ERROR: [Common 17-39] 'stop_gui' failed due to earlier errors.
INFO: [Common 17-206] Exiting PlanAhead at Thu Feb 13 11:15:12 2014...
INFO: [Common 17-83] Releasing license: PlanAhead
