
*** Running vivado
    with args -log Throughput_top.rds -m32 -mode batch -messageDb vivado.pb -source Throughput_top.tcl


****** Vivado v2013.4
  **** SW Build 353583 on Mon Dec  9 17:38:55 MST 2013
  **** IP Build 208076 on Mon Dec  2 12:38:17 MST 2013
    ** Copyright 1986-1999, 2001-2013 Xilinx, Inc. All Rights Reserved.

Attempting to get a license: Implementation
WARNING: [Common 17-301] Failed to get a license: Implementation
WARNING: [Vivado 15-19] WARNING: No 'Implementation' license found. This message may be safely ignored if a Vivado WebPACK or device-locked license, common for board kits, will be used during implementation.

Attempting to get a license: Synthesis
WARNING: [Common 17-301] Failed to get a license: Synthesis
Loading parts and site information from C:/Xilinx/Vivado/2013.4/data/parts/arch.xml
Parsing RTL primitives file [C:/Xilinx/Vivado/2013.4/data/parts/xilinx/rtl/prims/rtl_prims.xml]
Finished parsing RTL primitives file [C:/Xilinx/Vivado/2013.4/data/parts/xilinx/rtl/prims/rtl_prims.xml]
source Throughput_top.tcl
# set_param gui.test TreeTableDev
# set_msg_config -id {HDL 9-1061} -limit 100000
# set_msg_config -id {HDL 9-1654} -limit 100000
# set_msg_config -id {Labtools 27-147} -limit 4294967295
# set_msg_config -id {Synth 8-256} -limit 10000
# set_msg_config -id {Synth 8-638} -limit 10000
# create_project -in_memory -part xc7a100tcsg324-1
# set_property target_language VHDL [current_project]
# set_param project.compositeFile.enableAutoGeneration 0
# add_files C:/CHALMERS/DAT096/DAT096/ADCDAC/ADC/ADC.runs/ADC_synth_1/ADC.dcp
# set_property used_in_implementation false [get_files C:/CHALMERS/DAT096/DAT096/ADCDAC/ADC/ADC.runs/ADC_synth_1/ADC.dcp]
# set_property use_blackbox_stub false [get_files C:/CHALMERS/DAT096/DAT096/ADCDAC/ADC/ADC.runs/ADC_synth_1/ADC.dcp]
# add_files C:/CHALMERS/DAT096/DAT096/ADCDAC/ADC/ADC.runs/DMC_synth_1/DMC.dcp
# set_property used_in_implementation false [get_files C:/CHALMERS/DAT096/DAT096/ADCDAC/ADC/ADC.runs/DMC_synth_1/DMC.dcp]
# set_property use_blackbox_stub false [get_files C:/CHALMERS/DAT096/DAT096/ADCDAC/ADC/ADC.runs/DMC_synth_1/DMC.dcp]
# read_verilog {
#   c:/CHALMERS/DAT096/DAT096/ADCDAC/ADC/ADC.srcs/sources_1/ip/ADC/ADC_stub.v
#   c:/CHALMERS/DAT096/DAT096/ADCDAC/ADC/ADC.srcs/sources_1/ip/DMC/DMC_stub.v
# }
# read_vhdl {
#   C:/CHALMERS/DAT096/DAT096/ADCDAC/ADC/ADC.srcs/sources_1/imports/DAC/PWM.vhd
#   C:/CHALMERS/DAT096/DAT096/ADCDAC/ADC/ADC.srcs/sources_1/new/ADC_TOP.vhd
#   C:/CHALMERS/DAT096/DAT096/ADCDAC/ADC/ADC.srcs/sources_1/imports/DAC/top.vhd
#   C:/CHALMERS/DAT096/DAT096/ADCDAC/ADC/ADC.srcs/sources_1/new/Throughput_top.vhd
# }
# read_xdc C:/CHALMERS/DAT096/DAT096/ADCDAC/ADC/ADC.srcs/constrs_1/new/ADC_TOP.xdc
INFO: [Project 1-11] Changing the constrs_type of fileset 'constrs_1' to 'XDC'.
# set_property used_in_implementation false [get_files C:/CHALMERS/DAT096/DAT096/ADCDAC/ADC/ADC.srcs/constrs_1/new/ADC_TOP.xdc]
# read_xdc dont_buffer.xdc
# set_property used_in_implementation false [get_files dont_buffer.xdc]
# set_param synth.vivado.isSynthRun true
# set_property webtalk.parent_dir C:/CHALMERS/DAT096/DAT096/ADCDAC/ADC/ADC.data/wt [current_project]
# set_property parent.project_dir C:/CHALMERS/DAT096/DAT096/ADCDAC/ADC [current_project]
# synth_design -top Throughput_top -part xc7a100tcsg324-1
Command: synth_design -top Throughput_top -part xc7a100tcsg324-1

Starting synthesis...

Attempting to get a license for feature 'Synthesis' and/or device 'xc7a100t'
INFO: [Common 17-349] Got license for feature 'Synthesis' and/or device 'xc7a100t'
---------------------------------------------------------------------------------
Starting RTL Elaboration : Time (s): cpu = 00:00:06 ; elapsed = 00:00:07 . Memory (MB): peak = 334.363 ; gain = 77.273
---------------------------------------------------------------------------------
INFO: [Synth 8-638] synthesizing module 'Throughput_top' [C:/CHALMERS/DAT096/DAT096/ADCDAC/ADC/ADC.srcs/sources_1/new/Throughput_top.vhd:43]
INFO: [Synth 8-3491] module 'ADC_TOP' declared at 'C:/CHALMERS/DAT096/DAT096/ADCDAC/ADC/ADC.srcs/sources_1/new/ADC_TOP.vhd:34' bound to instance 'inst_ADC_TOP' of component 'ADC_TOP' [C:/CHALMERS/DAT096/DAT096/ADCDAC/ADC/ADC.srcs/sources_1/new/Throughput_top.vhd:68]
INFO: [Synth 8-638] synthesizing module 'ADC_TOP' [C:/CHALMERS/DAT096/DAT096/ADCDAC/ADC/ADC.srcs/sources_1/new/ADC_TOP.vhd:43]
INFO: [Synth 8-637] synthesizing blackbox instance 'inst_ADC' of component 'ADC' [C:/CHALMERS/DAT096/DAT096/ADCDAC/ADC/ADC.srcs/sources_1/new/ADC_TOP.vhd:97]
INFO: [Synth 8-256] done synthesizing module 'ADC_TOP' (1#1) [C:/CHALMERS/DAT096/DAT096/ADCDAC/ADC/ADC.srcs/sources_1/new/ADC_TOP.vhd:43]
INFO: [Synth 8-3491] module 'DAC_top' declared at 'C:/CHALMERS/DAT096/DAT096/ADCDAC/ADC/ADC.srcs/sources_1/imports/DAC/top.vhd:32' bound to instance 'inst_top' of component 'DAC_top' [C:/CHALMERS/DAT096/DAT096/ADCDAC/ADC/ADC.srcs/sources_1/new/Throughput_top.vhd:78]
INFO: [Synth 8-638] synthesizing module 'DAC_top' [C:/CHALMERS/DAT096/DAT096/ADCDAC/ADC/ADC.srcs/sources_1/imports/DAC/top.vhd:41]
INFO: [Synth 8-637] synthesizing blackbox instance 'inst_DMC' of component 'DMC' [C:/CHALMERS/DAT096/DAT096/ADCDAC/ADC/ADC.srcs/sources_1/imports/DAC/top.vhd:76]
	Parameter Resolution bound to: 11 - type: integer 
INFO: [Synth 8-3491] module 'PWM' declared at 'C:/CHALMERS/DAT096/DAT096/ADCDAC/ADC/ADC.srcs/sources_1/imports/DAC/PWM.vhd:33' bound to instance 'Inst_PWM' of component 'PWM' [C:/CHALMERS/DAT096/DAT096/ADCDAC/ADC/ADC.srcs/sources_1/imports/DAC/top.vhd:87]
INFO: [Synth 8-638] synthesizing module 'PWM__parameterized0' [C:/CHALMERS/DAT096/DAT096/ADCDAC/ADC/ADC.srcs/sources_1/imports/DAC/PWM.vhd:43]
	Parameter Resolution bound to: 11 - type: integer 
INFO: [Synth 8-256] done synthesizing module 'PWM__parameterized0' (2#1) [C:/CHALMERS/DAT096/DAT096/ADCDAC/ADC/ADC.srcs/sources_1/imports/DAC/PWM.vhd:43]
INFO: [Synth 8-256] done synthesizing module 'DAC_top' (3#1) [C:/CHALMERS/DAT096/DAT096/ADCDAC/ADC/ADC.srcs/sources_1/imports/DAC/top.vhd:41]
INFO: [Synth 8-256] done synthesizing module 'Throughput_top' (4#1) [C:/CHALMERS/DAT096/DAT096/ADCDAC/ADC/ADC.srcs/sources_1/new/Throughput_top.vhd:43]
---------------------------------------------------------------------------------
Finished RTL Elaboration : Time (s): cpu = 00:00:07 ; elapsed = 00:00:08 . Memory (MB): peak = 358.367 ; gain = 101.277
---------------------------------------------------------------------------------

---------------------------------------------------------------------------------
Start RTL Optimization
---------------------------------------------------------------------------------

Report Check Netlist: 
+------+------------------+-------+---------+-------+------------------+
|      |Item              |Errors |Warnings |Status |Description       |
+------+------------------+-------+---------+-------+------------------+
|1     |multi_driven_nets |      0|        0|Passed |Multi driven nets |
+------+------------------+-------+---------+-------+------------------+
Loading clock regions from C:/Xilinx/Vivado/2013.4/data\parts/xilinx/artix7/artix7/xc7a100t/ClockRegion.xml
Loading clock buffers from C:/Xilinx/Vivado/2013.4/data\parts/xilinx/artix7/artix7/xc7a100t/ClockBuffers.xml
Loading clock placement rules from C:/Xilinx/Vivado/2013.4/data/parts/xilinx/artix7/ClockPlacerRules.xml
Loading package pin functions from C:/Xilinx/Vivado/2013.4/data\parts/xilinx/artix7/PinFunctions.xml...
Loading package from C:/Xilinx/Vivado/2013.4/data\parts/xilinx/artix7/artix7/xc7a100t/csg324/Package.xml
Loading io standards from C:/Xilinx/Vivado/2013.4/data\./parts/xilinx/artix7/IOStandards.xml
Loading device configuration modes from C:/Xilinx/Vivado/2013.4/data\parts/xilinx/artix7/ConfigModes.xml

Processing XDC Constraints
Parsing XDC File [C:/CHALMERS/DAT096/DAT096/ADCDAC/ADC/ADC.runs/synth_1/.Xil/Vivado-6848-/dcp_2/DMC_in_context.xdc] for cell 'inst_top/inst_DMC'
Finished Parsing XDC File [C:/CHALMERS/DAT096/DAT096/ADCDAC/ADC/ADC.runs/synth_1/.Xil/Vivado-6848-/dcp_2/DMC_in_context.xdc] for cell 'inst_top/inst_DMC'
Parsing XDC File [C:/CHALMERS/DAT096/DAT096/ADCDAC/ADC/ADC.srcs/constrs_1/new/ADC_TOP.xdc]
Finished Parsing XDC File [C:/CHALMERS/DAT096/DAT096/ADCDAC/ADC/ADC.srcs/constrs_1/new/ADC_TOP.xdc]
INFO: [Project 1-236] Implementation specific constraints were found while reading constraint file [C:/CHALMERS/DAT096/DAT096/ADCDAC/ADC/ADC.srcs/constrs_1/new/ADC_TOP.xdc]. These constraints will be ignored for synthesis but will be used in implementation. Impacted constraints are listed in the file [C:/CHALMERS/DAT096/DAT096/ADCDAC/ADC/ADC.runs/synth_1/.Xil/Throughput_top_propImpl.xdc].
Resolution: To avoid this message, exclude constraints listed in [C:/CHALMERS/DAT096/DAT096/ADCDAC/ADC/ADC.runs/synth_1/.Xil/Throughput_top_propImpl.xdc] from synthesis with the used_in_synthesis property (File Properties dialog in GUI) and re-run elaboration/synthesis.
Parsing XDC File [C:/CHALMERS/DAT096/DAT096/ADCDAC/ADC/ADC.runs/synth_1/dont_buffer.xdc]
Finished Parsing XDC File [C:/CHALMERS/DAT096/DAT096/ADCDAC/ADC/ADC.runs/synth_1/dont_buffer.xdc]
Completed Processing XDC Constraints

INFO: [Memdata 28-144] Successfully populated the BRAM INIT strings from the following elf files: 
INFO: [Project 1-111] Unisim Transformation Summary:
No Unisim elements were transformed.


---------------------------------------------------------------------------------
Start RTL Optimization
---------------------------------------------------------------------------------

---------------------------------------------------------------------------------
Start Applying 'set_property' XDC Constraints
---------------------------------------------------------------------------------
Applied set_property BUFFER_TYPE = NONE. (constraint file  C:/CHALMERS/DAT096/DAT096/ADCDAC/ADC/ADC.runs/synth_1/dont_buffer.xdc, line 4).
Applied set_property BUFFER_TYPE = NONE. (constraint file  C:/CHALMERS/DAT096/DAT096/ADCDAC/ADC/ADC.runs/synth_1/dont_buffer.xdc, line 4).
Applied set_property BUFFER_TYPE = NONE. (constraint file  C:/CHALMERS/DAT096/DAT096/ADCDAC/ADC/ADC.runs/synth_1/dont_buffer.xdc, line 4).
Applied set_property BUFFER_TYPE = NONE. (constraint file  C:/CHALMERS/DAT096/DAT096/ADCDAC/ADC/ADC.runs/synth_1/dont_buffer.xdc, line 4).
Applied set_property BUFFER_TYPE = NONE. (constraint file  C:/CHALMERS/DAT096/DAT096/ADCDAC/ADC/ADC.runs/synth_1/dont_buffer.xdc, line 4).
Applied set_property BUFFER_TYPE = NONE. (constraint file  C:/CHALMERS/DAT096/DAT096/ADCDAC/ADC/ADC.runs/synth_1/dont_buffer.xdc, line 4).
Applied set_property BUFFER_TYPE = NONE. (constraint file  C:/CHALMERS/DAT096/DAT096/ADCDAC/ADC/ADC.runs/synth_1/dont_buffer.xdc, line 4).
Applied set_property BUFFER_TYPE = NONE. (constraint file  C:/CHALMERS/DAT096/DAT096/ADCDAC/ADC/ADC.runs/synth_1/dont_buffer.xdc, line 4).
Applied set_property BUFFER_TYPE = NONE. (constraint file  C:/CHALMERS/DAT096/DAT096/ADCDAC/ADC/ADC.runs/synth_1/dont_buffer.xdc, line 4).
Applied set_property BUFFER_TYPE = NONE. (constraint file  C:/CHALMERS/DAT096/DAT096/ADCDAC/ADC/ADC.runs/synth_1/dont_buffer.xdc, line 4).
Applied set_property BUFFER_TYPE = NONE. (constraint file  C:/CHALMERS/DAT096/DAT096/ADCDAC/ADC/ADC.runs/synth_1/dont_buffer.xdc, line 4).
Applied set_property BUFFER_TYPE = NONE. (constraint file  C:/CHALMERS/DAT096/DAT096/ADCDAC/ADC/ADC.runs/synth_1/dont_buffer.xdc, line 4).
Applied set_property BUFFER_TYPE = NONE. (constraint file  C:/CHALMERS/DAT096/DAT096/ADCDAC/ADC/ADC.runs/synth_1/dont_buffer.xdc, line 4).
Applied set_property BUFFER_TYPE = NONE. (constraint file  C:/CHALMERS/DAT096/DAT096/ADCDAC/ADC/ADC.runs/synth_1/dont_buffer.xdc, line 4).
Applied set_property BUFFER_TYPE = NONE. (constraint file  C:/CHALMERS/DAT096/DAT096/ADCDAC/ADC/ADC.runs/synth_1/dont_buffer.xdc, line 4).
Applied set_property BUFFER_TYPE = NONE. (constraint file  C:/CHALMERS/DAT096/DAT096/ADCDAC/ADC/ADC.runs/synth_1/dont_buffer.xdc, line 4).
Applied set_property BUFFER_TYPE = NONE. (constraint file  C:/CHALMERS/DAT096/DAT096/ADCDAC/ADC/ADC.runs/synth_1/dont_buffer.xdc, line 4).
Applied set_property BUFFER_TYPE = NONE. (constraint file  C:/CHALMERS/DAT096/DAT096/ADCDAC/ADC/ADC.runs/synth_1/dont_buffer.xdc, line 4).
Applied set_property BUFFER_TYPE = NONE. (constraint file  C:/CHALMERS/DAT096/DAT096/ADCDAC/ADC/ADC.runs/synth_1/dont_buffer.xdc, line 5).
Applied set_property BUFFER_TYPE = NONE. (constraint file  C:/CHALMERS/DAT096/DAT096/ADCDAC/ADC/ADC.runs/synth_1/dont_buffer.xdc, line 5).
---------------------------------------------------------------------------------
Finished applying 'set_property' XDC Constraints : Time (s): cpu = 00:00:21 ; elapsed = 00:00:22 . Memory (MB): peak = 480.105 ; gain = 223.016
---------------------------------------------------------------------------------

---------------------------------------------------------------------------------
Finished RTL Optimization : Time (s): cpu = 00:00:21 ; elapsed = 00:00:22 . Memory (MB): peak = 480.105 ; gain = 223.016
---------------------------------------------------------------------------------


Report RTL Partitions: 
+-+--------------+------------+----------+
| |RTL Partition |Replication |Instances |
+-+--------------+------------+----------+
+-+--------------+------------+----------+

---------------------------------------------------------------------------------
Start Loading Part and Timing Information
---------------------------------------------------------------------------------
Loading part: xc7a100tcsg324-1
Part Resources:
DSPs: 240 (col length:80)
BRAMs: 270 (col length: RAMB18 80 RAMB36 40)
---------------------------------------------------------------------------------
Finished Loading Part and Timing Information : Time (s): cpu = 00:00:38 ; elapsed = 00:00:40 . Memory (MB): peak = 521.938 ; gain = 264.848
---------------------------------------------------------------------------------


---------------------------------------------------------------------------------
Start RTL Component Statistics 
---------------------------------------------------------------------------------
Detailed RTL Component Info : 
+---Adders : 
	   2 Input     11 Bit       Adders := 1     
+---Registers : 
	               11 Bit    Registers := 2     
	                1 Bit    Registers := 3     
+---Muxes : 
	   2 Input     11 Bit        Muxes := 1     
	   2 Input      1 Bit        Muxes := 4     

---------------------------------------------------------------------------------
Finished RTL Component Statistics 
---------------------------------------------------------------------------------

---------------------------------------------------------------------------------
Start RTL Hierarchical Component Statistics 
---------------------------------------------------------------------------------
Hierarchical RTL Component report 
Module Throughput_top 
Detailed RTL Component Info : 
Module ADC_TOP 
Detailed RTL Component Info : 
+---Registers : 
	                1 Bit    Registers := 1     
Module PWM__parameterized0 
Detailed RTL Component Info : 
+---Adders : 
	   2 Input     11 Bit       Adders := 1     
+---Registers : 
	               11 Bit    Registers := 2     
	                1 Bit    Registers := 2     
+---Muxes : 
	   2 Input     11 Bit        Muxes := 1     
	   2 Input      1 Bit        Muxes := 4     
Module DAC_top 
Detailed RTL Component Info : 

---------------------------------------------------------------------------------
Finished RTL Hierarchical Component Statistics
---------------------------------------------------------------------------------

---------------------------------------------------------------------------------
Start Cross Boundary Optimization
---------------------------------------------------------------------------------
WARNING: [Synth 8-3332] Sequential element (\inst_top/Inst_PWM/outclk_reg ) is unused and will be removed from module Throughput_top.
---------------------------------------------------------------------------------
Finished Cross Boundary Optimization : Time (s): cpu = 00:00:38 ; elapsed = 00:00:40 . Memory (MB): peak = 521.949 ; gain = 264.859
---------------------------------------------------------------------------------

---------------------------------------------------------------------------------
Start RAM, DSP and Shift Register Reporting
---------------------------------------------------------------------------------
---------------------------------------------------------------------------------
Finished RAM, DSP and Shift Register Reporting
---------------------------------------------------------------------------------

---------------------------------------------------------------------------------
Start Area Optimization
---------------------------------------------------------------------------------
---------------------------------------------------------------------------------
Finished Area Optimization : Time (s): cpu = 00:00:38 ; elapsed = 00:00:40 . Memory (MB): peak = 540.309 ; gain = 283.219
---------------------------------------------------------------------------------


---------------------------------------------------------------------------------
Start Timing Optimization
---------------------------------------------------------------------------------

---------------------------------------------------------------------------------
Start Applying XDC Timing Constraints
---------------------------------------------------------------------------------
INFO: Moved 1 constraints on hierarchical pins to their respective driving/loading pins
---------------------------------------------------------------------------------
Finished Applying XDC Timing Constraints : Time (s): cpu = 00:00:38 ; elapsed = 00:00:40 . Memory (MB): peak = 540.309 ; gain = 283.219
---------------------------------------------------------------------------------

---------------------------------------------------------------------------------
Finished Timing Optimization : Time (s): cpu = 00:00:39 ; elapsed = 00:00:40 . Memory (MB): peak = 540.309 ; gain = 283.219
---------------------------------------------------------------------------------


---------------------------------------------------------------------------------
Start Technology Mapping
---------------------------------------------------------------------------------
---------------------------------------------------------------------------------
Finished Technology Mapping : Time (s): cpu = 00:00:39 ; elapsed = 00:00:41 . Memory (MB): peak = 540.309 ; gain = 283.219
---------------------------------------------------------------------------------


---------------------------------------------------------------------------------
Start IO Insertion
---------------------------------------------------------------------------------

---------------------------------------------------------------------------------
Start Flattening Before IO Insertion
---------------------------------------------------------------------------------

---------------------------------------------------------------------------------
Finished Flattening Before IO Insertion
---------------------------------------------------------------------------------

---------------------------------------------------------------------------------
Start Final Netlist Cleanup
---------------------------------------------------------------------------------

---------------------------------------------------------------------------------
Finished Final Netlist Cleanup
---------------------------------------------------------------------------------
Gated Clock Conversion mode: off
---------------------------------------------------------------------------------
Finished IO Insertion : Time (s): cpu = 00:00:39 ; elapsed = 00:00:41 . Memory (MB): peak = 540.309 ; gain = 283.219
---------------------------------------------------------------------------------


Report Check Netlist: 
+------+------------------+-------+---------+-------+------------------+
|      |Item              |Errors |Warnings |Status |Description       |
+------+------------------+-------+---------+-------+------------------+
|1     |multi_driven_nets |      0|        0|Passed |Multi driven nets |
+------+------------------+-------+---------+-------+------------------+

---------------------------------------------------------------------------------
Start Renaming Generated Instances
---------------------------------------------------------------------------------
---------------------------------------------------------------------------------
Finished Renaming Generated Instances : Time (s): cpu = 00:00:39 ; elapsed = 00:00:41 . Memory (MB): peak = 540.309 ; gain = 283.219
---------------------------------------------------------------------------------


---------------------------------------------------------------------------------
Start Rebuilding User Hierarchy
---------------------------------------------------------------------------------
---------------------------------------------------------------------------------
Finished Rebuilding User Hierarchy : Time (s): cpu = 00:00:39 ; elapsed = 00:00:41 . Memory (MB): peak = 540.309 ; gain = 283.219
---------------------------------------------------------------------------------

---------------------------------------------------------------------------------
Start RAM, DSP and Shift Register Reporting
---------------------------------------------------------------------------------
---------------------------------------------------------------------------------
Finished RAM, DSP and Shift Register Reporting
---------------------------------------------------------------------------------

---------------------------------------------------------------------------------
Start Writing Synthesis Report
---------------------------------------------------------------------------------

Report BlackBoxes: 
+------+--------------+----------+
|      |BlackBox name |Instances |
+------+--------------+----------+
|1     |ADC           |         1|
|2     |DMC           |         1|
+------+--------------+----------+

Report Cell Usage: 
+------+---------+------+
|      |Cell     |Count |
+------+---------+------+
|1     |ADC_bbox |     1|
|2     |DMC_bbox |     1|
|3     |BUFG     |     1|
|4     |CARRY4   |     1|
|5     |LUT1     |     2|
|6     |LUT2     |     3|
|7     |LUT3     |     2|
|8     |LUT4     |     5|
|9     |LUT5     |     3|
|10    |LUT6     |     8|
|11    |FDCE     |     1|
|12    |FDPE     |    11|
|13    |FDRE     |    12|
|14    |OBUF     |     1|
+------+---------+------+

Report Instance Areas: 
+------+---------------+--------------------+------+
|      |Instance       |Module              |Cells |
+------+---------------+--------------------+------+
|1     |top            |                    |    81|
|2     |  inst_ADC_TOP |ADC_TOP             |    31|
|3     |  inst_top     |DAC_top             |    48|
|4     |    Inst_PWM   |PWM__parameterized0 |    47|
+------+---------------+--------------------+------+
---------------------------------------------------------------------------------
Finished Writing Synthesis Report : Time (s): cpu = 00:00:39 ; elapsed = 00:00:41 . Memory (MB): peak = 540.309 ; gain = 283.219
---------------------------------------------------------------------------------

Synthesis finished with 0 errors, 0 critical warnings and 1 warnings.
Synthesis Optimization Complete : Time (s): cpu = 00:00:39 ; elapsed = 00:00:41 . Memory (MB): peak = 540.309 ; gain = 283.219
INFO: [Opt 31-140] Inserted 0 IBUFs to IO ports without IO buffers.
INFO: [Opt 31-141] Inserted 0 OBUFs to IO ports without IO buffers.
INFO: [Opt 31-138] Pushed 0 inverter(s).
INFO: [Memdata 28-144] Successfully populated the BRAM INIT strings from the following elf files: 
INFO: [Project 1-111] Unisim Transformation Summary:
No Unisim elements were transformed.

INFO: [Common 17-83] Releasing license: Synthesis
23 Infos, 1 Warnings, 0 Critical Warnings and 0 Errors encountered.
synth_design completed successfully
synth_design: Time (s): cpu = 00:00:59 ; elapsed = 00:01:00 . Memory (MB): peak = 763.473 ; gain = 462.313
# write_checkpoint Throughput_top.dcp
INFO: [Timing 38-35] Done setting XDC timing constraints.
# report_utilization -file Throughput_top_utilization_synth.rpt -pb Throughput_top_utilization_synth.pb
report_utilization: Time (s): cpu = 00:00:00 ; elapsed = 00:00:00.099 . Memory (MB): peak = 763.473 ; gain = 0.000
INFO: [Common 17-206] Exiting Vivado at Fri Feb 21 17:24:10 2014...
