
*** Running vivado
    with args -log Throughput_top.rdi -applog -m32 -messageDb vivado.pb -mode batch -source Throughput_top.tcl -notrace


****** Vivado v2013.4
  **** SW Build 353583 on Mon Dec  9 17:38:55 MST 2013
  **** IP Build 208076 on Mon Dec  2 12:38:17 MST 2013
    ** Copyright 1986-1999, 2001-2013 Xilinx, Inc. All Rights Reserved.

Attempting to get a license: Implementation
WARNING: [Common 17-301] Failed to get a license: Implementation
WARNING: [Vivado 15-19] WARNING: No 'Implementation' license found. This message may be safely ignored if a Vivado WebPACK or device-locked license, common for board kits, will be used during implementation.

Attempting to get a license: Synthesis
WARNING: [Common 17-301] Failed to get a license: Synthesis
Loading parts and site information from C:/Xilinx/Vivado/2013.4/data/parts/arch.xml
Parsing RTL primitives file [C:/Xilinx/Vivado/2013.4/data/parts/xilinx/rtl/prims/rtl_prims.xml]
Finished parsing RTL primitives file [C:/Xilinx/Vivado/2013.4/data/parts/xilinx/rtl/prims/rtl_prims.xml]
source Throughput_top.tcl -notrace
INFO: [Project 1-11] Changing the constrs_type of fileset 'constrs_1' to 'XDC'.
Design is defaulting to srcset: sources_1
Design is defaulting to constrset: constrs_1
INFO: [Project 1-454] Reading design checkpoint 'c:/CHALMERS/DAT096/DAT096/ADCDAC/ADC3/ADC3.srcs/sources_1/ip/DMC/DMC.dcp' for cell 'inst_top/inst_DMC'
INFO: [Project 1-454] Reading design checkpoint 'c:/CHALMERS/DAT096/DAT096/ADCDAC/ADC3/ADC3.srcs/sources_1/ip/ADC/ADC.dcp' for cell 'inst_ADC_TOP/inst_ADC'
INFO: [Project 1-454] Reading design checkpoint 'C:/CHALMERS/DAT096/DAT096/ADCDAC/ADC3/ADC3.runs/fir_compiler_0_synth_1/fir_compiler_0.dcp' for cell 'inst_ADC_TOP/inst_fir'
INFO: [Netlist 29-17] Analyzing 14 Unisim elements for replacement
INFO: [Netlist 29-28] Unisim Transformation completed in 0 CPU seconds
INFO: [Project 1-479] Netlist was created with Vivado 2013.4
Loading clock regions from C:/Xilinx/Vivado/2013.4/data\parts/xilinx/artix7/artix7/xc7a100t/ClockRegion.xml
Loading clock buffers from C:/Xilinx/Vivado/2013.4/data\parts/xilinx/artix7/artix7/xc7a100t/ClockBuffers.xml
Loading clock placement rules from C:/Xilinx/Vivado/2013.4/data/parts/xilinx/artix7/ClockPlacerRules.xml
Loading package pin functions from C:/Xilinx/Vivado/2013.4/data\parts/xilinx/artix7/PinFunctions.xml...
Loading package from C:/Xilinx/Vivado/2013.4/data\parts/xilinx/artix7/artix7/xc7a100t/csg324/Package.xml
Loading io standards from C:/Xilinx/Vivado/2013.4/data\./parts/xilinx/artix7/IOStandards.xml
Loading device configuration modes from C:/Xilinx/Vivado/2013.4/data\parts/xilinx/artix7/ConfigModes.xml
WARNING: [Opt 31-35] Removing redundant IBUF, inst_top/inst_DMC/U0/clkin1_ibufg, from the path connected to top-level port: CLK 
Resolution: The tool has removed redundant IBUF. To resolve this warning, check for redundant IBUF in the input design.
INFO: [Opt 31-140] Inserted 4 IBUFs to IO ports without IO buffers.
INFO: [Opt 31-141] Inserted 1 OBUFs to IO ports without IO buffers.
WARNING: [Constraints 18-550] Could not create 'IBUF_LOW_PWR' constraint because net 'inst_top/inst_DMC/clk_in1' is not directly connected to top level port. 'IBUF_LOW_PWR' is ignored by Vivado but preserved for implementation tool. [C:/CHALMERS/DAT096/DAT096/ADCDAC/ADC3/ADC3.runs/impl_1/.Xil/Vivado-4068-/dcp_2/DMC.edf:300]
Parsing XDC File [C:/CHALMERS/DAT096/DAT096/ADCDAC/ADC3/ADC3.runs/impl_1/.Xil/Vivado-4068-/dcp_2/DMC_board.xdc] for cell 'inst_top/inst_DMC'
Finished Parsing XDC File [C:/CHALMERS/DAT096/DAT096/ADCDAC/ADC3/ADC3.runs/impl_1/.Xil/Vivado-4068-/dcp_2/DMC_board.xdc] for cell 'inst_top/inst_DMC'
Parsing XDC File [C:/CHALMERS/DAT096/DAT096/ADCDAC/ADC3/ADC3.runs/impl_1/.Xil/Vivado-4068-/dcp_2/DMC_early.xdc] for cell 'inst_top/inst_DMC'
Finished Parsing XDC File [C:/CHALMERS/DAT096/DAT096/ADCDAC/ADC3/ADC3.runs/impl_1/.Xil/Vivado-4068-/dcp_2/DMC_early.xdc] for cell 'inst_top/inst_DMC'
Parsing XDC File [C:/CHALMERS/DAT096/DAT096/ADCDAC/ADC3/ADC3.runs/impl_1/.Xil/Vivado-4068-/dcp_3/ADC_early.xdc] for cell 'inst_ADC_TOP/inst_ADC'
Finished Parsing XDC File [C:/CHALMERS/DAT096/DAT096/ADCDAC/ADC3/ADC3.runs/impl_1/.Xil/Vivado-4068-/dcp_3/ADC_early.xdc] for cell 'inst_ADC_TOP/inst_ADC'
Parsing XDC File [C:/CHALMERS/DAT096/DAT096/ADCDAC/ADC3/ADC3.runs/impl_1/.Xil/Vivado-4068-/dcp_4/fir_compiler_0_early.xdc] for cell 'inst_ADC_TOP/inst_fir'
Finished Parsing XDC File [C:/CHALMERS/DAT096/DAT096/ADCDAC/ADC3/ADC3.runs/impl_1/.Xil/Vivado-4068-/dcp_4/fir_compiler_0_early.xdc] for cell 'inst_ADC_TOP/inst_fir'
Parsing XDC File [C:/CHALMERS/DAT096/DAT096/ADCDAC/ADC3/ADC3.srcs/constrs_1/imports/new/ADC_TOP.xdc]
Finished Parsing XDC File [C:/CHALMERS/DAT096/DAT096/ADCDAC/ADC3/ADC3.srcs/constrs_1/imports/new/ADC_TOP.xdc]
Parsing XDC File [C:/CHALMERS/DAT096/DAT096/ADCDAC/ADC3/ADC3.runs/impl_1/.Xil/Vivado-4068-/dcp/Throughput_top.xdc]
Finished Parsing XDC File [C:/CHALMERS/DAT096/DAT096/ADCDAC/ADC3/ADC3.runs/impl_1/.Xil/Vivado-4068-/dcp/Throughput_top.xdc]
Parsing XDC File [C:/CHALMERS/DAT096/DAT096/ADCDAC/ADC3/ADC3.runs/impl_1/.Xil/Vivado-4068-/dcp_2/DMC.xdc] for cell 'inst_top/inst_DMC'
Finished Parsing XDC File [C:/CHALMERS/DAT096/DAT096/ADCDAC/ADC3/ADC3.runs/impl_1/.Xil/Vivado-4068-/dcp_2/DMC.xdc] for cell 'inst_top/inst_DMC'
Parsing XDC File [C:/CHALMERS/DAT096/DAT096/ADCDAC/ADC3/ADC3.runs/impl_1/.Xil/Vivado-4068-/dcp_3/ADC.xdc] for cell 'inst_ADC_TOP/inst_ADC'
Finished Parsing XDC File [C:/CHALMERS/DAT096/DAT096/ADCDAC/ADC3/ADC3.runs/impl_1/.Xil/Vivado-4068-/dcp_3/ADC.xdc] for cell 'inst_ADC_TOP/inst_ADC'
Parsing XDC File [C:/CHALMERS/DAT096/DAT096/ADCDAC/ADC3/ADC3.runs/impl_1/.Xil/Vivado-4068-/dcp_4/fir_compiler_0.xdc] for cell 'inst_ADC_TOP/inst_fir'
Finished Parsing XDC File [C:/CHALMERS/DAT096/DAT096/ADCDAC/ADC3/ADC3.runs/impl_1/.Xil/Vivado-4068-/dcp_4/fir_compiler_0.xdc] for cell 'inst_ADC_TOP/inst_fir'
INFO: [Opt 31-138] Pushed 0 inverter(s).
INFO: [Memdata 28-144] Successfully populated the BRAM INIT strings from the following elf files: 
INFO: [Project 1-111] Unisim Transformation Summary:
  A total of 6 instances were transformed.
  RAM64M => RAM64M (RAMD64E, RAMD64E, RAMD64E, RAMD64E): 6 instances

link_design: Time (s): cpu = 00:00:29 ; elapsed = 00:00:32 . Memory (MB): peak = 712.797 ; gain = 411.270
Command: opt_design
Attempting to get a license for feature 'Implementation' and/or device 'xc7a100t'
INFO: [Common 17-349] Got license for feature 'Implementation' and/or device 'xc7a100t'
Running DRC as a precondition to command opt_design

Starting DRC Task
INFO: [Drc 23-27] Running DRC with 2 threads
INFO: [Project 1-461] DRC finished with 0 Errors
INFO: [Project 1-462] Please refer to the DRC report (report_drc) for more information.

Time (s): cpu = 00:00:00 ; elapsed = 00:00:00.281 . Memory (MB): peak = 715.957 ; gain = 3.125

Starting Logic Optimization Task
INFO: [Timing 38-35] Done setting XDC timing constraints.
INFO: [Timing 38-2] Deriving generated clocks

Phase 1 Retarget

INFO: [Opt 31-138] Pushed 1 inverter(s).
INFO: [Opt 31-49] Retargeted 0 cell(s).
Phase 1 Retarget | Checksum: 1dbad58f7

Time (s): cpu = 00:00:01 ; elapsed = 00:00:01 . Memory (MB): peak = 723.664 ; gain = 7.707

Phase 2 Constant Propagation
INFO: [Opt 31-138] Pushed 0 inverter(s).
INFO: [Opt 31-10] Eliminated 37 cells.
Phase 2 Constant Propagation | Checksum: 19ee323aa

Time (s): cpu = 00:00:02 ; elapsed = 00:00:02 . Memory (MB): peak = 723.664 ; gain = 7.707

Phase 3 Sweep
INFO: [Opt 31-12] Eliminated 872 unconnected nets.
INFO: [Opt 31-11] Eliminated 618 unconnected cells.
Phase 3 Sweep | Checksum: 223a3dd05

Time (s): cpu = 00:00:02 ; elapsed = 00:00:02 . Memory (MB): peak = 723.664 ; gain = 7.707
Ending Logic Optimization Task | Checksum: 223a3dd05

Time (s): cpu = 00:00:00 ; elapsed = 00:00:02 . Memory (MB): peak = 723.664 ; gain = 7.707
Implement Debug Cores | Checksum: 1cb959737
Logic Optimization | Checksum: 1cb959737

Starting Power Optimization Task
Ending Power Optimization Task | Checksum: 223a3dd05

Time (s): cpu = 00:00:00 ; elapsed = 00:00:00.011 . Memory (MB): peak = 723.664 ; gain = 0.000
INFO: [Common 17-83] Releasing license: Implementation
25 Infos, 2 Warnings, 0 Critical Warnings and 0 Errors encountered.
opt_design completed successfully
INFO: [Timing 38-35] Done setting XDC timing constraints.
Writing XDEF routing.
Writing XDEF routing logical nets.
Writing XDEF routing special nets.
Write XDEF Complete: Time (s): cpu = 00:00:00 ; elapsed = 00:00:00.260 . Memory (MB): peak = 724.820 ; gain = 0.992
Command: place_design
Attempting to get a license for feature 'Implementation' and/or device 'xc7a100t'
INFO: [Common 17-349] Got license for feature 'Implementation' and/or device 'xc7a100t'
Running DRC as a precondition to command place_design
INFO: [Drc 23-27] Running DRC with 2 threads
INFO: [Vivado_Tcl 4-198] DRC finished with 0 Errors
INFO: [Vivado_Tcl 4-199] Please refer to the DRC report (report_drc) for more information.

Starting Placer Task
INFO: [Place 30-611] Multithreading enabled for place_design using a maximum of 2 CPUs

Phase 1 Placer Initialization

Phase 1.1 Placer Initialization Core
Netlist sorting complete. Time (s): cpu = 00:00:00 ; elapsed = 00:00:00.008 . Memory (MB): peak = 726.008 ; gain = 0.000

Phase 1.1.1 Mandatory Logic Optimization
INFO: [Opt 31-140] Inserted 0 IBUFs to IO ports without IO buffers.
INFO: [Opt 31-141] Inserted 0 OBUFs to IO ports without IO buffers.
INFO: [Opt 31-138] Pushed 0 inverter(s).
Netlist sorting complete. Time (s): cpu = 00:00:00 ; elapsed = 00:00:00.007 . Memory (MB): peak = 726.008 ; gain = 0.000
Phase 1.1.1 Mandatory Logic Optimization | Checksum: 12e25a9ac

Time (s): cpu = 00:00:00 ; elapsed = 00:00:00.231 . Memory (MB): peak = 726.008 ; gain = 0.000

Phase 1.1.2 Build Super Logic Region (SLR) Database
Phase 1.1.2 Build Super Logic Region (SLR) Database | Checksum: 12e25a9ac

Time (s): cpu = 00:00:00 ; elapsed = 00:00:00.257 . Memory (MB): peak = 726.008 ; gain = 0.000

Phase 1.1.3 Add Constraints
Phase 1.1.3 Add Constraints | Checksum: 12e25a9ac

Time (s): cpu = 00:00:00 ; elapsed = 00:00:00.258 . Memory (MB): peak = 726.008 ; gain = 0.000

Phase 1.1.4 Build Macros
Phase 1.1.4 Build Macros | Checksum: 2091e81b7

Time (s): cpu = 00:00:01 ; elapsed = 00:00:00.726 . Memory (MB): peak = 726.008 ; gain = 0.000

Phase 1.1.5 Implementation Feasibility check
Phase 1.1.5 Implementation Feasibility check | Checksum: 2091e81b7

Time (s): cpu = 00:00:01 ; elapsed = 00:00:00.959 . Memory (MB): peak = 726.008 ; gain = 0.000

Phase 1.1.6 Pre-Place Cells
Phase 1.1.6 Pre-Place Cells | Checksum: 2091e81b7

Time (s): cpu = 00:00:01 ; elapsed = 00:00:00.983 . Memory (MB): peak = 726.008 ; gain = 0.000

Phase 1.1.7 IO Placement/ Clock Placement/ Build Placer Device
Phase 1.1.7 IO Placement/ Clock Placement/ Build Placer Device | Checksum: 1798ab5be

Time (s): cpu = 00:00:02 ; elapsed = 00:00:02 . Memory (MB): peak = 727.266 ; gain = 1.258

Phase 1.1.8 Build Placer Netlist Model

Phase 1.1.8.1 Place Init Design

Phase 1.1.8.1.1 Build Clock Data
Phase 1.1.8.1.1 Build Clock Data | Checksum: 196d0d0ad

Time (s): cpu = 00:00:06 ; elapsed = 00:00:04 . Memory (MB): peak = 732.473 ; gain = 6.465
Phase 1.1.8.1 Place Init Design | Checksum: 1a4c4a885

Time (s): cpu = 00:00:06 ; elapsed = 00:00:04 . Memory (MB): peak = 732.473 ; gain = 6.465
Phase 1.1.8 Build Placer Netlist Model | Checksum: 1a4c4a885

Time (s): cpu = 00:00:06 ; elapsed = 00:00:04 . Memory (MB): peak = 732.473 ; gain = 6.465

Phase 1.1.9 Constrain Clocks/Macros

Phase 1.1.9.1 Constrain Global/Regional Clocks
Phase 1.1.9.1 Constrain Global/Regional Clocks | Checksum: 1961907a3

Time (s): cpu = 00:00:06 ; elapsed = 00:00:04 . Memory (MB): peak = 732.473 ; gain = 6.465
Phase 1.1.9 Constrain Clocks/Macros | Checksum: 1961907a3

Time (s): cpu = 00:00:06 ; elapsed = 00:00:04 . Memory (MB): peak = 732.473 ; gain = 6.465
Phase 1.1 Placer Initialization Core | Checksum: 1961907a3

Time (s): cpu = 00:00:06 ; elapsed = 00:00:04 . Memory (MB): peak = 732.473 ; gain = 6.465
Phase 1 Placer Initialization | Checksum: 1961907a3

Time (s): cpu = 00:00:06 ; elapsed = 00:00:04 . Memory (MB): peak = 732.473 ; gain = 6.465

Phase 2 Global Placement

Phase 2.1 Run Budgeter
Phase 2.1 Run Budgeter | Checksum: 172edef4f

Time (s): cpu = 00:00:11 ; elapsed = 00:00:08 . Memory (MB): peak = 739.734 ; gain = 13.727
Phase 2 Global Placement | Checksum: 179afef45

Time (s): cpu = 00:00:18 ; elapsed = 00:00:13 . Memory (MB): peak = 745.910 ; gain = 19.902

Phase 3 Detail Placement

Phase 3.1 Commit Multi Column Macros
Phase 3.1 Commit Multi Column Macros | Checksum: 179afef45

Time (s): cpu = 00:00:18 ; elapsed = 00:00:14 . Memory (MB): peak = 745.910 ; gain = 19.902

Phase 3.2 Commit Most Macros & LUTRAMs
Phase 3.2 Commit Most Macros & LUTRAMs | Checksum: 2d6b37feb

Time (s): cpu = 00:00:19 ; elapsed = 00:00:14 . Memory (MB): peak = 745.910 ; gain = 19.902

Phase 3.3 Area Swap Optimization
Phase 3.3 Area Swap Optimization | Checksum: 28924eedb

Time (s): cpu = 00:00:19 ; elapsed = 00:00:15 . Memory (MB): peak = 745.910 ; gain = 19.902

Phase 3.4 Timing Path Optimizer
Phase 3.4 Timing Path Optimizer | Checksum: 2d70b07a4

Time (s): cpu = 00:00:20 ; elapsed = 00:00:15 . Memory (MB): peak = 745.910 ; gain = 19.902

Phase 3.5 Commit Small Macros & Core Logic
Phase 3.5 Commit Small Macros & Core Logic | Checksum: 1fe2554d5

Time (s): cpu = 00:00:23 ; elapsed = 00:00:18 . Memory (MB): peak = 745.910 ; gain = 19.902

Phase 3.6 Re-assign LUT pins
Phase 3.6 Re-assign LUT pins | Checksum: 1fe2554d5

Time (s): cpu = 00:00:23 ; elapsed = 00:00:19 . Memory (MB): peak = 745.910 ; gain = 19.902
Phase 3 Detail Placement | Checksum: 1fe2554d5

Time (s): cpu = 00:00:23 ; elapsed = 00:00:19 . Memory (MB): peak = 745.910 ; gain = 19.902

Phase 4 Post Placement Optimization and Clean-Up

Phase 4.1 PCOPT Shape updates
Phase 4.1 PCOPT Shape updates | Checksum: 1bbe2d35f

Time (s): cpu = 00:00:23 ; elapsed = 00:00:19 . Memory (MB): peak = 745.910 ; gain = 19.902

Phase 4.2 Post Placement Optimization

Phase 4.2.1 Post Placement Timing Optimization
Phase 4.2.1 Post Placement Timing Optimization | Checksum: 18e4c0063

Time (s): cpu = 00:00:26 ; elapsed = 00:00:21 . Memory (MB): peak = 751.855 ; gain = 25.848
Phase 4.2 Post Placement Optimization | Checksum: 18e4c0063

Time (s): cpu = 00:00:26 ; elapsed = 00:00:21 . Memory (MB): peak = 751.855 ; gain = 25.848

Phase 4.3 Post Placement Cleanup
Phase 4.3 Post Placement Cleanup | Checksum: 18e4c0063

Time (s): cpu = 00:00:26 ; elapsed = 00:00:21 . Memory (MB): peak = 751.855 ; gain = 25.848

Phase 4.4 Placer Reporting

Phase 4.4.1 Congestion Reporting
Phase 4.4.1 Congestion Reporting | Checksum: 18e4c0063

Time (s): cpu = 00:00:26 ; elapsed = 00:00:21 . Memory (MB): peak = 751.855 ; gain = 25.848

Phase 4.4.2 updateTiming final
Phase 4.4.2 updateTiming final | Checksum: 27abe2415

Time (s): cpu = 00:00:27 ; elapsed = 00:00:21 . Memory (MB): peak = 751.855 ; gain = 25.848

Phase 4.4.3 Dump Critical Paths 
Phase 4.4.3 Dump Critical Paths  | Checksum: 27abe2415

Time (s): cpu = 00:00:27 ; elapsed = 00:00:21 . Memory (MB): peak = 751.855 ; gain = 25.848

Phase 4.4.4 Restore STA
Phase 4.4.4 Restore STA | Checksum: 27abe2415

Time (s): cpu = 00:00:27 ; elapsed = 00:00:21 . Memory (MB): peak = 751.855 ; gain = 25.848

Phase 4.4.5 Print Final WNS
INFO: [Place 30-100] Post Placement Timing Summary | WNS=7.378  | TNS=0.000  |

Phase 4.4.5 Print Final WNS | Checksum: 27abe2415

Time (s): cpu = 00:00:30 ; elapsed = 00:00:23 . Memory (MB): peak = 751.855 ; gain = 25.848
Phase 4.4 Placer Reporting | Checksum: 27abe2415

Time (s): cpu = 00:00:30 ; elapsed = 00:00:23 . Memory (MB): peak = 751.855 ; gain = 25.848

Phase 4.5 Final Placement Cleanup
Phase 4.5 Final Placement Cleanup | Checksum: 268eb60c2

Time (s): cpu = 00:00:30 ; elapsed = 00:00:23 . Memory (MB): peak = 751.855 ; gain = 25.848
Phase 4 Post Placement Optimization and Clean-Up | Checksum: 268eb60c2

Time (s): cpu = 00:00:30 ; elapsed = 00:00:23 . Memory (MB): peak = 751.855 ; gain = 25.848
Ending Placer Task | Checksum: 174d7d325

Time (s): cpu = 00:00:00 ; elapsed = 00:00:23 . Memory (MB): peak = 751.855 ; gain = 25.848
INFO: [Common 17-83] Releasing license: Implementation
36 Infos, 2 Warnings, 0 Critical Warnings and 0 Errors encountered.
place_design completed successfully
place_design: Time (s): cpu = 00:00:31 ; elapsed = 00:00:23 . Memory (MB): peak = 751.855 ; gain = 27.035
INFO: [Timing 38-163] DEBUG : Generate clock report | CPU: 1 secs 

report_utilization: Time (s): cpu = 00:00:00 ; elapsed = 00:00:00.156 . Memory (MB): peak = 751.855 ; gain = 0.000
INFO: [Designutils 20-134] DEBUG : Generate Control Sets report | CPU: 0 secs 
Writing XDEF routing.
Writing XDEF routing logical nets.
Writing XDEF routing special nets.
Write XDEF Complete: Time (s): cpu = 00:00:01 ; elapsed = 00:00:01 . Memory (MB): peak = 751.855 ; gain = 0.000
Command: route_design
Attempting to get a license for feature 'Implementation' and/or device 'xc7a100t'
INFO: [Common 17-349] Got license for feature 'Implementation' and/or device 'xc7a100t'
Running DRC as a precondition to command route_design
INFO: [Drc 23-27] Running DRC with 2 threads
INFO: [Vivado_Tcl 4-198] DRC finished with 0 Errors
INFO: [Vivado_Tcl 4-199] Please refer to the DRC report (report_drc) for more information.


Starting Routing Task
INFO: [Route 35-254] Multithreading enabled for route_design using a maximum of 2 CPUs

Starting Route Task

Phase 1 Build RT Design

Phase 1.1 Build Netlist & NodeGraph
Phase 1.1 Build Netlist & NodeGraph | Checksum: 183837407

Time (s): cpu = 00:01:32 ; elapsed = 00:00:40 . Memory (MB): peak = 942.344 ; gain = 185.918
Phase 1 Build RT Design | Checksum: e89d931b

Time (s): cpu = 00:01:32 ; elapsed = 00:00:40 . Memory (MB): peak = 942.344 ; gain = 185.918

Phase 2 Router Initialization

Phase 2.1 Create Timer
Phase 2.1 Create Timer | Checksum: e89d931b

Time (s): cpu = 00:01:33 ; elapsed = 00:00:40 . Memory (MB): peak = 942.344 ; gain = 185.918

Phase 2.2 Restore Routing
Phase 2.2 Restore Routing | Checksum: e89d931b

Time (s): cpu = 00:01:33 ; elapsed = 00:00:40 . Memory (MB): peak = 946.082 ; gain = 189.656

Phase 2.3 Special Net Routing
 Number of Nodes with overlaps = 0
Phase 2.3 Special Net Routing | Checksum: 15380a627

Time (s): cpu = 00:01:33 ; elapsed = 00:00:41 . Memory (MB): peak = 965.867 ; gain = 209.441

Phase 2.4 Local Clock Net Routing
Phase 2.4 Local Clock Net Routing | Checksum: 15380a627

Time (s): cpu = 00:01:33 ; elapsed = 00:00:41 . Memory (MB): peak = 965.867 ; gain = 209.441

Phase 2.5 Update Timing

Phase 2.5.1 Update timing with NCN CRPR

Phase 2.5.1.1 Hold Budgeting
Phase 2.5.1.1 Hold Budgeting | Checksum: 15380a627

Time (s): cpu = 00:01:38 ; elapsed = 00:00:44 . Memory (MB): peak = 967.695 ; gain = 211.270
Phase 2.5.1 Update timing with NCN CRPR | Checksum: 15380a627

Time (s): cpu = 00:01:38 ; elapsed = 00:00:44 . Memory (MB): peak = 967.695 ; gain = 211.270
Phase 2.5 Update Timing | Checksum: 15380a627

Time (s): cpu = 00:01:38 ; elapsed = 00:00:44 . Memory (MB): peak = 967.695 ; gain = 211.270
INFO: [Route 35-57] Estimated Timing Summary | WNS=7.45   | TNS=0      | WHS=-0.144 | THS=-0.673 |


Phase 2.6 Budgeting
Phase 2.6 Budgeting | Checksum: 15380a627

Time (s): cpu = 00:01:39 ; elapsed = 00:00:45 . Memory (MB): peak = 967.695 ; gain = 211.270
Phase 2 Router Initialization | Checksum: 15380a627

Time (s): cpu = 00:01:39 ; elapsed = 00:00:45 . Memory (MB): peak = 967.695 ; gain = 211.270

Phase 3 Initial Routing
Phase 3 Initial Routing | Checksum: dde49ebf

Time (s): cpu = 00:01:42 ; elapsed = 00:00:46 . Memory (MB): peak = 967.695 ; gain = 211.270

Phase 4 Rip-up And Reroute

Phase 4.1 Global Iteration 0

Phase 4.1.1 Remove Overlaps
 Number of Nodes with overlaps = 294
 Number of Nodes with overlaps = 0
Phase 4.1.1 Remove Overlaps | Checksum: d9e0fdc7

Time (s): cpu = 00:01:45 ; elapsed = 00:00:48 . Memory (MB): peak = 967.695 ; gain = 211.270

Phase 4.1.2 Update Timing
Phase 4.1.2 Update Timing | Checksum: d9e0fdc7

Time (s): cpu = 00:01:46 ; elapsed = 00:00:49 . Memory (MB): peak = 967.695 ; gain = 211.270
INFO: [Route 35-57] Estimated Timing Summary | WNS=6.74   | TNS=0      | WHS=N/A    | THS=N/A    |


Phase 4.1.3 collectNewHoldAndFix
Phase 4.1.3 collectNewHoldAndFix | Checksum: d9e0fdc7

Time (s): cpu = 00:01:46 ; elapsed = 00:00:49 . Memory (MB): peak = 967.695 ; gain = 211.270
Phase 4.1 Global Iteration 0 | Checksum: d9e0fdc7

Time (s): cpu = 00:01:46 ; elapsed = 00:00:49 . Memory (MB): peak = 967.695 ; gain = 211.270
Phase 4 Rip-up And Reroute | Checksum: d9e0fdc7

Time (s): cpu = 00:01:46 ; elapsed = 00:00:49 . Memory (MB): peak = 967.695 ; gain = 211.270

Phase 5 Delay CleanUp

Phase 5.1 Update Timing
Phase 5.1 Update Timing | Checksum: d9e0fdc7

Time (s): cpu = 00:01:46 ; elapsed = 00:00:49 . Memory (MB): peak = 967.695 ; gain = 211.270
INFO: [Route 35-57] Estimated Timing Summary | WNS=6.74   | TNS=0      | WHS=N/A    | THS=N/A    |

Phase 5 Delay CleanUp | Checksum: d9e0fdc7

Time (s): cpu = 00:01:46 ; elapsed = 00:00:49 . Memory (MB): peak = 967.695 ; gain = 211.270

Phase 6 Post Hold Fix

Phase 6.1 Full Hold Analysis

Phase 6.1.1 Update Timing
Phase 6.1.1 Update Timing | Checksum: d9e0fdc7

Time (s): cpu = 00:01:47 ; elapsed = 00:00:49 . Memory (MB): peak = 967.695 ; gain = 211.270
INFO: [Route 35-57] Estimated Timing Summary | WNS=6.74   | TNS=0      | WHS=0.193  | THS=0      |

Phase 6.1 Full Hold Analysis | Checksum: d9e0fdc7

Time (s): cpu = 00:01:47 ; elapsed = 00:00:49 . Memory (MB): peak = 967.695 ; gain = 211.270
Phase 6 Post Hold Fix | Checksum: d9e0fdc7

Time (s): cpu = 00:01:47 ; elapsed = 00:00:49 . Memory (MB): peak = 967.695 ; gain = 211.270

Router Utilization Summary
  Global Vertical Routing Utilization    = 0.915872 %
  Global Horizontal Routing Utilization  = 1.17533 %
  Routable Net Status*
  *Does not include unroutable nets such as driverless and loadless.
  Run report_route_status for detailed report.
  Number of Failed Nets               = 0
  Number of Unrouted Nets             = 0
  Number of Partially Routed Nets     = 0
  Number of Node Overlaps             = 0


Phase 7 Verifying routed nets

 Verification completed successfully
Phase 7 Verifying routed nets | Checksum: d9e0fdc7

Time (s): cpu = 00:01:47 ; elapsed = 00:00:50 . Memory (MB): peak = 967.695 ; gain = 211.270

Phase 8 Depositing Routes
Phase 8 Depositing Routes | Checksum: b2f268ae

Time (s): cpu = 00:01:48 ; elapsed = 00:00:50 . Memory (MB): peak = 967.695 ; gain = 211.270

Phase 9 Post Router Timing
INFO: [Route 35-20] Post Routing Timing Summary | WNS=6.745  | TNS=0.000  | WHS=0.195  | THS=0.000  |

INFO: [Route 35-61] The design met the timing requirement.
Phase 9 Post Router Timing | Checksum: b2f268ae

Time (s): cpu = 00:01:52 ; elapsed = 00:00:53 . Memory (MB): peak = 967.695 ; gain = 211.270
INFO: [Route 35-16] Router Completed Successfully
Ending Route Task | Checksum: b2f268ae

Time (s): cpu = 00:00:00 ; elapsed = 00:00:53 . Memory (MB): peak = 967.695 ; gain = 211.270

Routing Is Done.

Time (s): cpu = 00:00:00 ; elapsed = 00:00:53 . Memory (MB): peak = 967.695 ; gain = 211.270
INFO: [Common 17-83] Releasing license: Implementation
51 Infos, 2 Warnings, 0 Critical Warnings and 0 Errors encountered.
route_design completed successfully
route_design: Time (s): cpu = 00:01:54 ; elapsed = 00:00:54 . Memory (MB): peak = 967.695 ; gain = 215.840
INFO: [Drc 23-27] Running DRC with 2 threads
INFO: [Coretcl 2-168] The results of DRC are in file C:/CHALMERS/DAT096/DAT096/ADCDAC/ADC3/ADC3.runs/impl_1/Throughput_top_drc_routed.rpt.
Running Vector-less Activity Propagation...

Finished Running Vector-less Activity Propagation
WARNING: [Power 33-218] MMCM/PLL RST static_probability should be either 0 or 1, power analysis is using 0 by default.
Use 'set_switching_activity -static_probability 1 -signal_rate 0 [get_nets xlnx_opt__1]'  to set the static_probabiblity to '1'  if desired.
report_power: Time (s): cpu = 00:00:15 ; elapsed = 00:00:11 . Memory (MB): peak = 967.695 ; gain = 0.000
INFO: [Timing 38-91] UpdateTimingParams: Speed grade: -1, Delay Type: min_max, Constraints type: SDC.
INFO: [Timing 38-191] Multithreading enabled for timing update using a maximum of 2 CPUs
Writing XDEF routing.
Writing XDEF routing logical nets.
Writing XDEF routing special nets.
Write XDEF Complete: Time (s): cpu = 00:00:01 ; elapsed = 00:00:01 . Memory (MB): peak = 967.695 ; gain = 0.000
Attempting to get a license for feature 'Implementation' and/or device 'xc7a100t'
INFO: [Common 17-349] Got license for feature 'Implementation' and/or device 'xc7a100t'
Running DRC as a precondition to command write_bitstream
INFO: [Drc 23-27] Running DRC with 2 threads
ERROR: [Drc 23-20] Rule violation (REQP-1578) Required Pin - Unsupported must be driven by a clock capable IO. connectivity. The signal inst_top/inst_DMC/U0/clk_in1 on the inst_top/inst_DMC/U0/mmcm_adv_inst/CLKIN1 pin of inst_top/inst_DMC/U0/mmcm_adv_inst with COMPENSATION mode MMCME2_ADV ZHOLD
INFO: [Vivado 12-3199] DRC finished with 1 Errors, 2 Warnings
INFO: [Vivado 12-3200] Please refer to the DRC report (report_drc) for more information.
ERROR: [Vivado 12-1345] Error(s) found during DRC. Bitgen not run.
INFO: [Common 17-83] Releasing license: Implementation
ERROR: [Common 17-39] 'write_bitstream' failed due to earlier errors.

    while executing
"write_bitstream -force Throughput_top.bit "
INFO: [Common 17-206] Exiting Vivado at Thu Mar 27 11:16:40 2014...

*** Running vivado
    with args -log Throughput_top.rdi -applog -m32 -messageDb vivado.pb -mode batch -source Throughput_top.tcl -notrace


****** Vivado v2013.4
  **** SW Build 353583 on Mon Dec  9 17:38:55 MST 2013
  **** IP Build 208076 on Mon Dec  2 12:38:17 MST 2013
    ** Copyright 1986-1999, 2001-2013 Xilinx, Inc. All Rights Reserved.

Attempting to get a license: Implementation
WARNING: [Common 17-301] Failed to get a license: Implementation
WARNING: [Vivado 15-19] WARNING: No 'Implementation' license found. This message may be safely ignored if a Vivado WebPACK or device-locked license, common for board kits, will be used during implementation.

Attempting to get a license: Synthesis
WARNING: [Common 17-301] Failed to get a license: Synthesis
Loading parts and site information from C:/Xilinx/Vivado/2013.4/data/parts/arch.xml
Parsing RTL primitives file [C:/Xilinx/Vivado/2013.4/data/parts/xilinx/rtl/prims/rtl_prims.xml]
Finished parsing RTL primitives file [C:/Xilinx/Vivado/2013.4/data/parts/xilinx/rtl/prims/rtl_prims.xml]
source Throughput_top.tcl -notrace
Command: open_checkpoint Throughput_top_routed.dcp
INFO: [Netlist 29-17] Analyzing 7 Unisim elements for replacement
INFO: [Netlist 29-28] Unisim Transformation completed in 0 CPU seconds
INFO: [Project 1-479] Netlist was created with Vivado 2013.4
Loading clock regions from C:/Xilinx/Vivado/2013.4/data\parts/xilinx/artix7/artix7/xc7a100t/ClockRegion.xml
Loading clock buffers from C:/Xilinx/Vivado/2013.4/data\parts/xilinx/artix7/artix7/xc7a100t/ClockBuffers.xml
Loading clock placement rules from C:/Xilinx/Vivado/2013.4/data/parts/xilinx/artix7/ClockPlacerRules.xml
Loading package pin functions from C:/Xilinx/Vivado/2013.4/data\parts/xilinx/artix7/PinFunctions.xml...
Loading package from C:/Xilinx/Vivado/2013.4/data\parts/xilinx/artix7/artix7/xc7a100t/csg324/Package.xml
Loading io standards from C:/Xilinx/Vivado/2013.4/data\./parts/xilinx/artix7/IOStandards.xml
Loading device configuration modes from C:/Xilinx/Vivado/2013.4/data\parts/xilinx/artix7/ConfigModes.xml
WARNING: [Constraints 18-550] Could not create 'IBUF_LOW_PWR' constraint because net 'inst_top/inst_DMC/clk_in1' is not directly connected to top level port. 'IBUF_LOW_PWR' is ignored by Vivado but preserved for implementation tool. [C:/CHALMERS/DAT096/DAT096/ADCDAC/ADC3/ADC3.runs/impl_1/.Xil/Vivado-3408-/dcp/Throughput_top.edf:92500]
Parsing XDC File [C:/CHALMERS/DAT096/DAT096/ADCDAC/ADC3/ADC3.runs/impl_1/.Xil/Vivado-3408-/dcp/Throughput_top_board.xdc]
Finished Parsing XDC File [C:/CHALMERS/DAT096/DAT096/ADCDAC/ADC3/ADC3.runs/impl_1/.Xil/Vivado-3408-/dcp/Throughput_top_board.xdc]
Parsing XDC File [C:/CHALMERS/DAT096/DAT096/ADCDAC/ADC3/ADC3.runs/impl_1/.Xil/Vivado-3408-/dcp/Throughput_top_early.xdc]
Finished Parsing XDC File [C:/CHALMERS/DAT096/DAT096/ADCDAC/ADC3/ADC3.runs/impl_1/.Xil/Vivado-3408-/dcp/Throughput_top_early.xdc]
Parsing XDC File [C:/CHALMERS/DAT096/DAT096/ADCDAC/ADC3/ADC3.runs/impl_1/.Xil/Vivado-3408-/dcp/Throughput_top.xdc]
Finished Parsing XDC File [C:/CHALMERS/DAT096/DAT096/ADCDAC/ADC3/ADC3.runs/impl_1/.Xil/Vivado-3408-/dcp/Throughput_top.xdc]
Reading XDEF placement.
Reading XDEF routing.
Read XDEF File: Time (s): cpu = 00:00:00 ; elapsed = 00:00:00.337 . Memory (MB): peak = 712.758 ; gain = 2.008
Restoring placement.
Restored 1672 out of 1672 XDEF sites from archive | CPU: 1.000000 secs | Memory: 0.000000 MB |
INFO: [Opt 31-138] Pushed 0 inverter(s).
INFO: [Memdata 28-144] Successfully populated the BRAM INIT strings from the following elf files: 
INFO: [Project 1-111] Unisim Transformation Summary:
No Unisim elements were transformed.

INFO: [Project 1-484] Checkpoint was created with build 353583
open_checkpoint: Time (s): cpu = 00:00:29 ; elapsed = 00:00:33 . Memory (MB): peak = 715.242 ; gain = 414.617
Attempting to get a license for feature 'Implementation' and/or device 'xc7a100t'
INFO: [Common 17-349] Got license for feature 'Implementation' and/or device 'xc7a100t'
Running DRC as a precondition to command write_bitstream
INFO: [Drc 23-27] Running DRC with 2 threads
INFO: [Vivado 12-3199] DRC finished with 0 Errors, 1 Warnings
INFO: [Vivado 12-3200] Please refer to the DRC report (report_drc) for more information.
Loading data files...
Loading site data...
Loading route data...
Processing options...
Creating bitmap...
Creating bitstream...
Writing bitstream ./Throughput_top.bit...
INFO: [Vivado 12-1842] Bitgen Completed Successfully.
INFO: [Project 1-120] WebTalk data collection is mandatory for users of free Webpack licenses. To see the specific WebTalk data collected for your design, open the usage_statistics_webtalk.html or usage_statistics_webtalk.xml file in the implementation directory.
INFO: [Common 17-185] WebTalk report has not been sent to Xilinx. Please check your network and proxy settings.
INFO: [Common 17-83] Releasing license: Implementation
write_bitstream: Time (s): cpu = 00:00:39 ; elapsed = 00:00:44 . Memory (MB): peak = 945.707 ; gain = 230.465
INFO: [Common 17-206] Exiting Vivado at Thu Mar 27 11:18:24 2014...
