Copyright 1986-1999, 2001-2013 Xilinx, Inc. All Rights Reserved.
--------------------------------------------------------------------------------------------
| Tool Version : Vivado v.2013.4 (win32) Build 353583 Mon Dec  9 17:38:55 MST 2013
| Date         : Thu Mar 27 11:15:27 2014
| Host         :  running 32-bit Service Pack 1  (build 7601)
| Command      : report_clock_utilization -file Throughput_top_clock_utilization_placed.rpt
| Design       : Throughput_top
| Device       : xc7a100t
--------------------------------------------------------------------------------------------

Clock Utilization Report

Table of Contents
-----------------
1. Clock Primitive Utilization
2. Details of Global Clocks
3. Details of Regional Clocks
4. Details of Multi-Regional Clocks
5. Details of I/O Clocks
6. Details of Local Clocks
7. Clock Regions : Key Resource Utilization
8. Net wise resources used in clock region X0Y0
9. Net wise resources used in clock region X0Y1
10. Net wise resources used in clock region X1Y1
11. Net wise resources used in clock region X0Y2
12. Net wise resources used in clock region X1Y2

1. Clock Primitive Utilization
------------------------------

+-------+------+-----------+------------+
| Type  | Used | Available | Num Locked |
+-------+------+-----------+------------+
| BUFG  |    3 |        32 |          0 |
| BUFH  |    0 |        96 |          0 |
| BUFIO |    0 |        24 |          0 |
| MMCM  |    1 |         6 |          0 |
| BUFR  |    0 |        24 |          0 |
| BUFMR |    0 |        12 |          0 |
+-------+------+-----------+------------+


2. Details of Global Clocks
---------------------------

+-------+----------------------------------+-------------------------------+--------------+--------+---------------+-----------+
|       |                                  |                               |   Num Loads  |        |               |           |
+-------+----------------------------------+-------------------------------+------+-------+--------+---------------+-----------+
| Index | BUFG Cell                        | Net Name                      | BELs | Sites | Locked | MaxDelay (ns) | Skew (ns) |
+-------+----------------------------------+-------------------------------+------+-------+--------+---------------+-----------+
|     1 | inst_top/inst_DMC/U0/clkf_buf    | inst_top/inst_DMC/U0/O        |    1 |     1 |     no |         1.895 |     0.095 |
|     2 | inst_top/inst_DMC/U0/clkout1_buf | inst_top/inst_DMC/U0/clk_out1 |   32 |     9 |     no |         1.794 |     0.160 |
|     3 | CLK_BUFG_inst                    | CLK_BUFG                      | 4173 |  1627 |     no |         1.893 |     0.367 |
+-------+----------------------------------+-------------------------------+------+-------+--------+---------------+-----------+


+-------+------------------------------------+-------------------------------+--------------+--------+---------------+-----------+
|       |                                    |                               |   Num Loads  |        |               |           |
+-------+------------------------------------+-------------------------------+------+-------+--------+---------------+-----------+
| Index | MMCM Cell                          | Net Name                      | BELs | Sites | Locked | MaxDelay (ns) | Skew (ns) |
+-------+------------------------------------+-------------------------------+------+-------+--------+---------------+-----------+
|     1 | inst_top/inst_DMC/U0/mmcm_adv_inst | inst_top/inst_DMC/U0/CLKFBOUT |    1 |     1 |     no |         2.018 |     0.101 |
|     2 | inst_top/inst_DMC/U0/mmcm_adv_inst | inst_top/inst_DMC/U0/CLKOUT0  |    1 |     1 |     no |         2.018 |     0.101 |
+-------+------------------------------------+-------------------------------+------+-------+--------+---------------+-----------+


3. Details of Regional Clocks
-----------------------------

4. Details of Multi-Regional Clocks
-----------------------------------

5. Details of I/O Clocks
------------------------

6. Details of Local Clocks
--------------------------

7. Clock Regions : Key Resource Utilization
-------------------------------------------

+-------------------+--------------+--------------+--------------+--------------+--------------+--------------+--------------+--------------+--------------+--------------+--------------+--------------+--------------+--------------+--------------+
|                   | Global Clock |     BUFRs    |    BUFMRs    |    BUFIOs    |     MMCM     |      PLL     |      GT      |      PCI     |    ILOGIC    |    OLOGIC    |      FF      |     LUTM     |    RAMB18    |    RAMB36    |    DSP48E1   |
+-------------------+------+-------+------+-------+------+-------+------+-------+------+-------+------+-------+------+-------+------+-------+------+-------+------+-------+------+-------+------+-------+------+-------+------+-------+------+-------+
| Clock Region Name | Used | Avail | Used | Avail | Used | Avail | Used | Avail | Used | Avail | Used | Avail | Used | Avail | Used | Avail | Used | Avail | Used | Avail | Used | Avail | Used | Avail | Used | Avail | Used | Avail | Used | Avail |
+-------------------+------+-------+------+-------+------+-------+------+-------+------+-------+------+-------+------+-------+------+-------+------+-------+------+-------+------+-------+------+-------+------+-------+------+-------+------+-------+
| X0Y0              |    2 |    12 |    0 |     4 |    0 |     2 |    0 |     4 |    1 |     1 |    0 |     1 |    0 |     0 |    0 |     0 |    0 |    50 |    0 |    50 |    0 | 20800 |    0 |  2400 |    0 |    40 |    0 |    10 |    0 |    20 |
| X1Y0              |    0 |    12 |    0 |     0 |    0 |     0 |    0 |     0 |    0 |     0 |    0 |     0 |    0 |     5 |    0 |     0 |    0 |     0 |    0 |     0 |    0 | 12000 |    0 |  2200 |    0 |    80 |    0 |    20 |    0 |    40 |
| X0Y1              |    2 |    12 |    0 |     4 |    0 |     2 |    0 |     4 |    0 |     1 |    0 |     1 |    0 |     0 |    0 |     0 |    0 |    50 |    0 |    50 |  312 | 16000 |    0 |  2400 |    0 |    40 |    0 |    10 |    0 |    20 |
| X1Y1              |    1 |    12 |    0 |     4 |    0 |     2 |    0 |     4 |    0 |     1 |    0 |     1 |    0 |     0 |    0 |     0 |    0 |    50 |    0 |    50 |   18 | 15200 |    0 |  2600 |    0 |   120 |    0 |    30 |    0 |    40 |
| X0Y2              |    2 |    12 |    0 |     4 |    0 |     2 |    0 |     4 |    0 |     1 |    0 |     1 |    0 |     0 |    0 |     0 |    0 |    50 |    0 |    50 | 2979 | 16000 |    0 |  2400 |    0 |    40 |    0 |    10 |    0 |    20 |
| X1Y2              |    1 |    12 |    0 |     4 |    0 |     2 |    0 |     4 |    0 |     1 |    0 |     1 |    0 |     0 |    0 |     0 |    0 |    50 |    0 |    50 |  894 | 15200 |    0 |  2600 |    0 |   120 |    0 |    30 |    0 |    40 |
| X0Y3              |    0 |    12 |    0 |     4 |    0 |     2 |    0 |     4 |    0 |     1 |    0 |     1 |    0 |     0 |    0 |     0 |    0 |    50 |    0 |    50 |    0 | 20800 |    0 |  2400 |    0 |    40 |    0 |    10 |    0 |    20 |
| X1Y3              |    0 |    12 |    0 |     0 |    0 |     0 |    0 |     0 |    0 |     0 |    0 |     0 |    0 |     5 |    0 |     1 |    0 |     0 |    0 |     0 |    0 | 10800 |    0 |  2000 |    0 |    60 |    0 |    15 |    0 |    40 |
+-------------------+------+-------+------+-------+------+-------+------+-------+------+-------+------+-------+------+-------+------+-------+------+-------+------+-------+------+-------+------+-------+------+-------+------+-------+------+-------+
* RAMB36 site can be used as two RAMB18/FIFO18 sites


8. Net wise resources used in clock region X0Y0
-----------------------------------------------

+-------------+--------+-----------+---------+-----------+---------+---------+-----+-------+----------+------+------------------------+
| Source Type | Locked | MMCM Pins | GT Pins | BRAM Pins | ILOGICs | OLOGICs | FFs | LUTMs | DSP48E1s | PLLs |         Clock Net Name |
+-------------+--------+-----------+---------+-----------+---------+---------+-----+-------+----------+------+------------------------+
| BUFG        |   no   |         1 |       0 |         0 |       0 |       0 |   0 |     0 |        0 |    0 | CLK_BUFG               |
| BUFG        |   no   |         1 |       0 |         0 |       0 |       0 |   0 |     0 |        0 |    0 | inst_top/inst_DMC/U0/O |
+-------------+--------+-----------+---------+-----------+---------+---------+-----+-------+----------+------+------------------------+


9. Net wise resources used in clock region X0Y1
-----------------------------------------------

+-------------+--------+-----------+---------+-----------+---------+---------+-----+-------+----------+------+-------------------------------+
| Source Type | Locked | MMCM Pins | GT Pins | BRAM Pins | ILOGICs | OLOGICs | FFs | LUTMs | DSP48E1s | PLLs |                Clock Net Name |
+-------------+--------+-----------+---------+-----------+---------+---------+-----+-------+----------+------+-------------------------------+
| BUFG        |   no   |         0 |       0 |         0 |       0 |       0 |  13 |     0 |        0 |    0 | inst_top/inst_DMC/U0/clk_out1 |
| BUFG        |   no   |         0 |       0 |         0 |       0 |       0 | 299 |     0 |        0 |    0 | CLK_BUFG                      |
+-------------+--------+-----------+---------+-----------+---------+---------+-----+-------+----------+------+-------------------------------+


10. Net wise resources used in clock region X1Y1
------------------------------------------------

+-------------+--------+-----------+---------+-----------+---------+---------+-----+-------+----------+------+----------------+
| Source Type | Locked | MMCM Pins | GT Pins | BRAM Pins | ILOGICs | OLOGICs | FFs | LUTMs | DSP48E1s | PLLs | Clock Net Name |
+-------------+--------+-----------+---------+-----------+---------+---------+-----+-------+----------+------+----------------+
| BUFG        |   no   |         0 |       0 |         0 |       0 |       0 |  18 |     0 |        0 |    0 | CLK_BUFG       |
+-------------+--------+-----------+---------+-----------+---------+---------+-----+-------+----------+------+----------------+


11. Net wise resources used in clock region X0Y2
------------------------------------------------

+-------------+--------+-----------+---------+-----------+---------+---------+------+-------+----------+------+-------------------------------+
| Source Type | Locked | MMCM Pins | GT Pins | BRAM Pins | ILOGICs | OLOGICs |  FFs | LUTMs | DSP48E1s | PLLs |                Clock Net Name |
+-------------+--------+-----------+---------+-----------+---------+---------+------+-------+----------+------+-------------------------------+
| BUFG        |   no   |         0 |       0 |         0 |       0 |       0 |   19 |     0 |        0 |    0 | inst_top/inst_DMC/U0/clk_out1 |
| BUFG        |   no   |         0 |       0 |         0 |       0 |       0 | 2960 |     0 |        0 |    0 | CLK_BUFG                      |
+-------------+--------+-----------+---------+-----------+---------+---------+------+-------+----------+------+-------------------------------+


12. Net wise resources used in clock region X1Y2
------------------------------------------------

+-------------+--------+-----------+---------+-----------+---------+---------+-----+-------+----------+------+----------------+
| Source Type | Locked | MMCM Pins | GT Pins | BRAM Pins | ILOGICs | OLOGICs | FFs | LUTMs | DSP48E1s | PLLs | Clock Net Name |
+-------------+--------+-----------+---------+-----------+---------+---------+-----+-------+----------+------+----------------+
| BUFG        |   no   |         0 |       0 |         0 |       0 |       0 | 894 |     0 |        0 |    0 | CLK_BUFG       |
+-------------+--------+-----------+---------+-----------+---------+---------+-----+-------+----------+------+----------------+



# Location of BUFG Primitives 
set_property LOC BUFGCTRL_X0Y1 [get_cells inst_top/inst_DMC/U0/clkf_buf]
set_property LOC BUFGCTRL_X0Y0 [get_cells inst_top/inst_DMC/U0/clkout1_buf]
set_property LOC BUFGCTRL_X0Y16 [get_cells CLK_BUFG_inst]

# Location of IO Clock Primitives

# Location of MMCM Clock Primitives
set_property LOC MMCME2_ADV_X0Y0 [get_cells inst_top/inst_DMC/U0/mmcm_adv_inst]

# Location of BUFH Clock Primitives

# Location of BUFR Clock Primitives

# Location of BUFMR Clock Primitives

# Location of PLL Clock Primitives

# Location of IO Primitives which is load of clock spine

# Location of clock ports
set_property LOC IOB_X1Y126 [get_ports CLK]

# Clock net "CLK_BUFG" driven by instance "CLK_BUFG_inst" located at site "BUFGCTRL_X0Y16"
#startgroup
create_pblock CLKAG_CLK_BUFG
add_cells_to_pblock [get_pblocks  CLKAG_CLK_BUFG] [get_cells  -filter { IS_PRIMITIVE==1 && PRIMITIVE_LEVEL !=INTERNAL && NAME!=inst_top/inst_DMC/U0/mmcm_adv_inst} -of_object [get_pins -filter {DIRECTION==IN} -of_objects [get_nets -hierarchical -filter {PARENT=="CLK_BUFG"}]]]
resize_pblock [get_pblocks CLKAG_CLK_BUFG] -add {CLOCKREGION_X0Y0:CLOCKREGION_X0Y0 CLOCKREGION_X0Y1:CLOCKREGION_X0Y1 CLOCKREGION_X0Y2:CLOCKREGION_X0Y2 CLOCKREGION_X0Y3:CLOCKREGION_X0Y3 CLOCKREGION_X1Y0:CLOCKREGION_X1Y0 CLOCKREGION_X1Y1:CLOCKREGION_X1Y1 CLOCKREGION_X1Y2:CLOCKREGION_X1Y2 CLOCKREGION_X1Y3:CLOCKREGION_X1Y3}
#endgroup

# Clock net "inst_top/inst_DMC/U0/clk_out1" driven by instance "inst_top/inst_DMC/U0/clkout1_buf" located at site "BUFGCTRL_X0Y0"
#startgroup
create_pblock CLKAG_inst_top/inst_DMC/U0/clk_out1
add_cells_to_pblock [get_pblocks  CLKAG_inst_top/inst_DMC/U0/clk_out1] [get_cells  -filter { IS_PRIMITIVE==1 && PRIMITIVE_LEVEL !=INTERNAL } -of_object [get_pins -filter {DIRECTION==IN} -of_objects [get_nets -hierarchical -filter {PARENT=="inst_top/inst_DMC/U0/clk_out1"}]]]
resize_pblock [get_pblocks CLKAG_inst_top/inst_DMC/U0/clk_out1] -add {CLOCKREGION_X0Y0:CLOCKREGION_X0Y0 CLOCKREGION_X0Y1:CLOCKREGION_X0Y1 CLOCKREGION_X0Y2:CLOCKREGION_X0Y2 CLOCKREGION_X0Y3:CLOCKREGION_X0Y3 CLOCKREGION_X1Y0:CLOCKREGION_X1Y0 CLOCKREGION_X1Y1:CLOCKREGION_X1Y1 CLOCKREGION_X1Y2:CLOCKREGION_X1Y2 CLOCKREGION_X1Y3:CLOCKREGION_X1Y3}
#endgroup
