#-----------------------------------------------------------
# Vivado v2013.4
# SW Build 353583 on Mon Dec  9 17:38:55 MST 2013
# IP Build 208076 on Mon Dec  2 12:38:17 MST 2013
# Start of session at: Mon Mar 03 10:23:30 2014
# Process ID: 4936
# Log file: C:/CHALMERS/DAT096/DAT096/ADCDAC/ADC/vivado.log
# Journal file: C:/CHALMERS/DAT096/DAT096/ADCDAC/ADC\vivado.jou
#-----------------------------------------------------------
Attempting to get a license: Implementation
WARNING: [Common 17-301] Failed to get a license: Implementation
WARNING: [Vivado 15-19] WARNING: No 'Implementation' license found. This message may be safely ignored if a Vivado WebPACK or device-locked license, common for board kits, will be used during implementation.

Attempting to get a license: Synthesis
WARNING: [Common 17-301] Failed to get a license: Synthesis
Loading parts and site information from C:/Xilinx/Vivado/2013.4/data/parts/arch.xml
Parsing RTL primitives file [C:/Xilinx/Vivado/2013.4/data/parts/xilinx/rtl/prims/rtl_prims.xml]
Finished parsing RTL primitives file [C:/Xilinx/Vivado/2013.4/data/parts/xilinx/rtl/prims/rtl_prims.xml]
start_gui
open_project {C:\CHALMERS\DAT096\DAT096\ADCDAC\ADC\ADC.xpr}
Scanning sources...
Finished scanning sources
INFO: [IP_Flow 19-234] Refreshing IP repositories
INFO: [IP_Flow 19-1704] No user IP repositories specified
INFO: [IP_Flow 19-2313] Loaded Vivado IP repository 'C:/Xilinx/Vivado/2013.4/data/ip'.
open_project: Time (s): cpu = 00:00:21 ; elapsed = 00:00:37 . Memory (MB): peak = 658.078 ; gain = 85.465
update_compile_order -fileset sources_1
exit
INFO: [Common 17-206] Exiting Vivado at Mon Mar 03 10:24:55 2014...
