SET_PARAMETER enable_vbram_alarm false
SET_PARAMETER average_enable_vauxp13_vauxn13 false
SET_PARAMETER enable_vccddro_alarm false
SET_PARAMETER channel_enable_vauxp9_vauxn9 false
SET_PARAMETER channel_enable_vauxp4_vauxn4 false
SET_PARAMETER dclk_frequency 100.0
SET_PARAMETER average_enable_vauxp12_vauxn12 false
SET_PARAMETER channel_enable_vrefn false
SET_PARAMETER channel_enable_vrefp false
SET_PARAMETER bipolar_vauxp15_vauxn15 false
SET_PARAMETER average_enable_vauxp11_vauxn11 false
SET_PARAMETER vccpint_alarm_upper 1.00
SET_PARAMETER bipolar_vauxp14_vauxn14 false
SET_PARAMETER enable_dclk true
SET_PARAMETER average_enable_vauxp10_vauxn10 false
SET_PARAMETER bipolar_vauxp6_vauxn6 false
SET_PARAMETER bipolar_vauxp1_vauxn1 false
SET_PARAMETER bipolar_vauxp13_vauxn13 false
SET_PARAMETER vbram_alarm_upper 1.05
SET_PARAMETER acquisition_time_vauxp6_vauxn6 false
SET_PARAMETER average_enable_vauxp6_vauxn6 false
SET_PARAMETER average_enable_vccint false
SET_PARAMETER enable_calibration_averaging true
SET_PARAMETER acquisition_time_vauxp1_vauxn1 false
SET_PARAMETER average_enable_vauxp1_vauxn1 false
SET_PARAMETER sensor_offset_and_gain_calibration false
SET_PARAMETER bipolar_vauxp12_vauxn12 false
SET_PARAMETER enable_jtagbusy false
SET_PARAMETER acquisition_time_vp_vn false
SET_PARAMETER average_enable_vccddro false
SET_PARAMETER bipolar_vauxp11_vauxn11 false
SET_PARAMETER vccpint_alarm_lower 0.95
SET_PARAMETER channel_enable_vauxp8_vauxn8 false
SET_PARAMETER bipolar_vauxp10_vauxn10 false
SET_PARAMETER adc_offset_and_gain_calibration false
SET_PARAMETER channel_enable_vauxp3_vauxn3 false
SET_PARAMETER channel_enable_vccpint false
SET_PARAMETER channel_enable_vbram false
SET_PARAMETER vbram_alarm_lower 0.95
SET_PARAMETER user_temp_alarm false
SET_PARAMETER enable_vccpint_alarm false
SET_PARAMETER enable_eoc false
SET_PARAMETER average_enable_vccaux false
SET_PARAMETER enable_drp false
SET_PARAMETER bipolar_vauxp5_vauxn5 false
SET_PARAMETER bipolar_vauxp0_vauxn0 false
SET_PARAMETER average_enable_vauxp5_vauxn5 false
SET_PARAMETER acquisition_time_vauxp5_vauxn5 false
SET_PARAMETER average_enable_vauxp0_vauxn0 false
SET_PARAMETER acquisition_time_vauxp0_vauxn0 false
SET_PARAMETER vccaux_alarm false
SET_PARAMETER enable_eos false
SET_PARAMETER channel_averaging None
SET_PARAMETER temperature_alarm_ot_reset 70.0
SET_PARAMETER enable_convstclk false
SET_PARAMETER channel_enable_vp_vn false
SET_PARAMETER enable_busy false
SET_PARAMETER channel_enable_vccpaux false
SET_PARAMETER channel_enable_vccint false
SET_PARAMETER channel_enable_vauxp7_vauxn7 false
SET_PARAMETER channel_enable_vauxp2_vauxn2 false
SET_PARAMETER channel_enable_vauxp15_vauxn15 false
SET_PARAMETER enable_jtagmodified false
SET_PARAMETER channel_enable_vauxp14_vauxn14 false
SET_PARAMETER component_name ADC
SET_PARAMETER bipolar_vauxp9_vauxn9 false
SET_PARAMETER average_enable_vccpint false
SET_PARAMETER bipolar_vauxp4_vauxn4 false
SET_PARAMETER channel_enable_vauxp13_vauxn13 false
SET_PARAMETER average_enable_vauxp9_vauxn9 false
SET_PARAMETER acquisition_time_vauxp9_vauxn9 false
SET_PARAMETER increase_acquisition_time false
SET_PARAMETER acquisition_time_vauxp4_vauxn4 false
SET_PARAMETER average_enable_vauxp4_vauxn4 false
SET_PARAMETER ot_alarm false
SET_PARAMETER acquisition_time_vauxp15_vauxn15 false
SET_PARAMETER channel_enable_vauxp12_vauxn12 false
SET_PARAMETER acquisition_time_vauxp14_vauxn14 false
SET_PARAMETER channel_enable_vccaux false
SET_PARAMETER channel_enable_vauxp11_vauxn11 false
SET_PARAMETER single_channel_selection Temperature
SET_PARAMETER acquisition_time_vauxp13_vauxn13 false
SET_PARAMETER channel_enable_vauxp10_vauxn10 false
SET_PARAMETER startup_channel_selection single_channel
SET_PARAMETER vccint_alarm_upper 0.91
SET_PARAMETER channel_enable_vauxp6_vauxn6 false
SET_PARAMETER channel_enable_temperature false
SET_PARAMETER channel_enable_vauxp1_vauxn1 false
SET_PARAMETER acquisition_time_vauxp12_vauxn12 false
SET_PARAMETER acquisition_time_vauxp11_vauxn11 false
SET_PARAMETER average_enable_vccpaux false
SET_PARAMETER vccint_alarm false
SET_PARAMETER vccddro_alarm_upper 1.25
SET_PARAMETER average_enable_temperature false
SET_PARAMETER bipolar_vauxp8_vauxn8 false
SET_PARAMETER acquisition_time_vauxp10_vauxn10 false
SET_PARAMETER temperature_alarm_trigger 85.0
SET_PARAMETER bipolar_vauxp3_vauxn3 false
SET_PARAMETER temperature_alarm_reset 60.0
SET_PARAMETER average_enable_vauxp8_vauxn8 false
SET_PARAMETER acquisition_time_vauxp8_vauxn8 false
SET_PARAMETER vccint_alarm_lower 0.88
SET_PARAMETER acquisition_time_vauxp3_vauxn3 false
SET_PARAMETER average_enable_vauxp3_vauxn3 false
SET_PARAMETER vccpaux_alarm_upper 1.8
SET_PARAMETER adc_conversion_rate 1000
SET_PARAMETER bipolar_operation false
SET_PARAMETER temperature_alarm_ot_trigger 125.0
SET_PARAMETER sim_file_name design
SET_PARAMETER single_channel_acquisition_time false
SET_PARAMETER vccddro_volt 1_2
SET_PARAMETER average_enable_vbram false
SET_PARAMETER enable_external_mux false
SET_PARAMETER vccddro_alarm_lower 1.2
SET_PARAMETER channel_enable_calibration false
SET_PARAMETER sensor_offset_calibration false
SET_PARAMETER external_mux_channel VP_VN
SET_PARAMETER channel_enable_vauxp5_vauxn5 false
SET_PARAMETER vccaux_alarm_upper 1.89
SET_PARAMETER enable_channel false
SET_PARAMETER channel_enable_vauxp0_vauxn0 false
SET_PARAMETER xadc_starup_selection single_channel
SET_PARAMETER vccpaux_alarm_lower 1.71
SET_PARAMETER adc_offset_calibration false
SET_PARAMETER enable_convst false
SET_PARAMETER channel_enable_vccddro false
SET_PARAMETER enable_jtaglocked false
SET_PARAMETER single_channel_enable_calibration true
SET_PARAMETER bipolar_vauxp7_vauxn7 false
SET_PARAMETER bipolar_vp_vn false
SET_PARAMETER bipolar_vauxp2_vauxn2 false
SET_PARAMETER average_enable_vauxp7_vauxn7 false
SET_PARAMETER acquisition_time_vauxp7_vauxn7 false
SET_PARAMETER average_enable_vp_vn false
SET_PARAMETER average_enable_vauxp2_vauxn2 false
SET_PARAMETER acquisition_time_vauxp2_vauxn2 false
SET_PARAMETER vccaux_alarm_lower 1.75
SET_PARAMETER sequencer_mode Off
SET_PARAMETER average_enable_vauxp15_vauxn15 false
SET_PARAMETER enable_vccpaux_alarm false
SET_PARAMETER timing_mode Continuous
SET_PARAMETER enable_reset true
SET_PARAMETER average_enable_vauxp14_vauxn14 false
SET_ERROR_CODE 2
SET_ERROR_MSG  CANCEL: Customization cancelled.
SET_ERROR_TEXT Finished initializing IP model.	
