#-----------------------------------------------------------
# PlanAhead v14.7
# Build 321239 by xbuild on Fri Sep 27 19:31:35 MDT 2013
# Start of session at: Sat Feb 15 13:33:02 2014
# Process ID: 5532
# Log file: C:/CHALMERS/DAT096/DAT096/ADCDAC/DAC/planAhead_run_1/planAhead.log
# Journal file: C:/CHALMERS/DAT096/DAT096/ADCDAC/DAC/planAhead_run_1/planAhead.jou
#-----------------------------------------------------------
INFO: [Common 17-78] Attempting to get a license: PlanAhead
INFO: [Common 17-290] Got license for PlanAhead
INFO: [Device 21-36] Loading parts and site information from C:/Xilinx/14.7/ISE_DS/PlanAhead/data/parts/arch.xml
Parsing RTL primitives file [C:/Xilinx/14.7/ISE_DS/PlanAhead/data/parts/xilinx/rtl/prims/rtl_prims.xml]
Finished parsing RTL primitives file [C:/Xilinx/14.7/ISE_DS/PlanAhead/data/parts/xilinx/rtl/prims/rtl_prims.xml]
start_gui
source C:/CHALMERS/DAT096/DAT096/ADCDAC/DAC/pa.fromNetlist.tcl
# create_project -name DAC -dir "C:/CHALMERS/DAT096/DAT096/ADCDAC/DAC/planAhead_run_1" -part xc7a100tcsg324-2L
create_project: Time (s): elapsed = 00:00:06 . Memory (MB): peak = 362.852 ; gain = 33.328
# set_property design_mode GateLvl [get_property srcset [current_run -impl]]
# set_property edif_top_file "C:/CHALMERS/DAT096/DAT096/ADCDAC/DAC/top.ngc" [ get_property srcset [ current_run ] ]
# add_files -norecurse { {C:/CHALMERS/DAT096/DAT096/ADCDAC/DAC} {ipcore_dir} }
# set_param project.pinAheadLayout  yes
# set_property target_constrs_file "top.ucf" [current_fileset -constrset]
Adding file 'C:/CHALMERS/DAT096/DAT096/ADCDAC/DAC/top.ucf' to fileset 'constrs_1'
# add_files [list {top.ucf}] -fileset [get_property constrset [current_run]]
# link_design
Design is defaulting to srcset: sources_1
Design is defaulting to constrset: constrs_1
Design is defaulting to project part: xc7a100tcsg324-2L
Release 14.7 - ngc2edif P.20131013 (nt)
Copyright (c) 1995-2013 Xilinx, Inc.  All rights reserved.

Release 14.7 - ngc2edif P.20131013 (nt)
Copyright (c) 1995-2013 Xilinx, Inc.  All rights reserved.
Reading design top.ngc ...
WARNING:NetListWriters:298 - No output is written to top.xncf, ignored.
Processing design ...
   Preping design's networks ...
   Preping design's macros ...
  finished :Prep
Writing EDIF netlist file top.edif ...
ngc2edif: Total memory usage is 56772 kilobytes

Parsing EDIF File [./planAhead_run_1/DAC.data/cache/top_ngc_zx.edif]
Finished Parsing EDIF File [./planAhead_run_1/DAC.data/cache/top_ngc_zx.edif]
INFO: [Netlist 29-17] Analyzing 26 Unisim elements for replacement
INFO: [Netlist 29-28] Unisim Transformation completed in 0 CPU seconds
Loading clock regions from C:/Xilinx/14.7/ISE_DS/PlanAhead/data\parts/xilinx/artix7/artix7/xc7a100t/ClockRegion.xml
Loading clock buffers from C:/Xilinx/14.7/ISE_DS/PlanAhead/data\parts/xilinx/artix7/artix7/xc7a100t/ClockBuffers.xml
Loading clock placement rules from C:/Xilinx/14.7/ISE_DS/PlanAhead/data/parts/xilinx/artix7/ClockPlacerRules.xml
Loading package pin functions from C:/Xilinx/14.7/ISE_DS/PlanAhead/data\parts/xilinx/artix7/PinFunctions.xml...
Loading package from C:/Xilinx/14.7/ISE_DS/PlanAhead/data\parts/xilinx/artix7/artix7/xc7a100t/csg324/Package.xml
Loading io standards from C:/Xilinx/14.7/ISE_DS/PlanAhead/data\./parts/xilinx/artix7/IOStandards.xml
Loading device configuration modes from C:/Xilinx/14.7/ISE_DS/PlanAhead/data\parts/xilinx/artix7/ConfigModes.xml
Loading list of drcs for the architecture : C:/Xilinx/14.7/ISE_DS/PlanAhead/data\./parts/xilinx/artix7/drc.xml
Parsing UCF File [C:/CHALMERS/DAT096/DAT096/ADCDAC/DAC/top.ucf]
CRITICAL WARNING: [Constraints 18-5] Cannot loc terminal 'VP_IN' at site A13, Illegal to place instance ADC_inst/XADC_INST on site ILOGIC_X0Y132. The location site type doe not match the instance type. Instance ADC_inst/XADC_INST belongs to a shape with reference instance VP_IN_IBUF. Shape elements have relative placement respect to each other. The invalid location might results from a constraint on any of the instance in the shape. [C:/CHALMERS/DAT096/DAT096/ADCDAC/DAC/top.ucf:110]
Finished Parsing UCF File [C:/CHALMERS/DAT096/DAT096/ADCDAC/DAC/top.ucf]
INFO: [Designutils 20-20] Invalid constraints found, use command 'write_ucf -constraints invalid <file>' to save all the invalid constraints to a file
INFO: [Project 1-111] Unisim Transformation Summary:
  A total of 24 instances were transformed.
  FDE => FDCE: 11 instances
  FDP => FDPE: 11 instances
  FDR => FDRE: 1 instances
  IBUFG => IBUF: 1 instances

Phase 0 | Netlist Checksum: 36fc8d41
link_design: Time (s): elapsed = 00:00:43 . Memory (MB): peak = 658.688 ; gain = 293.059
startgroup
set_property package_pin J10 [get_ports VP_IN]
endgroup
save_constraints
exit
ERROR: [PlanAhead 12-106] *** Exception: ui.h.b: Found deleted key in HTclEventBroker. Verify if the classes listed here call cleanup()
HTclEvent: SIGNAL_BUS_MODIFY   Classes: ui.views.aR 
HTclEvent: DEBUG_PORT_CONFIG_CHANGE   Classes: ui.views.aR 
HTclEvent: DEBUG_CORE_CONFIG_CHANGE   Classes: ui.views.aR 
HTclEvent: SIGNAL_MODIFY   Classes: ui.views.aR 
 (See C:/CHALMERS/DAT096/DAT096/ADCDAC/DAC\planAhead_pid5532.debug)
ERROR: [Common 17-39] 'stop_gui' failed due to earlier errors.
INFO: [Common 17-206] Exiting PlanAhead at Sat Feb 15 14:32:56 2014...
INFO: [Common 17-83] Releasing license: PlanAhead
