Copyright 1986-1999, 2001-2013 Xilinx, Inc. All Rights Reserved.
------------------------------------------------------------------------------------
| Tool Version : Vivado v.2013.4 (lin64) Build 353583 Mon Dec  9 17:26:26 MST 2013
| Date         : Mon Mar 31 17:14:31 2014
| Host         : joel-MacBookPro running 64-bit Ubuntu 12.04.4 LTS
| Command      : report_control_sets -verbose -file leon3mp_control_sets_placed.rpt
| Design       : leon3mp
| Device       : xc7a100t
------------------------------------------------------------------------------------

Control Set Information

Table of Contents
-----------------
1. Summary
2. Flip-Flop Distribution
3. Detailed Control Set Information

1. Summary
----------

+-------------------------------------------------------------------+-------+
|                               Status                              | Count |
+-------------------------------------------------------------------+-------+
| Number of unique control sets                                     |   397 |
| Minimum Number of register sites lost to control set restrictions |  1202 |
+-------------------------------------------------------------------+-------+


2. Flip-Flop Distribution
-------------------------

+--------------+-----------------------+------------------------+-----------------+--------------+
| Clock Enable | Synchronous Set/Reset | Asynchronous Set/Reset | Total Registers | Total Slices |
+--------------+-----------------------+------------------------+-----------------+--------------+
| No           | No                    | No                     |            1665 |          710 |
| No           | No                    | Yes                    |             131 |           42 |
| No           | Yes                   | No                     |             162 |           85 |
| Yes          | No                    | No                     |            1816 |          789 |
| Yes          | No                    | Yes                    |            6318 |         2413 |
| Yes          | Yes                   | No                     |             818 |          348 |
+--------------+-----------------------+------------------------+-----------------+--------------+


3. Detailed Control Set Information
-----------------------------------

+--------------------------------------+-----------------------------------------------------------------------------+--------------------------------------------------------------------+------------------+----------------+
|             Clock Signal             |                                Enable Signal                                |                          Set/Reset Signal                          | Slice Load Count | Bel Load Count |
+--------------------------------------+-----------------------------------------------------------------------------+--------------------------------------------------------------------+------------------+----------------+
|  io0/inst_top/inst_DMC/inst/clk_out1 |                                                                             |                                                                    |                1 |              1 |
|  clk_BUFG                            |                                                                             |                                                                    |                2 |              2 |
|  clkgen0/xc7l.v/clkm                 | eth0.e1/m100.u0/ethc0/n_4_r[ecnt][3]_i_1                                    | rst0/p_0_in_0                                                      |                1 |              4 |
|  clkgen0/xc7l.v/clkm                 | leon3gen.cpu[0].u0/leon3x0/p0/iu/n_4_r[w][s][pil][3]_i_1                    |                                                                    |                1 |              4 |
|  n_4_bufgclk45                       | eth0.e1/m100.u0/ethc0/tx_rmii1.tx0/dv12_in                                  | eth0.e1/m100.u0/ethc0/rx_rmii1.rx0/n_4_r[rxdp][3]_i_1              |                1 |              4 |
|  n_4_bufgclk45                       | eth0.e1/m100.u0/ethc0/tx_rmii1.tx0/n_4_r_reg[cnt][3]_i_1                    | eth0.e1/m100.u0/ethc0/tx_rmii1.tx0/tx_rst/SR[0]                    |                2 |              4 |
|  n_4_bufgclk45                       | eth0.e1/m100.u0/ethc0/tx_rmii1.tx0/n_4_r[rcnt][3]_i_1                       |                                                                    |                1 |              4 |
|  clkgen0/xc7l.v/clkm                 | leon3gen.cpu[0].u0/leon3x0/p0/c0mmu/icache0/n_4_r[vaddress][3]_i_1          |                                                                    |                1 |              4 |
|  clkgen0/xc7l.v/clkm                 | mg2.sr1/n_4_r[ws][3]_i_1                                                    | rst0/p_0_in_0                                                      |                1 |              4 |
|  clkgen0/xc7l.v/clkm                 | apb0/O39[0]                                                                 | rst0/p_0_in_0                                                      |                1 |              4 |
|  clkgen0/xc7l.v/clkm                 | leon3gen.dsugen.dsu0/x0/n_4_r[be][0]_i_1                                    | rst0/p_0_in_0                                                      |                1 |              4 |
|  clkgen0/xc7l.v/clkm                 | eth0.e1/m100.u0/ethc0/n_4_r[capbil][4]_i_1                                  |                                                                    |                2 |              4 |
|  clk_BUFG                            |                                                                             | rst0/p_0_in_0                                                      |                2 |              4 |
|  clkgen0/xc7l.v/clkm                 | apb0/v[ctrl][txen]                                                          | eth0.e1/m100.u0/ethc0/tx_rmii1.tx0/tx_rst/O1                       |                3 |              4 |
|  clkgen0/xc7l.v/clkm                 | apb0/v[rxen]                                                                | rst0/p_0_in_0                                                      |                4 |              4 |
|  clkgen0/xc7l.v/clkm                 | leon3gen.cpu[0].u0/leon3x0/p0/iu/n_4_r[w][s][icc][3]_i_1                    |                                                                    |                3 |              4 |
|  clkgen0/xc7l.v/clkm                 | leon3gen.cpu[0].u0/leon3x0/p0/mgen.div0/n_4_r[cnt][4]_i_1                   | leon3gen.cpu[0].u0/leon3x0/p0/c0mmu/dcache0/SR[0]                  |                2 |              5 |
|  clkgen0/xc7l.v/clkm                 | ua1.uart1/n_4_FSM_onehot_r[rxstate][4]_i_1                                  | rst0/p_0_in_0                                                      |                2 |              5 |
|  clkgen0/xc7l.v/clkm                 | eth0.e1/m100.u0/ethc0/ahb0/v[address]0                                      |                                                                    |                3 |              5 |
|  clkgen0/xc7l.v/clkm                 | eth0.e1/m100.u0/ethc0/n_4_r[mdio_ctrl][regadr][4]_i_1                       | rst0/p_0_in_0                                                      |                3 |              5 |
|  n_4_bufgclk45                       | eth0.e1/m100.u0/ethc0/tx_rmii1.tx0/n_4_r[retry_cnt][4]_i_1                  | eth0.e1/m100.u0/n_4_FSM_onehot_r[def_state][5]_i_1                 |                2 |              5 |
|  clkgen0/xc7l.v/clkm                 | apb0/O98                                                                    | rst0/p_0_in_0                                                      |                2 |              5 |
|  clkgen0/xc7l.v/clkm                 | eth0.e1/m100.u0/ethc0/n_4_r[cnt][4]_i_1__0                                  | rst0/p_0_in_0                                                      |                3 |              5 |
|  clkgen0/xc7l.v/clkm                 | eth0.e1/m100.u0/ethc0/n_4_FSM_onehot_r[duplexstate][5]_i_1                  | rst0/p_0_in_0                                                      |                4 |              6 |
|  clkgen0/xc7l.v/clkm                 | eth0.e1/m100.u0/ethc0/n_4_FSM_onehot_r[regaddr][5]_i_1                      | rst0/p_0_in_0                                                      |                2 |              6 |
|  clkgen0/xc7l.v/clkm                 | ua1.uart1/n_4_r[irqcnt][5]_i_1                                              | rst0/p_0_in_0                                                      |                2 |              6 |
|  clkgen0/xc7l.v/clkm                 | leon3gen.cpu[0].u0/leon3x0/p0/mgen.div0/n_4_FSM_onehot_r[state][5]_i_2      | leon3gen.cpu[0].u0/leon3x0/p0/iu/SS[0]                             |                2 |              6 |
|  n_4_bufgclk45                       |                                                                             | eth0.e1/m100.u0/ethc0/tx_rmii1.tx0/tx_rst/O1                       |                2 |              6 |
|  n_4_bufgclk45                       | eth0.e1/m100.u0/ethc0/tx_rmii1.tx0/n_4_FSM_onehot_r[def_state][5]_i_2       | eth0.e1/m100.u0/n_4_FSM_onehot_r[def_state][5]_i_1                 |                4 |              6 |
|  clkgen0/xc7l.v/clkm                 | leon3gen.cpu[0].u0/leon3x0/p0/c0mmu/dcache0/O84                             | leon3gen.cpu[0].u0/leon3x0/p0/c0mmu/dcache0/O91                    |                3 |              6 |
|  clkgen0/xc7l.v/clkm                 | apb0/O39[0]                                                                 |                                                                    |                6 |              6 |
|  clkgen0/xc7l.v/clkm                 |                                                                             | rst0/O16                                                           |                3 |              6 |
|  clkgen0/xc7l.v/clkm                 | eth0.e1/m100.u0/ethc0/ahb0/O10[0]                                           | rst0/p_0_in_0                                                      |                2 |              7 |
|  clkgen0/xc7l.v/clkm                 | leon3gen.cpu[0].u0/leon3x0/p0/c0mmu/dcache0/n_4_FSM_onehot_r[dstate][6]_i_1 | leon3gen.cpu[0].u0/leon3x0/p0/c0mmu/dcache0/SR[0]                  |                2 |              7 |
|  clkgen0/xc7l.v/clkm                 | eth0.e1/m100.u0/ethc0/n_4_r[rcntm][6]_i_1                                   | rst0/p_0_in_0                                                      |                6 |              7 |
|  clkgen0/xc7l.v/clkm                 | eth0.e1/m100.u0/ethc0/n_4_r[rcntl][6]_i_1                                   | rst0/p_0_in_0                                                      |                7 |              7 |
|  clkgen0/xc7l.v/clkm                 | apb0/O115[0]                                                                | eth0.e1/m100.u0/ethc0/tx_rmii1.tx0/tx_rst/O1                       |                3 |              7 |
|  clkgen0/xc7l.v/clkm                 | apb0/O116[0]                                                                | eth0.e1/m100.u0/ethc0/tx_rmii1.tx0/tx_rst/O1                       |                2 |              7 |
|  clkgen0/xc7l.v/clkm                 | eth0.e1/m100.u0/ethc0/n_4_r[tfrpnt][6]_i_1                                  | rst0/p_0_in_0                                                      |                3 |              7 |
|  clkgen0/xc7l.v/clkm                 | rst0/O3                                                                     |                                                                    |                7 |              7 |
|  io0/inst_top/inst_DMC/inst/clk_out1 | rst0/O3                                                                     |                                                                    |                4 |              7 |
|  n_4_bufgclk45                       | eth0.e1/m100.u0/ethc0/tx_rmii1.tx0/n_4_r[slot_count][6]_i_1                 | eth0.e1/m100.u0/n_4_FSM_onehot_r[def_state][5]_i_1                 |                2 |              7 |
|  clkgen0/xc7l.v/clkm                 | leon3gen.dsugen.dsu0/x0/n_4_tb0.tr[delaycnt][6]_i_1                         |                                                                    |                2 |              7 |
|  clkgen0/xc7l.v/clkm                 | leon3gen.dsugen.dsu0/x0/n_4_tb0.tr[aindex][6]_i_1                           |                                                                    |                2 |              7 |
|  clkgen0/xc7l.v/clkm                 | io0/inst_top/O4                                                             | rst0/p_0_in_0                                                      |                2 |              7 |
|  clkgen0/xc7l.v/clkm                 | leon3gen.dsugen.dsu0/x0/E[0]                                                |                                                                    |                3 |              7 |
|  clkgen0/xc7l.v/clkm                 | mg2.sr1/n_4_r[writedata8][15]_i_2                                           | mg2.sr1/n_4_r[writedata8][7]_i_1                                   |                1 |              8 |
|  clkgen0/xc7l.v/clkm                 | mg2.sr1/n_4_r[writedata8][15]_i_2                                           | mg2.sr1/n_4_r[writedata8][15]_i_1                                  |                1 |              8 |
|  clkgen0/xc7l.v/clkm                 | leon3gen.cpu[0].u0/leon3x0/p0/c0mmu/icache0/O1                              |                                                                    |                2 |              8 |
|  clkgen0/xc7l.v/clkm                 | leon3gen.cpu[0].u0/leon3x0/p0/c0mmu/icache0/n_4_r[valid][0][3]_i_1          |                                                                    |                4 |              8 |
|  clkgen0/xc7l.v/clkm                 | leon3gen.cpu[0].u0/leon3x0/p0/c0mmu/dcache0/n_4_r[faddr][7]_i_2             | leon3gen.cpu[0].u0/leon3x0/p0/c0mmu/dcache0/n_4_r[faddr][7]_i_1__0 |                3 |              8 |
|  clkgen0/xc7l.v/clkm                 | apb0/O26[0]                                                                 | rst0/p_0_in_0                                                      |                3 |              8 |
|  clkgen0/xc7l.v/clkm                 | leon3gen.cpu[0].u0/leon3x0/p0/iu/n_4_r[w][s][tt][7]_i_1                     | leon3gen.cpu[0].u0/leon3x0/p0/c0mmu/dcache0/O86                    |                3 |              8 |
|  clkgen0/xc7l.v/clkm                 | leon3gen.cpu[0].u0/leon3x0/p0/iu/dsur[err]                                  |                                                                    |                4 |              8 |
|  clkgen0/xc7l.v/clkm                 | ua1.uart1/n_4_r[rshift][7]_i_1                                              |                                                                    |                2 |              8 |
|  clkgen0/xc7l.v/clkm                 | eth0.e1/m100.u0/ethc0/ahb0/E[0]                                             | eth0.e1/m100.u0/ethc0/tx_rmii1.tx0/tx_rst/O1                       |                4 |              8 |
|  clkgen0/xc7l.v/clkm                 | leon3gen.dsugen.dsu0/x0/O66[0]                                              |                                                                    |                4 |              8 |
|  clkgen0/xc7l.v/clkm                 | apb0/O42[0]                                                                 |                                                                    |                3 |              8 |
|  clkgen0/xc7l.v/clkm                 | ahb0/ahbmi[hready]                                                          | rst0/p_0_in_0                                                      |                4 |              8 |
|  clkgen0/xc7l.v/clkm                 | apb0/O106[0]                                                                |                                                                    |                2 |              8 |
|  clkgen0/xc7l.v/clkm                 | apb0/O18[0]                                                                 | rst0/p_0_in_0                                                      |                2 |              8 |
|  n_4_bufgclk45                       | eth0.e1/m100.u0/ethc0/tx_rmii1.tx0/n_4_r[ifg_cycls][8]_i_1                  | eth0.e1/m100.u0/n_4_FSM_onehot_r[def_state][5]_i_1                 |                3 |              9 |
|  clkgen0/xc7l.v/clkm                 | apb0/v[rxen]                                                                |                                                                    |                4 |              9 |
|  clkgen0/xc7l.v/clkm                 | leon3gen.cpu[0].u0/leon3x0/p0/c0mmu/icache0/crami[icramin][twrite][0]       | leon3gen.cpu[0].u0/leon3x0/p0/c0mmu/dcache0/O14[0]                 |                2 |              9 |
|  n_4_bufgclk45                       | eth0.e1/m100.u0/ethc0/tx_rmii1.tx0/n_4_r[delay_val][9]_i_2                  | eth0.e1/m100.u0/ethc0/tx_rmii1.tx0/tx_rst/SR[0]                    |                4 |             10 |
|  n_4_bufgclk45                       | eth0.e1/m100.u0/ethc0/rx_rmii1.rx0/n_4_FSM_onehot_r[rx_state][9]_i_1        | eth0.e1/m100.u0/n_4_FSM_onehot_r[def_state][5]_i_1                 |                6 |             10 |
|  clkgen0/xc7l.v/clkm                 | eth0.e1/m100.u0/ethc0/ahb0/O9[0]                                            | rst0/p_0_in_0                                                      |                4 |             11 |
|  clkgen0/xc7l.v/clkm                 | eth0.e1/m100.u0/ethc0/n_4_r[txlength][10]_i_1                               |                                                                    |                5 |             11 |
|  io0/inst_top/inst_DMC/inst/clk_out1 | io0/inst_top/Inst_PWM/samplevalue0                                          |                                                                    |                4 |             11 |
|  n_4_bufgclk45                       | eth0.e1/m100.u0/ethc0/tx_rmii1.tx0/n_4_r[byte_count][10]_i_2                | eth0.e1/m100.u0/ethc0/tx_rmii1.tx0/n_4_r[byte_count][10]_i_1       |                5 |             11 |
|  n_4_bufgclk45                       | eth0.e1/m100.u0/ethc0/rx_rmii1.rx0/n_4_r[byte_count][10]_i_1__0             | eth0.e1/m100.u0/n_4_FSM_onehot_r[def_state][5]_i_1                 |                7 |             11 |
|  clkgen0/xc7l.v/clkm                 | apb0/O112                                                                   |                                                                    |                3 |             12 |
|  clkgen0/xc7l.v/clkm                 | ua1.uart1/n_4_r[scaler][11]_i_1                                             |                                                                    |                4 |             12 |
|  clkgen0/xc7l.v/clkm                 | eth0.e1/m100.u0/ethc0/ahb0/O11                                              |                                                                    |                6 |             12 |
|  clkgen0/xc7l.v/clkm                 | eth0.e1/m100.u0/ethc0/n_4_FSM_onehot_r[mdio_state][11]_i_1                  | rst0/p_0_in_0                                                      |                3 |             12 |
|  io0/inst_top/inst_DMC/inst/clk_out1 |                                                                             | rst0/p_0_in_0                                                      |                3 |             13 |
|  clkgen0/xc7l.v/clkm                 | eth0.e1/m100.u0/ethc0/n_4_r[seq][0]_i_1                                     | rst0/p_0_in_0                                                      |                4 |             14 |
|  clkgen0/xc7l.v/clkm                 | apb0/O12[0]                                                                 | rst0/p_0_in_0                                                      |                5 |             15 |
|  clkgen0/xc7l.v/clkm                 | apb0/O15[0]                                                                 |                                                                    |                5 |             15 |
|  n_4_bufgclk45                       | eth0.e1/m100.u0/ethc0/tx_rmii1.tx0/n_4_FSM_onehot_r[main_state][14]_i_1     | eth0.e1/m100.u0/n_4_FSM_onehot_r[def_state][5]_i_1                 |                7 |             15 |
|  clkgen0/xc7l.v/clkm                 | eth0.e1/m100.u0/ethc0/n_4_FSM_onehot_r[edclrstate][14]_i_1                  | eth0.e1/m100.u0/ethc0/tx_rmii1.tx0/tx_rst/O1                       |                5 |             15 |
|  clkgen0/xc7l.v/clkm                 | apb0/O40[0]                                                                 | rst0/p_0_in_0                                                      |                5 |             16 |
|  n_4_bufgclk45                       | eth0.e1/m100.u0/ethc0/rx_rmii1.rx0/n_4_r[lentype][15]_i_1                   | eth0.e1/m100.u0/n_4_FSM_onehot_r[def_state][5]_i_1                 |                4 |             16 |
|  clkgen0/xc7l.v/clkm                 | mg2.sr1/r_reg[readdata]0                                                    |                                                                    |                4 |             16 |
|  n_4_bufgclk45                       |                                                                             | eth0.e1/m100.u0/n_4_FSM_onehot_r[def_state][5]_i_1                 |                5 |             16 |
|  clkgen0/xc7l.v/clkm                 | eth0.e1/m100.u0/ethc0/n_4_r[rmsto][data][18]_i_1                            |                                                                    |                3 |             16 |
|  clkgen0/xc7l.v/clkm                 | eth0.e1/m100.u0/ethc0/n_4_r[rmsto][data][18]_i_1                            | eth0.e1/m100.u0/ethc0/n_4_r[rmsto][data][31]_i_1                   |                4 |             16 |
|  clkgen0/xc7l.v/clkm                 | eth0.e1/m100.u0/ethc0/n_4_r[udpsrc][15]_i_1                                 | rst0/p_0_in_0                                                      |               13 |             16 |
|  clkgen0/xc7l.v/clkm                 | io0/inst_ADC_TOP/inst_Buffer/n_4_Memory_array[71][31]_i_1__0                | rst0/p_0_in_0                                                      |                6 |             17 |
|  clkgen0/xc7l.v/clkm                 | io0/inst_ADC_TOP/inst_Buffer/n_4_Memory_array[72][31]_i_1__0                | rst0/p_0_in_0                                                      |                4 |             17 |
|  clkgen0/xc7l.v/clkm                 | io0/inst_ADC_TOP/inst_Buffer/n_4_Memory_array[73][31]_i_1__0                | rst0/p_0_in_0                                                      |                4 |             17 |
|  clkgen0/xc7l.v/clkm                 | io0/inst_ADC_TOP/inst_Buffer/n_4_Memory_array[74][31]_i_1__0                | rst0/p_0_in_0                                                      |                5 |             17 |
|  clkgen0/xc7l.v/clkm                 | io0/inst_ADC_TOP/inst_Buffer/n_4_Memory_array[75][31]_i_1__0                | rst0/p_0_in_0                                                      |                3 |             17 |
|  clkgen0/xc7l.v/clkm                 | io0/inst_ADC_TOP/inst_Buffer/n_4_Memory_array[76][31]_i_1__0                | rst0/p_0_in_0                                                      |                3 |             17 |
|  clkgen0/xc7l.v/clkm                 | io0/inst_ADC_TOP/inst_Buffer/n_4_Memory_array[77][31]_i_1__0                | rst0/p_0_in_0                                                      |                5 |             17 |
|  clkgen0/xc7l.v/clkm                 | io0/inst_ADC_TOP/inst_Buffer/n_4_Memory_array[78][31]_i_1__0                | rst0/p_0_in_0                                                      |                4 |             17 |
|  clkgen0/xc7l.v/clkm                 | io0/inst_ADC_TOP/inst_Buffer/n_4_Memory_array[79][31]_i_1__0                | rst0/p_0_in_0                                                      |                5 |             17 |
|  clkgen0/xc7l.v/clkm                 | io0/inst_ADC_TOP/inst_Buffer/n_4_Memory_array[80][31]_i_1__0                | rst0/p_0_in_0                                                      |                9 |             17 |
|  clkgen0/xc7l.v/clkm                 | io0/inst_ADC_TOP/inst_Buffer/n_4_Memory_array[81][31]_i_1__0                | rst0/p_0_in_0                                                      |                8 |             17 |
|  clkgen0/xc7l.v/clkm                 | io0/inst_ADC_TOP/inst_Buffer/n_4_Memory_array[70][31]_i_1__0                | rst0/p_0_in_0                                                      |                4 |             17 |
|  clkgen0/xc7l.v/clkm                 | io0/inst_ADC_TOP/inst_Buffer/n_4_Memory_array[69][31]_i_1__0                | rst0/p_0_in_0                                                      |                4 |             17 |
|  clkgen0/xc7l.v/clkm                 | io0/inst_ADC_TOP/inst_Buffer/n_4_Memory_array[68][31]_i_1__0                | rst0/p_0_in_0                                                      |                6 |             17 |
|  clkgen0/xc7l.v/clkm                 | io0/inst_ADC_TOP/inst_Buffer/n_4_Memory_array[67][31]_i_1__0                | rst0/p_0_in_0                                                      |                6 |             17 |
|  clkgen0/xc7l.v/clkm                 | io0/inst_ADC_TOP/inst_Buffer/n_4_Memory_array[66][31]_i_1__0                | rst0/p_0_in_0                                                      |                5 |             17 |
|  clkgen0/xc7l.v/clkm                 | io0/inst_ADC_TOP/inst_Buffer/n_4_Memory_array[65][31]_i_1__0                | rst0/p_0_in_0                                                      |                5 |             17 |
|  clkgen0/xc7l.v/clkm                 | io0/inst_ADC_TOP/inst_Buffer/n_4_Memory_array[64][31]_i_1__0                | rst0/p_0_in_0                                                      |                3 |             17 |
|  clkgen0/xc7l.v/clkm                 | io0/inst_ADC_TOP/inst_Buffer/n_4_Memory_array[63][31]_i_1__0                | rst0/p_0_in_0                                                      |                5 |             17 |
|  clkgen0/xc7l.v/clkm                 | io0/inst_ADC_TOP/inst_Buffer/n_4_Memory_array[62][31]_i_1__0                | rst0/p_0_in_0                                                      |                8 |             17 |
|  clkgen0/xc7l.v/clkm                 | io0/inst_ADC_TOP/inst_Buffer/n_4_Memory_array[61][31]_i_1__0                | rst0/p_0_in_0                                                      |                6 |             17 |
|  clkgen0/xc7l.v/clkm                 | io0/inst_ADC_TOP/inst_Buffer/n_4_Memory_array[60][31]_i_1__0                | rst0/p_0_in_0                                                      |                5 |             17 |
|  clkgen0/xc7l.v/clkm                 | io0/inst_ADC_TOP/inst_Buffer/n_4_Memory_array[103][31]_i_1__0               | rst0/p_0_in_0                                                      |                9 |             17 |
|  clkgen0/xc7l.v/clkm                 | io0/inst_ADC_TOP/inst_Buffer/n_4_Memory_array[104][31]_i_1__0               | rst0/p_0_in_0                                                      |                9 |             17 |
|  clkgen0/xc7l.v/clkm                 | io0/inst_ADC_TOP/inst_Buffer/n_4_Memory_array[105][31]_i_1__0               | rst0/p_0_in_0                                                      |               10 |             17 |
|  clkgen0/xc7l.v/clkm                 | io0/inst_ADC_TOP/inst_Buffer/n_4_Memory_array[106][31]_i_1__0               | rst0/p_0_in_0                                                      |               12 |             17 |
|  clkgen0/xc7l.v/clkm                 | io0/inst_ADC_TOP/inst_Buffer/n_4_Memory_array[107][31]_i_1__0               | rst0/p_0_in_0                                                      |                9 |             17 |
|  clkgen0/xc7l.v/clkm                 | io0/inst_ADC_TOP/inst_Buffer/n_4_Memory_array[108][31]_i_1__0               | rst0/p_0_in_0                                                      |               10 |             17 |
|  clkgen0/xc7l.v/clkm                 | io0/inst_ADC_TOP/inst_Buffer/n_4_Memory_array[109][31]_i_1__0               | rst0/p_0_in_0                                                      |                9 |             17 |
|  clkgen0/xc7l.v/clkm                 | io0/inst_ADC_TOP/inst_Buffer/n_4_Memory_array[110][31]_i_1__0               | rst0/p_0_in_0                                                      |               11 |             17 |
|  clkgen0/xc7l.v/clkm                 | io0/inst_ADC_TOP/inst_Buffer/n_4_Memory_array[111][31]_i_1__0               | rst0/p_0_in_0                                                      |                9 |             17 |
|  clkgen0/xc7l.v/clkm                 | io0/inst_ADC_TOP/inst_Buffer/n_4_Memory_array[0][31]_i_1__0                 | rst0/p_0_in_0                                                      |               10 |             17 |
|  clkgen0/xc7l.v/clkm                 | io0/inst_ADC_TOP/inst_Buffer/n_4_Memory_array[93][31]_i_1__0                | rst0/p_0_in_0                                                      |                6 |             17 |
|  clkgen0/xc7l.v/clkm                 | io0/inst_ADC_TOP/inst_Buffer/n_4_Memory_array[92][31]_i_1__0                | rst0/p_0_in_0                                                      |                4 |             17 |
|  clkgen0/xc7l.v/clkm                 | io0/inst_ADC_TOP/inst_Buffer/n_4_Memory_array[91][31]_i_1__0                | rst0/p_0_in_0                                                      |                4 |             17 |
|  clkgen0/xc7l.v/clkm                 | io0/inst_ADC_TOP/inst_Buffer/n_4_Memory_array[90][31]_i_1__0                | rst0/p_0_in_0                                                      |                6 |             17 |
|  clkgen0/xc7l.v/clkm                 | io0/inst_ADC_TOP/inst_Buffer/n_4_Memory_array[89][31]_i_1__0                | rst0/p_0_in_0                                                      |                5 |             17 |
|  clkgen0/xc7l.v/clkm                 | io0/inst_ADC_TOP/inst_Buffer/n_4_Memory_array[88][31]_i_1__0                | rst0/p_0_in_0                                                      |                7 |             17 |
|  clkgen0/xc7l.v/clkm                 | io0/inst_ADC_TOP/inst_Buffer/n_4_Memory_array[87][31]_i_1__0                | rst0/p_0_in_0                                                      |                8 |             17 |
|  clkgen0/xc7l.v/clkm                 | io0/inst_ADC_TOP/inst_Buffer/n_4_Memory_array[86][31]_i_1__0                | rst0/p_0_in_0                                                      |                6 |             17 |
|  clkgen0/xc7l.v/clkm                 | io0/inst_ADC_TOP/inst_Buffer/n_4_Memory_array[85][31]_i_1__0                | rst0/p_0_in_0                                                      |                6 |             17 |
|  clkgen0/xc7l.v/clkm                 | io0/inst_ADC_TOP/inst_Buffer/n_4_Memory_array[84][31]_i_1__0                | rst0/p_0_in_0                                                      |                6 |             17 |
|  clkgen0/xc7l.v/clkm                 | io0/inst_ADC_TOP/inst_Buffer/n_4_Memory_array[83][31]_i_1__0                | rst0/p_0_in_0                                                      |                8 |             17 |
|  clkgen0/xc7l.v/clkm                 | io0/inst_ADC_TOP/inst_Buffer/n_4_Memory_array[82][31]_i_1__0                | rst0/p_0_in_0                                                      |                9 |             17 |
|  clkgen0/xc7l.v/clkm                 | io0/inst_ADC_TOP/inst_Buffer/n_4_Memory_array[37][31]_i_1__0                | rst0/p_0_in_0                                                      |                4 |             17 |
|  clkgen0/xc7l.v/clkm                 | io0/inst_ADC_TOP/inst_Buffer/n_4_Memory_array[36][31]_i_1__0                | rst0/p_0_in_0                                                      |                5 |             17 |
|  clkgen0/xc7l.v/clkm                 | io0/inst_ADC_TOP/inst_Buffer/n_4_Memory_array[35][31]_i_1__0                | rst0/p_0_in_0                                                      |                5 |             17 |
|  clkgen0/xc7l.v/clkm                 | io0/inst_ADC_TOP/inst_Buffer/n_4_Memory_array[34][31]_i_1__0                | rst0/p_0_in_0                                                      |                4 |             17 |
|  clkgen0/xc7l.v/clkm                 | io0/inst_ADC_TOP/inst_Buffer/n_4_Memory_array[33][31]_i_1__0                | rst0/p_0_in_0                                                      |                6 |             17 |
|  clkgen0/xc7l.v/clkm                 | io0/inst_ADC_TOP/inst_Buffer/n_4_Memory_array[32][31]_i_1__0                | rst0/p_0_in_0                                                      |                5 |             17 |
|  clkgen0/xc7l.v/clkm                 | io0/inst_ADC_TOP/inst_Buffer/n_4_Memory_array[31][31]_i_1__0                | rst0/p_0_in_0                                                      |                7 |             17 |
|  clkgen0/xc7l.v/clkm                 | io0/inst_ADC_TOP/inst_Buffer/n_4_Memory_array[30][31]_i_1__0                | rst0/p_0_in_0                                                      |                7 |             17 |
|  clkgen0/xc7l.v/clkm                 | io0/inst_ADC_TOP/inst_Buffer/n_4_Memory_array[29][31]_i_1__0                | rst0/p_0_in_0                                                      |                8 |             17 |
|  clkgen0/xc7l.v/clkm                 | io0/inst_ADC_TOP/inst_Buffer/n_4_Memory_array[28][31]_i_1__0                | rst0/p_0_in_0                                                      |                8 |             17 |
|  clkgen0/xc7l.v/clkm                 | io0/inst_ADC_TOP/inst_Buffer/n_4_Memory_array[27][31]_i_1__0                | rst0/p_0_in_0                                                      |                8 |             17 |
|  clkgen0/xc7l.v/clkm                 | io0/inst_ADC_TOP/inst_Buffer/n_4_Memory_array[26][31]_i_1__0                | rst0/p_0_in_0                                                      |                7 |             17 |
|  clkgen0/xc7l.v/clkm                 | io0/inst_ADC_TOP/inst_Buffer/n_4_Memory_array[25][31]_i_1__0                | rst0/p_0_in_0                                                      |                8 |             17 |
|  clkgen0/xc7l.v/clkm                 | io0/inst_ADC_TOP/inst_Buffer/n_4_Memory_array[24][31]_i_1__0                | rst0/p_0_in_0                                                      |                8 |             17 |
|  clkgen0/xc7l.v/clkm                 | io0/inst_ADC_TOP/inst_Buffer/n_4_Memory_array[23][31]_i_1__0                | rst0/p_0_in_0                                                      |                8 |             17 |
|  clkgen0/xc7l.v/clkm                 | io0/inst_ADC_TOP/inst_Buffer/n_4_Memory_array[22][31]_i_1__0                | rst0/p_0_in_0                                                      |                8 |             17 |
|  clkgen0/xc7l.v/clkm                 | io0/inst_ADC_TOP/inst_Buffer/n_4_Memory_array[21][31]_i_1__0                | rst0/p_0_in_0                                                      |                7 |             17 |
|  clkgen0/xc7l.v/clkm                 | io0/inst_ADC_TOP/inst_Buffer/n_4_Memory_array[20][31]_i_1__0                | rst0/p_0_in_0                                                      |                8 |             17 |
|  clkgen0/xc7l.v/clkm                 | io0/inst_ADC_TOP/inst_Buffer/n_4_Memory_array[19][31]_i_1__0                | rst0/p_0_in_0                                                      |                8 |             17 |
|  clkgen0/xc7l.v/clkm                 | io0/inst_ADC_TOP/inst_Buffer/n_4_Memory_array[18][31]_i_1__0                | rst0/p_0_in_0                                                      |                9 |             17 |
|  clkgen0/xc7l.v/clkm                 | io0/inst_ADC_TOP/inst_Buffer/n_4_Memory_array[17][31]_i_1__0                | rst0/p_0_in_0                                                      |               10 |             17 |
|  apb0/E[0]                           |                                                                             |                                                                    |               17 |             17 |
|  clkgen0/xc7l.v/clkm                 | io0/inst_ADC_TOP/inst_Buffer/n_4_Memory_array[59][31]_i_1__0                | rst0/p_0_in_0                                                      |                6 |             17 |
|  clkgen0/xc7l.v/clkm                 | io0/inst_ADC_TOP/inst_Buffer/n_4_Memory_array[58][31]_i_1__0                | rst0/p_0_in_0                                                      |                5 |             17 |
|  clkgen0/xc7l.v/clkm                 | io0/inst_ADC_TOP/inst_Buffer/n_4_Memory_array[57][31]_i_1__0                | rst0/p_0_in_0                                                      |                5 |             17 |
|  clkgen0/xc7l.v/clkm                 | io0/inst_ADC_TOP/inst_Buffer/n_4_Memory_array[56][31]_i_1__0                | rst0/p_0_in_0                                                      |                6 |             17 |
|  clkgen0/xc7l.v/clkm                 | io0/inst_ADC_TOP/inst_Buffer/n_4_Memory_array[55][31]_i_1__0                | rst0/p_0_in_0                                                      |                6 |             17 |
|  clkgen0/xc7l.v/clkm                 | io0/inst_ADC_TOP/inst_Buffer/n_4_Memory_array[54][31]_i_1__0                | rst0/p_0_in_0                                                      |                7 |             17 |
|  clkgen0/xc7l.v/clkm                 | io0/inst_ADC_TOP/inst_Buffer/n_4_Memory_array[53][31]_i_1__0                | rst0/p_0_in_0                                                      |                7 |             17 |
|  clkgen0/xc7l.v/clkm                 | io0/inst_ADC_TOP/inst_Buffer/n_4_Memory_array[52][31]_i_1__0                | rst0/p_0_in_0                                                      |                6 |             17 |
|  clkgen0/xc7l.v/clkm                 | io0/inst_ADC_TOP/inst_Buffer/n_4_Memory_array[51][31]_i_1__0                | rst0/p_0_in_0                                                      |                6 |             17 |
|  clkgen0/xc7l.v/clkm                 | io0/inst_ADC_TOP/inst_Buffer/n_4_Memory_array[50][31]_i_1__0                | rst0/p_0_in_0                                                      |                7 |             17 |
|  clkgen0/xc7l.v/clkm                 | io0/inst_ADC_TOP/inst_Buffer/n_4_Memory_array[49][31]_i_1__0                | rst0/p_0_in_0                                                      |                7 |             17 |
|  clkgen0/xc7l.v/clkm                 | io0/inst_ADC_TOP/inst_Buffer/n_4_Memory_array[48][31]_i_1__0                | rst0/p_0_in_0                                                      |                7 |             17 |
|  clkgen0/xc7l.v/clkm                 | io0/inst_ADC_TOP/inst_Buffer/n_4_Memory_array[47][31]_i_1__0                | rst0/p_0_in_0                                                      |                7 |             17 |
|  clkgen0/xc7l.v/clkm                 | io0/inst_ADC_TOP/inst_Buffer/n_4_Memory_array[46][31]_i_1__0                | rst0/p_0_in_0                                                      |                4 |             17 |
|  clkgen0/xc7l.v/clkm                 | io0/inst_ADC_TOP/inst_Buffer/n_4_Memory_array[45][31]_i_1__0                | rst0/p_0_in_0                                                      |                5 |             17 |
|  clkgen0/xc7l.v/clkm                 | io0/inst_ADC_TOP/inst_Buffer/n_4_Memory_array[44][31]_i_1__0                | rst0/p_0_in_0                                                      |                6 |             17 |
|  clkgen0/xc7l.v/clkm                 | io0/inst_ADC_TOP/inst_Buffer/n_4_Memory_array[43][31]_i_1__0                | rst0/p_0_in_0                                                      |                4 |             17 |
|  clkgen0/xc7l.v/clkm                 | io0/inst_ADC_TOP/inst_Buffer/n_4_Memory_array[42][31]_i_1__0                | rst0/p_0_in_0                                                      |                4 |             17 |
|  clkgen0/xc7l.v/clkm                 | io0/inst_ADC_TOP/inst_Buffer/n_4_Memory_array[41][31]_i_1__0                | rst0/p_0_in_0                                                      |                4 |             17 |
|  clkgen0/xc7l.v/clkm                 | io0/inst_ADC_TOP/inst_Buffer/n_4_Memory_array[40][31]_i_1__0                | rst0/p_0_in_0                                                      |                4 |             17 |
|  clkgen0/xc7l.v/clkm                 | io0/inst_ADC_TOP/inst_Buffer/n_4_Memory_array[39][31]_i_1__0                | rst0/p_0_in_0                                                      |                6 |             17 |
|  clkgen0/xc7l.v/clkm                 | io0/inst_ADC_TOP/inst_Buffer/n_4_Memory_array[38][31]_i_1__0                | rst0/p_0_in_0                                                      |                5 |             17 |
|  clkgen0/xc7l.v/clkm                 | io0/inst_ADC_TOP/inst_Buffer/n_4_Memory_array[2][31]_i_1__0                 | rst0/p_0_in_0                                                      |                9 |             17 |
|  clkgen0/xc7l.v/clkm                 | io0/inst_ADC_TOP/inst_Buffer/n_4_Memory_array[1][31]_i_1__0                 | rst0/p_0_in_0                                                      |                8 |             17 |
|  clkgen0/xc7l.v/clkm                 | io0/inst_ADC_TOP/inst_Buffer/n_4_Memory_array[112][31]_i_1__0               | rst0/p_0_in_0                                                      |                7 |             17 |
|  clkgen0/xc7l.v/clkm                 | io0/inst_ADC_TOP/inst_Buffer/n_4_Memory_array[113][31]_i_1__0               | rst0/p_0_in_0                                                      |                6 |             17 |
|  clkgen0/xc7l.v/clkm                 | io0/inst_ADC_TOP/inst_Buffer/n_4_Memory_array[114][31]_i_1__0               | rst0/p_0_in_0                                                      |                6 |             17 |
|  clkgen0/xc7l.v/clkm                 | io0/inst_ADC_TOP/inst_Buffer/n_4_Memory_array[115][31]_i_1__0               | rst0/p_0_in_0                                                      |                6 |             17 |
|  clkgen0/xc7l.v/clkm                 | io0/inst_ADC_TOP/inst_Buffer/n_4_Memory_array[116][31]_i_1__0               | rst0/p_0_in_0                                                      |                6 |             17 |
|  clkgen0/xc7l.v/clkm                 | io0/inst_ADC_TOP/inst_Buffer/n_4_Memory_array[117][31]_i_1__0               | rst0/p_0_in_0                                                      |                7 |             17 |
|  clkgen0/xc7l.v/clkm                 | io0/inst_ADC_TOP/inst_Buffer/n_4_Memory_array[118][31]_i_1__0               | rst0/p_0_in_0                                                      |                7 |             17 |
|  clkgen0/xc7l.v/clkm                 | io0/inst_ADC_TOP/inst_Buffer/n_4_Memory_array[119][31]_i_1__0               | rst0/p_0_in_0                                                      |                6 |             17 |
|  clkgen0/xc7l.v/clkm                 | io0/inst_ADC_TOP/inst_Buffer/n_4_Memory_array[120][31]_i_1__0               | rst0/p_0_in_0                                                      |                7 |             17 |
|  clkgen0/xc7l.v/clkm                 | io0/inst_ADC_TOP/inst_Buffer/n_4_Memory_array[121][31]_i_1__0               | rst0/p_0_in_0                                                      |                6 |             17 |
|  clkgen0/xc7l.v/clkm                 | io0/inst_ADC_TOP/inst_Buffer/n_4_Memory_array[122][31]_i_1__0               | rst0/p_0_in_0                                                      |                8 |             17 |
|  clkgen0/xc7l.v/clkm                 | io0/inst_ADC_TOP/inst_Buffer/n_4_Memory_array[123][31]_i_1__0               | rst0/p_0_in_0                                                      |                7 |             17 |
|  clkgen0/xc7l.v/clkm                 | io0/inst_ADC_TOP/inst_Buffer/n_4_Memory_array[124][31]_i_1__0               | rst0/p_0_in_0                                                      |                7 |             17 |
|  clkgen0/xc7l.v/clkm                 | io0/inst_ADC_TOP/inst_Buffer/n_4_Memory_array[125][31]_i_1__0               | rst0/p_0_in_0                                                      |                6 |             17 |
|  clkgen0/xc7l.v/clkm                 | io0/inst_ADC_TOP/inst_Buffer/n_4_Memory_array[126][31]_i_1__0               | rst0/p_0_in_0                                                      |                6 |             17 |
|  clkgen0/xc7l.v/clkm                 | io0/inst_ADC_TOP/inst_Buffer/n_4_Memory_array[127][31]_i_1__0               | rst0/p_0_in_0                                                      |                6 |             17 |
|  clkgen0/xc7l.v/clkm                 | io0/inst_ADC_TOP/inst_Buffer/n_4_Memory_array[95][31]_i_1__0                | rst0/p_0_in_0                                                      |                4 |             17 |
|  clkgen0/xc7l.v/clkm                 | io0/inst_ADC_TOP/inst_Buffer/n_4_Memory_array[94][31]_i_1__0                | rst0/p_0_in_0                                                      |                4 |             17 |
|  clkgen0/xc7l.v/clkm                 | io0/inst_ADC_TOP/inst_Buffer/n_4_Memory_array[102][31]_i_1__0               | rst0/p_0_in_0                                                      |               10 |             17 |
|  clkgen0/xc7l.v/clkm                 | io0/inst_ADC_TOP/inst_Buffer/n_4_Memory_array[101][31]_i_1__0               | rst0/p_0_in_0                                                      |                9 |             17 |
|  clkgen0/xc7l.v/clkm                 | io0/inst_ADC_TOP/inst_Buffer/n_4_Memory_array[100][31]_i_1__0               | rst0/p_0_in_0                                                      |                9 |             17 |
|  clkgen0/xc7l.v/clkm                 | io0/inst_ADC_TOP/inst_Buffer/n_4_Memory_array[99][31]_i_1__0                | rst0/p_0_in_0                                                      |               13 |             17 |
|  clkgen0/xc7l.v/clkm                 | io0/inst_ADC_TOP/inst_Buffer/n_4_Memory_array[98][31]_i_1__0                | rst0/p_0_in_0                                                      |               12 |             17 |
|  clkgen0/xc7l.v/clkm                 | io0/inst_ADC_TOP/inst_Buffer/n_4_Memory_array[97][31]_i_1__0                | rst0/p_0_in_0                                                      |               10 |             17 |
|  clkgen0/xc7l.v/clkm                 | io0/inst_ADC_TOP/inst_Buffer/n_4_Memory_array[96][31]_i_1__0                | rst0/p_0_in_0                                                      |                9 |             17 |
|  clkgen0/xc7l.v/clkm                 | io0/inst_ADC_TOP/inst_Buffer/n_4_Memory_array[16][31]_i_1__0                | rst0/p_0_in_0                                                      |               11 |             17 |
|  clkgen0/xc7l.v/clkm                 | io0/inst_ADC_TOP/inst_Buffer/n_4_Memory_array[15][31]_i_1__0                | rst0/p_0_in_0                                                      |                9 |             17 |
|  clkgen0/xc7l.v/clkm                 | io0/inst_ADC_TOP/inst_Buffer/n_4_Memory_array[14][31]_i_1__0                | rst0/p_0_in_0                                                      |                7 |             17 |
|  clkgen0/xc7l.v/clkm                 | io0/inst_ADC_TOP/inst_Buffer/n_4_Memory_array[3][31]_i_1__0                 | rst0/p_0_in_0                                                      |                8 |             17 |
|  clkgen0/xc7l.v/clkm                 | io0/inst_ADC_TOP/inst_Buffer/n_4_Memory_array[4][31]_i_1__0                 | rst0/p_0_in_0                                                      |               12 |             17 |
|  clkgen0/xc7l.v/clkm                 | io0/inst_ADC_TOP/inst_Buffer/n_4_Memory_array[5][31]_i_1__0                 | rst0/p_0_in_0                                                      |                8 |             17 |
|  clkgen0/xc7l.v/clkm                 | io0/inst_ADC_TOP/inst_Buffer/n_4_Memory_array[6][31]_i_1__0                 | rst0/p_0_in_0                                                      |                9 |             17 |
|  clkgen0/xc7l.v/clkm                 | io0/inst_ADC_TOP/inst_Buffer/n_4_Memory_array[7][31]_i_1__0                 | rst0/p_0_in_0                                                      |                7 |             17 |
|  clkgen0/xc7l.v/clkm                 | io0/inst_ADC_TOP/inst_Buffer/n_4_Memory_array[8][31]_i_1__0                 | rst0/p_0_in_0                                                      |                8 |             17 |
|  clkgen0/xc7l.v/clkm                 | io0/inst_ADC_TOP/inst_Buffer/n_4_Memory_array[9][31]_i_1__0                 | rst0/p_0_in_0                                                      |                7 |             17 |
|  clkgen0/xc7l.v/clkm                 | io0/inst_ADC_TOP/inst_Buffer/n_4_Memory_array[10][31]_i_1__0                | rst0/p_0_in_0                                                      |               10 |             17 |
|  clkgen0/xc7l.v/clkm                 | io0/inst_ADC_TOP/inst_Buffer/n_4_Memory_array[11][31]_i_1__0                | rst0/p_0_in_0                                                      |                7 |             17 |
|  clkgen0/xc7l.v/clkm                 | io0/inst_ADC_TOP/inst_Buffer/n_4_Memory_array[12][31]_i_1__0                | rst0/p_0_in_0                                                      |               10 |             17 |
|  clkgen0/xc7l.v/clkm                 | io0/inst_ADC_TOP/inst_Buffer/n_4_Memory_array[13][31]_i_1__0                | rst0/p_0_in_0                                                      |                6 |             17 |
|  clkgen0/xc7l.v/clkm                 | eth0.e1/m100.u0/ethc0/n_4_r[ipcrc][17]_i_1                                  |                                                                    |                8 |             18 |
|  clkgen0/xc7l.v/clkm                 | leon3gen.cpu[0].u0/leon3x0/p0/iu/n_4_r[w][s][tba][19]_i_1                   | leon3gen.cpu[0].u0/leon3x0/p0/c0mmu/dcache0/O86                    |               10 |             20 |
|  clkgen0/xc7l.v/clkm                 | eth0.e1/m100.u0/ethc0/ahb0/O11                                              | eth0.e1/m100.u0/ethc0/ahb0/O32                                     |                9 |             20 |
|  clkgen0/xc7l.v/clkm                 | eth0.e1/m100.u0/ethc0/n_4_r[rxbytecount][10]_i_1                            | rst0/p_0_in_0                                                      |                7 |             22 |
|  clkgen0/xc7l.v/clkm                 | eth0.e1/m100.u0/ethc0/v[ewr]                                                | rst0/p_0_in_0                                                      |               13 |             22 |
|  clkgen0/xc7l.v/clkm                 | apb0/O96[0]                                                                 |                                                                    |               11 |             22 |
|  clkgen0/xc7l.v/clkm                 |                                                                             | leon3gen.cpu[0].u0/leon3x0/p0/c0mmu/dcache0/SR[0]                  |               13 |             22 |
|  clkgen0/xc7l.v/clkm                 | apb0/O95[0]                                                                 |                                                                    |                6 |             22 |
|  clkgen0/xc7l.v/clkm                 | eth0.e1/m100.u0/ethc0/ahb0/O41                                              |                                                                    |               12 |             23 |
|  clkgen0/xc7l.v/clkm                 | leon3gen.cpu[0].u0/leon3x0/p0/c0mmu/icache0/n_4_r[waddress][22]_i_1         |                                                                    |               10 |             28 |
|  clkgen0/xc7l.v/clkm                 |                                                                             | eth0.e1/m100.u0/ethc0/tx_rmii1.tx0/tx_rst/O1                       |               19 |             28 |
|  clkgen0/xc7l.v/clkm                 | eth0.e1/m100.u0/ethc0/n_4_r[rxaddr][31]_i_1                                 | rst0/p_0_in_0                                                      |               13 |             30 |
|  clkgen0/xc7l.v/clkm                 | leon3gen.cpu[0].u0/leon3x0/p0/c0mmu/dcache0/O83[0]                          |                                                                    |               12 |             30 |
|  clkgen0/xc7l.v/clkm                 | eth0.e1/m100.u0/ethc0/n_4_r[txaddr][31]_i_1                                 | rst0/p_0_in_0                                                      |                8 |             30 |
|  clkgen0/xc7l.v/clkm                 | leon3gen.cpu[0].u0/leon3x0/p0/iu/n_4_irreg.ir[addr][31]_i_1                 |                                                                    |               19 |             30 |
|  clkgen0/xc7l.v/clkm                 | leon3gen.dsugen.dsu0/x0/n_4_r[timer][0]_i_1                                 | rst0/p_0_in_0                                                      |                8 |             30 |
|  clkgen0/xc7l.v/clkm                 | leon3gen.dsugen.dsu0/x0/n_4_tb0.tr[tbreg1][addr][31]_i_1                    |                                                                    |                9 |             30 |
|  clkgen0/xc7l.v/clkm                 | leon3gen.dsugen.dsu0/x0/n_4_tb0.tr[tbreg2][addr][31]_i_1                    |                                                                    |               10 |             30 |
|  clkgen0/xc7l.v/clkm                 | leon3gen.dsugen.dsu0/x0/n_4_tb0.tr[tbreg1][mask][31]_i_1                    |                                                                    |               10 |             30 |
|  clkgen0/xc7l.v/clkm                 | leon3gen.dsugen.dsu0/x0/O101[0]                                             |                                                                    |                6 |             30 |
|  n_4_bufgclk45                       | eth0.e1/m100.u0/ethc0/tx_rmii1.tx0/n_4_r[crc][31]_i_2                       | eth0.e1/m100.u0/ethc0/tx_rmii1.tx0/n_4_r[crc][31]_i_1              |                9 |             31 |
|  clkgen0/xc7l.v/clkm                 | eth0.e1/m100.u0/ethc0/ahb0/O12[0]                                           | rst0/p_0_in_0                                                      |               18 |             31 |
|  clkgen0/xc7l.v/clkm                 | eth0.e1/m100.u0/ethc0/ahb0/O14[0]                                           | rst0/p_0_in_0                                                      |               11 |             31 |
|  clkgen0/xc7l.v/clkm                 | leon3gen.cpu[0].u0/leon3x0/p0/c0mmu/dcache0/O84                             | leon3gen.cpu[0].u0/leon3x0/p0/c0mmu/dcache0/O86                    |               21 |             31 |
|  clkgen0/xc7l.v/clkm                 | io0/inst_top/inst_DAC_buffer/n_4_Memory_array[89][31]_i_1                   | rst0/p_0_in_0                                                      |                9 |             32 |
|  clkgen0/xc7l.v/clkm                 | io0/inst_top/inst_DAC_buffer/n_4_Memory_array[111][31]_i_1                  | rst0/p_0_in_0                                                      |               13 |             32 |
|  clkgen0/xc7l.v/clkm                 | io0/inst_top/inst_DAC_buffer/n_4_Memory_array[90][31]_i_1                   | rst0/p_0_in_0                                                      |                8 |             32 |
|  clkgen0/xc7l.v/clkm                 | io0/inst_top/inst_DAC_buffer/n_4_Memory_array[112][31]_i_1                  | rst0/p_0_in_0                                                      |               20 |             32 |
|  clkgen0/xc7l.v/clkm                 | io0/inst_top/inst_DAC_buffer/n_4_Memory_array[113][31]_i_1                  | rst0/p_0_in_0                                                      |               16 |             32 |
|  clkgen0/xc7l.v/clkm                 | io0/inst_top/inst_DAC_buffer/n_4_Memory_array[91][31]_i_1                   | rst0/p_0_in_0                                                      |                6 |             32 |
|  clkgen0/xc7l.v/clkm                 | io0/inst_top/inst_DAC_buffer/n_4_Memory_array[92][31]_i_1                   | rst0/p_0_in_0                                                      |                8 |             32 |
|  clkgen0/xc7l.v/clkm                 | io0/inst_top/inst_DAC_buffer/n_4_Memory_array[114][31]_i_1                  | rst0/p_0_in_0                                                      |               16 |             32 |
|  clkgen0/xc7l.v/clkm                 | io0/inst_top/inst_DAC_buffer/n_4_Memory_array[115][31]_i_1                  | rst0/p_0_in_0                                                      |               13 |             32 |
|  clkgen0/xc7l.v/clkm                 | io0/inst_top/inst_DAC_buffer/n_4_Memory_array[93][31]_i_1                   | rst0/p_0_in_0                                                      |                9 |             32 |
|  n_4_bufgclk45                       | eth0.e1/m100.u0/ethc0/tx_rmii1.tx0/n_4_r[data][31]_i_1                      |                                                                    |                8 |             32 |
|  clkgen0/xc7l.v/clkm                 | io0/inst_top/inst_DAC_buffer/n_4_Memory_array[94][31]_i_1                   | rst0/p_0_in_0                                                      |                8 |             32 |
|  clkgen0/xc7l.v/clkm                 | io0/inst_top/inst_DAC_buffer/n_4_Memory_array[95][31]_i_1                   | rst0/p_0_in_0                                                      |                9 |             32 |
|  clkgen0/xc7l.v/clkm                 | io0/inst_top/inst_DAC_buffer/n_4_Memory_array[96][31]_i_1                   | rst0/p_0_in_0                                                      |               12 |             32 |
|  clkgen0/xc7l.v/clkm                 | io0/inst_top/inst_DAC_buffer/n_4_Memory_array[97][31]_i_1                   | rst0/p_0_in_0                                                      |               12 |             32 |
|  clkgen0/xc7l.v/clkm                 | io0/inst_top/inst_DAC_buffer/n_4_Memory_array[88][31]_i_1                   | rst0/p_0_in_0                                                      |                7 |             32 |
|  clkgen0/xc7l.v/clkm                 | io0/inst_top/inst_DAC_buffer/n_4_Memory_array[87][31]_i_1                   | rst0/p_0_in_0                                                      |                9 |             32 |
|  clkgen0/xc7l.v/clkm                 | gpt.timer0/n_4_r[timers][2][value][31]_i_1                                  |                                                                    |               12 |             32 |
|  clkgen0/xc7l.v/clkm                 | gpt.timer0/n_4_r[timers][1][value][31]_i_1                                  |                                                                    |               12 |             32 |
|  clkgen0/xc7l.v/clkm                 | io0/inst_top/inst_DAC_buffer/n_4_Memory_array[86][31]_i_1                   | rst0/p_0_in_0                                                      |               10 |             32 |
|  clkgen0/xc7l.v/clkm                 | io0/inst_top/inst_DAC_buffer/n_4_Memory_array[110][31]_i_1                  | rst0/p_0_in_0                                                      |               11 |             32 |
|  clkgen0/xc7l.v/clkm                 | io0/inst_top/inst_DAC_buffer/n_4_Memory_array[85][31]_i_1                   | rst0/p_0_in_0                                                      |                8 |             32 |
|  n_4_bufgclk45                       | eth0.e1/m100.u0/ethc0/rx_rmii1.rx0/n_4_r[dataout][31]_i_1                   |                                                                    |               10 |             32 |
|  clkgen0/xc7l.v/clkm                 | io0/inst_top/inst_DAC_buffer/n_4_Memory_array[109][31]_i_1                  | rst0/p_0_in_0                                                      |               12 |             32 |
|  clkgen0/xc7l.v/clkm                 | io0/inst_top/inst_DAC_buffer/n_4_Memory_array[84][31]_i_1                   | rst0/p_0_in_0                                                      |                9 |             32 |
|  clkgen0/xc7l.v/clkm                 | io0/inst_top/inst_DAC_buffer/n_4_Memory_array[83][31]_i_1                   | rst0/p_0_in_0                                                      |               13 |             32 |
|  n_4_bufgclk45                       | eth0.e1/m100.u0/ethc0/rx_rmii1.rx0/n_4_r[crc][31]_i_1__0                    |                                                                    |               10 |             32 |
|  clkgen0/xc7l.v/clkm                 | leon3gen.cpu[0].u0/leon3x0/p0/iu/n_4_r[w][s][y][31]_i_1                     |                                                                    |               27 |             32 |
|  clkgen0/xc7l.v/clkm                 | io0/inst_top/inst_DAC_buffer/n_4_Memory_array[82][31]_i_1                   | rst0/p_0_in_0                                                      |               11 |             32 |
|  clkgen0/xc7l.v/clkm                 | io0/inst_top/inst_DAC_buffer/n_4_Memory_array[81][31]_i_1                   | rst0/p_0_in_0                                                      |               10 |             32 |
|  clkgen0/xc7l.v/clkm                 | io0/inst_top/inst_DAC_buffer/n_4_Memory_array[108][31]_i_1                  | rst0/p_0_in_0                                                      |               14 |             32 |
|  clkgen0/xc7l.v/clkm                 | io0/inst_top/inst_DAC_buffer/n_4_Memory_array[121][31]_i_1                  | rst0/p_0_in_0                                                      |               11 |             32 |
|  clkgen0/xc7l.v/clkm                 | io0/inst_top/inst_DAC_buffer/n_4_Memory_array[68][31]_i_1                   | rst0/p_0_in_0                                                      |               14 |             32 |
|  clkgen0/xc7l.v/clkm                 | leon3gen.dsugen.dsu0/x0/n_4_r[slv][hrdata][31]_i_1                          |                                                                    |               12 |             32 |
|  clkgen0/xc7l.v/clkm                 | io0/inst_top/inst_DAC_buffer/n_4_Memory_array[67][31]_i_1                   | rst0/p_0_in_0                                                      |               12 |             32 |
|  clkgen0/xc7l.v/clkm                 | io0/inst_top/inst_DAC_buffer/n_4_Memory_array[107][31]_i_1                  | rst0/p_0_in_0                                                      |               13 |             32 |
|  clkgen0/xc7l.v/clkm                 | leon3gen.dsugen.dsu0/x0/n_4_r[slv][hwdata][31]_i_1                          |                                                                    |               17 |             32 |
|  clkgen0/xc7l.v/clkm                 | io0/inst_top/inst_DAC_buffer/n_4_Memory_array[122][31]_i_1                  | rst0/p_0_in_0                                                      |               14 |             32 |
|  clkgen0/xc7l.v/clkm                 | io0/inst_top/inst_DAC_buffer/n_4_Memory_array[66][31]_i_1                   | rst0/p_0_in_0                                                      |               13 |             32 |
|  clkgen0/xc7l.v/clkm                 | io0/inst_top/inst_DAC_buffer/n_4_Memory_array[65][31]_i_1                   | rst0/p_0_in_0                                                      |               12 |             32 |
|  clkgen0/xc7l.v/clkm                 | io0/inst_top/inst_DAC_buffer/n_4_Memory_array[64][31]_i_1                   | rst0/p_0_in_0                                                      |               15 |             32 |
|  clkgen0/xc7l.v/clkm                 | io0/inst_top/inst_DAC_buffer/n_4_Memory_array[127][31]_i_1                  | rst0/p_0_in_0                                                      |               14 |             32 |
|  clkgen0/xc7l.v/clkm                 | io0/inst_top/inst_DAC_buffer/n_4_Memory_array[126][31]_i_1                  | rst0/p_0_in_0                                                      |               10 |             32 |
|  clkgen0/xc7l.v/clkm                 | io0/inst_top/inst_DAC_buffer/n_4_Memory_array[125][31]_i_1                  | rst0/p_0_in_0                                                      |               10 |             32 |
|  clkgen0/xc7l.v/clkm                 | io0/inst_top/inst_DAC_buffer/n_4_Memory_array[124][31]_i_1                  | rst0/p_0_in_0                                                      |               10 |             32 |
|  n_0_15049_BUFG                      |                                                                             |                                                                    |               15 |             32 |
|  n_2_11376_BUFG                      |                                                                             |                                                                    |               13 |             32 |
|  clkgen0/xc7l.v/clkm                 | io0/inst_top/inst_DAC_buffer/n_4_Memory_array[123][31]_i_1                  | rst0/p_0_in_0                                                      |               13 |             32 |
|  clkgen0/xc7l.v/clkm                 | io0/inst_top/inst_DAC_buffer/n_4_Memory_array[98][31]_i_1                   | rst0/p_0_in_0                                                      |               14 |             32 |
|  clkgen0/xc7l.v/clkm                 | io0/inst_top/inst_DAC_buffer/n_4_Memory_array[116][31]_i_1                  | rst0/p_0_in_0                                                      |               12 |             32 |
|  clkgen0/xc7l.v/clkm                 | io0/inst_top/inst_DAC_buffer/n_4_Memory_array[99][31]_i_1                   | rst0/p_0_in_0                                                      |               12 |             32 |
|  clkgen0/xc7l.v/clkm                 | io0/inst_top/inst_DAC_buffer/n_4_Memory_array[100][31]_i_1                  | rst0/p_0_in_0                                                      |               14 |             32 |
|  clkgen0/xc7l.v/clkm                 | io0/inst_top/inst_DAC_buffer/n_4_Memory_array[117][31]_i_1                  | rst0/p_0_in_0                                                      |               13 |             32 |
|  clkgen0/xc7l.v/clkm                 | io0/inst_top/inst_DAC_buffer/n_4_Memory_array[101][31]_i_1                  | rst0/p_0_in_0                                                      |               18 |             32 |
|  clkgen0/xc7l.v/clkm                 | io0/inst_top/inst_DAC_buffer/n_4_Memory_array[102][31]_i_1                  | rst0/p_0_in_0                                                      |               18 |             32 |
|  clkgen0/xc7l.v/clkm                 | io0/inst_top/inst_DAC_buffer/n_4_Memory_array[103][31]_i_1                  | rst0/p_0_in_0                                                      |               12 |             32 |
|  clkgen0/xc7l.v/clkm                 | io0/inst_top/inst_DAC_buffer/n_4_Memory_array[104][31]_i_1                  | rst0/p_0_in_0                                                      |               16 |             32 |
|  clkgen0/xc7l.v/clkm                 | io0/inst_top/inst_DAC_buffer/n_4_Memory_array[105][31]_i_1                  | rst0/p_0_in_0                                                      |               17 |             32 |
|  clkgen0/xc7l.v/clkm                 | io0/inst_top/inst_DAC_buffer/n_4_Memory_array[106][31]_i_1                  | rst0/p_0_in_0                                                      |               12 |             32 |
|  clkgen0/xc7l.v/clkm                 | io0/inst_top/inst_DAC_buffer/n_4_Memory_array[71][31]_i_1                   | rst0/p_0_in_0                                                      |                9 |             32 |
|  clkgen0/xc7l.v/clkm                 | io0/inst_top/inst_DAC_buffer/n_4_Memory_array[118][31]_i_1                  | rst0/p_0_in_0                                                      |               16 |             32 |
|  clkgen0/xc7l.v/clkm                 | eth0.e1/m100.u0/ethc0/n_4_r[checkdata][31]_i_1                              |                                                                    |                9 |             32 |
|  clkgen0/xc7l.v/clkm                 | io0/inst_top/inst_DAC_buffer/n_4_Memory_array[70][31]_i_1                   | rst0/p_0_in_0                                                      |               11 |             32 |
|  clkgen0/xc7l.v/clkm                 | io0/inst_top/inst_DAC_buffer/n_4_Memory_array[119][31]_i_1                  | rst0/p_0_in_0                                                      |               12 |             32 |
|  clkgen0/xc7l.v/clkm                 | io0/inst_top/inst_DAC_buffer/n_4_Memory_array[69][31]_i_1                   | rst0/p_0_in_0                                                      |               14 |             32 |
|  clkgen0/xc7l.v/clkm                 | io0/inst_top/inst_DAC_buffer/n_4_Memory_array[120][31]_i_1                  | rst0/p_0_in_0                                                      |               14 |             32 |
|  clkgen0/xc7l.v/clkm                 | io0/inst_top/inst_DAC_buffer/n_4_Memory_array[21][31]_i_1                   | rst0/p_0_in_0                                                      |               13 |             32 |
|  clkgen0/xc7l.v/clkm                 | io0/inst_top/inst_DAC_buffer/n_4_Memory_array[22][31]_i_1                   | rst0/p_0_in_0                                                      |               13 |             32 |
|  clkgen0/xc7l.v/clkm                 | io0/inst_top/inst_DAC_buffer/n_4_Memory_array[23][31]_i_1                   | rst0/p_0_in_0                                                      |               13 |             32 |
|  clkgen0/xc7l.v/clkm                 | io0/inst_top/inst_DAC_buffer/n_4_Memory_array[24][31]_i_1                   | rst0/p_0_in_0                                                      |               14 |             32 |
|  clkgen0/xc7l.v/clkm                 | io0/inst_top/inst_DAC_buffer/n_4_Memory_array[25][31]_i_1                   | rst0/p_0_in_0                                                      |               13 |             32 |
|  clkgen0/xc7l.v/clkm                 | io0/inst_top/inst_DAC_buffer/n_4_Memory_array[26][31]_i_1                   | rst0/p_0_in_0                                                      |               12 |             32 |
|  clkgen0/xc7l.v/clkm                 | io0/inst_top/inst_DAC_buffer/n_4_Memory_array[27][31]_i_1                   | rst0/p_0_in_0                                                      |               14 |             32 |
|  clkgen0/xc7l.v/clkm                 | io0/inst_top/inst_DAC_buffer/n_4_Memory_array[28][31]_i_1                   | rst0/p_0_in_0                                                      |               12 |             32 |
|  clkgen0/xc7l.v/clkm                 | io0/inst_top/inst_DAC_buffer/n_4_Memory_array[29][31]_i_1                   | rst0/p_0_in_0                                                      |               12 |             32 |
|  clkgen0/xc7l.v/clkm                 | io0/inst_top/inst_DAC_buffer/n_4_Memory_array[30][31]_i_1                   | rst0/p_0_in_0                                                      |               10 |             32 |
|  clkgen0/xc7l.v/clkm                 | io0/inst_top/inst_DAC_buffer/n_4_Memory_array[31][31]_i_1                   | rst0/p_0_in_0                                                      |                9 |             32 |
|  clkgen0/xc7l.v/clkm                 | io0/inst_top/inst_DAC_buffer/n_4_Memory_array[32][31]_i_1                   | rst0/p_0_in_0                                                      |               13 |             32 |
|  clkgen0/xc7l.v/clkm                 | io0/inst_top/inst_DAC_buffer/n_4_Memory_array[33][31]_i_1                   | rst0/p_0_in_0                                                      |               12 |             32 |
|  clkgen0/xc7l.v/clkm                 | io0/inst_top/inst_DAC_buffer/n_4_Memory_array[34][31]_i_1                   | rst0/p_0_in_0                                                      |               12 |             32 |
|  clkgen0/xc7l.v/clkm                 | io0/inst_top/inst_DAC_buffer/n_4_Memory_array[35][31]_i_1                   | rst0/p_0_in_0                                                      |               11 |             32 |
|  clkgen0/xc7l.v/clkm                 | io0/inst_top/inst_DAC_buffer/n_4_Memory_array[36][31]_i_1                   | rst0/p_0_in_0                                                      |               10 |             32 |
|  clkgen0/xc7l.v/clkm                 | io0/inst_top/inst_DAC_buffer/n_4_Memory_array[37][31]_i_1                   | rst0/p_0_in_0                                                      |               12 |             32 |
|  clkgen0/xc7l.v/clkm                 | io0/inst_top/inst_DAC_buffer/n_4_Memory_array[38][31]_i_1                   | rst0/p_0_in_0                                                      |               12 |             32 |
|  clkgen0/xc7l.v/clkm                 | io0/inst_top/inst_DAC_buffer/n_4_Memory_array[39][31]_i_1                   | rst0/p_0_in_0                                                      |               12 |             32 |
|  clkgen0/xc7l.v/clkm                 | io0/inst_top/inst_DAC_buffer/n_4_Memory_array[40][31]_i_1                   | rst0/p_0_in_0                                                      |               10 |             32 |
|  clkgen0/xc7l.v/clkm                 | io0/inst_top/inst_DAC_buffer/n_4_Memory_array[0][31]_i_1                    | rst0/p_0_in_0                                                      |               10 |             32 |
|  clkgen0/xc7l.v/clkm                 | io0/inst_top/inst_DAC_buffer/n_4_Memory_array[1][31]_i_1                    | rst0/p_0_in_0                                                      |               10 |             32 |
|  clkgen0/xc7l.v/clkm                 | io0/inst_top/inst_DAC_buffer/n_4_Memory_array[2][31]_i_1                    | rst0/p_0_in_0                                                      |               10 |             32 |
|  clkgen0/xc7l.v/clkm                 | io0/inst_top/inst_DAC_buffer/n_4_Memory_array[3][31]_i_1                    | rst0/p_0_in_0                                                      |               10 |             32 |
|  clkgen0/xc7l.v/clkm                 | io0/inst_top/inst_DAC_buffer/n_4_Memory_array[4][31]_i_1                    | rst0/p_0_in_0                                                      |                8 |             32 |
|  clkgen0/xc7l.v/clkm                 | io0/inst_top/inst_DAC_buffer/n_4_Memory_array[5][31]_i_1                    | rst0/p_0_in_0                                                      |               11 |             32 |
|  clkgen0/xc7l.v/clkm                 | io0/inst_top/inst_DAC_buffer/n_4_Memory_array[6][31]_i_1                    | rst0/p_0_in_0                                                      |                8 |             32 |
|  clkgen0/xc7l.v/clkm                 | io0/inst_top/inst_DAC_buffer/n_4_Memory_array[7][31]_i_1                    | rst0/p_0_in_0                                                      |                7 |             32 |
|  clkgen0/xc7l.v/clkm                 | io0/inst_top/inst_DAC_buffer/n_4_Memory_array[8][31]_i_1                    | rst0/p_0_in_0                                                      |               11 |             32 |
|  clkgen0/xc7l.v/clkm                 | io0/inst_top/inst_DAC_buffer/n_4_Memory_array[9][31]_i_1                    | rst0/p_0_in_0                                                      |                8 |             32 |
|  clkgen0/xc7l.v/clkm                 | io0/inst_top/inst_DAC_buffer/n_4_Memory_array[10][31]_i_1                   | rst0/p_0_in_0                                                      |               12 |             32 |
|  clkgen0/xc7l.v/clkm                 | io0/inst_top/inst_DAC_buffer/n_4_Memory_array[11][31]_i_1                   | rst0/p_0_in_0                                                      |               11 |             32 |
|  clkgen0/xc7l.v/clkm                 | io0/inst_top/inst_DAC_buffer/n_4_Memory_array[12][31]_i_1                   | rst0/p_0_in_0                                                      |               14 |             32 |
|  clkgen0/xc7l.v/clkm                 | io0/inst_top/inst_DAC_buffer/n_4_Memory_array[13][31]_i_1                   | rst0/p_0_in_0                                                      |               13 |             32 |
|  clkgen0/xc7l.v/clkm                 | io0/inst_top/inst_DAC_buffer/n_4_Memory_array[14][31]_i_1                   | rst0/p_0_in_0                                                      |                9 |             32 |
|  clkgen0/xc7l.v/clkm                 | io0/inst_top/inst_DAC_buffer/n_4_Memory_array[15][31]_i_1                   | rst0/p_0_in_0                                                      |               12 |             32 |
|  clkgen0/xc7l.v/clkm                 | io0/inst_top/inst_DAC_buffer/n_4_Memory_array[16][31]_i_1                   | rst0/p_0_in_0                                                      |               13 |             32 |
|  clkgen0/xc7l.v/clkm                 | io0/inst_top/inst_DAC_buffer/n_4_Memory_array[17][31]_i_1                   | rst0/p_0_in_0                                                      |               14 |             32 |
|  clkgen0/xc7l.v/clkm                 | io0/inst_top/inst_DAC_buffer/n_4_Memory_array[18][31]_i_1                   | rst0/p_0_in_0                                                      |               12 |             32 |
|  clkgen0/xc7l.v/clkm                 | io0/inst_top/inst_DAC_buffer/n_4_Memory_array[19][31]_i_1                   | rst0/p_0_in_0                                                      |               12 |             32 |
|  clkgen0/xc7l.v/clkm                 | io0/inst_top/inst_DAC_buffer/n_4_Memory_array[20][31]_i_1                   | rst0/p_0_in_0                                                      |               13 |             32 |
|  clkgen0/xc7l.v/clkm                 | io0/inst_top/inst_DAC_buffer/n_4_Memory_array[56][31]_i_1                   | rst0/p_0_in_0                                                      |               17 |             32 |
|  clkgen0/xc7l.v/clkm                 | apb0/O99[0]                                                                 | rst0/p_0_in_0                                                      |               11 |             32 |
|  clkgen0/xc7l.v/clkm                 | io0/inst_top/inst_DAC_buffer/n_4_Memory_array[57][31]_i_1                   | rst0/p_0_in_0                                                      |               15 |             32 |
|  clkgen0/xc7l.v/clkm                 | io0/inst_top/inst_DAC_buffer/n_4_Memory_array[58][31]_i_1                   | rst0/p_0_in_0                                                      |               13 |             32 |
|  clkgen0/xc7l.v/clkm                 | io0/inst_top/inst_DAC_buffer/n_4_Memory_array[59][31]_i_1                   | rst0/p_0_in_0                                                      |               11 |             32 |
|  clkgen0/xc7l.v/clkm                 | io0/inst_top/inst_DAC_buffer/n_4_Memory_array[60][31]_i_1                   | rst0/p_0_in_0                                                      |               17 |             32 |
|  clkgen0/xc7l.v/clkm                 | io0/inst_top/inst_DAC_buffer/n_4_Memory_array[61][31]_i_1                   | rst0/p_0_in_0                                                      |               10 |             32 |
|  clkgen0/xc7l.v/clkm                 | io0/inst_top/inst_DAC_buffer/n_4_Memory_array[62][31]_i_1                   | rst0/p_0_in_0                                                      |               10 |             32 |
|  clkgen0/xc7l.v/clkm                 | io0/inst_top/inst_DAC_buffer/n_4_Memory_array[63][31]_i_1                   | rst0/p_0_in_0                                                      |               10 |             32 |
|  clkgen0/xc7l.v/clkm                 | io0/inst_top/inst_DAC_buffer/n_4_Memory_array[72][31]_i_1                   | rst0/p_0_in_0                                                      |               11 |             32 |
|  clkgen0/xc7l.v/clkm                 | io0/inst_top/inst_DAC_buffer/n_4_Memory_array[73][31]_i_1                   | rst0/p_0_in_0                                                      |                8 |             32 |
|  clkgen0/xc7l.v/clkm                 | io0/inst_top/inst_DAC_buffer/n_4_Memory_array[74][31]_i_1                   | rst0/p_0_in_0                                                      |               11 |             32 |
|  clkgen0/xc7l.v/clkm                 | io0/inst_top/inst_DAC_buffer/n_4_Memory_array[75][31]_i_1                   | rst0/p_0_in_0                                                      |               12 |             32 |
|  clkgen0/xc7l.v/clkm                 | io0/inst_top/inst_DAC_buffer/n_4_Memory_array[76][31]_i_1                   | rst0/p_0_in_0                                                      |               11 |             32 |
|  clkgen0/xc7l.v/clkm                 | io0/inst_top/inst_DAC_buffer/n_4_Memory_array[77][31]_i_1                   | rst0/p_0_in_0                                                      |               11 |             32 |
|  clkgen0/xc7l.v/clkm                 | io0/inst_top/inst_DAC_buffer/n_4_Memory_array[78][31]_i_1                   | rst0/p_0_in_0                                                      |               12 |             32 |
|  clkgen0/xc7l.v/clkm                 | io0/inst_top/inst_DAC_buffer/n_4_Memory_array[79][31]_i_1                   | rst0/p_0_in_0                                                      |               10 |             32 |
|  clkgen0/xc7l.v/clkm                 | io0/inst_top/inst_DAC_buffer/n_4_Memory_array[80][31]_i_1                   | rst0/p_0_in_0                                                      |               12 |             32 |
|  clkgen0/xc7l.v/clkm                 | leon3gen.cpu[0].u0/leon3x0/p0/c0mmu/dcache0/n_4_r[wb][data2][31]_i_1        | leon3gen.cpu[0].u0/leon3x0/p0/c0mmu/dcache0/SR[0]                  |               18 |             32 |
|  clkgen0/xc7l.v/clkm                 | leon3gen.cpu[0].u0/leon3x0/p0/c0mmu/a0/E[0]                                 | leon3gen.cpu[0].u0/leon3x0/p0/c0mmu/dcache0/SR[0]                  |               18 |             32 |
|  clkgen0/xc7l.v/clkm                 | io0/inst_top/inst_DAC_buffer/n_4_Memory_array[41][31]_i_1                   | rst0/p_0_in_0                                                      |                9 |             32 |
|  clkgen0/xc7l.v/clkm                 | io0/inst_top/inst_DAC_buffer/n_4_Memory_array[42][31]_i_1                   | rst0/p_0_in_0                                                      |                8 |             32 |
|  clkgen0/xc7l.v/clkm                 | io0/inst_top/inst_DAC_buffer/n_4_Memory_array[43][31]_i_1                   | rst0/p_0_in_0                                                      |               11 |             32 |
|  clkgen0/xc7l.v/clkm                 | io0/inst_top/inst_DAC_buffer/n_4_Memory_array[44][31]_i_1                   | rst0/p_0_in_0                                                      |                9 |             32 |
|  clkgen0/xc7l.v/clkm                 | io0/inst_top/inst_DAC_buffer/n_4_Memory_array[45][31]_i_1                   | rst0/p_0_in_0                                                      |               11 |             32 |
|  clkgen0/xc7l.v/clkm                 | apb0/O20[0]                                                                 |                                                                    |               15 |             32 |
|  clkgen0/xc7l.v/clkm                 | apb0/O19[0]                                                                 |                                                                    |               12 |             32 |
|  clkgen0/xc7l.v/clkm                 | io0/inst_top/inst_DAC_buffer/n_4_Memory_array[46][31]_i_1                   | rst0/p_0_in_0                                                      |               12 |             32 |
|  clkgen0/xc7l.v/clkm                 | io0/inst_top/inst_DAC_buffer/n_4_Memory_array[47][31]_i_1                   | rst0/p_0_in_0                                                      |               10 |             32 |
|  clkgen0/xc7l.v/clkm                 | io0/inst_top/inst_DAC_buffer/n_4_Memory_array[48][31]_i_1                   | rst0/p_0_in_0                                                      |               12 |             32 |
|  clkgen0/xc7l.v/clkm                 | io0/inst_top/inst_DAC_buffer/n_4_Memory_array[49][31]_i_1                   | rst0/p_0_in_0                                                      |               12 |             32 |
|  clkgen0/xc7l.v/clkm                 | io0/inst_top/inst_DAC_buffer/n_4_Memory_array[50][31]_i_1                   | rst0/p_0_in_0                                                      |               13 |             32 |
|  clkgen0/xc7l.v/clkm                 | io0/inst_top/inst_DAC_buffer/n_4_Memory_array[51][31]_i_1                   | rst0/p_0_in_0                                                      |               14 |             32 |
|  clkgen0/xc7l.v/clkm                 | io0/inst_top/inst_DAC_buffer/n_4_Memory_array[52][31]_i_1                   | rst0/p_0_in_0                                                      |               14 |             32 |
|  clkgen0/xc7l.v/clkm                 | io0/inst_top/inst_DAC_buffer/n_4_Memory_array[53][31]_i_1                   | rst0/p_0_in_0                                                      |               15 |             32 |
|  clkgen0/xc7l.v/clkm                 | apb0/n_4_r[pwdata][31]_i_1                                                  |                                                                    |               11 |             32 |
|  clkgen0/xc7l.v/clkm                 | io0/inst_top/inst_DAC_buffer/n_4_Memory_array[54][31]_i_1                   | rst0/p_0_in_0                                                      |               15 |             32 |
|  clkgen0/xc7l.v/clkm                 | io0/inst_top/inst_DAC_buffer/n_4_Memory_array[55][31]_i_1                   | rst0/p_0_in_0                                                      |               13 |             32 |
|  clkgen0/xc7l.v/clkm                 | eth0.e1/m100.u0/ethc0/v[tfrpnt]1                                            |                                                                    |               11 |             33 |
|  clkgen0/xc7l.v/clkm                 | leon3gen.cpu[0].u0/leon3x0/p0/c0mmu/dcache0/r_reg[read]0                    |                                                                    |               19 |             36 |
|  clkgen0/xc7l.v/clkm                 | ahb0/ahbmi[hready]                                                          |                                                                    |               18 |             38 |
|  clkgen0/xc7l.v/clkm                 | io0/inst_top/Inst_PWM/buff_read                                             | rst0/p_0_in_0                                                      |               19 |             39 |
|  clkgen0/xc7l.v/clkm                 | eth0.e1/m100.u0/ethc0/write                                                 |                                                                    |                6 |             48 |
|  clkgen0/xc7l.v/clkm                 | leon3gen.cpu[0].u0/leon3x0/p0/c0mmu/dcache0/O85[0]                          |                                                                    |               33 |             64 |
|  clkgen0/xc7l.v/clkm                 | leon3gen.cpu[0].u0/leon3x0/p0/c0mmu/icache0/O83[0]                          |                                                                    |               36 |             66 |
|  n_4_bufgclk45                       |                                                                             |                                                                    |               41 |             82 |
|  clkgen0/xc7l.v/clkm                 |                                                                             | rst0/p_0_in_0                                                      |               80 |            198 |
|  clkgen0/xc7l.v/clkm                 | leon3gen.cpu[0].u0/leon3x0/p0/c0mmu/dcache0/O84                             |                                                                    |              314 |            677 |
|  clkgen0/xc7l.v/clkm                 |                                                                             |                                                                    |              621 |           1499 |
+--------------------------------------+-----------------------------------------------------------------------------+--------------------------------------------------------------------+------------------+----------------+


