Copyright 1986-1999, 2001-2013 Xilinx, Inc. All Rights Reserved.
-------------------------------------------------------------------------------------------------------------
| Tool Version     : Vivado v.2013.4 (lin64) Build 353583 Mon Dec  9 17:26:26 MST 2013
| Date             : Thu Mar 20 13:28:16 2014
| Host             : joel-MacBookPro running 64-bit Ubuntu 12.04.4 LTS
| Command          : report_power -file leon3mp_power_routed.rpt -pb leon3mp_power_summary_routed.pb
| Design           : leon3mp
| Device           : xc7a100tcsg324-1
| Design State     : Routed
| Grade            : commercial
| Process          : typical
| Characterization : Production
-------------------------------------------------------------------------------------------------------------

Power Report

Table of Contents
-----------------
1. Summary
1.1 On-Chip Components
1.2 Power Supply Summary
1.3 Confidence Level
2. Settings
2.1 Environment
2.2 Clock Constraints
3. Detailed Reports
3.1 By Hierarchy

1. Summary
----------

+--------------------------+-------+
| Total On-Chip Power (W)  | 0.484 |
| Dynamic (W)              | 0.385 |
| Device Static (W)        | 0.099 |
| Total Off-Chip Power (W) | 0.000 |
| Effective TJA (C/W)      | 4.6   |
| Max Ambient (C)          | 82.8  |
| Junction Temperature (C) | 27.2  |
| Confidence Level         | Low   |
| Setting File             | ---   |
| Simulation Activity File | ---   |
| Design Nets Matched      | NA    |
+--------------------------+-------+


1.1 On-Chip Components
----------------------

+--------------------------+-----------+----------+-----------+-----------------+
| On-Chip                  | Power (W) | Used     | Available | Utilization (%) |
+--------------------------+-----------+----------+-----------+-----------------+
| Clocks                   |     0.016 |       14 |       --- |             --- |
| Slice Logic              |     0.014 |    17353 |       --- |             --- |
|   LUT as Logic           |     0.013 |    10107 |     63400 |           15.94 |
|   Register               |    <0.001 |     5013 |    126800 |            3.95 |
|   CARRY4                 |    <0.001 |      204 |     15850 |            1.28 |
|   F7/F8 Muxes            |    <0.001 |      330 |     63400 |            0.52 |
|   BUFG                   |    <0.001 |        2 |        32 |            6.25 |
|   LUT as Shift Register  |    <0.001 |       25 |     19000 |            0.13 |
|   LUT as Distributed RAM |    <0.001 |       24 |     19000 |            0.12 |
|   Others                 |     0.000 |      188 |       --- |             --- |
| Signals                  |     0.021 |    14221 |       --- |             --- |
| Block RAM                |     0.016 |       19 |       135 |           14.07 |
| MMCM                     |     0.000 |        1 |         6 |           16.66 |
| PLL                      |     0.196 |        2 |         6 |           33.33 |
| DSPs                     |     0.003 |        7 |       240 |            2.91 |
| I/O                      |     0.029 |      103 |       210 |           49.04 |
| XADC                     |    <0.001 |        1 |       --- |             --- |
| Static Power             |     0.099 |          |           |                 |
| Total                    |     0.484 |          |           |                 |
+--------------------------+-----------+----------+-----------+-----------------+


1.2 Power Supply Summary
------------------------

+-----------+-------------+-----------+-------------+------------+
| Source    | Voltage (V) | Total (A) | Dynamic (A) | Static (A) |
+-----------+-------------+-----------+-------------+------------+
| Vccint    |       1.000 |     0.099 |       0.083 |      0.016 |
| Vccaux    |       1.800 |     0.170 |       0.152 |      0.018 |
| Vcco33    |       3.300 |     0.012 |       0.008 |      0.004 |
| Vcco25    |       2.500 |     0.000 |       0.000 |      0.000 |
| Vcco18    |       1.800 |     0.000 |       0.000 |      0.000 |
| Vcco15    |       1.500 |     0.000 |       0.000 |      0.000 |
| Vcco135   |       1.350 |     0.000 |       0.000 |      0.000 |
| Vcco12    |       1.200 |     0.000 |       0.000 |      0.000 |
| Vccaux_io |       0.000 |     0.000 |       0.000 |      0.000 |
| Vccbram   |       1.000 |     0.002 |       0.001 |      0.000 |
| MGTAVcc   |       1.000 |     0.000 |       0.000 |      0.000 |
| MGTAVtt   |       1.200 |     0.000 |       0.000 |      0.000 |
| Vccadc    |       1.800 |     0.020 |       0.000 |      0.020 |
+-----------+-------------+-----------+-------------+------------+


1.3 Confidence Level
--------------------

+-----------------------------+------------+--------------------------------------------------------+------------------------------------------------------------------------------------------------------------+
| User Input Data             | Confidence | Details                                                | Action                                                                                                     |
+-----------------------------+------------+--------------------------------------------------------+------------------------------------------------------------------------------------------------------------+
| Design implementation state | High       | Design is completely routed                            |                                                                                                            |
| Clock nodes activity        | High       | User specified more than 95% of clocks                 |                                                                                                            |
| I/O nodes activity          | Low        | More than 75% of inputs are missing user specification | Provide missing input activity with simulation results or by editing the "By Resource Type -> I/Os" view   |
| Internal nodes activity     | Medium     | User specified less than 25% of internal nodes         | Provide missing internal nodes activity with simulation results or by editing the "By Resource Type" views |
| Device models               | High       | Device models are Production                           |                                                                                                            |
|                             |            |                                                        |                                                                                                            |
| Overall confidence level    | Low        |                                                        |                                                                                                            |
+-----------------------------+------------+--------------------------------------------------------+------------------------------------------------------------------------------------------------------------+


2. Settings
-----------

2.1 Environment
---------------

+-----------------------+--------------------------+
| Ambient Temp (C)      | 25.0                     |
| ThetaJA (C/W)         | 4.6                      |
| Airflow (LFM)         | 250                      |
| Heat Sink             | medium (Medium Profile)  |
| ThetaSA (C/W)         | 4.6                      |
| Board Selection       | medium (10"x10")         |
| # of Board Layers     | 12to15 (12 to 15 Layers) |
| Board Temperature (C) | 25.0                     |
+-----------------------+--------------------------+


2.2 Clock Constraints
---------------------

+---------------------------------------------+---------------------------------------------+-----------------+
| Clock                                       | Domain                                      | Constraint (ns) |
+---------------------------------------------+---------------------------------------------+-----------------+
| CLKFBOUT                                    | CLKFBOUT                                    |            10.0 |
| CLKOUT0                                     | CLKOUT0                                     |            20.0 |
| CLKOUT1                                     | CLKOUT1                                     |            20.0 |
| O                                           | O                                           |            20.0 |
| clk                                         | clk                                         |            10.0 |
| clk_IBUF                                    | clk_IBUF                                    |            10.0 |
| clkgen0/xc7l.v/CLKFBOUT                     | clkgen0/xc7l.v/CLKFBOUT                     |            10.0 |
| clkgen0/xc7l.v/CLKOUT0                      | clkgen0/xc7l.v/CLKOUT0                      |            20.0 |
| clkgen0/xc7l.v/O1                           | clkgen0/xc7l.v/O1                           |            20.0 |
| io0/inst_top/inst_DMC/inst/clk_out1         | io0/inst_top/inst_DMC/inst/clk_out1         |            11.1 |
| io0/inst_top/inst_DMC/inst/clk_out1_DMC     | io0/inst_top/inst_DMC/inst/clk_out1_DMC     |            11.1 |
| io0/inst_top/inst_DMC/inst/clkfbout_DMC     | io0/inst_top/inst_DMC/inst/clkfbout_DMC     |            50.0 |
| io0/inst_top/inst_DMC/inst/clkfbout_buf_DMC | io0/inst_top/inst_DMC/inst/clkfbout_buf_DMC |            50.0 |
| n_2_bufgclk45                               | n_2_bufgclk45                               |            20.0 |
+---------------------------------------------+---------------------------------------------+-----------------+


3. Detailed Reports
-------------------

3.1 By Hierarchy
----------------

+-------------------------------------------------------------------------------------------------------+-----------+
| Name                                                                                                  | Power (W) |
+-------------------------------------------------------------------------------------------------------+-----------+
| leon3mp                                                                                               |     0.385 |
|   adderahb_if                                                                                         |     0.002 |
|   ahb0                                                                                                |     0.002 |
|   ahbjtaggen0.ahbjtag0                                                                                |    <0.001 |
|     ahbmst0                                                                                           |    <0.001 |
|     gtckbuf.tckbuf                                                                                    |    <0.001 |
|       xil.xil0                                                                                        |    <0.001 |
|     gupdff.updff                                                                                      |    <0.001 |
|     newcom.jtagcom0                                                                                   |    <0.001 |
|     tap0                                                                                              |    <0.001 |
|       ac7v.u0                                                                                         |    <0.001 |
|   apb0                                                                                                |     0.001 |
|   bdr                                                                                                 |     0.001 |
|     v[0].x0                                                                                           |    <0.001 |
|       xcv.x0                                                                                          |    <0.001 |
|         ttl0.slow0.op                                                                                 |    <0.001 |
|     v[1].x0                                                                                           |    <0.001 |
|       xcv.x0                                                                                          |    <0.001 |
|         ttl0.slow0.op                                                                                 |    <0.001 |
|     v[2].x0                                                                                           |    <0.001 |
|       xcv.x0                                                                                          |    <0.001 |
|         ttl0.slow0.op                                                                                 |    <0.001 |
|     v[3].x0                                                                                           |    <0.001 |
|       xcv.x0                                                                                          |    <0.001 |
|         ttl0.slow0.op                                                                                 |    <0.001 |
|     v[4].x0                                                                                           |    <0.001 |
|       xcv.x0                                                                                          |    <0.001 |
|         ttl0.slow0.op                                                                                 |    <0.001 |
|     v[5].x0                                                                                           |    <0.001 |
|       xcv.x0                                                                                          |    <0.001 |
|         ttl0.slow0.op                                                                                 |    <0.001 |
|     v[6].x0                                                                                           |    <0.001 |
|       xcv.x0                                                                                          |    <0.001 |
|         ttl0.slow0.op                                                                                 |    <0.001 |
|     v[7].x0                                                                                           |    <0.001 |
|       xcv.x0                                                                                          |    <0.001 |
|         ttl0.slow0.op                                                                                 |    <0.001 |
|   bdr2                                                                                                |     0.001 |
|     v[0].x0                                                                                           |    <0.001 |
|       xcv.x0                                                                                          |    <0.001 |
|         ttl0.slow0.op                                                                                 |    <0.001 |
|     v[1].x0                                                                                           |    <0.001 |
|       xcv.x0                                                                                          |    <0.001 |
|         ttl0.slow0.op                                                                                 |    <0.001 |
|     v[2].x0                                                                                           |    <0.001 |
|       xcv.x0                                                                                          |    <0.001 |
|         ttl0.slow0.op                                                                                 |    <0.001 |
|     v[3].x0                                                                                           |    <0.001 |
|       xcv.x0                                                                                          |    <0.001 |
|         ttl0.slow0.op                                                                                 |    <0.001 |
|     v[4].x0                                                                                           |    <0.001 |
|       xcv.x0                                                                                          |    <0.001 |
|         ttl0.slow0.op                                                                                 |    <0.001 |
|     v[5].x0                                                                                           |    <0.001 |
|       xcv.x0                                                                                          |    <0.001 |
|         ttl0.slow0.op                                                                                 |    <0.001 |
|     v[6].x0                                                                                           |    <0.001 |
|       xcv.x0                                                                                          |    <0.001 |
|         ttl0.slow0.op                                                                                 |    <0.001 |
|     v[7].x0                                                                                           |    <0.001 |
|       xcv.x0                                                                                          |    <0.001 |
|         ttl0.slow0.op                                                                                 |    <0.001 |
|   bpromgen.brom                                                                                       |    <0.001 |
|   clkgen0                                                                                             |     0.102 |
|     xc7l.v                                                                                            |     0.102 |
|   eth0.e1                                                                                             |     0.011 |
|     m100.u0                                                                                           |     0.011 |
|       edclramnft.r0                                                                                   |    <0.001 |
|         xc2v.x0                                                                                       |    <0.001 |
|           a6.x0                                                                                       |    <0.001 |
|       edclramnft.r1                                                                                   |    <0.001 |
|         xc2v.x0                                                                                       |    <0.001 |
|           a6.x0                                                                                       |    <0.001 |
|       ethc0                                                                                           |     0.008 |
|         ahb0                                                                                          |    <0.001 |
|         rx_rmii1.rx0                                                                                  |     0.001 |
|         tx_rmii1.tx0                                                                                  |     0.001 |
|           tx_rst                                                                                      |    <0.001 |
|       nft.rx_fifo0                                                                                    |    <0.001 |
|         xc2v.x0                                                                                       |    <0.001 |
|           a0.x0                                                                                       |    <0.001 |
|             rfd_reg_0_3_0_5                                                                           |    <0.001 |
|             rfd_reg_0_3_12_17                                                                         |    <0.001 |
|             rfd_reg_0_3_18_23                                                                         |    <0.001 |
|             rfd_reg_0_3_24_29                                                                         |    <0.001 |
|             rfd_reg_0_3_30_31                                                                         |    <0.001 |
|             rfd_reg_0_3_6_11                                                                          |    <0.001 |
|       nft.tx_fifo0                                                                                    |    <0.001 |
|         xc2v.x0                                                                                       |    <0.001 |
|           a6.x0                                                                                       |    <0.001 |
|   ethpads.emdc_pad                                                                                    |    <0.001 |
|     xcv.x0                                                                                            |    <0.001 |
|   ethpads.emdio_pad                                                                                   |    <0.001 |
|     xcv.x0                                                                                            |    <0.001 |
|       ttl0.slow0.op                                                                                   |    <0.001 |
|   ethpads.erxcr_pad                                                                                   |    <0.001 |
|     xcv.x0                                                                                            |    <0.001 |
|   ethpads.erxd_pad                                                                                    |    <0.001 |
|     v[0].x0                                                                                           |    <0.001 |
|       xcv.x0                                                                                          |    <0.001 |
|     v[1].x0                                                                                           |    <0.001 |
|       xcv.x0                                                                                          |    <0.001 |
|   ethpads.etxd_pad                                                                                    |    <0.001 |
|     v[0].x0                                                                                           |    <0.001 |
|       xcv.x0                                                                                          |    <0.001 |
|     v[1].x0                                                                                           |    <0.001 |
|       xcv.x0                                                                                          |    <0.001 |
|   ethpads.etxen_pad                                                                                   |    <0.001 |
|     xcv.x0                                                                                            |    <0.001 |
|   etxc_pad                                                                                            |     0.006 |
|     xcv.x0                                                                                            |     0.006 |
|   gpt.timer0                                                                                          |    <0.001 |
|   io0                                                                                                 |     0.095 |
|     inst_ADC_TOP                                                                                      |     0.005 |
|       inst_ADC                                                                                        |    <0.001 |
|       inst_fir                                                                                        |     0.004 |
|         U0                                                                                            |     0.004 |
|           i_synth                                                                                     |     0.004 |
|             g_single_rate.i_single_rate                                                               |     0.004 |
|               g_op_paths[0].g_combine.i_ext_mult                                                      |    <0.001 |
|                 g_two_col_comb.i_gen_upper_bits                                                       |    <0.001 |
|                   i_add_accum                                                                         |    <0.001 |
|               g_s_data_chan_fifo.i_s_data_chan_fifo                                                   |    <0.001 |
|                 fifo0                                                                                 |    <0.001 |
|               g_semi_parallel_and_smac.g_cntrl_data_sym_addr.i_cntrl_data_sym_addr                    |    <0.001 |
|               g_semi_parallel_and_smac.g_cntrl_signals[0].i_delay                                     |    <0.001 |
|               g_semi_parallel_and_smac.g_cntrl_signals[3].i_delay                                     |    <0.001 |
|               g_semi_parallel_and_smac.g_cntrl_signals[7].i_delay                                     |    <0.001 |
|               g_semi_parallel_and_smac.g_cntrl_signals[9].i_delay                                     |    <0.001 |
|               g_semi_parallel_and_smac.g_paths[0].g_data_array.g_madd[0].g_wrap_buff.i_data_wrap_buff |    <0.001 |
|                 g_buff.i_buff                                                                         |    <0.001 |
|               g_semi_parallel_and_smac.g_paths[0].g_mem_array[0].i_mem                                |     0.001 |
|                 g_packed.g_true_dual_port.i_mem                                                       |     0.001 |
|               g_semi_parallel_and_smac.g_paths[0].g_mem_array[1].i_mem                                |    <0.001 |
|                 g_individual.i_mem_a                                                                  |    <0.001 |
|               g_semi_parallel_and_smac.g_paths[0].g_smac.i_maccum                                     |    <0.001 |
|                 i_addsub_mult_accum                                                                   |    <0.001 |
|               g_semi_parallel_and_smac.g_paths[1].g_mem_array[0].i_mem                                |    <0.001 |
|                 g_individual.i_mem_a                                                                  |    <0.001 |
|               g_semi_parallel_and_smac.g_paths[1].g_smac.i_maccum                                     |    <0.001 |
|                 i_addsub_mult_accum                                                                   |    <0.001 |
|               g_semi_parallel_and_smac.i_accumulate                                                   |    <0.001 |
|               g_semi_parallel_and_smac.i_cntrl_coef_addr                                              |    <0.001 |
|               g_semi_parallel_and_smac.i_cntrl_data_addr                                              |    <0.001 |
|               g_semi_parallel_and_smac.i_data_in                                                      |    <0.001 |
|               g_semi_parallel_and_smac.i_latch_op                                                     |    <0.001 |
|               g_semi_parallel_and_smac.i_load                                                         |    <0.001 |
|     inst_top                                                                                          |     0.090 |
|       Inst_PWM                                                                                        |    <0.001 |
|       inst_DMC                                                                                        |     0.090 |
|         inst                                                                                          |     0.090 |
|   irqctrl.irqctrl0                                                                                    |    <0.001 |
|   leon3gen.cpu[0].u0                                                                                  |     0.040 |
|     leon3x0                                                                                           |     0.040 |
|       cmem0                                                                                           |     0.013 |
|         dme.dd0[0].ddata0                                                                             |     0.001 |
|           xc2v.x0                                                                                     |     0.001 |
|         dme.dd0[1].ddata0                                                                             |     0.001 |
|           xc2v.x0                                                                                     |     0.001 |
|         dme.dtags0.dt0[0].dtags0                                                                      |     0.002 |
|           xc2v.x0                                                                                     |     0.002 |
|         dme.dtags0.dt0[1].dtags0                                                                      |     0.002 |
|           xc2v.x0                                                                                     |     0.002 |
|         ime.im0[0].idata0                                                                             |     0.002 |
|           xc2v.x0                                                                                     |     0.002 |
|         ime.im0[0].itags0                                                                             |     0.001 |
|           xc2v.x0                                                                                     |     0.001 |
|         ime.im0[1].idata0                                                                             |     0.002 |
|           xc2v.x0                                                                                     |     0.002 |
|         ime.im0[1].itags0                                                                             |     0.001 |
|           xc2v.x0                                                                                     |     0.001 |
|       p0                                                                                              |     0.026 |
|         c0mmu                                                                                         |     0.008 |
|           a0                                                                                          |    <0.001 |
|           dcache0                                                                                     |     0.004 |
|           icache0                                                                                     |     0.003 |
|         iu                                                                                            |     0.016 |
|         mgen.div0                                                                                     |     0.001 |
|         mgen.mul0                                                                                     |    <0.001 |
|           xm3232.m3232                                                                                |    <0.001 |
|             pipe2.arch0.dwm                                                                           |    <0.001 |
|       rf0                                                                                             |    <0.001 |
|         s1.rhu                                                                                        |    <0.001 |
|           s1.dp.x0                                                                                    |    <0.001 |
|             xc2v.x0                                                                                   |    <0.001 |
|               a6.x0                                                                                   |    <0.001 |
|           s1.dp.x1                                                                                    |    <0.001 |
|             xc2v.x0                                                                                   |    <0.001 |
|               a6.x0                                                                                   |    <0.001 |
|       tbmem_gen.tbmem0                                                                                |    <0.001 |
|         mem0[0].ram0                                                                                  |    <0.001 |
|           nopar.s64.xc2v.x0                                                                           |    <0.001 |
|         mem0[1].ram0                                                                                  |    <0.001 |
|           nopar.s64.xc2v.x0                                                                           |    <0.001 |
|   leon3gen.dsugen.dsu0                                                                                |     0.003 |
|     x0                                                                                                |     0.003 |
|       tb0.mem0                                                                                        |     0.001 |
|         mem0[0].ram0                                                                                  |    <0.001 |
|           nopar.s64.xc2v.x0                                                                           |    <0.001 |
|         mem0[1].ram0                                                                                  |    <0.001 |
|           nopar.s64.xc2v.x0                                                                           |    <0.001 |
|   mg2.sr1                                                                                             |     0.001 |
|   mgpads.addr_pad                                                                                     |     0.013 |
|     v[0].x0                                                                                           |    <0.001 |
|       xcv.x0                                                                                          |    <0.001 |
|     v[10].x0                                                                                          |    <0.001 |
|       xcv.x0                                                                                          |    <0.001 |
|     v[11].x0                                                                                          |    <0.001 |
|       xcv.x0                                                                                          |    <0.001 |
|     v[12].x0                                                                                          |    <0.001 |
|       xcv.x0                                                                                          |    <0.001 |
|     v[13].x0                                                                                          |    <0.001 |
|       xcv.x0                                                                                          |    <0.001 |
|     v[14].x0                                                                                          |    <0.001 |
|       xcv.x0                                                                                          |    <0.001 |
|     v[15].x0                                                                                          |    <0.001 |
|       xcv.x0                                                                                          |    <0.001 |
|     v[16].x0                                                                                          |    <0.001 |
|       xcv.x0                                                                                          |    <0.001 |
|     v[17].x0                                                                                          |    <0.001 |
|       xcv.x0                                                                                          |    <0.001 |
|     v[18].x0                                                                                          |    <0.001 |
|       xcv.x0                                                                                          |    <0.001 |
|     v[19].x0                                                                                          |    <0.001 |
|       xcv.x0                                                                                          |    <0.001 |
|     v[1].x0                                                                                           |    <0.001 |
|       xcv.x0                                                                                          |    <0.001 |
|     v[20].x0                                                                                          |    <0.001 |
|       xcv.x0                                                                                          |    <0.001 |
|     v[21].x0                                                                                          |    <0.001 |
|       xcv.x0                                                                                          |    <0.001 |
|     v[22].x0                                                                                          |    <0.001 |
|       xcv.x0                                                                                          |    <0.001 |
|     v[2].x0                                                                                           |    <0.001 |
|       xcv.x0                                                                                          |    <0.001 |
|     v[3].x0                                                                                           |    <0.001 |
|       xcv.x0                                                                                          |    <0.001 |
|     v[4].x0                                                                                           |    <0.001 |
|       xcv.x0                                                                                          |    <0.001 |
|     v[5].x0                                                                                           |    <0.001 |
|       xcv.x0                                                                                          |    <0.001 |
|     v[6].x0                                                                                           |    <0.001 |
|       xcv.x0                                                                                          |    <0.001 |
|     v[7].x0                                                                                           |    <0.001 |
|       xcv.x0                                                                                          |    <0.001 |
|     v[8].x0                                                                                           |    <0.001 |
|       xcv.x0                                                                                          |    <0.001 |
|     v[9].x0                                                                                           |    <0.001 |
|       xcv.x0                                                                                          |    <0.001 |
|   mgpads.cs_pad                                                                                       |    <0.001 |
|     xcv.x0                                                                                            |    <0.001 |
|   mgpads.lb_pad                                                                                       |    <0.001 |
|     xcv.x0                                                                                            |    <0.001 |
|   mgpads.oen_pad                                                                                      |    <0.001 |
|     xcv.x0                                                                                            |    <0.001 |
|   mgpads.ub_pad                                                                                       |    <0.001 |
|     xcv.x0                                                                                            |    <0.001 |
|   mgpads.wri_pad                                                                                      |    <0.001 |
|     xcv.x0                                                                                            |    <0.001 |
|   rst0                                                                                                |    <0.001 |
|   ua1.dsurx_pad                                                                                       |    <0.001 |
|     xcv.x0                                                                                            |    <0.001 |
|   ua1.dsutx_pad                                                                                       |    <0.001 |
|     xcv.x0                                                                                            |    <0.001 |
|   ua1.uart1                                                                                           |    <0.001 |
+-------------------------------------------------------------------------------------------------------+-----------+


