
*** Running vivado
    with args -log leon3mp.rdi -applog -m64 -messageDb vivado.pb -mode batch -source leon3mp.tcl -notrace


****** Vivado v2013.4 (64-bit)
  **** SW Build 353583 on Mon Dec  9 17:26:26 MST 2013
  **** IP Build 208076 on Mon Dec  2 12:38:17 MST 2013
    ** Copyright 1986-1999, 2001-2013 Xilinx, Inc. All Rights Reserved.

Attempting to get a license: Implementation
INFO: [Common 17-86] Your Implementation license expires in 29 day(s)
Feature available: Implementation
Loading parts and site information from /opt/Xilinx/Vivado/2013.4/data/parts/arch.xml
Parsing RTL primitives file [/opt/Xilinx/Vivado/2013.4/data/parts/xilinx/rtl/prims/rtl_prims.xml]
Finished parsing RTL primitives file [/opt/Xilinx/Vivado/2013.4/data/parts/xilinx/rtl/prims/rtl_prims.xml]
source leon3mp.tcl -notrace
Design is defaulting to srcset: sources_1
Design is defaulting to constrset: constrs_1
INFO: [Project 1-491] No black box instances found for design checkpoint '/home/joel/Documents/DAT096/grlib-gpl-1.3.4-b4140/designs/leon3-digilent-nexys4/vivado/leon3-digilent-nexys4/leon3-digilent-nexys4.runs/ADC_synth_1/ADC.dcp'.
INFO: [Project 1-454] Reading design checkpoint '/home/joel/Documents/DAT096/grlib-gpl-1.3.4-b4140/designs/leon3-digilent-nexys4/vivado/leon3-digilent-nexys4/leon3-digilent-nexys4.runs/DMC_synth_1/DMC.dcp' for cell 'io0/inst_top/inst_DMC'
INFO: [Project 1-454] Reading design checkpoint '/home/joel/Documents/DAT096/grlib-gpl-1.3.4-b4140/designs/leon3-digilent-nexys4/vivado/leon3-digilent-nexys4/leon3-digilent-nexys4.runs/fir_compiler_0_synth_1/fir_compiler_0.dcp' for cell 'io0/inst_ADC_TOP/inst_fir'
INFO: [Netlist 29-17] Analyzing 68 Unisim elements for replacement
INFO: [Netlist 29-28] Unisim Transformation completed in 0 CPU seconds
INFO: [Project 1-479] Netlist was created with Vivado 2013.4
Loading clock regions from /opt/Xilinx/Vivado/2013.4/data/parts/xilinx/artix7/artix7/xc7a100t/ClockRegion.xml
Loading clock buffers from /opt/Xilinx/Vivado/2013.4/data/parts/xilinx/artix7/artix7/xc7a100t/ClockBuffers.xml
Loading clock placement rules from /opt/Xilinx/Vivado/2013.4/data/parts/xilinx/artix7/ClockPlacerRules.xml
Loading package pin functions from /opt/Xilinx/Vivado/2013.4/data/parts/xilinx/artix7/PinFunctions.xml...
Loading package from /opt/Xilinx/Vivado/2013.4/data/parts/xilinx/artix7/artix7/xc7a100t/csg324/Package.xml
Loading io standards from /opt/Xilinx/Vivado/2013.4/data/./parts/xilinx/artix7/IOStandards.xml
Loading device configuration modes from /opt/Xilinx/Vivado/2013.4/data/parts/xilinx/artix7/ConfigModes.xml
WARNING: [Opt 31-35] Removing redundant IBUF, io0/inst_top/inst_DMC/inst/clkin1_ibufg, from the path connected to top-level port: clk 
Resolution: The tool has removed redundant IBUF. To resolve this warning, check for redundant IBUF in the input design.
INFO: [Opt 31-140] Inserted 1 IBUFs to IO ports without IO buffers.
INFO: [Opt 31-141] Inserted 1 OBUFs to IO ports without IO buffers.
WARNING: [Constraints 18-550] Could not create 'IBUF_LOW_PWR' constraint because net 'io0/inst_top/inst_DMC/clk_in1' is not directly connected to top level port. 'IBUF_LOW_PWR' is ignored by Vivado but preserved for implementation tool. [/home/joel/Documents/DAT096/grlib-gpl-1.3.4-b4140/designs/leon3-digilent-nexys4/vivado/leon3-digilent-nexys4/leon3-digilent-nexys4.runs/impl_1/.Xil/Vivado-10786-joel-MacBookPro/dcp_3/DMC.edf:300]
Parsing XDC File [/home/joel/Documents/DAT096/grlib-gpl-1.3.4-b4140/designs/leon3-digilent-nexys4/vivado/leon3-digilent-nexys4/leon3-digilent-nexys4.runs/impl_1/.Xil/Vivado-10786-joel-MacBookPro/dcp_3/DMC_board.xdc] for cell 'io0/inst_top/inst_DMC'
Finished Parsing XDC File [/home/joel/Documents/DAT096/grlib-gpl-1.3.4-b4140/designs/leon3-digilent-nexys4/vivado/leon3-digilent-nexys4/leon3-digilent-nexys4.runs/impl_1/.Xil/Vivado-10786-joel-MacBookPro/dcp_3/DMC_board.xdc] for cell 'io0/inst_top/inst_DMC'
Parsing XDC File [/home/joel/Documents/DAT096/grlib-gpl-1.3.4-b4140/designs/leon3-digilent-nexys4/vivado/leon3-digilent-nexys4/leon3-digilent-nexys4.runs/impl_1/.Xil/Vivado-10786-joel-MacBookPro/dcp_3/DMC_early.xdc] for cell 'io0/inst_top/inst_DMC'
Finished Parsing XDC File [/home/joel/Documents/DAT096/grlib-gpl-1.3.4-b4140/designs/leon3-digilent-nexys4/vivado/leon3-digilent-nexys4/leon3-digilent-nexys4.runs/impl_1/.Xil/Vivado-10786-joel-MacBookPro/dcp_3/DMC_early.xdc] for cell 'io0/inst_top/inst_DMC'
Parsing XDC File [/home/joel/Documents/DAT096/grlib-gpl-1.3.4-b4140/designs/leon3-digilent-nexys4/vivado/leon3-digilent-nexys4/leon3-digilent-nexys4.runs/impl_1/.Xil/Vivado-10786-joel-MacBookPro/dcp_4/fir_compiler_0_early.xdc] for cell 'io0/inst_ADC_TOP/inst_fir'
Finished Parsing XDC File [/home/joel/Documents/DAT096/grlib-gpl-1.3.4-b4140/designs/leon3-digilent-nexys4/vivado/leon3-digilent-nexys4/leon3-digilent-nexys4.runs/impl_1/.Xil/Vivado-10786-joel-MacBookPro/dcp_4/fir_compiler_0_early.xdc] for cell 'io0/inst_ADC_TOP/inst_fir'
Parsing XDC File [/home/joel/Documents/DAT096/grlib-gpl-1.3.4-b4140/designs/leon3-digilent-nexys4/vivado/leon3-digilent-nexys4/leon3-digilent-nexys4.srcs/constrs_1/imports/joel/leon3.xdc]
Finished Parsing XDC File [/home/joel/Documents/DAT096/grlib-gpl-1.3.4-b4140/designs/leon3-digilent-nexys4/vivado/leon3-digilent-nexys4/leon3-digilent-nexys4.srcs/constrs_1/imports/joel/leon3.xdc]
Parsing XDC File [/home/joel/Documents/DAT096/grlib-gpl-1.3.4-b4140/designs/leon3-digilent-nexys4/vivado/leon3-digilent-nexys4/leon3-digilent-nexys4.runs/impl_1/.Xil/Vivado-10786-joel-MacBookPro/dcp/leon3mp.xdc]
Finished Parsing XDC File [/home/joel/Documents/DAT096/grlib-gpl-1.3.4-b4140/designs/leon3-digilent-nexys4/vivado/leon3-digilent-nexys4/leon3-digilent-nexys4.runs/impl_1/.Xil/Vivado-10786-joel-MacBookPro/dcp/leon3mp.xdc]
Parsing XDC File [/home/joel/Documents/DAT096/grlib-gpl-1.3.4-b4140/designs/leon3-digilent-nexys4/vivado/leon3-digilent-nexys4/leon3-digilent-nexys4.runs/impl_1/.Xil/Vivado-10786-joel-MacBookPro/dcp_3/DMC.xdc] for cell 'io0/inst_top/inst_DMC'
Finished Parsing XDC File [/home/joel/Documents/DAT096/grlib-gpl-1.3.4-b4140/designs/leon3-digilent-nexys4/vivado/leon3-digilent-nexys4/leon3-digilent-nexys4.runs/impl_1/.Xil/Vivado-10786-joel-MacBookPro/dcp_3/DMC.xdc] for cell 'io0/inst_top/inst_DMC'
Parsing XDC File [/home/joel/Documents/DAT096/grlib-gpl-1.3.4-b4140/designs/leon3-digilent-nexys4/vivado/leon3-digilent-nexys4/leon3-digilent-nexys4.runs/impl_1/.Xil/Vivado-10786-joel-MacBookPro/dcp_4/fir_compiler_0.xdc] for cell 'io0/inst_ADC_TOP/inst_fir'
Finished Parsing XDC File [/home/joel/Documents/DAT096/grlib-gpl-1.3.4-b4140/designs/leon3-digilent-nexys4/vivado/leon3-digilent-nexys4/leon3-digilent-nexys4.runs/impl_1/.Xil/Vivado-10786-joel-MacBookPro/dcp_4/fir_compiler_0.xdc] for cell 'io0/inst_ADC_TOP/inst_fir'
INFO: [Opt 31-138] Pushed 0 inverter(s).
INFO: [Memdata 28-144] Successfully populated the BRAM INIT strings from the following elf files: 
INFO: [Project 1-111] Unisim Transformation Summary:
  A total of 23 instances were transformed.
  IOBUF => IOBUF (OBUFT, IBUF): 17 instances
  RAM32M => RAM32M (RAMD32, RAMD32, RAMD32, RAMD32, RAMD32, RAMD32, RAMS32, RAMS32): 6 instances

link_design: Time (s): cpu = 00:00:28 ; elapsed = 00:00:32 . Memory (MB): peak = 1420.719 ; gain = 688.668
Command: opt_design
Attempting to get a license for feature 'Implementation' and/or device 'xc7a100t'
INFO: [Common 17-349] Got license for feature 'Implementation' and/or device 'xc7a100t'
Running DRC as a precondition to command opt_design

Starting DRC Task
INFO: [Drc 23-27] Running DRC with 2 threads
INFO: [Project 1-461] DRC finished with 0 Errors
INFO: [Project 1-462] Please refer to the DRC report (report_drc) for more information.

Time (s): cpu = 00:00:00.52 ; elapsed = 00:00:00.64 . Memory (MB): peak = 1423.723 ; gain = 3.004

Starting Logic Optimization Task
INFO: [Timing 38-35] Done setting XDC timing constraints.
INFO: [Timing 38-2] Deriving generated clocks

Phase 1 Retarget

INFO: [Opt 31-138] Pushed 1 inverter(s).
INFO: [Opt 31-49] Retargeted 0 cell(s).
Phase 1 Retarget | Checksum: 1f872d5d7

Time (s): cpu = 00:00:04 ; elapsed = 00:00:05 . Memory (MB): peak = 1474.531 ; gain = 50.809

Phase 2 Constant Propagation
INFO: [Opt 31-138] Pushed 0 inverter(s).
INFO: [Opt 31-10] Eliminated 158 cells.
Phase 2 Constant Propagation | Checksum: 153c67054

Time (s): cpu = 00:00:06 ; elapsed = 00:00:08 . Memory (MB): peak = 1474.531 ; gain = 50.809

Phase 3 Sweep
INFO: [Opt 31-12] Eliminated 1586 unconnected nets.
INFO: [Opt 31-11] Eliminated 482 unconnected cells.
Phase 3 Sweep | Checksum: 14714eff5

Time (s): cpu = 00:00:07 ; elapsed = 00:00:09 . Memory (MB): peak = 1474.531 ; gain = 50.809
Ending Logic Optimization Task | Checksum: 14714eff5

Time (s): cpu = 00:00:07 ; elapsed = 00:00:09 . Memory (MB): peak = 1474.531 ; gain = 50.809
Implement Debug Cores | Checksum: 22057e1e3
Logic Optimization | Checksum: 22057e1e3

Starting Power Optimization Task

Starting PowerOpt TimerUpdates Task
INFO: [Timing 38-35] Done setting XDC timing constraints.
Ending PowerOpt TimerUpdates Task | Checksum: 14714eff5

Time (s): cpu = 00:00:02 ; elapsed = 00:00:02 . Memory (MB): peak = 1479.664 ; gain = 5.133
INFO: [Pwropt 34-9] Applying IDT optimizations ...
INFO: [Pwropt 34-10] Applying ODC optimizations ...

INFO: [Pwropt 34-162] WRITE_MODE attribute of 7 BRAM(s) out of a total of 25 was updated to NO_CHANGE to save power.
    Run report_power_opt to get a complete listing of the BRAMs updated.
INFO: [Pwropt 34-201] Structural ODC has moved 2 WE to EN ports
Number of BRAM Ports augmented: 0 newly gated: 2 Total Ports: 50
Ending Power Optimization Task | Checksum: 1d208a680

Time (s): cpu = 00:00:17 ; elapsed = 00:00:20 . Memory (MB): peak = 1631.688 ; gain = 157.156
INFO: [Common 17-83] Releasing license: Implementation
29 Infos, 2 Warnings, 0 Critical Warnings and 0 Errors encountered.
opt_design completed successfully
opt_design: Time (s): cpu = 00:00:25 ; elapsed = 00:00:30 . Memory (MB): peak = 1631.688 ; gain = 210.969
INFO: [Timing 38-35] Done setting XDC timing constraints.
Writing XDEF routing.
Writing XDEF routing logical nets.
Writing XDEF routing special nets.
Write XDEF Complete: Time (s): cpu = 00:00:00.46 ; elapsed = 00:00:00.58 . Memory (MB): peak = 1631.691 ; gain = 0.000
write_checkpoint: Time (s): cpu = 00:00:05 ; elapsed = 00:00:05 . Memory (MB): peak = 1631.691 ; gain = 0.004
Command: place_design
Attempting to get a license for feature 'Implementation' and/or device 'xc7a100t'
INFO: [Common 17-349] Got license for feature 'Implementation' and/or device 'xc7a100t'
Running DRC as a precondition to command place_design
INFO: [Drc 23-27] Running DRC with 2 threads
INFO: [Vivado_Tcl 4-198] DRC finished with 0 Errors
INFO: [Vivado_Tcl 4-199] Please refer to the DRC report (report_drc) for more information.

Starting Placer Task
INFO: [Place 30-611] Multithreading enabled for place_design using a maximum of 2 CPUs

Phase 1 Placer Initialization

Phase 1.1 Placer Initialization Core
Netlist sorting complete. Time (s): cpu = 00:00:00.06 ; elapsed = 00:00:00.08 . Memory (MB): peak = 1631.691 ; gain = 0.000

Phase 1.1.1 Mandatory Logic Optimization
INFO: [Opt 31-140] Inserted 22 IBUFs to IO ports without IO buffers.
INFO: [Opt 31-141] Inserted 0 OBUFs to IO ports without IO buffers.
INFO: [Opt 31-138] Pushed 0 inverter(s).
Netlist sorting complete. Time (s): cpu = 00:00:00.05 ; elapsed = 00:00:00.05 . Memory (MB): peak = 1631.691 ; gain = 0.000
Phase 1.1.1 Mandatory Logic Optimization | Checksum: ad78c01b

Time (s): cpu = 00:00:01 ; elapsed = 00:00:01 . Memory (MB): peak = 1631.691 ; gain = 0.000

Phase 1.1.2 Build Super Logic Region (SLR) Database
Phase 1.1.2 Build Super Logic Region (SLR) Database | Checksum: ad78c01b

Time (s): cpu = 00:00:01 ; elapsed = 00:00:01 . Memory (MB): peak = 1631.691 ; gain = 0.000

Phase 1.1.3 Add Constraints
Phase 1.1.3 Add Constraints | Checksum: ad78c01b

Time (s): cpu = 00:00:01 ; elapsed = 00:00:01 . Memory (MB): peak = 1631.691 ; gain = 0.000

Phase 1.1.4 Build Macros
Phase 1.1.4 Build Macros | Checksum: 17e4a7dae

Time (s): cpu = 00:00:04 ; elapsed = 00:00:04 . Memory (MB): peak = 1631.691 ; gain = 0.000

Phase 1.1.5 Implementation Feasibility check
WARNING: [Place 30-568] A LUT 'apb0/apbo_reg[prdata][31]_i_2' is driving clock pin of 17 registers. This could lead to large hold time violations. First few involved registers are:
	io0/apbo_reg[prdata][15] {LDCE}
	io0/apbo_reg[prdata][16] {LDCE}
	io0/apbo_reg[prdata][17] {LDCE}
	io0/apbo_reg[prdata][18] {LDCE}
	io0/apbo_reg[prdata][19] {LDCE}
WARNING: [Place 30-568] A LUT 'apb0/n_0_15049_BUFG_inst_i_1' is driving clock pin of 32 registers. This could lead to large hold time violations. First few involved registers are:
	io0/sLED_reg[1] {LDCE}
	io0/sLED_reg[2] {LDCE}
	io0/sLED_reg[3] {LDCE}
	io0/sLED_reg[4] {LDCE}
	io0/sLED_reg[5] {LDCE}
WARNING: [Place 30-568] A LUT 'adderahb_if/n_2_11376_BUFG_inst_i_1' is driving clock pin of 32 registers. This could lead to large hold time violations. First few involved registers are:
	adderahb_if/hrdata_reg[0] {LDCE}
	adderahb_if/hrdata_reg[31] {LDCE}
	adderahb_if/hrdata_reg[1] {LDCE}
	adderahb_if/hrdata_reg[2] {LDCE}
	adderahb_if/hrdata_reg[3] {LDCE}
Phase 1.1.5 Implementation Feasibility check | Checksum: 17e4a7dae

Time (s): cpu = 00:00:05 ; elapsed = 00:00:05 . Memory (MB): peak = 1631.691 ; gain = 0.000

Phase 1.1.6 Pre-Place Cells
Phase 1.1.6 Pre-Place Cells | Checksum: 17e4a7dae

Time (s): cpu = 00:00:05 ; elapsed = 00:00:05 . Memory (MB): peak = 1631.691 ; gain = 0.000

Phase 1.1.7 IO Placement/ Clock Placement/ Build Placer Device
Phase 1.1.7 IO Placement/ Clock Placement/ Build Placer Device | Checksum: 216405f46

Time (s): cpu = 00:00:09 ; elapsed = 00:00:10 . Memory (MB): peak = 1639.691 ; gain = 8.000

Phase 1.1.8 Build Placer Netlist Model

Phase 1.1.8.1 Place Init Design
CRITICAL WARNING: [Timing 38-249] Generated clock CLKFBOUT has no logical paths from master clock clk.
Resolution: Review the path between the master clock and the generated clock with the schematic viewer and correct the -source option. If it is correct and the master clock does not have a timing path to the generated clock, define the generated clock as a primary clock by using create_clock.
CRITICAL WARNING: [Timing 38-249] Generated clock CLKOUT0 has no logical paths from master clock clk.
Resolution: Review the path between the master clock and the generated clock with the schematic viewer and correct the -source option. If it is correct and the master clock does not have a timing path to the generated clock, define the generated clock as a primary clock by using create_clock.
CRITICAL WARNING: [Timing 38-249] Generated clock CLKOUT1 has no logical paths from master clock clk.
Resolution: Review the path between the master clock and the generated clock with the schematic viewer and correct the -source option. If it is correct and the master clock does not have a timing path to the generated clock, define the generated clock as a primary clock by using create_clock.
CRITICAL WARNING: [Timing 38-249] Generated clock CLKFBOUT_1 has no logical paths from master clock clk.
Resolution: Review the path between the master clock and the generated clock with the schematic viewer and correct the -source option. If it is correct and the master clock does not have a timing path to the generated clock, define the generated clock as a primary clock by using create_clock.
CRITICAL WARNING: [Timing 38-249] Generated clock CLKOUT0_1 has no logical paths from master clock clk.
Resolution: Review the path between the master clock and the generated clock with the schematic viewer and correct the -source option. If it is correct and the master clock does not have a timing path to the generated clock, define the generated clock as a primary clock by using create_clock.

Phase 1.1.8.1.1 Build Clock Data
Phase 1.1.8.1.1 Build Clock Data | Checksum: 24318cfdd

Time (s): cpu = 00:00:24 ; elapsed = 00:00:23 . Memory (MB): peak = 1639.691 ; gain = 8.000
Phase 1.1.8.1 Place Init Design | Checksum: 2257d132f

Time (s): cpu = 00:00:26 ; elapsed = 00:00:25 . Memory (MB): peak = 1639.691 ; gain = 8.000
Phase 1.1.8 Build Placer Netlist Model | Checksum: 2257d132f

Time (s): cpu = 00:00:26 ; elapsed = 00:00:25 . Memory (MB): peak = 1639.691 ; gain = 8.000

Phase 1.1.9 Constrain Clocks/Macros

Phase 1.1.9.1 Constrain Global/Regional Clocks
Phase 1.1.9.1 Constrain Global/Regional Clocks | Checksum: 1bf75cba8

Time (s): cpu = 00:00:26 ; elapsed = 00:00:25 . Memory (MB): peak = 1639.691 ; gain = 8.000
Phase 1.1.9 Constrain Clocks/Macros | Checksum: 1bf75cba8

Time (s): cpu = 00:00:26 ; elapsed = 00:00:25 . Memory (MB): peak = 1639.691 ; gain = 8.000
Phase 1.1 Placer Initialization Core | Checksum: 1bf75cba8

Time (s): cpu = 00:00:26 ; elapsed = 00:00:25 . Memory (MB): peak = 1639.691 ; gain = 8.000
Phase 1 Placer Initialization | Checksum: 1bf75cba8

Time (s): cpu = 00:00:26 ; elapsed = 00:00:26 . Memory (MB): peak = 1639.691 ; gain = 8.000

Phase 2 Global Placement
Phase 2 Global Placement | Checksum: 27f075a3e

Time (s): cpu = 00:02:21 ; elapsed = 00:02:04 . Memory (MB): peak = 1639.691 ; gain = 8.000

Phase 3 Detail Placement

Phase 3.1 Commit Multi Column Macros
Phase 3.1 Commit Multi Column Macros | Checksum: 27f075a3e

Time (s): cpu = 00:02:21 ; elapsed = 00:02:04 . Memory (MB): peak = 1639.691 ; gain = 8.000

Phase 3.2 Commit Most Macros & LUTRAMs
Phase 3.2 Commit Most Macros & LUTRAMs | Checksum: 20fa42617

Time (s): cpu = 00:02:32 ; elapsed = 00:02:15 . Memory (MB): peak = 1639.691 ; gain = 8.000

Phase 3.3 Area Swap Optimization
Phase 3.3 Area Swap Optimization | Checksum: 2302bb9bf

Time (s): cpu = 00:02:32 ; elapsed = 00:02:15 . Memory (MB): peak = 1639.691 ; gain = 8.000

Phase 3.4 Timing Path Optimizer
Phase 3.4 Timing Path Optimizer | Checksum: 278d551db

Time (s): cpu = 00:02:38 ; elapsed = 00:02:20 . Memory (MB): peak = 1639.691 ; gain = 8.000

Phase 3.5 Commit Small Macros & Core Logic
Phase 3.5 Commit Small Macros & Core Logic | Checksum: 1e4be3b2f

Time (s): cpu = 00:02:57 ; elapsed = 00:02:39 . Memory (MB): peak = 1647.695 ; gain = 16.004

Phase 3.6 Re-assign LUT pins
Phase 3.6 Re-assign LUT pins | Checksum: 1e4be3b2f

Time (s): cpu = 00:02:58 ; elapsed = 00:02:41 . Memory (MB): peak = 1647.695 ; gain = 16.004
Phase 3 Detail Placement | Checksum: 1e4be3b2f

Time (s): cpu = 00:02:58 ; elapsed = 00:02:41 . Memory (MB): peak = 1647.695 ; gain = 16.004

Phase 4 Post Placement Optimization and Clean-Up

Phase 4.1 PCOPT Shape updates
Phase 4.1 PCOPT Shape updates | Checksum: 2433e0f98

Time (s): cpu = 00:02:59 ; elapsed = 00:02:42 . Memory (MB): peak = 1647.695 ; gain = 16.004

Phase 4.2 Post Placement Optimization
CRITICAL WARNING: [Timing 38-249] Generated clock CLKFBOUT has no logical paths from master clock clk.
Resolution: Review the path between the master clock and the generated clock with the schematic viewer and correct the -source option. If it is correct and the master clock does not have a timing path to the generated clock, define the generated clock as a primary clock by using create_clock.
CRITICAL WARNING: [Timing 38-249] Generated clock CLKOUT0 has no logical paths from master clock clk.
Resolution: Review the path between the master clock and the generated clock with the schematic viewer and correct the -source option. If it is correct and the master clock does not have a timing path to the generated clock, define the generated clock as a primary clock by using create_clock.
CRITICAL WARNING: [Timing 38-249] Generated clock CLKOUT1 has no logical paths from master clock clk.
Resolution: Review the path between the master clock and the generated clock with the schematic viewer and correct the -source option. If it is correct and the master clock does not have a timing path to the generated clock, define the generated clock as a primary clock by using create_clock.
CRITICAL WARNING: [Timing 38-249] Generated clock CLKFBOUT_1 has no logical paths from master clock clk.
Resolution: Review the path between the master clock and the generated clock with the schematic viewer and correct the -source option. If it is correct and the master clock does not have a timing path to the generated clock, define the generated clock as a primary clock by using create_clock.
CRITICAL WARNING: [Timing 38-249] Generated clock CLKOUT0_1 has no logical paths from master clock clk.
Resolution: Review the path between the master clock and the generated clock with the schematic viewer and correct the -source option. If it is correct and the master clock does not have a timing path to the generated clock, define the generated clock as a primary clock by using create_clock.

Phase 4.2.1 Post Placement Timing Optimization

Phase 4.2.1.1 Restore Best Placement
Phase 4.2.1.1 Restore Best Placement | Checksum: 194bd280a

Time (s): cpu = 00:04:18 ; elapsed = 00:04:10 . Memory (MB): peak = 1647.695 ; gain = 16.004
Phase 4.2.1 Post Placement Timing Optimization | Checksum: 194bd280a

Time (s): cpu = 00:04:18 ; elapsed = 00:04:10 . Memory (MB): peak = 1647.695 ; gain = 16.004
Phase 4.2 Post Placement Optimization | Checksum: 194bd280a

Time (s): cpu = 00:04:18 ; elapsed = 00:04:10 . Memory (MB): peak = 1647.695 ; gain = 16.004

Phase 4.3 Post Placement Cleanup
Phase 4.3 Post Placement Cleanup | Checksum: 194bd280a

Time (s): cpu = 00:04:18 ; elapsed = 00:04:10 . Memory (MB): peak = 1647.695 ; gain = 16.004

Phase 4.4 Placer Reporting

Phase 4.4.1 Congestion Reporting
Phase 4.4.1 Congestion Reporting | Checksum: 194bd280a

Time (s): cpu = 00:04:18 ; elapsed = 00:04:11 . Memory (MB): peak = 1647.695 ; gain = 16.004

Phase 4.4.2 Dump Critical Paths 
Phase 4.4.2 Dump Critical Paths  | Checksum: 194bd280a

Time (s): cpu = 00:04:19 ; elapsed = 00:04:11 . Memory (MB): peak = 1647.695 ; gain = 16.004

Phase 4.4.3 Restore STA
Phase 4.4.3 Restore STA | Checksum: 194bd280a

Time (s): cpu = 00:04:19 ; elapsed = 00:04:12 . Memory (MB): peak = 1647.695 ; gain = 16.004

Phase 4.4.4 Print Final WNS
CRITICAL WARNING: [Timing 38-249] Generated clock CLKFBOUT has no logical paths from master clock clk.
Resolution: Review the path between the master clock and the generated clock with the schematic viewer and correct the -source option. If it is correct and the master clock does not have a timing path to the generated clock, define the generated clock as a primary clock by using create_clock.
CRITICAL WARNING: [Timing 38-249] Generated clock CLKOUT0 has no logical paths from master clock clk.
Resolution: Review the path between the master clock and the generated clock with the schematic viewer and correct the -source option. If it is correct and the master clock does not have a timing path to the generated clock, define the generated clock as a primary clock by using create_clock.
CRITICAL WARNING: [Timing 38-249] Generated clock CLKOUT1 has no logical paths from master clock clk.
Resolution: Review the path between the master clock and the generated clock with the schematic viewer and correct the -source option. If it is correct and the master clock does not have a timing path to the generated clock, define the generated clock as a primary clock by using create_clock.
CRITICAL WARNING: [Timing 38-249] Generated clock CLKFBOUT_1 has no logical paths from master clock clk.
Resolution: Review the path between the master clock and the generated clock with the schematic viewer and correct the -source option. If it is correct and the master clock does not have a timing path to the generated clock, define the generated clock as a primary clock by using create_clock.
CRITICAL WARNING: [Timing 38-249] Generated clock CLKOUT0_1 has no logical paths from master clock clk.
Resolution: Review the path between the master clock and the generated clock with the schematic viewer and correct the -source option. If it is correct and the master clock does not have a timing path to the generated clock, define the generated clock as a primary clock by using create_clock.
INFO: [Place 30-100] Post Placement Timing Summary | WNS=-3.621 | TNS=-178.013|

Phase 4.4.4 Print Final WNS | Checksum: 194bd280a

Time (s): cpu = 00:04:34 ; elapsed = 00:04:26 . Memory (MB): peak = 1647.695 ; gain = 16.004
Phase 4.4 Placer Reporting | Checksum: 284f9e36d

Time (s): cpu = 00:04:36 ; elapsed = 00:04:28 . Memory (MB): peak = 1647.695 ; gain = 16.004

Phase 4.5 Final Placement Cleanup
Phase 4.5 Final Placement Cleanup | Checksum: 29afcbc63

Time (s): cpu = 00:04:36 ; elapsed = 00:04:28 . Memory (MB): peak = 1647.695 ; gain = 16.004
Phase 4 Post Placement Optimization and Clean-Up | Checksum: 29afcbc63

Time (s): cpu = 00:04:36 ; elapsed = 00:04:28 . Memory (MB): peak = 1647.695 ; gain = 16.004
Ending Placer Task | Checksum: 19e3cb3e9

Time (s): cpu = 00:04:36 ; elapsed = 00:04:28 . Memory (MB): peak = 1647.695 ; gain = 16.004
INFO: [Common 17-83] Releasing license: Implementation
40 Infos, 5 Warnings, 15 Critical Warnings and 0 Errors encountered.
place_design completed successfully
place_design: Time (s): cpu = 00:04:38 ; elapsed = 00:04:30 . Memory (MB): peak = 1647.695 ; gain = 16.004
INFO: [Timing 38-163] DEBUG : Generate clock report | CPU: 1.13 secs 

report_utilization: Time (s): cpu = 00:00:00.51 ; elapsed = 00:00:00.66 . Memory (MB): peak = 1649.711 ; gain = 0.000
INFO: [Designutils 20-134] DEBUG : Generate Control Sets report | CPU: 0.3 secs 
Writing XDEF routing.
Writing XDEF routing logical nets.
Writing XDEF routing special nets.
Write XDEF Complete: Time (s): cpu = 00:00:03 ; elapsed = 00:00:04 . Memory (MB): peak = 1649.715 ; gain = 0.000
write_checkpoint: Time (s): cpu = 00:00:05 ; elapsed = 00:00:06 . Memory (MB): peak = 1649.715 ; gain = 0.004
Command: route_design
Attempting to get a license for feature 'Implementation' and/or device 'xc7a100t'
INFO: [Common 17-349] Got license for feature 'Implementation' and/or device 'xc7a100t'
Running DRC as a precondition to command route_design
INFO: [Drc 23-27] Running DRC with 2 threads
INFO: [Vivado_Tcl 4-198] DRC finished with 0 Errors
INFO: [Vivado_Tcl 4-199] Please refer to the DRC report (report_drc) for more information.


Starting Routing Task
INFO: [Route 35-254] Multithreading enabled for route_design using a maximum of 2 CPUs

Starting Route Task

Phase 1 Build RT Design

Phase 1.1 Build Netlist & NodeGraph
Phase 1.1 Build Netlist & NodeGraph | Checksum: 20443fb70

Time (s): cpu = 00:00:48 ; elapsed = 00:00:43 . Memory (MB): peak = 1773.336 ; gain = 108.117
Phase 1 Build RT Design | Checksum: 19d5559e7

Time (s): cpu = 00:00:49 ; elapsed = 00:00:44 . Memory (MB): peak = 1773.336 ; gain = 108.117

Phase 2 Router Initialization

Phase 2.1 Create Timer
Phase 2.1 Create Timer | Checksum: 19d5559e7

Time (s): cpu = 00:00:50 ; elapsed = 00:00:45 . Memory (MB): peak = 1773.340 ; gain = 108.121

Phase 2.2 Restore Routing
Phase 2.2 Restore Routing | Checksum: 19d5559e7

Time (s): cpu = 00:00:50 ; elapsed = 00:00:45 . Memory (MB): peak = 1781.602 ; gain = 116.383

Phase 2.3 Special Net Routing
 Number of Nodes with overlaps = 0
Phase 2.3 Special Net Routing | Checksum: 102762cbf

Time (s): cpu = 00:00:52 ; elapsed = 00:00:47 . Memory (MB): peak = 1801.977 ; gain = 136.758

Phase 2.4 Local Clock Net Routing
Phase 2.4 Local Clock Net Routing | Checksum: 38edb52f

Time (s): cpu = 00:00:52 ; elapsed = 00:00:47 . Memory (MB): peak = 1801.977 ; gain = 136.758

Phase 2.5 Update Timing

Phase 2.5.1 Update timing with NCN CRPR

Phase 2.5.1.1 Hold Budgeting
Phase 2.5.1.1 Hold Budgeting | Checksum: 38edb52f

Time (s): cpu = 00:01:08 ; elapsed = 00:01:01 . Memory (MB): peak = 1808.227 ; gain = 143.008
Phase 2.5.1 Update timing with NCN CRPR | Checksum: 38edb52f

Time (s): cpu = 00:01:08 ; elapsed = 00:01:01 . Memory (MB): peak = 1808.227 ; gain = 143.008
Phase 2.5 Update Timing | Checksum: 38edb52f

Time (s): cpu = 00:01:09 ; elapsed = 00:01:02 . Memory (MB): peak = 1808.227 ; gain = 143.008
INFO: [Route 35-57] Estimated Timing Summary | WNS=-5.36  | TNS=-198   | WHS=-1.51  | THS=-167   |


Phase 2.6 Budgeting
Phase 2.6 Budgeting | Checksum: 38edb52f

Time (s): cpu = 00:01:16 ; elapsed = 00:01:08 . Memory (MB): peak = 1808.227 ; gain = 143.008
Phase 2 Router Initialization | Checksum: 38edb52f

Time (s): cpu = 00:01:16 ; elapsed = 00:01:08 . Memory (MB): peak = 1808.227 ; gain = 143.008

Phase 3 Initial Routing
Phase 3 Initial Routing | Checksum: 1316d32e1

Time (s): cpu = 00:01:52 ; elapsed = 00:01:41 . Memory (MB): peak = 2071.227 ; gain = 406.008

Phase 4 Rip-up And Reroute

Phase 4.1 Global Iteration 0

Phase 4.1.1 Remove Overlaps
 Number of Nodes with overlaps = 2819
 Number of Nodes with overlaps = 77
 Number of Nodes with overlaps = 0
Phase 4.1.1 Remove Overlaps | Checksum: f6aa1922

Time (s): cpu = 00:02:23 ; elapsed = 00:02:07 . Memory (MB): peak = 2071.227 ; gain = 406.008

Phase 4.1.2 Update Timing
Phase 4.1.2 Update Timing | Checksum: f6aa1922

Time (s): cpu = 00:02:28 ; elapsed = 00:02:11 . Memory (MB): peak = 2071.227 ; gain = 406.008
INFO: [Route 35-57] Estimated Timing Summary | WNS=-6.13  | TNS=-350   | WHS=N/A    | THS=N/A    |


Phase 4.1.3 collectNewHoldAndFix
Phase 4.1.3 collectNewHoldAndFix | Checksum: 19a771fe6

Time (s): cpu = 00:02:28 ; elapsed = 00:02:11 . Memory (MB): peak = 2071.227 ; gain = 406.008

Phase 4.1.4 GlobIterForTiming

Phase 4.1.4.1 Update Timing
Phase 4.1.4.1 Update Timing | Checksum: f9493a83

Time (s): cpu = 00:02:29 ; elapsed = 00:02:12 . Memory (MB): peak = 2071.227 ; gain = 406.008

Phase 4.1.4.2 Fast Budgeting
Phase 4.1.4.2 Fast Budgeting | Checksum: f9493a83

Time (s): cpu = 00:02:30 ; elapsed = 00:02:13 . Memory (MB): peak = 2071.227 ; gain = 406.008
Phase 4.1.4 GlobIterForTiming | Checksum: b3ea73d8

Time (s): cpu = 00:02:31 ; elapsed = 00:02:14 . Memory (MB): peak = 2071.227 ; gain = 406.008
Phase 4.1 Global Iteration 0 | Checksum: b3ea73d8

Time (s): cpu = 00:02:31 ; elapsed = 00:02:14 . Memory (MB): peak = 2071.227 ; gain = 406.008

Phase 4.2 Global Iteration 1

Phase 4.2.1 Remove Overlaps
 Number of Nodes with overlaps = 12
 Number of Nodes with overlaps = 4
 Number of Nodes with overlaps = 1
 Number of Nodes with overlaps = 0
Phase 4.2.1 Remove Overlaps | Checksum: 143cc2f1e

Time (s): cpu = 00:02:33 ; elapsed = 00:02:16 . Memory (MB): peak = 2071.227 ; gain = 406.008

Phase 4.2.2 Update Timing
Phase 4.2.2 Update Timing | Checksum: 143cc2f1e

Time (s): cpu = 00:02:33 ; elapsed = 00:02:17 . Memory (MB): peak = 2071.227 ; gain = 406.008
INFO: [Route 35-57] Estimated Timing Summary | WNS=-5.7   | TNS=-340   | WHS=N/A    | THS=N/A    |


Phase 4.2.3 collectNewHoldAndFix
Phase 4.2.3 collectNewHoldAndFix | Checksum: 143cc2f1e

Time (s): cpu = 00:02:34 ; elapsed = 00:02:17 . Memory (MB): peak = 2071.227 ; gain = 406.008

Phase 4.2.4 GlobIterForTiming

Phase 4.2.4.1 Update Timing
Phase 4.2.4.1 Update Timing | Checksum: b7447404

Time (s): cpu = 00:02:34 ; elapsed = 00:02:18 . Memory (MB): peak = 2071.227 ; gain = 406.008

Phase 4.2.4.2 Fast Budgeting
Phase 4.2.4.2 Fast Budgeting | Checksum: b7447404

Time (s): cpu = 00:02:36 ; elapsed = 00:02:20 . Memory (MB): peak = 2071.227 ; gain = 406.008
Phase 4.2.4 GlobIterForTiming | Checksum: 10096d16d

Time (s): cpu = 00:02:37 ; elapsed = 00:02:20 . Memory (MB): peak = 2071.227 ; gain = 406.008
Phase 4.2 Global Iteration 1 | Checksum: 10096d16d

Time (s): cpu = 00:02:37 ; elapsed = 00:02:20 . Memory (MB): peak = 2071.227 ; gain = 406.008

Phase 4.3 Global Iteration 2

Phase 4.3.1 Remove Overlaps
 Number of Nodes with overlaps = 11
 Number of Nodes with overlaps = 4
 Number of Nodes with overlaps = 0
Phase 4.3.1 Remove Overlaps | Checksum: 1358d9d5f

Time (s): cpu = 00:02:38 ; elapsed = 00:02:22 . Memory (MB): peak = 2071.227 ; gain = 406.008

Phase 4.3.2 Update Timing
Phase 4.3.2 Update Timing | Checksum: 1358d9d5f

Time (s): cpu = 00:02:39 ; elapsed = 00:02:23 . Memory (MB): peak = 2071.227 ; gain = 406.008
INFO: [Route 35-57] Estimated Timing Summary | WNS=-5.53  | TNS=-340   | WHS=N/A    | THS=N/A    |


Phase 4.3.3 collectNewHoldAndFix
Phase 4.3.3 collectNewHoldAndFix | Checksum: 1358d9d5f

Time (s): cpu = 00:02:39 ; elapsed = 00:02:23 . Memory (MB): peak = 2071.227 ; gain = 406.008

Phase 4.3.4 GlobIterForTiming

Phase 4.3.4.1 Update Timing
Phase 4.3.4.1 Update Timing | Checksum: a5159c0d

Time (s): cpu = 00:02:40 ; elapsed = 00:02:24 . Memory (MB): peak = 2071.227 ; gain = 406.008

Phase 4.3.4.2 Fast Budgeting
Phase 4.3.4.2 Fast Budgeting | Checksum: a5159c0d

Time (s): cpu = 00:02:41 ; elapsed = 00:02:26 . Memory (MB): peak = 2071.227 ; gain = 406.008
Phase 4.3.4 GlobIterForTiming | Checksum: 145cb233a

Time (s): cpu = 00:02:42 ; elapsed = 00:02:27 . Memory (MB): peak = 2071.227 ; gain = 406.008
Phase 4.3 Global Iteration 2 | Checksum: 145cb233a

Time (s): cpu = 00:02:42 ; elapsed = 00:02:27 . Memory (MB): peak = 2071.227 ; gain = 406.008

Phase 4.4 Global Iteration 3

Phase 4.4.1 Remove Overlaps
 Number of Nodes with overlaps = 23
 Number of Nodes with overlaps = 2
 Number of Nodes with overlaps = 2
 Number of Nodes with overlaps = 0
Phase 4.4.1 Remove Overlaps | Checksum: ca69f020

Time (s): cpu = 00:02:44 ; elapsed = 00:02:29 . Memory (MB): peak = 2071.227 ; gain = 406.008

Phase 4.4.2 Update Timing
Phase 4.4.2 Update Timing | Checksum: ca69f020

Time (s): cpu = 00:02:45 ; elapsed = 00:02:30 . Memory (MB): peak = 2071.227 ; gain = 406.008
INFO: [Route 35-57] Estimated Timing Summary | WNS=-5.53  | TNS=-340   | WHS=N/A    | THS=N/A    |

Phase 4.4 Global Iteration 3 | Checksum: 1358d9d5f

Time (s): cpu = 00:02:45 ; elapsed = 00:02:30 . Memory (MB): peak = 2071.227 ; gain = 406.008
Phase 4 Rip-up And Reroute | Checksum: 1358d9d5f

Time (s): cpu = 00:02:45 ; elapsed = 00:02:30 . Memory (MB): peak = 2071.227 ; gain = 406.008

Phase 5 Delay CleanUp

Phase 5.1 Update Timing
Phase 5.1 Update Timing | Checksum: 1358d9d5f

Time (s): cpu = 00:02:48 ; elapsed = 00:02:33 . Memory (MB): peak = 2071.227 ; gain = 406.008
INFO: [Route 35-57] Estimated Timing Summary | WNS=-5.53  | TNS=-340   | WHS=N/A    | THS=N/A    |

Phase 5 Delay CleanUp | Checksum: 17c8a91dc

Time (s): cpu = 00:02:49 ; elapsed = 00:02:33 . Memory (MB): peak = 2071.227 ; gain = 406.008

Phase 6 Post Hold Fix

Phase 6.1 Full Hold Analysis

Phase 6.1.1 Update Timing
Phase 6.1.1 Update Timing | Checksum: 17c8a91dc

Time (s): cpu = 00:02:54 ; elapsed = 00:02:37 . Memory (MB): peak = 2071.227 ; gain = 406.008
INFO: [Route 35-57] Estimated Timing Summary | WNS=-5.53  | TNS=-339   | WHS=-0.344 | THS=-0.767 |

Phase 6.1 Full Hold Analysis | Checksum: 17c8a91dc

Time (s): cpu = 00:02:54 ; elapsed = 00:02:38 . Memory (MB): peak = 2071.227 ; gain = 406.008
Phase 6 Post Hold Fix | Checksum: 8f94a15c

Time (s): cpu = 00:02:54 ; elapsed = 00:02:38 . Memory (MB): peak = 2071.227 ; gain = 406.008

Router Utilization Summary
  Global Vertical Routing Utilization    = 4.76359 %
  Global Horizontal Routing Utilization  = 5.90914 %
  Routable Net Status*
  *Does not include unroutable nets such as driverless and loadless.
  Run report_route_status for detailed report.
  Number of Failed Nets               = 0
  Number of Unrouted Nets             = 0
  Number of Partially Routed Nets     = 0
  Number of Node Overlaps             = 0

Congestion Report
North Dir 1x1 Area, Max Cong = 57.6577%, No Congested Regions.
South Dir 1x1 Area, Max Cong = 67.5676%, No Congested Regions.
East Dir 1x1 Area, Max Cong = 73.5294%, No Congested Regions.
West Dir 1x1 Area, Max Cong = 64.7059%, No Congested Regions.

Phase 7 Verifying routed nets

 Verification completed successfully
Phase 7 Verifying routed nets | Checksum: 8f94a15c

Time (s): cpu = 00:02:55 ; elapsed = 00:02:38 . Memory (MB): peak = 2071.227 ; gain = 406.008

Phase 8 Depositing Routes
Phase 8 Depositing Routes | Checksum: e32e6072

Time (s): cpu = 00:02:58 ; elapsed = 00:02:42 . Memory (MB): peak = 2071.227 ; gain = 406.008

Phase 9 Post Router Timing
CRITICAL WARNING: [Timing 38-249] Generated clock CLKFBOUT has no logical paths from master clock clk.
Resolution: Review the path between the master clock and the generated clock with the schematic viewer and correct the -source option. If it is correct and the master clock does not have a timing path to the generated clock, define the generated clock as a primary clock by using create_clock.
CRITICAL WARNING: [Timing 38-249] Generated clock CLKOUT0 has no logical paths from master clock clk.
Resolution: Review the path between the master clock and the generated clock with the schematic viewer and correct the -source option. If it is correct and the master clock does not have a timing path to the generated clock, define the generated clock as a primary clock by using create_clock.
CRITICAL WARNING: [Timing 38-249] Generated clock CLKOUT1 has no logical paths from master clock clk.
Resolution: Review the path between the master clock and the generated clock with the schematic viewer and correct the -source option. If it is correct and the master clock does not have a timing path to the generated clock, define the generated clock as a primary clock by using create_clock.
CRITICAL WARNING: [Timing 38-249] Generated clock CLKFBOUT_1 has no logical paths from master clock clk.
Resolution: Review the path between the master clock and the generated clock with the schematic viewer and correct the -source option. If it is correct and the master clock does not have a timing path to the generated clock, define the generated clock as a primary clock by using create_clock.
CRITICAL WARNING: [Timing 38-249] Generated clock CLKOUT0_1 has no logical paths from master clock clk.
Resolution: Review the path between the master clock and the generated clock with the schematic viewer and correct the -source option. If it is correct and the master clock does not have a timing path to the generated clock, define the generated clock as a primary clock by using create_clock.
INFO: [Route 35-20] Post Routing Timing Summary | WNS=-5.515 | TNS=-345.175| WHS=0.052  | THS=0.000  |

CRITICAL WARNING: [Route 35-39] The design did not meet timing requirements. Please run report_timing_summary for detailed reports.
Resolution: Verify that the timing was met or had small violations at all previous steps (synthesis, placement, power_opt, and phys_opt). Run report_timing_summary and analyze individual timing paths.
INFO: [Route 35-253] TNS is the sum of the worst slack violation on every endpoint in the design. Review the paths with the biggest WNS violations in the timing reports and modify your constraints or your design to improve both WNS and TNS.
Phase 9 Post Router Timing | Checksum: e32e6072

Time (s): cpu = 00:03:15 ; elapsed = 00:02:56 . Memory (MB): peak = 2071.227 ; gain = 406.008
INFO: [Route 35-16] Router Completed Successfully
Ending Route Task | Checksum: e32e6072

Time (s): cpu = 00:03:15 ; elapsed = 00:02:57 . Memory (MB): peak = 2071.227 ; gain = 406.008

Routing Is Done.

Time (s): cpu = 00:03:15 ; elapsed = 00:02:57 . Memory (MB): peak = 2071.230 ; gain = 406.012
INFO: [Common 17-83] Releasing license: Implementation
58 Infos, 5 Warnings, 21 Critical Warnings and 0 Errors encountered.
route_design completed successfully
route_design: Time (s): cpu = 00:03:21 ; elapsed = 00:03:02 . Memory (MB): peak = 2071.230 ; gain = 421.516
INFO: [Drc 23-27] Running DRC with 2 threads
INFO: [Coretcl 2-168] The results of DRC are in file /home/joel/Documents/DAT096/grlib-gpl-1.3.4-b4140/designs/leon3-digilent-nexys4/vivado/leon3-digilent-nexys4/leon3-digilent-nexys4.runs/impl_1/leon3mp_drc_routed.rpt.
report_drc: Time (s): cpu = 00:00:10 ; elapsed = 00:00:09 . Memory (MB): peak = 2071.230 ; gain = 0.000
CRITICAL WARNING: [Timing 38-249] Generated clock CLKFBOUT has no logical paths from master clock clk.
Resolution: Review the path between the master clock and the generated clock with the schematic viewer and correct the -source option. If it is correct and the master clock does not have a timing path to the generated clock, define the generated clock as a primary clock by using create_clock.
CRITICAL WARNING: [Timing 38-249] Generated clock CLKOUT0 has no logical paths from master clock clk.
Resolution: Review the path between the master clock and the generated clock with the schematic viewer and correct the -source option. If it is correct and the master clock does not have a timing path to the generated clock, define the generated clock as a primary clock by using create_clock.
CRITICAL WARNING: [Timing 38-249] Generated clock CLKOUT1 has no logical paths from master clock clk.
Resolution: Review the path between the master clock and the generated clock with the schematic viewer and correct the -source option. If it is correct and the master clock does not have a timing path to the generated clock, define the generated clock as a primary clock by using create_clock.
CRITICAL WARNING: [Timing 38-249] Generated clock CLKFBOUT_1 has no logical paths from master clock clk.
Resolution: Review the path between the master clock and the generated clock with the schematic viewer and correct the -source option. If it is correct and the master clock does not have a timing path to the generated clock, define the generated clock as a primary clock by using create_clock.
CRITICAL WARNING: [Timing 38-249] Generated clock CLKOUT0_1 has no logical paths from master clock clk.
Resolution: Review the path between the master clock and the generated clock with the schematic viewer and correct the -source option. If it is correct and the master clock does not have a timing path to the generated clock, define the generated clock as a primary clock by using create_clock.
CRITICAL WARNING: [Timing 38-249] Generated clock CLKFBOUT has no logical paths from master clock clk.
Resolution: Review the path between the master clock and the generated clock with the schematic viewer and correct the -source option. If it is correct and the master clock does not have a timing path to the generated clock, define the generated clock as a primary clock by using create_clock.
CRITICAL WARNING: [Timing 38-249] Generated clock CLKOUT0 has no logical paths from master clock clk.
Resolution: Review the path between the master clock and the generated clock with the schematic viewer and correct the -source option. If it is correct and the master clock does not have a timing path to the generated clock, define the generated clock as a primary clock by using create_clock.
CRITICAL WARNING: [Timing 38-249] Generated clock CLKOUT1 has no logical paths from master clock clk.
Resolution: Review the path between the master clock and the generated clock with the schematic viewer and correct the -source option. If it is correct and the master clock does not have a timing path to the generated clock, define the generated clock as a primary clock by using create_clock.
CRITICAL WARNING: [Timing 38-249] Generated clock CLKFBOUT_1 has no logical paths from master clock clk.
Resolution: Review the path between the master clock and the generated clock with the schematic viewer and correct the -source option. If it is correct and the master clock does not have a timing path to the generated clock, define the generated clock as a primary clock by using create_clock.
CRITICAL WARNING: [Timing 38-249] Generated clock CLKOUT0_1 has no logical paths from master clock clk.
Resolution: Review the path between the master clock and the generated clock with the schematic viewer and correct the -source option. If it is correct and the master clock does not have a timing path to the generated clock, define the generated clock as a primary clock by using create_clock.
Running Vector-less Activity Propagation...
CRITICAL WARNING: [Timing 38-249] Generated clock CLKFBOUT has no logical paths from master clock clk.
Resolution: Review the path between the master clock and the generated clock with the schematic viewer and correct the -source option. If it is correct and the master clock does not have a timing path to the generated clock, define the generated clock as a primary clock by using create_clock.
CRITICAL WARNING: [Timing 38-249] Generated clock CLKOUT0 has no logical paths from master clock clk.
Resolution: Review the path between the master clock and the generated clock with the schematic viewer and correct the -source option. If it is correct and the master clock does not have a timing path to the generated clock, define the generated clock as a primary clock by using create_clock.
CRITICAL WARNING: [Timing 38-249] Generated clock CLKOUT1 has no logical paths from master clock clk.
Resolution: Review the path between the master clock and the generated clock with the schematic viewer and correct the -source option. If it is correct and the master clock does not have a timing path to the generated clock, define the generated clock as a primary clock by using create_clock.
CRITICAL WARNING: [Timing 38-249] Generated clock CLKFBOUT_1 has no logical paths from master clock clk.
Resolution: Review the path between the master clock and the generated clock with the schematic viewer and correct the -source option. If it is correct and the master clock does not have a timing path to the generated clock, define the generated clock as a primary clock by using create_clock.
CRITICAL WARNING: [Timing 38-249] Generated clock CLKOUT0_1 has no logical paths from master clock clk.
Resolution: Review the path between the master clock and the generated clock with the schematic viewer and correct the -source option. If it is correct and the master clock does not have a timing path to the generated clock, define the generated clock as a primary clock by using create_clock.
CRITICAL WARNING: [Timing 38-249] Generated clock CLKFBOUT has no logical paths from master clock clk.
Resolution: Review the path between the master clock and the generated clock with the schematic viewer and correct the -source option. If it is correct and the master clock does not have a timing path to the generated clock, define the generated clock as a primary clock by using create_clock.
CRITICAL WARNING: [Timing 38-249] Generated clock CLKOUT0 has no logical paths from master clock clk.
Resolution: Review the path between the master clock and the generated clock with the schematic viewer and correct the -source option. If it is correct and the master clock does not have a timing path to the generated clock, define the generated clock as a primary clock by using create_clock.
CRITICAL WARNING: [Timing 38-249] Generated clock CLKOUT1 has no logical paths from master clock clk.
Resolution: Review the path between the master clock and the generated clock with the schematic viewer and correct the -source option. If it is correct and the master clock does not have a timing path to the generated clock, define the generated clock as a primary clock by using create_clock.
CRITICAL WARNING: [Timing 38-249] Generated clock CLKFBOUT_1 has no logical paths from master clock clk.
Resolution: Review the path between the master clock and the generated clock with the schematic viewer and correct the -source option. If it is correct and the master clock does not have a timing path to the generated clock, define the generated clock as a primary clock by using create_clock.
CRITICAL WARNING: [Timing 38-249] Generated clock CLKOUT0_1 has no logical paths from master clock clk.
Resolution: Review the path between the master clock and the generated clock with the schematic viewer and correct the -source option. If it is correct and the master clock does not have a timing path to the generated clock, define the generated clock as a primary clock by using create_clock.

Finished Running Vector-less Activity Propagation
report_power: Time (s): cpu = 00:01:07 ; elapsed = 00:01:03 . Memory (MB): peak = 2071.230 ; gain = 0.000
INFO: [Timing 38-91] UpdateTimingParams: Speed grade: -1, Delay Type: min_max, Constraints type: SDC.
INFO: [Timing 38-191] Multithreading enabled for timing update using a maximum of 2 CPUs
CRITICAL WARNING: [Timing 38-249] Generated clock CLKFBOUT has no logical paths from master clock clk.
Resolution: Review the path between the master clock and the generated clock with the schematic viewer and correct the -source option. If it is correct and the master clock does not have a timing path to the generated clock, define the generated clock as a primary clock by using create_clock.
CRITICAL WARNING: [Timing 38-249] Generated clock CLKOUT0 has no logical paths from master clock clk.
Resolution: Review the path between the master clock and the generated clock with the schematic viewer and correct the -source option. If it is correct and the master clock does not have a timing path to the generated clock, define the generated clock as a primary clock by using create_clock.
CRITICAL WARNING: [Timing 38-249] Generated clock CLKOUT1 has no logical paths from master clock clk.
Resolution: Review the path between the master clock and the generated clock with the schematic viewer and correct the -source option. If it is correct and the master clock does not have a timing path to the generated clock, define the generated clock as a primary clock by using create_clock.
CRITICAL WARNING: [Timing 38-249] Generated clock CLKFBOUT_1 has no logical paths from master clock clk.
Resolution: Review the path between the master clock and the generated clock with the schematic viewer and correct the -source option. If it is correct and the master clock does not have a timing path to the generated clock, define the generated clock as a primary clock by using create_clock.
CRITICAL WARNING: [Timing 38-249] Generated clock CLKOUT0_1 has no logical paths from master clock clk.
Resolution: Review the path between the master clock and the generated clock with the schematic viewer and correct the -source option. If it is correct and the master clock does not have a timing path to the generated clock, define the generated clock as a primary clock by using create_clock.
report_timing_summary: Time (s): cpu = 00:00:07 ; elapsed = 00:00:07 . Memory (MB): peak = 2071.230 ; gain = 0.000
Writing XDEF routing.
Writing XDEF routing logical nets.
Writing XDEF routing special nets.
Write XDEF Complete: Time (s): cpu = 00:00:05 ; elapsed = 00:00:05 . Memory (MB): peak = 2071.230 ; gain = 0.000
write_checkpoint: Time (s): cpu = 00:00:06 ; elapsed = 00:00:08 . Memory (MB): peak = 2071.230 ; gain = 0.000
Attempting to get a license for feature 'Implementation' and/or device 'xc7a100t'
INFO: [Common 17-349] Got license for feature 'Implementation' and/or device 'xc7a100t'
Running DRC as a precondition to command write_bitstream
INFO: [Drc 23-27] Running DRC with 2 threads
ERROR: [Drc 23-20] Rule violation (REQP-1578) Required Pin - Unsupported must be driven by a clock capable IO. connectivity. The signal io0/inst_top/inst_DMC/inst/clk_in1 on the io0/inst_top/inst_DMC/inst/mmcm_adv_inst/CLKIN1 pin of io0/inst_top/inst_DMC/inst/mmcm_adv_inst with COMPENSATION mode MMCME2_ADV ZHOLD
INFO: [Vivado 12-3199] DRC finished with 1 Errors, 38 Warnings, 5 Advisories
INFO: [Vivado 12-3200] Please refer to the DRC report (report_drc) for more information.
ERROR: [Vivado 12-1345] Error(s) found during DRC. Bitgen not run.
INFO: [Common 17-83] Releasing license: Implementation
write_bitstream: Time (s): cpu = 00:00:07 ; elapsed = 00:00:08 . Memory (MB): peak = 2071.230 ; gain = 0.000
ERROR: [Common 17-39] 'write_bitstream' failed due to earlier errors.

    while executing
"write_bitstream -force leon3mp.bit "
INFO: [Common 17-206] Exiting Vivado at Mon Mar 31 17:19:14 2014...

*** Running vivado
    with args -log leon3mp.rdi -applog -m64 -messageDb vivado.pb -mode batch -source leon3mp.tcl -notrace


****** Vivado v2013.4 (64-bit)
  **** SW Build 353583 on Mon Dec  9 17:26:26 MST 2013
  **** IP Build 208076 on Mon Dec  2 12:38:17 MST 2013
    ** Copyright 1986-1999, 2001-2013 Xilinx, Inc. All Rights Reserved.

Attempting to get a license: Implementation
INFO: [Common 17-86] Your Implementation license expires in 29 day(s)
Feature available: Implementation
Loading parts and site information from /opt/Xilinx/Vivado/2013.4/data/parts/arch.xml
Parsing RTL primitives file [/opt/Xilinx/Vivado/2013.4/data/parts/xilinx/rtl/prims/rtl_prims.xml]
Finished parsing RTL primitives file [/opt/Xilinx/Vivado/2013.4/data/parts/xilinx/rtl/prims/rtl_prims.xml]
source leon3mp.tcl -notrace
Command: open_checkpoint leon3mp_routed.dcp
INFO: [Netlist 29-17] Analyzing 86 Unisim elements for replacement
INFO: [Netlist 29-28] Unisim Transformation completed in 0 CPU seconds
INFO: [Project 1-479] Netlist was created with Vivado 2013.4
Loading clock regions from /opt/Xilinx/Vivado/2013.4/data/parts/xilinx/artix7/artix7/xc7a100t/ClockRegion.xml
Loading clock buffers from /opt/Xilinx/Vivado/2013.4/data/parts/xilinx/artix7/artix7/xc7a100t/ClockBuffers.xml
Loading clock placement rules from /opt/Xilinx/Vivado/2013.4/data/parts/xilinx/artix7/ClockPlacerRules.xml
Loading package pin functions from /opt/Xilinx/Vivado/2013.4/data/parts/xilinx/artix7/PinFunctions.xml...
Loading package from /opt/Xilinx/Vivado/2013.4/data/parts/xilinx/artix7/artix7/xc7a100t/csg324/Package.xml
Loading io standards from /opt/Xilinx/Vivado/2013.4/data/./parts/xilinx/artix7/IOStandards.xml
Loading device configuration modes from /opt/Xilinx/Vivado/2013.4/data/parts/xilinx/artix7/ConfigModes.xml
WARNING: [Constraints 18-550] Could not create 'IBUF_LOW_PWR' constraint because net 'io0/inst_top/inst_DMC/clk_in1' is not directly connected to top level port. 'IBUF_LOW_PWR' is ignored by Vivado but preserved for implementation tool. [/home/joel/Documents/DAT096/grlib-gpl-1.3.4-b4140/designs/leon3-digilent-nexys4/vivado/leon3-digilent-nexys4/leon3-digilent-nexys4.runs/impl_1/.Xil/Vivado-11009-joel-MacBookPro/dcp/leon3mp.edf:247857]
Parsing XDC File [/home/joel/Documents/DAT096/grlib-gpl-1.3.4-b4140/designs/leon3-digilent-nexys4/vivado/leon3-digilent-nexys4/leon3-digilent-nexys4.runs/impl_1/.Xil/Vivado-11009-joel-MacBookPro/dcp/leon3mp_board.xdc]
Finished Parsing XDC File [/home/joel/Documents/DAT096/grlib-gpl-1.3.4-b4140/designs/leon3-digilent-nexys4/vivado/leon3-digilent-nexys4/leon3-digilent-nexys4.runs/impl_1/.Xil/Vivado-11009-joel-MacBookPro/dcp/leon3mp_board.xdc]
Parsing XDC File [/home/joel/Documents/DAT096/grlib-gpl-1.3.4-b4140/designs/leon3-digilent-nexys4/vivado/leon3-digilent-nexys4/leon3-digilent-nexys4.runs/impl_1/.Xil/Vivado-11009-joel-MacBookPro/dcp/leon3mp_early.xdc]
Finished Parsing XDC File [/home/joel/Documents/DAT096/grlib-gpl-1.3.4-b4140/designs/leon3-digilent-nexys4/vivado/leon3-digilent-nexys4/leon3-digilent-nexys4.runs/impl_1/.Xil/Vivado-11009-joel-MacBookPro/dcp/leon3mp_early.xdc]
Parsing XDC File [/home/joel/Documents/DAT096/grlib-gpl-1.3.4-b4140/designs/leon3-digilent-nexys4/vivado/leon3-digilent-nexys4/leon3-digilent-nexys4.runs/impl_1/.Xil/Vivado-11009-joel-MacBookPro/dcp/leon3mp.xdc]
Finished Parsing XDC File [/home/joel/Documents/DAT096/grlib-gpl-1.3.4-b4140/designs/leon3-digilent-nexys4/vivado/leon3-digilent-nexys4/leon3-digilent-nexys4.runs/impl_1/.Xil/Vivado-11009-joel-MacBookPro/dcp/leon3mp.xdc]
Reading XDEF placement.
Reading XDEF routing.
Read XDEF File: Time (s): cpu = 00:00:02 ; elapsed = 00:00:02 . Memory (MB): peak = 1433.715 ; gain = 16.000
Restoring placement.
Restored 5376 out of 5376 XDEF sites from archive | CPU: 4.910000 secs | Memory: 39.228851 MB |
INFO: [Opt 31-138] Pushed 0 inverter(s).
INFO: [Memdata 28-144] Successfully populated the BRAM INIT strings from the following elf files: 
INFO: [Project 1-111] Unisim Transformation Summary:
  A total of 23 instances were transformed.
  IOBUF => IOBUF (OBUFT, IBUF): 17 instances
  RAM32M => RAM32M (RAMD32, RAMD32, RAMD32, RAMD32, RAMD32, RAMD32, RAMS32, RAMS32): 6 instances

INFO: [Project 1-484] Checkpoint was created with build 353583
open_checkpoint: Time (s): cpu = 00:00:33 ; elapsed = 00:00:38 . Memory (MB): peak = 1451.223 ; gain = 719.180
Attempting to get a license for feature 'Implementation' and/or device 'xc7a100t'
INFO: [Common 17-349] Got license for feature 'Implementation' and/or device 'xc7a100t'
Running DRC as a precondition to command write_bitstream
INFO: [Drc 23-27] Running DRC with 2 threads
INFO: [Vivado 12-3199] DRC finished with 0 Errors, 37 Warnings, 5 Advisories
INFO: [Vivado 12-3200] Please refer to the DRC report (report_drc) for more information.
Loading data files...
Loading site data...
Loading route data...
Processing options...
Creating bitmap...
Creating bitstream...
Writing bitstream ./leon3mp.bit...
INFO: [Vivado 12-1842] Bitgen Completed Successfully.
INFO: [Project 1-120] WebTalk data collection is mandatory for users of free Webpack licenses. To see the specific WebTalk data collected for your design, open the usage_statistics_webtalk.html or usage_statistics_webtalk.xml file in the implementation directory.
INFO: [Common 17-185] WebTalk report has not been sent to Xilinx. Please check your network and proxy settings.
INFO: [Common 17-83] Releasing license: Implementation
write_bitstream: Time (s): cpu = 00:01:01 ; elapsed = 00:01:09 . Memory (MB): peak = 1842.488 ; gain = 391.266
INFO: [Common 17-206] Exiting Vivado at Mon Mar 31 17:21:29 2014...
