Copyright 1986-1999, 2001-2013 Xilinx, Inc. All Rights Reserved.
-------------------------------------------------------------------------------------
| Tool Version : Vivado v.2013.4 (lin64) Build 353583 Mon Dec  9 17:26:26 MST 2013
| Date         : Fri Mar 28 16:16:02 2014
| Host         : xploited-W740SU running 64-bit Ubuntu 13.10
| Command      : report_clock_utilization -file leon3mp_clock_utilization_placed.rpt
| Design       : leon3mp
| Device       : xc7a100t
-------------------------------------------------------------------------------------

Clock Utilization Report

Table of Contents
-----------------
1. Clock Primitive Utilization
2. Details of Global Clocks
3. Details of Regional Clocks
4. Details of Multi-Regional Clocks
5. Details of I/O Clocks
6. Details of Local Clocks
7. Clock Regions : Key Resource Utilization
8. Net wise resources used in clock region X0Y0
9. Net wise resources used in clock region X1Y0
10. Net wise resources used in clock region X0Y1
11. Net wise resources used in clock region X1Y1
12. Net wise resources used in clock region X0Y2
13. Net wise resources used in clock region X1Y2
14. Net wise resources used in clock region X0Y3

1. Clock Primitive Utilization
------------------------------

+-------+------+-----------+------------+
| Type  | Used | Available | Num Locked |
+-------+------+-----------+------------+
| BUFG  |    8 |        32 |          0 |
| BUFH  |    0 |        96 |          0 |
| BUFIO |    0 |        24 |          0 |
| MMCM  |    1 |         6 |          0 |
| BUFR  |    0 |        24 |          0 |
| BUFMR |    0 |        12 |          0 |
+-------+------+-----------+------------+


2. Details of Global Clocks
---------------------------

+-------+----------------------------------------+---------------------------------------------+---------------+--------+---------------+-----------+
|       |                                        |                                             |   Num Loads   |        |               |           |
+-------+----------------------------------------+---------------------------------------------+-------+-------+--------+---------------+-----------+
| Index | BUFG Cell                              | Net Name                                    |  BELs | Sites | Locked | MaxDelay (ns) | Skew (ns) |
+-------+----------------------------------------+---------------------------------------------+-------+-------+--------+---------------+-----------+
|     1 | bufgclk0                               | O                                           |     1 |     1 |     no |         2.859 |     0.143 |
|     2 | io0/inst_top/inst_DMC/inst/clkf_buf    | io0/inst_top/inst_DMC/inst/clkfbout_buf_DMC |     1 |     1 |     no |         1.895 |     0.095 |
|     3 | clk_BUFG_inst                          | clk_BUFG                                    |     9 |     8 |     no |         1.926 |     0.290 |
|     4 | io0/inst_top/inst_DMC/inst/clkout1_buf | io0/inst_top/inst_DMC/inst/clk_out1         |    32 |     7 |     no |         1.757 |     0.109 |
|     5 | n_0_11318_BUFG_inst                    | n_0_11318_BUFG                              |    32 |    18 |     no |         1.876 |     0.226 |
|     6 | sLED_reg[31]_i_1                       | sLED0                                       |    32 |    13 |     no |         1.791 |     0.165 |
|     7 | bufgclk45                              | n_2_bufgclk45                               |   343 |   147 |     no |         2.005 |     0.383 |
|     8 | clkgen0/xc7l.v/bufgclk0                | clkgen0/xc7l.v/clkm                         | 10951 |  4131 |     no |         2.056 |     0.530 |
+-------+----------------------------------------+---------------------------------------------+-------+-------+--------+---------------+-----------+


+-------+------------------------------------------+-----------------------------------------+--------------+--------+---------------+-----------+
|       |                                          |                                         |   Num Loads  |        |               |           |
+-------+------------------------------------------+-----------------------------------------+------+-------+--------+---------------+-----------+
| Index | MMCM Cell                                | Net Name                                | BELs | Sites | Locked | MaxDelay (ns) | Skew (ns) |
+-------+------------------------------------------+-----------------------------------------+------+-------+--------+---------------+-----------+
|     1 | io0/inst_top/inst_DMC/inst/mmcm_adv_inst | io0/inst_top/inst_DMC/inst/clkfbout_DMC |    1 |     1 |     no |         2.018 |     0.101 |
|     2 | io0/inst_top/inst_DMC/inst/mmcm_adv_inst | io0/inst_top/inst_DMC/inst/clk_out1_DMC |    1 |     1 |     no |         2.018 |     0.101 |
+-------+------------------------------------------+-----------------------------------------+------+-------+--------+---------------+-----------+


3. Details of Regional Clocks
-----------------------------

4. Details of Multi-Regional Clocks
-----------------------------------

5. Details of I/O Clocks
------------------------

6. Details of Local Clocks
--------------------------

7. Clock Regions : Key Resource Utilization
-------------------------------------------

+-------------------+--------------+--------------+--------------+--------------+--------------+--------------+--------------+--------------+--------------+--------------+--------------+--------------+--------------+--------------+--------------+
|                   | Global Clock |     BUFRs    |    BUFMRs    |    BUFIOs    |     MMCM     |      PLL     |      GT      |      PCI     |    ILOGIC    |    OLOGIC    |      FF      |     LUTM     |    RAMB18    |    RAMB36    |    DSP48E1   |
+-------------------+------+-------+------+-------+------+-------+------+-------+------+-------+------+-------+------+-------+------+-------+------+-------+------+-------+------+-------+------+-------+------+-------+------+-------+------+-------+
| Clock Region Name | Used | Avail | Used | Avail | Used | Avail | Used | Avail | Used | Avail | Used | Avail | Used | Avail | Used | Avail | Used | Avail | Used | Avail | Used | Avail | Used | Avail | Used | Avail | Used | Avail | Used | Avail |
+-------------------+------+-------+------+-------+------+-------+------+-------+------+-------+------+-------+------+-------+------+-------+------+-------+------+-------+------+-------+------+-------+------+-------+------+-------+------+-------+
| X0Y0              |    3 |    12 |    0 |     4 |    0 |     2 |    0 |     4 |    1 |     1 |    1 |     1 |    0 |     0 |    0 |     0 |    0 |    50 |    0 |    50 | 1705 | 20800 |    0 |  2400 |    0 |    40 |    0 |    10 |    0 |    20 |
| X1Y0              |    1 |    12 |    0 |     0 |    0 |     0 |    0 |     0 |    0 |     0 |    0 |     0 |    0 |     5 |    0 |     0 |    0 |     0 |    0 |     0 |  401 | 12000 |    0 |  2200 |    0 |    80 |    0 |    20 |    0 |    40 |
| X0Y1              |    3 |    12 |    0 |     4 |    0 |     2 |    0 |     4 |    0 |     1 |    1 |     1 |    0 |     0 |    0 |     0 |    0 |    50 |    0 |    50 | 5359 | 16000 |    0 |  2400 |    0 |    40 |    1 |    10 |    0 |    20 |
| X1Y1              |    1 |    12 |    0 |     4 |    0 |     2 |    0 |     4 |    0 |     1 |    0 |     1 |    0 |     0 |    0 |     0 |    0 |    50 |    0 |    50 | 2369 | 15200 |   11 |  2600 |    6 |   120 |    8 |    30 |    4 |    40 |
| X0Y2              |    2 |    12 |    0 |     4 |    0 |     2 |    0 |     4 |    0 |     1 |    0 |     1 |    0 |     0 |    0 |     0 |    0 |    50 |    0 |    50 | 1064 | 16000 |   48 |  2400 |    0 |    40 |    2 |    10 |    0 |    20 |
| X1Y2              |    2 |    12 |    0 |     4 |    0 |     2 |    0 |     4 |    0 |     1 |    0 |     1 |    0 |     0 |    0 |     0 |    0 |    50 |    0 |    50 |  409 | 15200 |    0 |  2600 |    6 |   120 |    2 |    30 |    0 |    40 |
| X0Y3              |    2 |    12 |    0 |     4 |    0 |     2 |    0 |     4 |    0 |     1 |    0 |     1 |    0 |     0 |    0 |     0 |    0 |    50 |    0 |    50 |    2 | 20800 |    0 |  2400 |    0 |    40 |    0 |    10 |    0 |    20 |
| X1Y3              |    0 |    12 |    0 |     0 |    0 |     0 |    0 |     0 |    0 |     0 |    0 |     0 |    0 |     5 |    0 |     1 |    0 |     0 |    0 |     0 |    0 | 10800 |    0 |  2000 |    0 |    60 |    0 |    15 |    0 |    40 |
+-------------------+------+-------+------+-------+------+-------+------+-------+------+-------+------+-------+------+-------+------+-------+------+-------+------+-------+------+-------+------+-------+------+-------+------+-------+------+-------+
* RAMB36 site can be used as two RAMB18/FIFO18 sites


8. Net wise resources used in clock region X0Y0
-----------------------------------------------

+-------------+--------+-----------+---------+-----------+---------+---------+------+-------+----------+------+---------------------------------------------+
| Source Type | Locked | MMCM Pins | GT Pins | BRAM Pins | ILOGICs | OLOGICs |  FFs | LUTMs | DSP48E1s | PLLs |                              Clock Net Name |
+-------------+--------+-----------+---------+-----------+---------+---------+------+-------+----------+------+---------------------------------------------+
| BUFG        |   no   |         1 |       0 |         0 |       0 |       0 |    0 |     0 |        0 |    0 | io0/inst_top/inst_DMC/inst/clkfbout_buf_DMC |
| BUFG        |   no   |         1 |       0 |         0 |       0 |       0 |    2 |     0 |        0 |    1 | clk_BUFG                                    |
| BUFG        |   no   |         0 |       0 |         0 |       0 |       0 | 1703 |     0 |        0 |    0 | clkgen0/xc7l.v/clkm                         |
+-------------+--------+-----------+---------+-----------+---------+---------+------+-------+----------+------+---------------------------------------------+


9. Net wise resources used in clock region X1Y0
-----------------------------------------------

+-------------+--------+-----------+---------+-----------+---------+---------+-----+-------+----------+------+---------------------+
| Source Type | Locked | MMCM Pins | GT Pins | BRAM Pins | ILOGICs | OLOGICs | FFs | LUTMs | DSP48E1s | PLLs |      Clock Net Name |
+-------------+--------+-----------+---------+-----------+---------+---------+-----+-------+----------+------+---------------------+
| BUFG        |   no   |         0 |       0 |         0 |       0 |       0 | 401 |     0 |        0 |    0 | clkgen0/xc7l.v/clkm |
+-------------+--------+-----------+---------+-----------+---------+---------+-----+-------+----------+------+---------------------+


10. Net wise resources used in clock region X0Y1
------------------------------------------------

+-------------+--------+-----------+---------+-----------+---------+---------+------+-------+----------+------+-------------------------------------+
| Source Type | Locked | MMCM Pins | GT Pins | BRAM Pins | ILOGICs | OLOGICs |  FFs | LUTMs | DSP48E1s | PLLs |                      Clock Net Name |
+-------------+--------+-----------+---------+-----------+---------+---------+------+-------+----------+------+-------------------------------------+
| BUFG        |   no   |         0 |       0 |         0 |       0 |       0 |    4 |     0 |        0 |    1 | clk_BUFG                            |
| BUFG        |   no   |         0 |       0 |         0 |       0 |       0 |   32 |     0 |        0 |    0 | io0/inst_top/inst_DMC/inst/clk_out1 |
| BUFG        |   no   |         0 |       0 |         2 |       0 |       0 | 5261 |     0 |        0 |    0 | clkgen0/xc7l.v/clkm                 |
+-------------+--------+-----------+---------+-----------+---------+---------+------+-------+----------+------+-------------------------------------+


11. Net wise resources used in clock region X1Y1
------------------------------------------------

+-------------+--------+-----------+---------+-----------+---------+---------+------+-------+----------+------+---------------------+
| Source Type | Locked | MMCM Pins | GT Pins | BRAM Pins | ILOGICs | OLOGICs |  FFs | LUTMs | DSP48E1s | PLLs |      Clock Net Name |
+-------------+--------+-----------+---------+-----------+---------+---------+------+-------+----------+------+---------------------+
| BUFG        |   no   |         0 |       0 |        22 |       0 |       0 | 2367 |    11 |        2 |    0 | clkgen0/xc7l.v/clkm |
+-------------+--------+-----------+---------+-----------+---------+---------+------+-------+----------+------+---------------------+


12. Net wise resources used in clock region X0Y2
------------------------------------------------

+-------------+--------+-----------+---------+-----------+---------+---------+-----+-------+----------+------+---------------------+
| Source Type | Locked | MMCM Pins | GT Pins | BRAM Pins | ILOGICs | OLOGICs | FFs | LUTMs | DSP48E1s | PLLs |      Clock Net Name |
+-------------+--------+-----------+---------+-----------+---------+---------+-----+-------+----------+------+---------------------+
| BUFG        |   no   |         0 |       0 |         0 |       0 |       0 | 342 |     0 |        0 |    0 | n_2_bufgclk45       |
| BUFG        |   no   |         0 |       0 |         4 |       0 |       0 | 722 |    48 |        0 |    0 | clkgen0/xc7l.v/clkm |
+-------------+--------+-----------+---------+-----------+---------+---------+-----+-------+----------+------+---------------------+


13. Net wise resources used in clock region X1Y2
------------------------------------------------

+-------------+--------+-----------+---------+-----------+---------+---------+-----+-------+----------+------+---------------------+
| Source Type | Locked | MMCM Pins | GT Pins | BRAM Pins | ILOGICs | OLOGICs | FFs | LUTMs | DSP48E1s | PLLs |      Clock Net Name |
+-------------+--------+-----------+---------+-----------+---------+---------+-----+-------+----------+------+---------------------+
| BUFG        |   no   |         0 |       0 |         8 |       0 |       0 | 409 |     0 |        0 |    0 | clkgen0/xc7l.v/clkm |
+-------------+--------+-----------+---------+-----------+---------+---------+-----+-------+----------+------+---------------------+


14. Net wise resources used in clock region X0Y3
------------------------------------------------

+-------------+--------+-----------+---------+-----------+---------+---------+-----+-------+----------+------+---------------------+
| Source Type | Locked | MMCM Pins | GT Pins | BRAM Pins | ILOGICs | OLOGICs | FFs | LUTMs | DSP48E1s | PLLs |      Clock Net Name |
+-------------+--------+-----------+---------+-----------+---------+---------+-----+-------+----------+------+---------------------+
| BUFG        |   no   |         0 |       0 |         0 |       0 |       0 |   1 |     0 |        0 |    0 | clkgen0/xc7l.v/clkm |
| BUFG        |   no   |         0 |       0 |         0 |       0 |       0 |   1 |     0 |        0 |    0 | n_2_bufgclk45       |
+-------------+--------+-----------+---------+-----------+---------+---------+-----+-------+----------+------+---------------------+



# Location of BUFG Primitives 
set_property LOC BUFGCTRL_X0Y1 [get_cells bufgclk0]
set_property LOC BUFGCTRL_X0Y6 [get_cells io0/inst_top/inst_DMC/inst/clkf_buf]
set_property LOC BUFGCTRL_X0Y16 [get_cells clk_BUFG_inst]
set_property LOC BUFGCTRL_X0Y3 [get_cells io0/inst_top/inst_DMC/inst/clkout1_buf]
set_property LOC BUFGCTRL_X0Y4 [get_cells n_0_11318_BUFG_inst]
set_property LOC BUFGCTRL_X0Y5 [get_cells sLED_reg[31]_i_1]
set_property LOC BUFGCTRL_X0Y2 [get_cells bufgclk45]
set_property LOC BUFGCTRL_X0Y0 [get_cells clkgen0/xc7l.v/bufgclk0]

# Location of IO Clock Primitives

# Location of MMCM Clock Primitives
set_property LOC MMCME2_ADV_X0Y0 [get_cells io0/inst_top/inst_DMC/inst/mmcm_adv_inst]

# Location of BUFH Clock Primitives

# Location of BUFR Clock Primitives

# Location of BUFMR Clock Primitives

# Location of PLL Clock Primitives
set_property LOC PLLE2_ADV_X0Y1 [get_cells PLLE2_ADV_inst]
set_property LOC PLLE2_ADV_X0Y0 [get_cells clkgen0/xc7l.v/PLLE2_ADV_inst]

# Location of IO Primitives which is load of clock spine
set_property LOC IOB_X1Y128 [get_cells etxc_pad/xcv.x0/ttl0.slow0.op]

# Location of clock ports
set_property LOC IOB_X1Y126 [get_ports clk]

# Clock net "n_2_bufgclk45" driven by instance "bufgclk45" located at site "BUFGCTRL_X0Y2"
#startgroup
create_pblock CLKAG_n_2_bufgclk45
add_cells_to_pblock [get_pblocks  CLKAG_n_2_bufgclk45] [get_cells  -filter { IS_PRIMITIVE==1 && PRIMITIVE_LEVEL !=INTERNAL } -of_object [get_pins -filter {DIRECTION==IN} -of_objects [get_nets -hierarchical -filter {PARENT=="n_2_bufgclk45"}]]]
resize_pblock [get_pblocks CLKAG_n_2_bufgclk45] -add {CLOCKREGION_X0Y0:CLOCKREGION_X0Y0 CLOCKREGION_X0Y1:CLOCKREGION_X0Y1 CLOCKREGION_X0Y2:CLOCKREGION_X0Y2 CLOCKREGION_X0Y3:CLOCKREGION_X0Y3 CLOCKREGION_X1Y0:CLOCKREGION_X1Y0 CLOCKREGION_X1Y1:CLOCKREGION_X1Y1 CLOCKREGION_X1Y2:CLOCKREGION_X1Y2 CLOCKREGION_X1Y3:CLOCKREGION_X1Y3}
#endgroup

# Clock net "clk_BUFG" driven by instance "clk_BUFG_inst" located at site "BUFGCTRL_X0Y16"
#startgroup
create_pblock CLKAG_clk_BUFG
add_cells_to_pblock [get_pblocks  CLKAG_clk_BUFG] [get_cells  -filter { IS_PRIMITIVE==1 && PRIMITIVE_LEVEL !=INTERNAL && NAME!=io0/inst_top/inst_DMC/inst/mmcm_adv_inst} -of_object [get_pins -filter {DIRECTION==IN} -of_objects [get_nets -hierarchical -filter {PARENT=="clk_BUFG"}]]]
resize_pblock [get_pblocks CLKAG_clk_BUFG] -add {CLOCKREGION_X0Y0:CLOCKREGION_X0Y0 CLOCKREGION_X0Y1:CLOCKREGION_X0Y1 CLOCKREGION_X0Y2:CLOCKREGION_X0Y2 CLOCKREGION_X0Y3:CLOCKREGION_X0Y3 CLOCKREGION_X1Y0:CLOCKREGION_X1Y0 CLOCKREGION_X1Y1:CLOCKREGION_X1Y1 CLOCKREGION_X1Y2:CLOCKREGION_X1Y2 CLOCKREGION_X1Y3:CLOCKREGION_X1Y3}
#endgroup

# Clock net "clkgen0/xc7l.v/clkm" driven by instance "clkgen0/xc7l.v/bufgclk0" located at site "BUFGCTRL_X0Y0"
#startgroup
create_pblock CLKAG_clkgen0/xc7l.v/clkm
add_cells_to_pblock [get_pblocks  CLKAG_clkgen0/xc7l.v/clkm] [get_cells  -filter { IS_PRIMITIVE==1 && PRIMITIVE_LEVEL !=INTERNAL } -of_object [get_pins -filter {DIRECTION==IN} -of_objects [get_nets -hierarchical -filter {PARENT=="clkgen0/xc7l.v/clkm"}]]]
resize_pblock [get_pblocks CLKAG_clkgen0/xc7l.v/clkm] -add {CLOCKREGION_X0Y0:CLOCKREGION_X0Y0 CLOCKREGION_X0Y1:CLOCKREGION_X0Y1 CLOCKREGION_X0Y2:CLOCKREGION_X0Y2 CLOCKREGION_X0Y3:CLOCKREGION_X0Y3 CLOCKREGION_X1Y0:CLOCKREGION_X1Y0 CLOCKREGION_X1Y1:CLOCKREGION_X1Y1 CLOCKREGION_X1Y2:CLOCKREGION_X1Y2 CLOCKREGION_X1Y3:CLOCKREGION_X1Y3}
#endgroup

# Clock net "io0/inst_top/inst_DMC/inst/clk_out1" driven by instance "io0/inst_top/inst_DMC/inst/clkout1_buf" located at site "BUFGCTRL_X0Y3"
#startgroup
create_pblock CLKAG_io0/inst_top/inst_DMC/inst/clk_out1
add_cells_to_pblock [get_pblocks  CLKAG_io0/inst_top/inst_DMC/inst/clk_out1] [get_cells  -filter { IS_PRIMITIVE==1 && PRIMITIVE_LEVEL !=INTERNAL } -of_object [get_pins -filter {DIRECTION==IN} -of_objects [get_nets -hierarchical -filter {PARENT=="io0/inst_top/inst_DMC/inst/clk_out1"}]]]
resize_pblock [get_pblocks CLKAG_io0/inst_top/inst_DMC/inst/clk_out1] -add {CLOCKREGION_X0Y0:CLOCKREGION_X0Y0 CLOCKREGION_X0Y1:CLOCKREGION_X0Y1 CLOCKREGION_X0Y2:CLOCKREGION_X0Y2 CLOCKREGION_X0Y3:CLOCKREGION_X0Y3 CLOCKREGION_X1Y0:CLOCKREGION_X1Y0 CLOCKREGION_X1Y1:CLOCKREGION_X1Y1 CLOCKREGION_X1Y2:CLOCKREGION_X1Y2 CLOCKREGION_X1Y3:CLOCKREGION_X1Y3}
#endgroup

# Clock net "n_0_11318_BUFG" driven by instance "n_0_11318_BUFG_inst" located at site "BUFGCTRL_X0Y4"
#startgroup
create_pblock CLKAG_n_0_11318_BUFG
add_cells_to_pblock [get_pblocks  CLKAG_n_0_11318_BUFG] [get_cells  -filter { IS_PRIMITIVE==1 && PRIMITIVE_LEVEL !=INTERNAL } -of_object [get_pins -filter {DIRECTION==IN} -of_objects [get_nets -hierarchical -filter {PARENT=="n_0_11318_BUFG"}]]]
resize_pblock [get_pblocks CLKAG_n_0_11318_BUFG] -add {CLOCKREGION_X0Y0:CLOCKREGION_X0Y0 CLOCKREGION_X0Y1:CLOCKREGION_X0Y1 CLOCKREGION_X0Y2:CLOCKREGION_X0Y2 CLOCKREGION_X0Y3:CLOCKREGION_X0Y3 CLOCKREGION_X1Y0:CLOCKREGION_X1Y0 CLOCKREGION_X1Y1:CLOCKREGION_X1Y1 CLOCKREGION_X1Y2:CLOCKREGION_X1Y2 CLOCKREGION_X1Y3:CLOCKREGION_X1Y3}
#endgroup

# Clock net "sLED0" driven by instance "sLED_reg[31]_i_1" located at site "BUFGCTRL_X0Y5"
#startgroup
create_pblock CLKAG_sLED0
add_cells_to_pblock [get_pblocks  CLKAG_sLED0] [get_cells  -filter { IS_PRIMITIVE==1 && PRIMITIVE_LEVEL !=INTERNAL } -of_object [get_pins -filter {DIRECTION==IN} -of_objects [get_nets -hierarchical -filter {PARENT=="sLED0"}]]]
resize_pblock [get_pblocks CLKAG_sLED0] -add {CLOCKREGION_X0Y0:CLOCKREGION_X0Y0 CLOCKREGION_X0Y1:CLOCKREGION_X0Y1 CLOCKREGION_X0Y2:CLOCKREGION_X0Y2 CLOCKREGION_X0Y3:CLOCKREGION_X0Y3 CLOCKREGION_X1Y0:CLOCKREGION_X1Y0 CLOCKREGION_X1Y1:CLOCKREGION_X1Y1 CLOCKREGION_X1Y2:CLOCKREGION_X1Y2 CLOCKREGION_X1Y3:CLOCKREGION_X1Y3}
#endgroup

# Clock net "CLKFBOUT" driven by instance "PLLE2_ADV_inst" located at site "PLLE2_ADV_X0Y1"
#startgroup
create_pblock CLKAG_CLKFBOUT
add_cells_to_pblock [get_pblocks  CLKAG_CLKFBOUT] [get_cells  -filter { IS_PRIMITIVE==1 && PRIMITIVE_LEVEL !=INTERNAL } -of_object [get_pins -filter {DIRECTION==IN} -of_objects [get_nets -hierarchical -filter {PARENT=="CLKFBOUT"}]]]
resize_pblock [get_pblocks CLKAG_CLKFBOUT] -add {CLOCKREGION_X0Y0:CLOCKREGION_X0Y0 CLOCKREGION_X0Y1:CLOCKREGION_X0Y1 CLOCKREGION_X0Y2:CLOCKREGION_X0Y2 CLOCKREGION_X0Y3:CLOCKREGION_X0Y3 CLOCKREGION_X1Y0:CLOCKREGION_X1Y0 CLOCKREGION_X1Y1:CLOCKREGION_X1Y1 CLOCKREGION_X1Y2:CLOCKREGION_X1Y2 CLOCKREGION_X1Y3:CLOCKREGION_X1Y3}
#endgroup

# Clock net "clkgen0/xc7l.v/CLKFBOUT" driven by instance "clkgen0/xc7l.v/PLLE2_ADV_inst" located at site "PLLE2_ADV_X0Y0"
#startgroup
create_pblock CLKAG_clkgen0/xc7l.v/CLKFBOUT
add_cells_to_pblock [get_pblocks  CLKAG_clkgen0/xc7l.v/CLKFBOUT] [get_cells  -filter { IS_PRIMITIVE==1 && PRIMITIVE_LEVEL !=INTERNAL } -of_object [get_pins -filter {DIRECTION==IN} -of_objects [get_nets -hierarchical -filter {PARENT=="clkgen0/xc7l.v/CLKFBOUT"}]]]
resize_pblock [get_pblocks CLKAG_clkgen0/xc7l.v/CLKFBOUT] -add {CLOCKREGION_X0Y0:CLOCKREGION_X0Y0 CLOCKREGION_X0Y1:CLOCKREGION_X0Y1 CLOCKREGION_X0Y2:CLOCKREGION_X0Y2 CLOCKREGION_X0Y3:CLOCKREGION_X0Y3 CLOCKREGION_X1Y0:CLOCKREGION_X1Y0 CLOCKREGION_X1Y1:CLOCKREGION_X1Y1 CLOCKREGION_X1Y2:CLOCKREGION_X1Y2 CLOCKREGION_X1Y3:CLOCKREGION_X1Y3}
#endgroup

# Clock net "clkgen0/xc7l.v/cgo[clklock]" driven by instance "clkgen0/xc7l.v/PLLE2_ADV_inst" located at site "PLLE2_ADV_X0Y0"
#startgroup
create_pblock CLKAG_clkgen0/xc7l.v/cgo[clklock]
add_cells_to_pblock [get_pblocks  CLKAG_clkgen0/xc7l.v/cgo[clklock]] [get_cells  -filter { IS_PRIMITIVE==1 && PRIMITIVE_LEVEL !=INTERNAL } -of_object [get_pins -filter {DIRECTION==IN} -of_objects [get_nets -hierarchical -filter {PARENT=="clkgen0/xc7l.v/cgo[clklock]"}]]]
resize_pblock [get_pblocks CLKAG_clkgen0/xc7l.v/cgo[clklock]] -add {CLOCKREGION_X0Y0:CLOCKREGION_X0Y0 CLOCKREGION_X0Y1:CLOCKREGION_X0Y1 CLOCKREGION_X0Y2:CLOCKREGION_X0Y2 CLOCKREGION_X0Y3:CLOCKREGION_X0Y3 CLOCKREGION_X1Y0:CLOCKREGION_X1Y0 CLOCKREGION_X1Y1:CLOCKREGION_X1Y1 CLOCKREGION_X1Y2:CLOCKREGION_X1Y2 CLOCKREGION_X1Y3:CLOCKREGION_X1Y3}
#endgroup
