Release 14.7 - xst P.20131013 (nt)
Copyright (c) 1995-2013 Xilinx, Inc.  All rights reserved.
--> Parameter TMPDIR set to xst/projnav.tmp


Total REAL time to Xst completion: 0.00 secs
Total CPU time to Xst completion: 0.12 secs
 
--> Parameter xsthdpdir set to xst


Total REAL time to Xst completion: 0.00 secs
Total CPU time to Xst completion: 0.12 secs
 
--> Reading design: top.prj

TABLE OF CONTENTS
  1) Synthesis Options Summary
  2) HDL Parsing
  3) HDL Elaboration
  4) HDL Synthesis
       4.1) HDL Synthesis Report
  5) Advanced HDL Synthesis
       5.1) Advanced HDL Synthesis Report
  6) Low Level Synthesis
  7) Partition Report
  8) Design Summary
       8.1) Primitive and Black Box Usage
       8.2) Device utilization summary
       8.3) Partition Resource Summary
       8.4) Timing Report
            8.4.1) Clock Information
            8.4.2) Asynchronous Control Signals Information
            8.4.3) Timing Summary
            8.4.4) Timing Details
            8.4.5) Cross Clock Domains Report


=========================================================================
*                      Synthesis Options Summary                        *
=========================================================================
---- Source Parameters
Input File Name                    : "top.prj"
Ignore Synthesis Constraint File   : NO

---- Target Parameters
Output File Name                   : "top"
Output Format                      : NGC
Target Device                      : xc7a100t-2L-csg324

---- Source Options
Top Module Name                    : top
Automatic FSM Extraction           : YES
FSM Encoding Algorithm             : Auto
Safe Implementation                : No
FSM Style                          : LUT
RAM Extraction                     : Yes
RAM Style                          : Auto
ROM Extraction                     : Yes
Shift Register Extraction          : YES
ROM Style                          : Auto
Resource Sharing                   : YES
Asynchronous To Synchronous        : NO
Shift Register Minimum Size        : 2
Use DSP Block                      : Auto
Automatic Register Balancing       : No

---- Target Options
LUT Combining                      : Auto
Reduce Control Sets                : Auto
Add IO Buffers                     : YES
Global Maximum Fanout              : 100000
Add Generic Clock Buffer(BUFG)     : 32
Register Duplication               : YES
Optimize Instantiated Primitives   : NO
Use Clock Enable                   : Auto
Use Synchronous Set                : Auto
Use Synchronous Reset              : Auto
Pack IO Registers into IOBs        : Auto
Equivalent register Removal        : YES

---- General Options
Optimization Goal                  : Speed
Optimization Effort                : 1
Power Reduction                    : NO
Keep Hierarchy                     : No
Netlist Hierarchy                  : As_Optimized
RTL Output                         : Yes
Global Optimization                : AllClockNets
Read Cores                         : YES
Write Timing Constraints           : NO
Cross Clock Analysis               : NO
Hierarchy Separator                : /
Bus Delimiter                      : <>
Case Specifier                     : Maintain
Slice Utilization Ratio            : 100
BRAM Utilization Ratio             : 100
DSP48 Utilization Ratio            : 100
Auto BRAM Packing                  : NO
Slice Utilization Ratio Delta      : 5

---- Other Options
Cores Search Directories           : {"ipcore_dir"  }

=========================================================================


=========================================================================
*                          HDL Parsing                                  *
=========================================================================
Parsing VHDL file "C:\CHALMERS\DAT096\DAT096\ADCDAC\DAC\ipcore_dir\DMC.vhd" into library work
Parsing entity <DMC>.
Parsing architecture <xilinx> of entity <dmc>.
Parsing VHDL file "C:\CHALMERS\DAT096\DAT096\ADCDAC\DAC\PWM.vhd" into library work
Parsing entity <PWM>.
Parsing architecture <Behavioral> of entity <pwm>.
Parsing VHDL file "C:\CHALMERS\DAT096\DAT096\ADCDAC\DAC\top.vhd" into library work
Parsing entity <top>.
Parsing architecture <Behavioral> of entity <top>.

=========================================================================
*                            HDL Elaboration                            *
=========================================================================

Elaborating entity <top> (architecture <Behavioral>) from library <work>.

Elaborating entity <DMC> (architecture <xilinx>) from library <work>.

Elaborating entity <PWM> (architecture <Behavioral>) from library <work>.

=========================================================================
*                           HDL Synthesis                               *
=========================================================================

Synthesizing Unit <top>.
    Related source file is "C:\CHALMERS\DAT096\DAT096\ADCDAC\DAC\top.vhd".
    Summary:
	no macro.
Unit <top> synthesized.

Synthesizing Unit <DMC>.
    Related source file is "C:\CHALMERS\DAT096\DAT096\ADCDAC\DAC\ipcore_dir\DMC.vhd".
    Summary:
	no macro.
Unit <DMC> synthesized.

Synthesizing Unit <PWM>.
    Related source file is "C:\CHALMERS\DAT096\DAT096\ADCDAC\DAC\PWM.vhd".
    Found 11-bit register for signal <cnt>.
    Found 1-bit register for signal <PWMout>.
    Found 11-bit adder for signal <cnt[10]_GND_40_o_add_3_OUT> created at line 57.
    Found 11-bit comparator equal for signal <value[10]_cnt[10]_equal_2_o> created at line 53
    Summary:
	inferred   1 Adder/Subtractor(s).
	inferred  12 D-type flip-flop(s).
	inferred   1 Comparator(s).
Unit <PWM> synthesized.

=========================================================================
HDL Synthesis Report

Macro Statistics
# Adders/Subtractors                                   : 1
 11-bit adder                                          : 1
# Registers                                            : 2
 1-bit register                                        : 1
 11-bit register                                       : 1
# Comparators                                          : 1
 11-bit comparator equal                               : 1

=========================================================================

=========================================================================
*                       Advanced HDL Synthesis                          *
=========================================================================


Synthesizing (advanced) Unit <PWM>.
The following registers are absorbed into counter <cnt>: 1 register on signal <cnt>.
Unit <PWM> synthesized (advanced).

=========================================================================
Advanced HDL Synthesis Report

Macro Statistics
# Counters                                             : 1
 11-bit up counter                                     : 1
# Registers                                            : 1
 Flip-Flops                                            : 1
# Comparators                                          : 1
 11-bit comparator equal                               : 1

=========================================================================

=========================================================================
*                         Low Level Synthesis                           *
=========================================================================

Optimizing unit <top> ...

Mapping all equations...
Building and optimizing final netlist ...
Found area constraint ratio of 100 (+ 5) on block top, actual ratio is 0.

Final Macro Processing ...

=========================================================================
Final Register Report

Macro Statistics
# Registers                                            : 12
 Flip-Flops                                            : 12

=========================================================================

=========================================================================
*                           Partition Report                            *
=========================================================================

Partition Implementation Status
-------------------------------

  No Partitions were found in this design.

-------------------------------

=========================================================================
*                            Design Summary                             *
=========================================================================

Top Level Output File Name         : top.ngc

Primitive and Black Box Usage:
------------------------------
# BELS                             : 42
#      GND                         : 1
#      INV                         : 1
#      LUT1                        : 10
#      LUT2                        : 1
#      LUT4                        : 1
#      LUT6                        : 6
#      MUXCY                       : 10
#      VCC                         : 1
#      XORCY                       : 11
# FlipFlops/Latches                : 12
#      FD                          : 1
#      FDR                         : 10
#      FDS                         : 1
# Clock Buffers                    : 2
#      BUFG                        : 2
# IO Buffers                       : 15
#      IBUF                        : 12
#      IBUFG                       : 1
#      OBUF                        : 2
# Others                           : 1
#      MMCME2_ADV                  : 1

Device utilization summary:
---------------------------

Selected Device : 7a100tcsg324-2l 


Slice Logic Utilization: 
 Number of Slice Registers:              12  out of  126800     0%  
 Number of Slice LUTs:                   19  out of  63400     0%  
    Number used as Logic:                19  out of  63400     0%  

Slice Logic Distribution: 
 Number of LUT Flip Flop pairs used:     19
   Number with an unused Flip Flop:       7  out of     19    36%  
   Number with an unused LUT:             0  out of     19     0%  
   Number of fully used LUT-FF pairs:    12  out of     19    63%  
   Number of unique control sets:         2

IO Utilization: 
 Number of IOs:                          15
 Number of bonded IOBs:                  15  out of    210     7%  

Specific Feature Utilization:
 Number of BUFG/BUFGCTRLs:                2  out of     32     6%  

---------------------------
Partition Resource Summary:
---------------------------

  No Partitions were found in this design.

---------------------------


=========================================================================
Timing Report

NOTE: THESE TIMING NUMBERS ARE ONLY A SYNTHESIS ESTIMATE.
      FOR ACCURATE TIMING INFORMATION PLEASE REFER TO THE TRACE REPORT
      GENERATED AFTER PLACE-and-ROUTE.

Clock Information:
------------------
-----------------------------------+------------------------+-------+
Clock Signal                       | Clock buffer(FF name)  | Load  |
-----------------------------------+------------------------+-------+
DMCinst/clkout0                    | BUFG                   | 12    |
-----------------------------------+------------------------+-------+

Asynchronous Control Signals Information:
----------------------------------------
No asynchronous control signals found in this design

Timing Summary:
---------------
Speed Grade: -2

   Minimum period: 2.574ns (Maximum Frequency: 388.448MHz)
   Minimum input arrival time before clock: 1.799ns
   Maximum output required time after clock: 0.742ns
   Maximum combinational path delay: 0.339ns

Timing Details:
---------------
All values displayed in nanoseconds (ns)

=========================================================================
Timing constraint: Default period analysis for Clock 'DMCinst/clkout0'
  Clock period: 2.574ns (frequency: 388.448MHz)
  Total number of paths / destination ports: 221 / 23
-------------------------------------------------------------------------
Delay:               2.574ns (Levels of Logic = 2)
  Source:            Inst_PWM/cnt_10 (FF)
  Destination:       Inst_PWM/cnt_1 (FF)
  Source Clock:      DMCinst/clkout0 rising
  Destination Clock: DMCinst/clkout0 rising

  Data Path: Inst_PWM/cnt_10 to Inst_PWM/cnt_1
                                Gate     Net
    Cell:in->out      fanout   Delay   Delay  Logical Name (Net Name)
    ----------------------------------------  ------------
     FDR:C->Q              3   0.398   0.805  Inst_PWM/cnt_10 (Inst_PWM/cnt_10)
     LUT6:I0->O            1   0.105   0.357  Inst_PWM/PWR_10_o_cnt[10]_equal_1_o<10>_SW0 (N01)
     LUT6:I5->O           13   0.105   0.407  Inst_PWM/PWR_10_o_cnt[10]_equal_1_o<10> (Inst_PWM/PWR_10_o_cnt[10]_equal_1_o)
     FDR:R                     0.397          Inst_PWM/cnt_1
    ----------------------------------------
    Total                      2.574ns (1.005ns logic, 1.569ns route)
                                       (39.0% logic, 61.0% route)

=========================================================================
Timing constraint: Default OFFSET IN BEFORE for Clock 'DMCinst/clkout0'
  Total number of paths / destination ports: 11 / 1
-------------------------------------------------------------------------
Offset:              1.799ns (Levels of Logic = 3)
  Source:            Value<1> (PAD)
  Destination:       Inst_PWM/PWMout (FF)
  Destination Clock: DMCinst/clkout0 rising

  Data Path: Value<1> to Inst_PWM/PWMout
                                Gate     Net
    Cell:in->out      fanout   Delay   Delay  Logical Name (Net Name)
    ----------------------------------------  ------------
     IBUF:I->O             1   0.001   0.793  Value_1_IBUF (Value_1_IBUF)
     LUT6:I0->O            1   0.105   0.780  Inst_PWM/_n00174 (Inst_PWM/_n00174)
     LUT6:I1->O            1   0.105   0.000  Inst_PWM/PWMout_glue_rst (Inst_PWM/PWMout_glue_rst)
     FDS:D                     0.015          Inst_PWM/PWMout
    ----------------------------------------
    Total                      1.799ns (0.226ns logic, 1.573ns route)
                                       (12.6% logic, 87.4% route)

=========================================================================
Timing constraint: Default OFFSET OUT AFTER for Clock 'DMCinst/clkout0'
  Total number of paths / destination ports: 1 / 1
-------------------------------------------------------------------------
Offset:              0.742ns (Levels of Logic = 1)
  Source:            Inst_PWM/PWMout (FF)
  Destination:       pwmout (PAD)
  Source Clock:      DMCinst/clkout0 rising

  Data Path: Inst_PWM/PWMout to pwmout
                                Gate     Net
    Cell:in->out      fanout   Delay   Delay  Logical Name (Net Name)
    ----------------------------------------  ------------
     FDS:C->Q              2   0.398   0.344  Inst_PWM/PWMout (Inst_PWM/PWMout)
     OBUF:I->O                 0.000          pwmout_OBUF (pwmout)
    ----------------------------------------
    Total                      0.742ns (0.398ns logic, 0.344ns route)
                                       (53.6% logic, 46.4% route)

=========================================================================
Timing constraint: Default path analysis
  Total number of paths / destination ports: 3 / 3
-------------------------------------------------------------------------
Delay:               0.339ns (Levels of Logic = 1)
  Source:            DMCinst/mmcm_adv_inst:LOCKED (PAD)
  Destination:       locked (PAD)

  Data Path: DMCinst/mmcm_adv_inst:LOCKED to locked
                                Gate     Net
    Cell:in->out      fanout   Delay   Delay  Logical Name (Net Name)
    ----------------------------------------  ------------
    MMCME2_ADV:LOCKED      1   0.000   0.339  DMCinst/mmcm_adv_inst (locked_OBUF)
     OBUF:I->O                 0.000          locked_OBUF (locked)
    ----------------------------------------
    Total                      0.339ns (0.000ns logic, 0.339ns route)
                                       (0.0% logic, 100.0% route)

=========================================================================

Cross Clock Domains Report:
--------------------------

Clock to Setup on destination clock DMCinst/clkout0
---------------+---------+---------+---------+---------+
               | Src:Rise| Src:Fall| Src:Rise| Src:Fall|
Source Clock   |Dest:Rise|Dest:Rise|Dest:Fall|Dest:Fall|
---------------+---------+---------+---------+---------+
DMCinst/clkout0|    2.574|         |         |         |
---------------+---------+---------+---------+---------+

=========================================================================


Total REAL time to Xst completion: 10.00 secs
Total CPU time to Xst completion: 9.89 secs
 
--> 

Total memory usage is 321684 kilobytes

Number of errors   :    0 (   0 filtered)
Number of warnings :    0 (   0 filtered)
Number of infos    :    0 (   0 filtered)

